0001_0024_0024_0130_0130.jpg 1 24 24 130 130
0002_0028_0079_0077_0077.jpg 1 28 79 77 77
0003_0048_0028_0104_0104.jpg 1 48 28 104 104
0004_0031_0015_0122_0122.jpg 1 31 15 122 122
0005_0034_0068_0099_0099.jpg 1 34 68 99 99
0006_0081_0015_0092_0092.jpg 1 81 15 92 92
0007_0028_0055_0144_0144.jpg 1 28 55 144 144
0008_0010_0023_0135_0135.jpg 1 10 23 135 135
0009_0029_0033_0121_0121.jpg 1 29 33 121 121
0010_0029_0019_0141_0141.jpg 1 29 19 141 141
0011_0025_0120_0070_0070.jpg 1 25 120 70 70
0012_0064_0018_0111_0111.jpg 1 64 18 111 111
0013_0052_0048_0116_0116.jpg 1 52 48 116 116
0014_0032_0032_0026_0026.jpg 1 32 32 26 26
0015_0029_0016_0091_0091.jpg 1 29 16 91 91
0016_0060_0017_0115_0115.jpg 1 60 17 115 115
0017_0146_0113_0038_0038.jpg 1 146 113 38 38
0018_0067_0050_0097_0097.jpg 1 67 50 97 97
0019_0014_0043_0125_0125.jpg 1 14 43 125 125
0020_0017_0108_0081_0081.jpg 1 17 108 81 81
0021_0016_0029_0154_0154.jpg 1 16 29 154 154
0022_0048_0119_0036_0036.jpg 1 48 119 36 36
0023_0039_0075_0065_0065.jpg 1 39 75 65 65
0024_0055_0007_0154_0154.jpg 1 55 7 154 154
0025_0049_0034_0147_0147.jpg 1 49 34 147 147
0026_0055_0027_0084_0084.jpg 1 55 27 84 84
0027_0046_0125_0031_0031.jpg 1 46 125 31 31
0028_0028_0049_0061_0061.jpg 1 28 49 61 61
0029_0032_0027_0143_0143.jpg 1 32 27 143 143
0030_0015_0033_0137_0137.jpg 1 15 33 137 137
0031_0047_0124_0051_0051.jpg 1 47 124 51 51
0032_0062_0079_0062_0062.jpg 1 62 79 62 62
0033_0015_0031_0121_0121.jpg 1 15 31 121 121
0034_0067_0073_0074_0074.jpg 1 67 73 74 74
0035_0041_0018_0077_0077.jpg 1 41 18 77 77
0036_0058_0117_0050_0050.jpg 1 58 117 50 50
0037_0025_0097_0071_0071.jpg 1 25 97 71 71
0038_0062_0113_0064_0064.jpg 1 62 113 64 64
0039_0072_0089_0063_0063.jpg 1 72 89 63 63
0040_0049_0157_0026_0026.jpg 1 49 157 26 26
0041_0113_0115_0066_0066.jpg 1 113 115 66 66
0042_0084_0039_0042_0042.jpg 1 84 39 42 42
0043_0058_0126_0051_0051.jpg 1 58 126 51 51
0044_0087_0043_0074_0074.jpg 1 87 43 74 74
0045_0070_0017_0060_0060.jpg 1 70 17 60 60
0046_0087_0061_0112_0112.jpg 1 87 61 112 112
0047_0073_0082_0111_0111.jpg 1 73 82 111 111
0048_0009_0019_0155_0155.jpg 1 9 19 155 155
0049_0106_0136_0040_0040.jpg 1 106 136 40 40
0050_0024_0044_0085_0085.jpg 1 24 44 85 85
0051_0087_0077_0075_0075.jpg 1 87 77 75 75
0052_0014_0047_0105_0105.jpg 1 14 47 105 105
0053_0016_0012_0151_0151.jpg 1 16 12 151 151
0054_0033_0059_0144_0144.jpg 1 33 59 144 144
0055_0019_0047_0053_0053.jpg 1 19 47 53 53
0056_0080_0054_0117_0117.jpg 1 80 54 117 117
0057_0026_0025_0101_0101.jpg 1 26 25 101 101
0058_0041_0042_0117_0117.jpg 1 41 42 117 117
0059_0078_0032_0058_0058.jpg 1 78 32 58 58
0060_0056_0059_0146_0146.jpg 1 56 59 146 146
0061_0072_0054_0102_0102.jpg 1 72 54 102 102
0062_0035_0033_0123_0123.jpg 1 35 33 123 123
0063_0069_0138_0037_0037.jpg 1 69 138 37 37
0064_0025_0053_0096_0096.jpg 1 25 53 96 96
0065_0111_0054_0067_0067.jpg 1 111 54 67 67
0066_0076_0020_0107_0107.jpg 1 76 20 107 107
0067_0035_0043_0154_0154.jpg 1 35 43 154 154
0068_0039_0032_0137_0137.jpg 1 39 32 137 137
0069_0100_0040_0043_0043.jpg 1 100 40 43 43
0070_0040_0022_0156_0156.jpg 1 40 22 156 156
0071_0026_0018_0091_0091.jpg 1 26 18 91 91
0072_0048_0065_0097_0097.jpg 1 48 65 97 97
0073_0015_0049_0128_0128.jpg 1 15 49 128 128
0074_0048_0009_0132_0132.jpg 1 48 9 132 132
0075_0080_0070_0114_0114.jpg 1 80 70 114 114
0076_0076_0084_0083_0083.jpg 1 76 84 83 83
0077_0071_0040_0133_0133.jpg 1 71 40 133 133
0078_0101_0041_0074_0074.jpg 1 101 41 74 74
0079_0020_0038_0079_0079.jpg 1 20 38 79 79
0080_0025_0038_0131_0131.jpg 1 25 38 131 131
0081_0118_0032_0030_0030.jpg 1 118 32 30 30
0082_0098_0043_0082_0082.jpg 1 98 43 82 82
0083_0093_0128_0044_0044.jpg 1 93 128 44 44
0084_0018_0014_0112_0112.jpg 1 18 14 112 112
0085_0017_0044_0153_0153.jpg 1 17 44 153 153
0086_0036_0027_0141_0141.jpg 1 36 27 141 141
0087_0025_0058_0095_0095.jpg 1 25 58 95 95
0088_0072_0054_0115_0115.jpg 1 72 54 115 115
0089_0050_0058_0048_0048.jpg 1 50 58 48 48
0090_0045_0047_0120_0120.jpg 1 45 47 120 120
0091_0154_0095_0024_0024.jpg 1 154 95 24 24
0092_0087_0042_0065_0065.jpg 1 87 42 65 65
0093_0027_0047_0076_0076.jpg 1 27 47 76 76
0094_0054_0070_0077_0077.jpg 1 54 70 77 77
0095_0079_0064_0112_0112.jpg 1 79 64 112 112
0096_0026_0062_0135_0135.jpg 1 26 62 135 135
0097_0120_0129_0058_0058.jpg 1 120 129 58 58
0098_0084_0053_0061_0061.jpg 1 84 53 61 61
0099_0110_0053_0063_0063.jpg 1 110 53 63 63
0100_0009_0032_0136_0136.jpg 1 9 32 136 136
0101_0146_0080_0028_0028.jpg 1 146 80 28 28
0102_0022_0053_0121_0121.jpg 1 22 53 121 121
0103_0077_0021_0076_0076.jpg 1 77 21 76 76
0104_0098_0090_0101_0101.jpg 1 98 90 101 101
0105_0084_0063_0073_0073.jpg 1 84 63 73 73
0106_0083_0093_0093_0093.jpg 1 83 93 93 93
0107_0031_0148_0030_0030.jpg 1 31 148 30 30
0108_0054_0042_0141_0141.jpg 1 54 42 141 141
0109_0036_0098_0096_0096.jpg 1 36 98 96 96
0110_0152_0093_0028_0028.jpg 1 152 93 28 28
0111_0044_0092_0100_0100.jpg 1 44 92 100 100
0112_0118_0036_0074_0074.jpg 1 118 36 74 74
0113_0019_0030_0131_0131.jpg 1 19 30 131 131
0114_0088_0113_0072_0072.jpg 1 88 113 72 72
0115_0053_0032_0127_0127.jpg 1 53 32 127 127
0116_0110_0114_0041_0041.jpg 1 110 114 41 41
0117_0072_0056_0100_0100.jpg 1 72 56 100 100
0118_0116_0048_0049_0049.jpg 1 116 48 49 49
0119_0090_0058_0043_0043.jpg 1 90 58 43 43
0120_0060_0085_0064_0064.jpg 1 60 85 64 64
0121_0039_0113_0037_0037.jpg 1 39 113 37 37
0122_0011_0051_0135_0135.jpg 1 11 51 135 135
0123_0072_0074_0080_0080.jpg 1 72 74 80 80
0124_0022_0102_0089_0089.jpg 1 22 102 89 89
0125_0045_0020_0097_0097.jpg 1 45 20 97 97
0126_0072_0100_0090_0090.jpg 1 72 100 90 90
0127_0097_0134_0055_0055.jpg 1 97 134 55 55
0128_0142_0037_0041_0041.jpg 1 142 37 41 41
0129_0013_0035_0123_0123.jpg 1 13 35 123 123
0130_0062_0088_0074_0074.jpg 1 62 88 74 74
0131_0084_0102_0084_0084.jpg 1 84 102 84 84
0132_0019_0046_0059_0059.jpg 1 19 46 59 59
0133_0142_0122_0029_0029.jpg 1 142 122 29 29
0134_0057_0047_0051_0051.jpg 1 57 47 51 51
0135_0025_0038_0092_0092.jpg 1 25 38 92 92
0136_0021_0046_0155_0155.jpg 1 21 46 155 155
0137_0057_0121_0024_0024.jpg 1 57 121 24 24
0138_0077_0083_0118_0118.jpg 1 77 83 118 118
0139_0081_0068_0111_0111.jpg 1 81 68 111 111
0140_0066_0041_0122_0122.jpg 1 66 41 122 122
0141_0051_0028_0106_0106.jpg 1 51 28 106 106
0142_0045_0022_0137_0137.jpg 1 45 22 137 137
0143_0018_0039_0154_0154.jpg 1 18 39 154 154
0144_0096_0094_0067_0067.jpg 1 96 94 67 67
0145_0052_0051_0063_0063.jpg 1 52 51 63 63
0146_0069_0020_0060_0060.jpg 1 69 20 60 60
0147_0056_0020_0117_0117.jpg 1 56 20 117 117
0148_0093_0101_0068_0068.jpg 1 93 101 68 68
0149_0063_0102_0032_0032.jpg 1 63 102 32 32
0150_0103_0106_0088_0088.jpg 1 103 106 88 88
0151_0014_0033_0084_0084.jpg 1 14 33 84 84
0152_0077_0033_0081_0081.jpg 1 77 33 81 81
0153_0048_0067_0117_0117.jpg 1 48 67 117 117
0154_0043_0059_0125_0125.jpg 1 43 59 125 125
0155_0083_0030_0066_0066.jpg 1 83 30 66 66
0156_0032_0086_0112_0112.jpg 1 32 86 112 112
0157_0015_0054_0067_0067.jpg 1 15 54 67 67
0158_0055_0058_0090_0090.jpg 1 55 58 90 90
0159_0044_0034_0103_0103.jpg 1 44 34 103 103
0160_0033_0043_0124_0124.jpg 1 33 43 124 124
0161_0028_0012_0134_0134.jpg 1 28 12 134 134
0162_0105_0099_0055_0055.jpg 1 105 99 55 55
0163_0025_0049_0041_0041.jpg 1 25 49 41 41
0164_0018_0014_0119_0119.jpg 1 18 14 119 119
0165_0037_0047_0118_0118.jpg 1 37 47 118 118
0166_0075_0091_0033_0033.jpg 1 75 91 33 33
0167_0047_0029_0055_0055.jpg 1 47 29 55 55
0168_0132_0036_0058_0058.jpg 1 132 36 58 58
0169_0069_0057_0131_0131.jpg 1 69 57 131 131
0170_0055_0060_0145_0145.jpg 1 55 60 145 145
0171_0012_0029_0142_0142.jpg 1 12 29 142 142
0172_0040_0044_0156_0156.jpg 1 40 44 156 156
0173_0016_0023_0133_0133.jpg 1 16 23 133 133
0174_0028_0054_0066_0066.jpg 1 28 54 66 66
0175_0046_0007_0153_0153.jpg 1 46 7 153 153
0176_0151_0132_0025_0025.jpg 1 151 132 25 25
0177_0067_0073_0039_0039.jpg 1 67 73 39 39
0178_0084_0055_0099_0099.jpg 1 84 55 99 99
0179_0023_0044_0054_0054.jpg 1 23 44 54 54
0180_0101_0041_0047_0047.jpg 1 101 41 47 47
0181_0107_0117_0033_0033.jpg 1 107 117 33 33
0182_0052_0049_0125_0125.jpg 1 52 49 125 125
0183_0014_0058_0082_0082.jpg 1 14 58 82 82
0184_0115_0015_0075_0075.jpg 1 115 15 75 75
0185_0084_0124_0064_0064.jpg 1 84 124 64 64
0186_0033_0083_0079_0079.jpg 1 33 83 79 79
0187_0119_0025_0042_0042.jpg 1 119 25 42 42
0188_0031_0050_0141_0141.jpg 1 31 50 141 141
0189_0093_0140_0037_0037.jpg 1 93 140 37 37
0190_0069_0034_0069_0069.jpg 1 69 34 69 69
0191_0090_0046_0110_0110.jpg 1 90 46 110 110
0192_0013_0011_0155_0155.jpg 1 13 11 155 155
0193_0053_0040_0054_0054.jpg 1 53 40 54 54
0194_0074_0082_0038_0038.jpg 1 74 82 38 38
0195_0090_0051_0079_0079.jpg 1 90 51 79 79
0196_0130_0037_0047_0047.jpg 1 130 37 47 47
0197_0048_0078_0067_0067.jpg 1 48 78 67 67
0198_0070_0074_0125_0125.jpg 1 70 74 125 125
0199_0085_0013_0105_0105.jpg 1 85 13 105 105
0200_0052_0040_0092_0092.jpg 1 52 40 92 92
0201_0061_0035_0138_0138.jpg 1 61 35 138 138
0202_0052_0077_0111_0111.jpg 1 52 77 111 111
0203_0088_0027_0108_0108.jpg 1 88 27 108 108
0204_0091_0068_0103_0103.jpg 1 91 68 103 103
0205_0057_0073_0118_0118.jpg 1 57 73 118 118
0206_0117_0134_0032_0032.jpg 1 117 134 32 32
0207_0044_0041_0132_0132.jpg 1 44 41 132 132
0208_0048_0061_0039_0039.jpg 1 48 61 39 39
0209_0068_0061_0097_0097.jpg 1 68 61 97 97
0210_0053_0068_0126_0126.jpg 1 53 68 126 126
0211_0066_0048_0028_0028.jpg 1 66 48 28 28
0212_0059_0019_0147_0147.jpg 1 59 19 147 147
0213_0088_0096_0084_0084.jpg 1 88 96 84 84
0214_0101_0096_0075_0075.jpg 1 101 96 75 75
0215_0016_0069_0136_0136.jpg 1 16 69 136 136
0216_0048_0095_0049_0049.jpg 1 48 95 49 49
0217_0128_0100_0049_0049.jpg 1 128 100 49 49
0218_0049_0012_0126_0126.jpg 1 49 12 126 126
0219_0019_0076_0109_0109.jpg 1 19 76 109 109
0220_0051_0084_0087_0087.jpg 1 51 84 87 87
0221_0059_0142_0027_0027.jpg 1 59 142 27 27
0222_0061_0031_0090_0090.jpg 1 61 31 90 90
0223_0047_0032_0110_0110.jpg 1 47 32 110 110
0224_0068_0013_0119_0119.jpg 1 68 13 119 119
0225_0070_0095_0048_0048.jpg 1 70 95 48 48
0226_0127_0060_0054_0054.jpg 1 127 60 54 54
0227_0037_0025_0141_0141.jpg 1 37 25 141 141
0228_0104_0096_0041_0041.jpg 1 104 96 41 41
0229_0060_0018_0135_0135.jpg 1 60 18 135 135
0230_0119_0051_0036_0036.jpg 1 119 51 36 36
0231_0037_0079_0114_0114.jpg 1 37 79 114 114
0232_0027_0058_0120_0120.jpg 1 27 58 120 120
0233_0086_0045_0090_0090.jpg 1 86 45 90 90
0234_0029_0075_0095_0095.jpg 1 29 75 95 95
0235_0029_0062_0137_0137.jpg 1 29 62 137 137
0236_0050_0101_0044_0044.jpg 1 50 101 44 44
0237_0047_0058_0080_0080.jpg 1 47 58 80 80
0238_0040_0081_0030_0030.jpg 1 40 81 30 30
0239_0029_0044_0087_0087.jpg 1 29 44 87 87
0240_0053_0025_0147_0147.jpg 1 53 25 147 147
0241_0033_0058_0040_0040.jpg 1 33 58 40 40
0242_0070_0088_0062_0062.jpg 1 70 88 62 62
0243_0048_0070_0062_0062.jpg 1 48 70 62 62
0244_0111_0134_0045_0045.jpg 1 111 134 45 45
0245_0048_0084_0046_0046.jpg 1 48 84 46 46
0246_0073_0074_0116_0116.jpg 1 73 74 116 116
0247_0040_0048_0153_0153.jpg 1 40 48 153 153
0248_0100_0047_0065_0065.jpg 1 100 47 65 65
0249_0048_0023_0130_0130.jpg 1 48 23 130 130
0250_0066_0058_0133_0133.jpg 1 66 58 133 133
0251_0048_0073_0130_0130.jpg 1 48 73 130 130
0252_0034_0089_0088_0088.jpg 1 34 89 88 88
0253_0080_0120_0056_0056.jpg 1 80 120 56 56
0254_0031_0014_0132_0132.jpg 1 31 14 132 132
0255_0045_0036_0113_0113.jpg 1 45 36 113 113
0256_0008_0059_0148_0148.jpg 1 8 59 148 148
0257_0036_0068_0066_0066.jpg 1 36 68 66 66
0258_0014_0030_0099_0099.jpg 1 14 30 99 99
0259_0043_0064_0135_0135.jpg 1 43 64 135 135
0260_0033_0053_0156_0156.jpg 1 33 53 156 156
0261_0042_0057_0124_0124.jpg 1 42 57 124 124
0262_0082_0096_0052_0052.jpg 1 82 96 52 52
0263_0064_0140_0047_0047.jpg 1 64 140 47 47
0264_0146_0027_0037_0037.jpg 1 146 27 37 37
0265_0054_0087_0104_0104.jpg 1 54 87 104 104
0266_0023_0040_0122_0122.jpg 1 23 40 122 122
0267_0045_0019_0123_0123.jpg 1 45 19 123 123
0268_0067_0048_0105_0105.jpg 1 67 48 105 105
0269_0088_0124_0027_0027.jpg 1 88 124 27 27
0270_0016_0035_0136_0136.jpg 1 16 35 136 136
0271_0038_0126_0024_0024.jpg 1 38 126 24 24
0272_0087_0129_0054_0054.jpg 1 87 129 54 54
0273_0077_0075_0077_0077.jpg 1 77 75 77 77
0274_0031_0089_0077_0077.jpg 1 31 89 77 77
0275_0061_0020_0064_0064.jpg 1 61 20 64 64
0276_0105_0096_0073_0073.jpg 1 105 96 73 73
0277_0047_0034_0147_0147.jpg 1 47 34 147 147
0278_0057_0010_0125_0125.jpg 1 57 10 125 125
0279_0071_0024_0122_0122.jpg 1 71 24 122 122
0280_0087_0032_0102_0102.jpg 1 87 32 102 102
0281_0075_0068_0058_0058.jpg 1 75 68 58 58
0282_0052_0087_0090_0090.jpg 1 52 87 90 90
0283_0043_0071_0090_0090.jpg 1 43 71 90 90
0284_0055_0034_0059_0059.jpg 1 55 34 59 59
0285_0023_0033_0115_0115.jpg 1 23 33 115 115
0286_0069_0099_0059_0059.jpg 1 69 99 59 59
0287_0060_0030_0080_0080.jpg 1 60 30 80 80
0288_0037_0052_0147_0147.jpg 1 37 52 147 147
0289_0052_0039_0059_0059.jpg 1 52 39 59 59
0290_0066_0105_0078_0078.jpg 1 66 105 78 78
0291_0061_0012_0134_0134.jpg 1 61 12 134 134
0292_0096_0050_0037_0037.jpg 1 96 50 37 37
0293_0134_0076_0030_0030.jpg 1 134 76 30 30
0294_0020_0120_0064_0064.jpg 1 20 120 64 64
0295_0123_0024_0026_0026.jpg 1 123 24 26 26
0296_0019_0062_0039_0039.jpg 1 19 62 39 39
0297_0056_0016_0149_0149.jpg 1 56 16 149 149
0298_0073_0060_0098_0098.jpg 1 73 60 98 98
0299_0052_0057_0109_0109.jpg 1 52 57 109 109
0300_0033_0058_0150_0150.jpg 1 33 58 150 150
0301_0058_0106_0073_0073.jpg 1 58 106 73 73
0302_0047_0052_0132_0132.jpg 1 47 52 132 132
0303_0045_0141_0025_0025.jpg 1 45 141 25 25
0304_0054_0127_0031_0031.jpg 1 54 127 31 31
0305_0042_0123_0035_0035.jpg 1 42 123 35 35
0306_0038_0025_0075_0075.jpg 1 38 25 75 75
0307_0105_0090_0060_0060.jpg 1 105 90 60 60
0308_0024_0027_0056_0056.jpg 1 24 27 56 56
0309_0037_0072_0038_0038.jpg 1 37 72 38 38
0310_0045_0032_0088_0088.jpg 1 45 32 88 88
0311_0062_0036_0131_0131.jpg 1 62 36 131 131
0312_0062_0026_0138_0138.jpg 1 62 26 138 138
0313_0044_0084_0103_0103.jpg 1 44 84 103 103
0314_0028_0036_0151_0151.jpg 1 28 36 151 151
0315_0068_0075_0119_0119.jpg 1 68 75 119 119
0316_0047_0035_0133_0133.jpg 1 47 35 133 133
0317_0099_0054_0080_0080.jpg 1 99 54 80 80
0318_0019_0067_0125_0125.jpg 1 19 67 125 125
0319_0052_0013_0154_0154.jpg 1 52 13 154 154
0320_0031_0016_0145_0145.jpg 1 31 16 145 145
0321_0126_0080_0046_0046.jpg 1 126 80 46 46
0322_0093_0096_0090_0090.jpg 1 93 96 90 90
0323_0075_0097_0065_0065.jpg 1 75 97 65 65
0324_0094_0103_0070_0070.jpg 1 94 103 70 70
0325_0088_0015_0089_0089.jpg 1 88 15 89 89
0326_0054_0103_0094_0094.jpg 1 54 103 94 94
0327_0049_0069_0088_0088.jpg 1 49 69 88 88
0328_0041_0075_0105_0105.jpg 1 41 75 105 105
0329_0032_0079_0108_0108.jpg 1 32 79 108 108
0330_0102_0059_0089_0089.jpg 1 102 59 89 89
0331_0008_0015_0147_0147.jpg 1 8 15 147 147
0332_0156_0042_0026_0026.jpg 1 156 42 26 26
0333_0053_0054_0134_0134.jpg 1 53 54 134 134
0334_0072_0140_0042_0042.jpg 1 72 140 42 42
0335_0034_0017_0076_0076.jpg 1 34 17 76 76
0336_0048_0108_0047_0047.jpg 1 48 108 47 47
0337_0046_0100_0075_0075.jpg 1 46 100 75 75
0338_0077_0057_0068_0068.jpg 1 77 57 68 68
0339_0019_0013_0148_0148.jpg 1 19 13 148 148
0340_0076_0063_0122_0122.jpg 1 76 63 122 122
0341_0043_0031_0150_0150.jpg 1 43 31 150 150
0342_0033_0075_0081_0081.jpg 1 33 75 81 81
0343_0033_0021_0091_0091.jpg 1 33 21 91 91
0344_0027_0039_0149_0149.jpg 1 27 39 149 149
0345_0026_0076_0128_0128.jpg 1 26 76 128 128
0346_0038_0052_0141_0141.jpg 1 38 52 141 141
0347_0048_0082_0103_0103.jpg 1 48 82 103 103
0348_0029_0077_0115_0115.jpg 1 29 77 115 115
0349_0040_0068_0033_0033.jpg 1 40 68 33 33
0350_0066_0092_0035_0035.jpg 1 66 92 35 35
0351_0029_0038_0155_0155.jpg 1 29 38 155 155
0352_0074_0027_0064_0064.jpg 1 74 27 64 64
0353_0023_0022_0100_0100.jpg 1 23 22 100 100
0354_0036_0051_0148_0148.jpg 1 36 51 148 148
0355_0020_0021_0108_0108.jpg 1 20 21 108 108
0356_0081_0044_0053_0053.jpg 1 81 44 53 53
0357_0056_0033_0112_0112.jpg 1 56 33 112 112
0358_0069_0052_0104_0104.jpg 1 69 52 104 104
0359_0057_0093_0053_0053.jpg 1 57 93 53 53
0360_0048_0099_0098_0098.jpg 1 48 99 98 98
0361_0026_0097_0052_0052.jpg 1 26 97 52 52
0362_0074_0013_0126_0126.jpg 1 74 13 126 126
0363_0050_0055_0081_0081.jpg 1 50 55 81 81
0364_0094_0084_0054_0054.jpg 1 94 84 54 54
0365_0030_0037_0145_0145.jpg 1 30 37 145 145
0366_0033_0047_0112_0112.jpg 1 33 47 112 112
0367_0045_0057_0135_0135.jpg 1 45 57 135 135
0368_0025_0084_0089_0089.jpg 1 25 84 89 89
0369_0070_0060_0057_0057.jpg 1 70 60 57 57
0370_0080_0038_0108_0108.jpg 1 80 38 108 108
0371_0085_0118_0049_0049.jpg 1 85 118 49 49
0372_0062_0063_0138_0138.jpg 1 62 63 138 138
0373_0022_0056_0040_0040.jpg 1 22 56 40 40
0374_0038_0120_0034_0034.jpg 1 38 120 34 34
0375_0057_0039_0134_0134.jpg 1 57 39 134 134
0376_0031_0044_0056_0056.jpg 1 31 44 56 56
0377_0088_0087_0047_0047.jpg 1 88 87 47 47
0378_0082_0073_0053_0053.jpg 1 82 73 53 53
0379_0024_0090_0044_0044.jpg 1 24 90 44 44
0380_0061_0012_0131_0131.jpg 1 61 12 131 131
0381_0040_0029_0025_0025.jpg 1 40 29 25 25
0382_0109_0111_0077_0077.jpg 1 109 111 77 77
0383_0021_0066_0065_0065.jpg 1 21 66 65 65
0384_0062_0015_0078_0078.jpg 1 62 15 78 78
0385_0075_0083_0110_0110.jpg 1 75 83 110 110
0386_0024_0062_0099_0099.jpg 1 24 62 99 99
0387_0135_0032_0048_0048.jpg 1 135 32 48 48
0388_0022_0065_0101_0101.jpg 1 22 65 101 101
0389_0098_0113_0078_0078.jpg 1 98 113 78 78
0390_0045_0050_0059_0059.jpg 1 45 50 59 59
0391_0124_0063_0060_0060.jpg 1 124 63 60 60
0392_0118_0048_0048_0048.jpg 1 118 48 48 48
0393_0025_0032_0123_0123.jpg 1 25 32 123 123
0394_0058_0116_0054_0054.jpg 1 58 116 54 54
0395_0048_0016_0141_0141.jpg 1 48 16 141 141
0396_0121_0029_0037_0037.jpg 1 121 29 37 37
0397_0025_0096_0067_0067.jpg 1 25 96 67 67
0398_0107_0083_0083_0083.jpg 1 107 83 83 83
0399_0033_0072_0042_0042.jpg 1 33 72 42 42
0400_0015_0046_0136_0136.jpg 1 15 46 136 136
0401_0008_0061_0143_0143.jpg 1 8 61 143 143
0402_0120_0146_0033_0033.jpg 1 120 146 33 33
0403_0103_0064_0063_0063.jpg 1 103 64 63 63
0404_0082_0049_0101_0101.jpg 1 82 49 101 101
0405_0042_0021_0108_0108.jpg 1 42 21 108 108
0406_0061_0054_0126_0126.jpg 1 61 54 126 126
0407_0060_0060_0123_0123.jpg 1 60 60 123 123
0408_0037_0044_0110_0110.jpg 1 37 44 110 110
0409_0074_0012_0113_0113.jpg 1 74 12 113 113
0410_0057_0031_0143_0143.jpg 1 57 31 143 143
0411_0121_0127_0056_0056.jpg 1 121 127 56 56
0412_0041_0025_0087_0087.jpg 1 41 25 87 87
0413_0058_0028_0117_0117.jpg 1 58 28 117 117
0414_0037_0038_0046_0046.jpg 1 37 38 46 46
0415_0016_0020_0103_0103.jpg 1 16 20 103 103
0416_0044_0035_0112_0112.jpg 1 44 35 112 112
0417_0066_0033_0106_0106.jpg 1 66 33 106 106
0418_0116_0084_0036_0036.jpg 1 116 84 36 36
0419_0087_0033_0092_0092.jpg 1 87 33 92 92
0420_0033_0064_0126_0126.jpg 1 33 64 126 126
0421_0060_0043_0112_0112.jpg 1 60 43 112 112
0422_0035_0104_0080_0080.jpg 1 35 104 80 80
0423_0058_0053_0137_0137.jpg 1 58 53 137 137
0424_0061_0063_0034_0034.jpg 1 61 63 34 34
0425_0049_0015_0156_0156.jpg 1 49 15 156 156
0426_0065_0035_0053_0053.jpg 1 65 35 53 53
0427_0136_0092_0041_0041.jpg 1 136 92 41 41
0428_0030_0013_0153_0153.jpg 1 30 13 153 153
0429_0052_0069_0063_0063.jpg 1 52 69 63 63
0430_0013_0073_0120_0120.jpg 1 13 73 120 120
0431_0019_0043_0145_0145.jpg 1 19 43 145 145
0432_0049_0056_0147_0147.jpg 1 49 56 147 147
0433_0025_0084_0090_0090.jpg 1 25 84 90 90
0434_0064_0018_0140_0140.jpg 1 64 18 140 140
0435_0025_0045_0032_0032.jpg 1 25 45 32 32
0436_0071_0017_0122_0122.jpg 1 71 17 122 122
0437_0080_0070_0113_0113.jpg 1 80 70 113 113
0438_0076_0086_0028_0028.jpg 1 76 86 28 28
0439_0060_0107_0087_0087.jpg 1 60 107 87 87
0440_0078_0013_0120_0120.jpg 1 78 13 120 120
0441_0029_0073_0123_0123.jpg 1 29 73 123 123
0442_0066_0018_0099_0099.jpg 1 66 18 99 99
0443_0121_0033_0039_0039.jpg 1 121 33 39 39
0444_0093_0094_0101_0101.jpg 1 93 94 101 101
0445_0095_0066_0044_0044.jpg 1 95 66 44 44
0446_0048_0069_0098_0098.jpg 1 48 69 98 98
0447_0062_0078_0058_0058.jpg 1 62 78 58 58
0448_0070_0047_0063_0063.jpg 1 70 47 63 63
0449_0048_0027_0043_0043.jpg 1 48 27 43 43
0450_0084_0054_0080_0080.jpg 1 84 54 80 80
0451_0037_0073_0132_0132.jpg 1 37 73 132 132
0452_0083_0058_0082_0082.jpg 1 83 58 82 82
0453_0083_0052_0024_0024.jpg 1 83 52 24 24
0454_0014_0050_0088_0088.jpg 1 14 50 88 88
0455_0039_0123_0066_0066.jpg 1 39 123 66 66
0456_0058_0025_0092_0092.jpg 1 58 25 92 92
0457_0012_0050_0133_0133.jpg 1 12 50 133 133
0458_0040_0037_0102_0102.jpg 1 40 37 102 102
0459_0124_0120_0045_0045.jpg 1 124 120 45 45
0460_0022_0067_0024_0024.jpg 1 22 67 24 24
0461_0080_0044_0098_0098.jpg 1 80 44 98 98
0462_0069_0013_0127_0127.jpg 1 69 13 127 127
0463_0074_0046_0074_0074.jpg 1 74 46 74 74
0464_0136_0076_0028_0028.jpg 1 136 76 28 28
0465_0036_0036_0086_0086.jpg 1 36 36 86 86
0466_0040_0104_0085_0085.jpg 1 40 104 85 85
0467_0027_0044_0121_0121.jpg 1 27 44 121 121
0468_0024_0018_0114_0114.jpg 1 24 18 114 114
0469_0066_0055_0136_0136.jpg 1 66 55 136 136
0470_0056_0021_0097_0097.jpg 1 56 21 97 97
0471_0017_0016_0069_0069.jpg 1 17 16 69 69
0472_0098_0043_0043_0043.jpg 1 98 43 43 43
0473_0038_0039_0121_0121.jpg 1 38 39 121 121
0474_0037_0130_0034_0034.jpg 1 37 130 34 34
0475_0100_0045_0080_0080.jpg 1 100 45 80 80
0476_0045_0029_0132_0132.jpg 1 45 29 132 132
0477_0107_0047_0069_0069.jpg 1 107 47 69 69
0478_0119_0093_0073_0073.jpg 1 119 93 73 73
0479_0011_0044_0148_0148.jpg 1 11 44 148 148
0480_0027_0055_0058_0058.jpg 1 27 55 58 58
0481_0026_0083_0105_0105.jpg 1 26 83 105 105
0482_0068_0091_0093_0093.jpg 1 68 91 93 93
0483_0049_0088_0108_0108.jpg 1 49 88 108 108
0484_0073_0043_0094_0094.jpg 1 73 43 94 94
0485_0114_0029_0059_0059.jpg 1 114 29 59 59
0486_0017_0062_0118_0118.jpg 1 17 62 118 118
0487_0038_0027_0124_0124.jpg 1 38 27 124 124
0488_0055_0028_0114_0114.jpg 1 55 28 114 114
0489_0075_0052_0058_0058.jpg 1 75 52 58 58
0490_0042_0013_0116_0116.jpg 1 42 13 116 116
0491_0087_0077_0072_0072.jpg 1 87 77 72 72
0492_0112_0067_0072_0072.jpg 1 112 67 72 72
0493_0061_0039_0147_0147.jpg 1 61 39 147 147
0494_0090_0022_0105_0105.jpg 1 90 22 105 105
0495_0083_0017_0105_0105.jpg 1 83 17 105 105
0496_0140_0103_0038_0038.jpg 1 140 103 38 38
0497_0010_0039_0144_0144.jpg 1 10 39 144 144
0498_0015_0089_0084_0084.jpg 1 15 89 84 84
0499_0030_0014_0091_0091.jpg 1 30 14 91 91
0500_0042_0050_0152_0152.jpg 1 42 50 152 152
0501_0085_0049_0116_0116.jpg 1 85 49 116 116
0502_0082_0031_0081_0081.jpg 1 82 31 81 81
0503_0074_0060_0108_0108.jpg 1 74 60 108 108
0504_0048_0061_0123_0123.jpg 1 48 61 123 123
0505_0079_0049_0091_0091.jpg 1 79 49 91 91
0506_0087_0132_0032_0032.jpg 1 87 132 32 32
0507_0044_0046_0092_0092.jpg 1 44 46 92 92
0508_0026_0054_0119_0119.jpg 1 26 54 119 119
0509_0065_0028_0060_0060.jpg 1 65 28 60 60
0510_0042_0101_0083_0083.jpg 1 42 101 83 83
0511_0051_0036_0131_0131.jpg 1 51 36 131 131
0512_0130_0112_0046_0046.jpg 1 130 112 46 46
0513_0074_0080_0099_0099.jpg 1 74 80 99 99
0514_0020_0051_0117_0117.jpg 1 20 51 117 117
0515_0051_0020_0141_0141.jpg 1 51 20 141 141
0516_0084_0126_0030_0030.jpg 1 84 126 30 30
0517_0028_0049_0151_0151.jpg 1 28 49 151 151
0518_0024_0054_0135_0135.jpg 1 24 54 135 135
0519_0045_0029_0075_0075.jpg 1 45 29 75 75
0520_0048_0127_0057_0057.jpg 1 48 127 57 57
0521_0056_0028_0152_0152.jpg 1 56 28 152 152
0522_0077_0048_0115_0115.jpg 1 77 48 115 115
0523_0085_0121_0066_0066.jpg 1 85 121 66 66
0524_0022_0042_0106_0106.jpg 1 22 42 106 106
0525_0113_0110_0033_0033.jpg 1 113 110 33 33
0526_0013_0077_0116_0116.jpg 1 13 77 116 116
0527_0018_0045_0098_0098.jpg 1 18 45 98 98
0528_0119_0020_0054_0054.jpg 1 119 20 54 54
0529_0018_0050_0098_0098.jpg 1 18 50 98 98
0530_0051_0058_0125_0125.jpg 1 51 58 125 125
0531_0068_0057_0080_0080.jpg 1 68 57 80 80
0532_0045_0020_0146_0146.jpg 1 45 20 146 146
0533_0075_0057_0125_0125.jpg 1 75 57 125 125
0534_0026_0022_0087_0087.jpg 1 26 22 87 87
0535_0119_0023_0062_0062.jpg 1 119 23 62 62
0536_0051_0023_0069_0069.jpg 1 51 23 69 69
0537_0012_0037_0139_0139.jpg 1 12 37 139 139
0538_0028_0019_0086_0086.jpg 1 28 19 86 86
0539_0110_0088_0057_0057.jpg 1 110 88 57 57
0540_0039_0077_0114_0114.jpg 1 39 77 114 114
0541_0076_0066_0075_0075.jpg 1 76 66 75 75
0542_0107_0041_0069_0069.jpg 1 107 41 69 69
0543_0089_0019_0069_0069.jpg 1 89 19 69 69
0544_0057_0032_0110_0110.jpg 1 57 32 110 110
0545_0123_0113_0068_0068.jpg 1 123 113 68 68
0546_0039_0052_0135_0135.jpg 1 39 52 135 135
0547_0083_0023_0089_0089.jpg 1 83 23 89 89
0548_0128_0117_0025_0025.jpg 1 128 117 25 25
0549_0029_0070_0073_0073.jpg 1 29 70 73 73
0550_0113_0075_0049_0049.jpg 1 113 75 49 49
0551_0011_0032_0148_0148.jpg 1 11 32 148 148
0552_0048_0088_0099_0099.jpg 1 48 88 99 99
0553_0072_0066_0061_0061.jpg 1 72 66 61 61
0554_0034_0049_0133_0133.jpg 1 34 49 133 133
0555_0038_0118_0048_0048.jpg 1 38 118 48 48
0556_0076_0076_0118_0118.jpg 1 76 76 118 118
0557_0024_0046_0110_0110.jpg 1 24 46 110 110
0558_0136_0032_0049_0049.jpg 1 136 32 49 49
0559_0030_0010_0156_0156.jpg 1 30 10 156 156
0560_0090_0071_0037_0037.jpg 1 90 71 37 37
0561_0025_0038_0105_0105.jpg 1 25 38 105 105
0562_0105_0142_0031_0031.jpg 1 105 142 31 31
0563_0067_0046_0040_0040.jpg 1 67 46 40 40
0564_0022_0050_0109_0109.jpg 1 22 50 109 109
0565_0091_0118_0072_0072.jpg 1 91 118 72 72
0566_0074_0021_0028_0028.jpg 1 74 21 28 28
0567_0050_0041_0110_0110.jpg 1 50 41 110 110
0568_0031_0060_0084_0084.jpg 1 31 60 84 84
0569_0029_0085_0098_0098.jpg 1 29 85 98 98
0570_0070_0079_0077_0077.jpg 1 70 79 77 77
0571_0102_0058_0027_0027.jpg 1 102 58 27 27
0572_0050_0019_0156_0156.jpg 1 50 19 156 156
0573_0048_0088_0104_0104.jpg 1 48 88 104 104
0574_0151_0123_0027_0027.jpg 1 151 123 27 27
0575_0043_0053_0068_0068.jpg 1 43 53 68 68
0576_0070_0124_0049_0049.jpg 1 70 124 49 49
0577_0057_0080_0076_0076.jpg 1 57 80 76 76
0578_0038_0077_0059_0059.jpg 1 38 77 59 59
0579_0049_0013_0136_0136.jpg 1 49 13 136 136
0580_0064_0082_0095_0095.jpg 1 64 82 95 95
0581_0047_0006_0156_0156.jpg 1 47 6 156 156
0582_0007_0013_0155_0155.jpg 1 7 13 155 155
0583_0107_0060_0077_0077.jpg 1 107 60 77 77
0584_0090_0085_0046_0046.jpg 1 90 85 46 46
0585_0037_0068_0059_0059.jpg 1 37 68 59 59
0586_0039_0031_0152_0152.jpg 1 39 31 152 152
0587_0079_0028_0075_0075.jpg 1 79 28 75 75
0588_0078_0047_0100_0100.jpg 1 78 47 100 100
0589_0016_0024_0142_0142.jpg 1 16 24 142 142
0590_0031_0034_0119_0119.jpg 1 31 34 119 119
0591_0052_0052_0084_0084.jpg 1 52 52 84 84
0592_0047_0030_0145_0145.jpg 1 47 30 145 145
0593_0023_0114_0031_0031.jpg 1 23 114 31 31
0594_0037_0138_0033_0033.jpg 1 37 138 33 33
0595_0078_0049_0122_0122.jpg 1 78 49 122 122
0596_0015_0077_0080_0080.jpg 1 15 77 80 80
0597_0014_0085_0096_0096.jpg 1 14 85 96 96
0598_0028_0030_0090_0090.jpg 1 28 30 90 90
0599_0082_0112_0057_0057.jpg 1 82 112 57 57
0600_0085_0059_0102_0102.jpg 1 85 59 102 102
0601_0051_0016_0144_0144.jpg 1 51 16 144 144
0602_0063_0067_0075_0075.jpg 1 63 67 75 75
0603_0119_0114_0066_0066.jpg 1 119 114 66 66
0604_0029_0017_0140_0140.jpg 1 29 17 140 140
0605_0051_0061_0120_0120.jpg 1 51 61 120 120
0606_0091_0082_0052_0052.jpg 1 91 82 52 52
0607_0052_0050_0154_0154.jpg 1 52 50 154 154
0608_0091_0113_0047_0047.jpg 1 91 113 47 47
0609_0070_0055_0098_0098.jpg 1 70 55 98 98
0610_0098_0058_0101_0101.jpg 1 98 58 101 101
0611_0080_0039_0080_0080.jpg 1 80 39 80 80
0612_0072_0019_0117_0117.jpg 1 72 19 117 117
0613_0035_0107_0035_0035.jpg 1 35 107 35 35
0614_0058_0063_0137_0137.jpg 1 58 63 137 137
0615_0047_0034_0122_0122.jpg 1 47 34 122 122
0616_0024_0036_0035_0035.jpg 1 24 36 35 35
0617_0116_0115_0057_0057.jpg 1 116 115 57 57
0618_0037_0025_0136_0136.jpg 1 37 25 136 136
0619_0050_0021_0111_0111.jpg 1 50 21 111 111
0620_0041_0102_0095_0095.jpg 1 41 102 95 95
0621_0023_0012_0139_0139.jpg 1 23 12 139 139
0622_0070_0110_0031_0031.jpg 1 70 110 31 31
0623_0044_0068_0069_0069.jpg 1 44 68 69 69
0624_0017_0077_0069_0069.jpg 1 17 77 69 69
0625_0033_0024_0145_0145.jpg 1 33 24 145 145
0626_0081_0123_0032_0032.jpg 1 81 123 32 32
0627_0056_0092_0094_0094.jpg 1 56 92 94 94
0628_0029_0054_0132_0132.jpg 1 29 54 132 132
0629_0068_0092_0059_0059.jpg 1 68 92 59 59
0630_0062_0092_0095_0095.jpg 1 62 92 95 95
0631_0049_0064_0104_0104.jpg 1 49 64 104 104
0632_0031_0028_0128_0128.jpg 1 31 28 128 128
0633_0029_0022_0098_0098.jpg 1 29 22 98 98
0634_0075_0023_0114_0114.jpg 1 75 23 114 114
0635_0062_0023_0075_0075.jpg 1 62 23 75 75
0636_0107_0058_0077_0077.jpg 1 107 58 77 77
0637_0049_0074_0040_0040.jpg 1 49 74 40 40
0638_0089_0048_0094_0094.jpg 1 89 48 94 94
0639_0073_0029_0046_0046.jpg 1 73 29 46 46
0640_0045_0042_0098_0098.jpg 1 45 42 98 98
0641_0041_0133_0030_0030.jpg 1 41 133 30 30
0642_0116_0095_0036_0036.jpg 1 116 95 36 36
0643_0038_0019_0141_0141.jpg 1 38 19 141 141
0644_0053_0018_0126_0126.jpg 1 53 18 126 126
0645_0053_0114_0060_0060.jpg 1 53 114 60 60
0646_0054_0047_0040_0040.jpg 1 54 47 40 40
0647_0017_0034_0130_0130.jpg 1 17 34 130 130
0648_0045_0046_0141_0141.jpg 1 45 46 141 141
0649_0008_0011_0148_0148.jpg 1 8 11 148 148
0650_0068_0079_0113_0113.jpg 1 68 79 113 113
0651_0012_0016_0145_0145.jpg 1 12 16 145 145
0652_0043_0062_0138_0138.jpg 1 43 62 138 138
0653_0078_0059_0116_0116.jpg 1 78 59 116 116
0654_0057_0037_0132_0132.jpg 1 57 37 132 132
0655_0046_0015_0135_0135.jpg 1 46 15 135 135
0656_0049_0044_0123_0123.jpg 1 49 44 123 123
0657_0045_0101_0064_0064.jpg 1 45 101 64 64
0658_0115_0079_0024_0024.jpg 1 115 79 24 24
0659_0066_0096_0040_0040.jpg 1 66 96 40 40
0660_0019_0041_0143_0143.jpg 1 19 41 143 143
0661_0072_0078_0108_0108.jpg 1 72 78 108 108
0662_0028_0026_0156_0156.jpg 1 28 26 156 156
0663_0030_0017_0107_0107.jpg 1 30 17 107 107
0664_0015_0085_0084_0084.jpg 1 15 85 84 84
0665_0029_0050_0108_0108.jpg 1 29 50 108 108
0666_0041_0080_0029_0029.jpg 1 41 80 29 29
0667_0045_0069_0096_0096.jpg 1 45 69 96 96
0668_0044_0058_0041_0041.jpg 1 44 58 41 41
0669_0028_0051_0142_0142.jpg 1 28 51 142 142
0670_0048_0095_0065_0065.jpg 1 48 95 65 65
0671_0095_0057_0061_0061.jpg 1 95 57 61 61
0672_0032_0034_0145_0145.jpg 1 32 34 145 145
0673_0064_0035_0134_0134.jpg 1 64 35 134 134
0674_0014_0022_0124_0124.jpg 1 14 22 124 124
0675_0079_0046_0102_0102.jpg 1 79 46 102 102
0676_0032_0042_0155_0155.jpg 1 32 42 155 155
0677_0029_0011_0147_0147.jpg 1 29 11 147 147
0678_0054_0106_0051_0051.jpg 1 54 106 51 51
0679_0158_0078_0025_0025.jpg 1 158 78 25 25
0680_0034_0088_0062_0062.jpg 1 34 88 62 62
0681_0066_0025_0124_0124.jpg 1 66 25 124 124
0682_0057_0035_0093_0093.jpg 1 57 35 93 93
0683_0089_0062_0032_0032.jpg 1 89 62 32 32
0684_0106_0110_0082_0082.jpg 1 106 110 82 82
0685_0027_0051_0138_0138.jpg 1 27 51 138 138
0686_0027_0021_0136_0136.jpg 1 27 21 136 136
0687_0098_0051_0079_0079.jpg 1 98 51 79 79
0688_0056_0039_0150_0150.jpg 1 56 39 150 150
0689_0014_0045_0113_0113.jpg 1 14 45 113 113
0690_0018_0084_0095_0095.jpg 1 18 84 95 95
0691_0044_0112_0071_0071.jpg 1 44 112 71 71
0692_0080_0037_0115_0115.jpg 1 80 37 115 115
0693_0051_0139_0030_0030.jpg 1 51 139 30 30
0694_0029_0008_0154_0154.jpg 1 29 8 154 154
0695_0089_0041_0084_0084.jpg 1 89 41 84 84
0696_0053_0047_0137_0137.jpg 1 53 47 137 137
0697_0103_0069_0082_0082.jpg 1 103 69 82 82
0698_0076_0067_0068_0068.jpg 1 76 67 68 68
0699_0036_0063_0079_0079.jpg 1 36 63 79 79
0700_0061_0096_0074_0074.jpg 1 61 96 74 74
0701_0090_0035_0024_0024.jpg 1 90 35 24 24
0702_0094_0051_0066_0066.jpg 1 94 51 66 66
0703_0035_0047_0085_0085.jpg 1 35 47 85 85
0704_0084_0025_0069_0069.jpg 1 84 25 69 69
0705_0073_0060_0121_0121.jpg 1 73 60 121 121
0706_0074_0016_0094_0094.jpg 1 74 16 94 94
0707_0020_0022_0129_0129.jpg 1 20 22 129 129
0708_0078_0085_0058_0058.jpg 1 78 85 58 58
0709_0077_0089_0047_0047.jpg 1 77 89 47 47
0710_0118_0084_0049_0049.jpg 1 118 84 49 49
0711_0108_0051_0061_0061.jpg 1 108 51 61 61
0712_0022_0019_0116_0116.jpg 1 22 19 116 116
0713_0017_0016_0154_0154.jpg 1 17 16 154 154
0714_0022_0076_0077_0077.jpg 1 22 76 77 77
0715_0085_0096_0058_0058.jpg 1 85 96 58 58
0716_0075_0102_0087_0087.jpg 1 75 102 87 87
0717_0052_0016_0120_0120.jpg 1 52 16 120 120
0718_0049_0033_0147_0147.jpg 1 49 33 147 147
0719_0102_0029_0092_0092.jpg 1 102 29 92 92
0720_0050_0047_0135_0135.jpg 1 50 47 135 135
0721_0028_0057_0122_0122.jpg 1 28 57 122 122
0722_0031_0062_0144_0144.jpg 1 31 62 144 144
0723_0103_0095_0066_0066.jpg 1 103 95 66 66
0724_0035_0020_0155_0155.jpg 1 35 20 155 155
0725_0073_0067_0050_0050.jpg 1 73 67 50 50
0726_0051_0020_0133_0133.jpg 1 51 20 133 133
0727_0032_0135_0037_0037.jpg 1 32 135 37 37
0728_0041_0042_0140_0140.jpg 1 41 42 140 140
0729_0065_0054_0068_0068.jpg 1 65 54 68 68
0730_0106_0032_0076_0076.jpg 1 106 32 76 76
0731_0073_0018_0092_0092.jpg 1 73 18 92 92
0732_0019_0017_0127_0127.jpg 1 19 17 127 127
0733_0028_0028_0156_0156.jpg 1 28 28 156 156
0734_0020_0073_0078_0078.jpg 1 20 73 78 78
0735_0024_0044_0155_0155.jpg 1 24 44 155 155
0736_0101_0027_0075_0075.jpg 1 101 27 75 75
0737_0028_0023_0128_0128.jpg 1 28 23 128 128
0738_0086_0119_0068_0068.jpg 1 86 119 68 68
0739_0112_0047_0027_0027.jpg 1 112 47 27 27
0740_0048_0031_0139_0139.jpg 1 48 31 139 139
0741_0075_0042_0128_0128.jpg 1 75 42 128 128
0742_0042_0042_0155_0155.jpg 1 42 42 155 155
0743_0121_0144_0025_0025.jpg 1 121 144 25 25
0744_0109_0021_0057_0057.jpg 1 109 21 57 57
0745_0017_0057_0084_0084.jpg 1 17 57 84 84
0746_0045_0036_0145_0145.jpg 1 45 36 145 145
0747_0079_0095_0059_0059.jpg 1 79 95 59 59
0748_0059_0039_0144_0144.jpg 1 59 39 144 144
0749_0089_0103_0061_0061.jpg 1 89 103 61 61
0750_0061_0056_0113_0113.jpg 1 61 56 113 113
0751_0022_0025_0113_0113.jpg 1 22 25 113 113
0752_0064_0070_0068_0068.jpg 1 64 70 68 68
0753_0035_0041_0124_0124.jpg 1 35 41 124 124
0754_0084_0050_0075_0075.jpg 1 84 50 75 75
0755_0013_0034_0139_0139.jpg 1 13 34 139 139
0756_0012_0050_0140_0140.jpg 1 12 50 140 140
0757_0083_0046_0045_0045.jpg 1 83 46 45 45
0758_0056_0060_0130_0130.jpg 1 56 60 130 130
0759_0020_0038_0091_0091.jpg 1 20 38 91 91
0760_0049_0013_0145_0145.jpg 1 49 13 145 145
0761_0090_0094_0050_0050.jpg 1 90 94 50 50
0762_0056_0046_0115_0115.jpg 1 56 46 115 115
0763_0099_0155_0030_0030.jpg 1 99 155 30 30
0764_0021_0047_0122_0122.jpg 1 21 47 122 122
0765_0036_0114_0059_0059.jpg 1 36 114 59 59
0766_0073_0080_0109_0109.jpg 1 73 80 109 109
0767_0099_0019_0083_0083.jpg 1 99 19 83 83
0768_0031_0073_0129_0129.jpg 1 31 73 129 129
0769_0080_0022_0034_0034.jpg 1 80 22 34 34
0770_0020_0041_0132_0132.jpg 1 20 41 132 132
0771_0059_0025_0075_0075.jpg 1 59 25 75 75
0772_0072_0066_0077_0077.jpg 1 72 66 77 77
0773_0057_0076_0109_0109.jpg 1 57 76 109 109
0774_0112_0045_0075_0075.jpg 1 112 45 75 75
0775_0028_0091_0108_0108.jpg 1 28 91 108 108
0776_0014_0073_0096_0096.jpg 1 14 73 96 96
0777_0100_0047_0093_0093.jpg 1 100 47 93 93
0778_0048_0052_0128_0128.jpg 1 48 52 128 128
0779_0069_0013_0117_0117.jpg 1 69 13 117 117
0780_0048_0052_0129_0129.jpg 1 48 52 129 129
0781_0016_0016_0128_0128.jpg 1 16 16 128 128
0782_0057_0018_0049_0049.jpg 1 57 18 49 49
0783_0078_0096_0065_0065.jpg 1 78 96 65 65
0784_0082_0058_0057_0057.jpg 1 82 58 57 57
0785_0111_0121_0051_0051.jpg 1 111 121 51 51
0786_0031_0052_0152_0152.jpg 1 31 52 152 152
0787_0128_0062_0040_0040.jpg 1 128 62 40 40
0788_0088_0017_0094_0094.jpg 1 88 17 94 94
0789_0056_0095_0044_0044.jpg 1 56 95 44 44
0790_0141_0103_0024_0024.jpg 1 141 103 24 24
0791_0065_0074_0128_0128.jpg 1 65 74 128 128
0792_0044_0023_0152_0152.jpg 1 44 23 152 152
0793_0059_0084_0106_0106.jpg 1 59 84 106 106
0794_0010_0047_0133_0133.jpg 1 10 47 133 133
0795_0030_0033_0110_0110.jpg 1 30 33 110 110
0796_0060_0056_0127_0127.jpg 1 60 56 127 127
0797_0013_0073_0130_0130.jpg 1 13 73 130 130
0798_0057_0079_0078_0078.jpg 1 57 79 78 78
0799_0083_0050_0091_0091.jpg 1 83 50 91 91
0800_0036_0072_0105_0105.jpg 1 36 72 105 105
0801_0051_0082_0067_0067.jpg 1 51 82 67 67
0802_0020_0042_0123_0123.jpg 1 20 42 123 123
0803_0115_0044_0076_0076.jpg 1 115 44 76 76
0804_0053_0033_0082_0082.jpg 1 53 33 82 82
0805_0008_0023_0153_0153.jpg 1 8 23 153 153
0806_0048_0012_0119_0119.jpg 1 48 12 119 119
0807_0069_0039_0042_0042.jpg 1 69 39 42 42
0808_0067_0073_0047_0047.jpg 1 67 73 47 47
0809_0055_0037_0136_0136.jpg 1 55 37 136 136
0810_0018_0042_0129_0129.jpg 1 18 42 129 129
0811_0131_0062_0034_0034.jpg 1 131 62 34 34
0812_0073_0072_0067_0067.jpg 1 73 72 67 67
0813_0046_0022_0126_0126.jpg 1 46 22 126 126
0814_0040_0024_0155_0155.jpg 1 40 24 155 155
0815_0104_0064_0047_0047.jpg 1 104 64 47 47
0816_0069_0038_0123_0123.jpg 1 69 38 123 123
0817_0105_0020_0038_0038.jpg 1 105 20 38 38
0818_0027_0026_0030_0030.jpg 1 27 26 30 30
0819_0064_0014_0138_0138.jpg 1 64 14 138 138
0820_0088_0065_0103_0103.jpg 1 88 65 103 103
0821_0136_0047_0047_0047.jpg 1 136 47 47 47
0822_0099_0065_0049_0049.jpg 1 99 65 49 49
0823_0028_0021_0134_0134.jpg 1 28 21 134 134
0824_0139_0075_0042_0042.jpg 1 139 75 42 42
0825_0080_0076_0038_0038.jpg 1 80 76 38 38
0826_0028_0061_0060_0060.jpg 1 28 61 60 60
0827_0041_0049_0112_0112.jpg 1 41 49 112 112
0828_0010_0040_0148_0148.jpg 1 10 40 148 148
0829_0033_0100_0098_0098.jpg 1 33 100 98 98
0830_0087_0116_0046_0046.jpg 1 87 116 46 46
0831_0075_0038_0039_0039.jpg 1 75 38 39 39
0832_0045_0034_0136_0136.jpg 1 45 34 136 136
0833_0066_0015_0137_0137.jpg 1 66 15 137 137
0834_0137_0095_0039_0039.jpg 1 137 95 39 39
0835_0057_0130_0028_0028.jpg 1 57 130 28 28
0836_0097_0116_0038_0038.jpg 1 97 116 38 38
0837_0029_0048_0154_0154.jpg 1 29 48 154 154
0838_0013_0048_0133_0133.jpg 1 13 48 133 133
0839_0088_0050_0040_0040.jpg 1 88 50 40 40
0840_0051_0037_0122_0122.jpg 1 51 37 122 122
0841_0029_0014_0153_0153.jpg 1 29 14 153 153
0842_0063_0069_0041_0041.jpg 1 63 69 41 41
0843_0099_0018_0082_0082.jpg 1 99 18 82 82
0844_0016_0042_0109_0109.jpg 1 16 42 109 109
0845_0024_0031_0097_0097.jpg 1 24 31 97 97
0846_0059_0046_0082_0082.jpg 1 59 46 82 82
0847_0040_0027_0036_0036.jpg 1 40 27 36 36
0848_0131_0030_0044_0044.jpg 1 131 30 44 44
0849_0045_0065_0107_0107.jpg 1 45 65 107 107
0850_0011_0017_0148_0148.jpg 1 11 17 148 148
0851_0013_0027_0133_0133.jpg 1 13 27 133 133
0852_0060_0051_0119_0119.jpg 1 60 51 119 119
0853_0040_0046_0137_0137.jpg 1 40 46 137 137
0854_0019_0033_0087_0087.jpg 1 19 33 87 87
0855_0068_0047_0128_0128.jpg 1 68 47 128 128
0856_0026_0088_0064_0064.jpg 1 26 88 64 64
0857_0009_0029_0146_0146.jpg 1 9 29 146 146
0858_0014_0039_0126_0126.jpg 1 14 39 126 126
0859_0041_0040_0049_0049.jpg 1 41 40 49 49
0860_0077_0014_0115_0115.jpg 1 77 14 115 115
0861_0035_0042_0070_0070.jpg 1 35 42 70 70
0862_0065_0038_0128_0128.jpg 1 65 38 128 128
0863_0048_0095_0080_0080.jpg 1 48 95 80 80
0864_0053_0083_0107_0107.jpg 1 53 83 107 107
0865_0061_0033_0053_0053.jpg 1 61 33 53 53
0866_0068_0059_0091_0091.jpg 1 68 59 91 91
0867_0030_0074_0124_0124.jpg 1 30 74 124 124
0868_0014_0017_0141_0141.jpg 1 14 17 141 141
0869_0031_0066_0140_0140.jpg 1 31 66 140 140
0870_0051_0122_0041_0041.jpg 1 51 122 41 41
0871_0011_0007_0153_0153.jpg 1 11 7 153 153
0872_0092_0074_0099_0099.jpg 1 92 74 99 99
0873_0032_0105_0082_0082.jpg 1 32 105 82 82
0874_0028_0047_0106_0106.jpg 1 28 47 106 106
0875_0041_0041_0146_0146.jpg 1 41 41 146 146
0876_0027_0038_0150_0150.jpg 1 27 38 150 150
0877_0025_0054_0152_0152.jpg 1 25 54 152 152
0878_0041_0053_0073_0073.jpg 1 41 53 73 73
0879_0070_0040_0132_0132.jpg 1 70 40 132 132
0880_0123_0076_0030_0030.jpg 1 123 76 30 30
0881_0109_0019_0047_0047.jpg 1 109 19 47 47
0882_0022_0045_0105_0105.jpg 1 22 45 105 105
0883_0022_0012_0113_0113.jpg 1 22 12 113 113
0884_0039_0047_0130_0130.jpg 1 39 47 130 130
0885_0034_0043_0142_0142.jpg 1 34 43 142 142
0886_0021_0040_0151_0151.jpg 1 21 40 151 151
0887_0112_0021_0080_0080.jpg 1 112 21 80 80
0888_0094_0068_0099_0099.jpg 1 94 68 99 99
0889_0105_0056_0085_0085.jpg 1 105 56 85 85
0890_0034_0059_0142_0142.jpg 1 34 59 142 142
0891_0016_0050_0139_0139.jpg 1 16 50 139 139
0892_0126_0151_0033_0033.jpg 1 126 151 33 33
0893_0061_0081_0069_0069.jpg 1 61 81 69 69
0894_0123_0107_0065_0065.jpg 1 123 107 65 65
0895_0061_0028_0097_0097.jpg 1 61 28 97 97
0896_0066_0043_0071_0071.jpg 1 66 43 71 71
0897_0148_0060_0029_0029.jpg 1 148 60 29 29
0898_0015_0042_0133_0133.jpg 1 15 42 133 133
0899_0051_0024_0120_0120.jpg 1 51 24 120 120
0900_0124_0033_0051_0051.jpg 1 124 33 51 51
0901_0035_0077_0097_0097.jpg 1 35 77 97 97
0902_0052_0079_0102_0102.jpg 1 52 79 102 102
0903_0128_0125_0048_0048.jpg 1 128 125 48 48
0904_0054_0048_0153_0153.jpg 1 54 48 153 153
0905_0061_0021_0107_0107.jpg 1 61 21 107 107
0906_0016_0033_0142_0142.jpg 1 16 33 142 142
0907_0009_0049_0153_0153.jpg 1 9 49 153 153
0908_0058_0093_0062_0062.jpg 1 58 93 62 62
0909_0013_0033_0155_0155.jpg 1 13 33 155 155
0910_0067_0133_0052_0052.jpg 1 67 133 52 52
0911_0009_0010_0149_0149.jpg 1 9 10 149 149
0912_0134_0041_0026_0026.jpg 1 134 41 26 26
0913_0062_0047_0120_0120.jpg 1 62 47 120 120
0914_0062_0051_0121_0121.jpg 1 62 51 121 121
0915_0068_0061_0090_0090.jpg 1 68 61 90 90
0916_0075_0086_0096_0096.jpg 1 75 86 96 96
0917_0018_0054_0156_0156.jpg 1 18 54 156 156
0918_0046_0086_0086_0086.jpg 1 46 86 86 86
0919_0121_0060_0061_0061.jpg 1 121 60 61 61
0920_0034_0076_0110_0110.jpg 1 34 76 110 110
0921_0109_0110_0036_0036.jpg 1 109 110 36 36
0922_0039_0046_0038_0038.jpg 1 39 46 38 38
0923_0103_0025_0062_0062.jpg 1 103 25 62 62
0924_0050_0021_0144_0144.jpg 1 50 21 144 144
0925_0019_0023_0127_0127.jpg 1 19 23 127 127
0926_0039_0077_0115_0115.jpg 1 39 77 115 115
0927_0069_0023_0107_0107.jpg 1 69 23 107 107
0928_0051_0014_0130_0130.jpg 1 51 14 130 130
0929_0047_0021_0126_0126.jpg 1 47 21 126 126
0930_0079_0044_0070_0070.jpg 1 79 44 70 70
0931_0123_0115_0037_0037.jpg 1 123 115 37 37
0932_0052_0012_0103_0103.jpg 1 52 12 103 103
0933_0058_0057_0150_0150.jpg 1 58 57 150 150
0934_0036_0101_0093_0093.jpg 1 36 101 93 93
0935_0061_0059_0088_0088.jpg 1 61 59 88 88
0936_0053_0067_0102_0102.jpg 1 53 67 102 102
0937_0018_0046_0148_0148.jpg 1 18 46 148 148
0938_0049_0098_0040_0040.jpg 1 49 98 40 40
0939_0028_0117_0075_0075.jpg 1 28 117 75 75
0940_0128_0067_0032_0032.jpg 1 128 67 32 32
0941_0017_0045_0063_0063.jpg 1 17 45 63 63
0942_0010_0064_0128_0128.jpg 1 10 64 128 128
0943_0049_0123_0025_0025.jpg 1 49 123 25 25
0944_0038_0037_0151_0151.jpg 1 38 37 151 151
0945_0024_0116_0076_0076.jpg 1 24 116 76 76
0946_0052_0033_0132_0132.jpg 1 52 33 132 132
0947_0046_0044_0047_0047.jpg 1 46 44 47 47
0948_0016_0024_0139_0139.jpg 1 16 24 139 139
0949_0136_0038_0051_0051.jpg 1 136 38 51 51
0950_0095_0130_0041_0041.jpg 1 95 130 41 41
0951_0135_0117_0038_0038.jpg 1 135 117 38 38
0952_0035_0047_0146_0146.jpg 1 35 47 146 146
0953_0026_0065_0121_0121.jpg 1 26 65 121 121
0954_0029_0053_0137_0137.jpg 1 29 53 137 137
0955_0058_0077_0104_0104.jpg 1 58 77 104 104
0956_0046_0044_0114_0114.jpg 1 46 44 114 114
0957_0028_0013_0102_0102.jpg 1 28 13 102 102
0958_0016_0041_0097_0097.jpg 1 16 41 97 97
0959_0023_0032_0130_0130.jpg 1 23 32 130 130
0960_0081_0032_0112_0112.jpg 1 81 32 112 112
0961_0026_0075_0117_0117.jpg 1 26 75 117 117
0962_0043_0123_0040_0040.jpg 1 43 123 40 40
0963_0100_0073_0031_0031.jpg 1 100 73 31 31
0964_0047_0098_0080_0080.jpg 1 47 98 80 80
0965_0015_0059_0072_0072.jpg 1 15 59 72 72
0966_0057_0072_0133_0133.jpg 1 57 72 133 133
0967_0013_0040_0121_0121.jpg 1 13 40 121 121
0968_0056_0090_0067_0067.jpg 1 56 90 67 67
0969_0023_0086_0076_0076.jpg 1 23 86 76 76
0970_0071_0026_0106_0106.jpg 1 71 26 106 106
0971_0050_0052_0127_0127.jpg 1 50 52 127 127
0972_0026_0021_0115_0115.jpg 1 26 21 115 115
0973_0045_0019_0102_0102.jpg 1 45 19 102 102
0974_0065_0070_0047_0047.jpg 1 65 70 47 47
0975_0136_0048_0043_0043.jpg 1 136 48 43 43
0976_0091_0016_0105_0105.jpg 1 91 16 105 105
0977_0067_0027_0105_0105.jpg 1 67 27 105 105
0978_0120_0047_0034_0034.jpg 1 120 47 34 34
0979_0033_0063_0144_0144.jpg 1 33 63 144 144
0980_0052_0030_0130_0130.jpg 1 52 30 130 130
0981_0015_0050_0103_0103.jpg 1 15 50 103 103
0982_0037_0046_0146_0146.jpg 1 37 46 146 146
0983_0120_0073_0068_0068.jpg 1 120 73 68 68
0984_0037_0024_0135_0135.jpg 1 37 24 135 135
0985_0070_0077_0040_0040.jpg 1 70 77 40 40
0986_0075_0068_0096_0096.jpg 1 75 68 96 96
0987_0045_0021_0071_0071.jpg 1 45 21 71 71
0988_0067_0080_0113_0113.jpg 1 67 80 113 113
0989_0041_0027_0048_0048.jpg 1 41 27 48 48
0990_0079_0032_0095_0095.jpg 1 79 32 95 95
0991_0048_0017_0145_0145.jpg 1 48 17 145 145
0992_0029_0063_0080_0080.jpg 1 29 63 80 80
0993_0053_0068_0101_0101.jpg 1 53 68 101 101
0994_0065_0046_0130_0130.jpg 1 65 46 130 130
0995_0053_0048_0130_0130.jpg 1 53 48 130 130
0996_0028_0021_0112_0112.jpg 1 28 21 112 112
0997_0014_0036_0096_0096.jpg 1 14 36 96 96
0998_0030_0023_0121_0121.jpg 1 30 23 121 121
0999_0054_0011_0138_0138.jpg 1 54 11 138 138
1000_0029_0074_0078_0078.jpg 1 29 74 78 78
1001_0105_0067_0062_0062.jpg 1 105 67 62 62
1002_0063_0087_0063_0063.jpg 1 63 87 63 63
1003_0028_0053_0097_0097.jpg 1 28 53 97 97
1004_0085_0024_0049_0049.jpg 1 85 24 49 49
1005_0052_0039_0120_0120.jpg 1 52 39 120 120
1006_0056_0063_0124_0124.jpg 1 56 63 124 124
1007_0016_0063_0109_0109.jpg 1 16 63 109 109
1008_0088_0129_0057_0057.jpg 1 88 129 57 57
1009_0050_0088_0092_0092.jpg 1 50 88 92 92
1010_0083_0082_0089_0089.jpg 1 83 82 89 89
1011_0055_0035_0092_0092.jpg 1 55 35 92 92
1012_0142_0085_0041_0041.jpg 1 142 85 41 41
1013_0033_0029_0148_0148.jpg 1 33 29 148 148
1014_0115_0021_0039_0039.jpg 1 115 21 39 39
1015_0065_0019_0048_0048.jpg 1 65 19 48 48
1016_0081_0063_0099_0099.jpg 1 81 63 99 99
1017_0062_0048_0025_0025.jpg 1 62 48 25 25
1018_0060_0019_0139_0139.jpg 1 60 19 139 139
1019_0075_0048_0125_0125.jpg 1 75 48 125 125
1020_0023_0062_0129_0129.jpg 1 23 62 129 129
1021_0069_0021_0051_0051.jpg 1 69 21 51 51
1022_0044_0021_0117_0117.jpg 1 44 21 117 117
1023_0029_0039_0129_0129.jpg 1 29 39 129 129
1024_0082_0033_0079_0079.jpg 1 82 33 79 79
1025_0017_0051_0150_0150.jpg 1 17 51 150 150
1026_0066_0044_0111_0111.jpg 1 66 44 111 111
1027_0060_0031_0074_0074.jpg 1 60 31 74 74
1028_0089_0059_0028_0028.jpg 1 89 59 28 28
1029_0063_0068_0077_0077.jpg 1 63 68 77 77
1030_0065_0058_0113_0113.jpg 1 65 58 113 113
1031_0120_0086_0069_0069.jpg 1 120 86 69 69
1032_0102_0109_0062_0062.jpg 1 102 109 62 62
1033_0043_0042_0120_0120.jpg 1 43 42 120 120
1034_0063_0079_0056_0056.jpg 1 63 79 56 56
1035_0044_0047_0101_0101.jpg 1 44 47 101 101
1036_0081_0068_0099_0099.jpg 1 81 68 99 99
1037_0018_0085_0103_0103.jpg 1 18 85 103 103
1038_0023_0027_0147_0147.jpg 1 23 27 147 147
1039_0051_0019_0071_0071.jpg 1 51 19 71 71
1040_0046_0022_0145_0145.jpg 1 46 22 145 145
1041_0104_0055_0028_0028.jpg 1 104 55 28 28
1042_0020_0017_0153_0153.jpg 1 20 17 153 153
1043_0112_0107_0080_0080.jpg 1 112 107 80 80
1044_0015_0077_0124_0124.jpg 1 15 77 124 124
1045_0048_0045_0076_0076.jpg 1 48 45 76 76
1046_0105_0085_0064_0064.jpg 1 105 85 64 64
1047_0092_0025_0101_0101.jpg 1 92 25 101 101
1048_0062_0054_0141_0141.jpg 1 62 54 141 141
1049_0065_0078_0106_0106.jpg 1 65 78 106 106
1050_0012_0048_0146_0146.jpg 1 12 48 146 146
1051_0039_0073_0120_0120.jpg 1 39 73 120 120
1052_0025_0086_0092_0092.jpg 1 25 86 92 92
1053_0015_0010_0135_0135.jpg 1 15 10 135 135
1054_0038_0120_0068_0068.jpg 1 38 120 68 68
1055_0124_0046_0061_0061.jpg 1 124 46 61 61
1056_0048_0018_0095_0095.jpg 1 48 18 95 95
1057_0091_0071_0073_0073.jpg 1 91 71 73 73
1058_0033_0057_0150_0150.jpg 1 33 57 150 150
1059_0132_0067_0058_0058.jpg 1 132 67 58 58
1060_0049_0013_0156_0156.jpg 1 49 13 156 156
1061_0067_0099_0031_0031.jpg 1 67 99 31 31
1062_0030_0059_0125_0125.jpg 1 30 59 125 125
1063_0023_0077_0125_0125.jpg 1 23 77 125 125
1064_0054_0072_0118_0118.jpg 1 54 72 118 118
1065_0105_0052_0050_0050.jpg 1 105 52 50 50
1066_0048_0069_0038_0038.jpg 1 48 69 38 38
1067_0022_0118_0073_0073.jpg 1 22 118 73 73
1068_0063_0051_0113_0113.jpg 1 63 51 113 113
1069_0092_0095_0069_0069.jpg 1 92 95 69 69
1070_0069_0082_0045_0045.jpg 1 69 82 45 45
1071_0042_0036_0127_0127.jpg 1 42 36 127 127
1072_0090_0062_0058_0058.jpg 1 90 62 58 58
1073_0027_0065_0026_0026.jpg 1 27 65 26 26
1074_0027_0019_0149_0149.jpg 1 27 19 149 149
1075_0149_0146_0028_0028.jpg 1 149 146 28 28
1076_0012_0028_0126_0126.jpg 1 12 28 126 126
1077_0059_0047_0112_0112.jpg 1 59 47 112 112
1078_0077_0055_0111_0111.jpg 1 77 55 111 111
1079_0023_0079_0116_0116.jpg 1 23 79 116 116
1080_0060_0044_0127_0127.jpg 1 60 44 127 127
1081_0035_0044_0140_0140.jpg 1 35 44 140 140
1082_0025_0038_0116_0116.jpg 1 25 38 116 116
1083_0110_0066_0050_0050.jpg 1 110 66 50 50
1084_0023_0018_0151_0151.jpg 1 23 18 151 151
1085_0103_0014_0082_0082.jpg 1 103 14 82 82
1086_0033_0027_0036_0036.jpg 1 33 27 36 36
1087_0063_0073_0043_0043.jpg 1 63 73 43 43
1088_0075_0139_0026_0026.jpg 1 75 139 26 26
1089_0113_0081_0046_0046.jpg 1 113 81 46 46
1090_0027_0045_0133_0133.jpg 1 27 45 133 133
1091_0037_0088_0046_0046.jpg 1 37 88 46 46
1092_0081_0059_0108_0108.jpg 1 81 59 108 108
1093_0127_0056_0029_0029.jpg 1 127 56 29 29
1094_0063_0024_0100_0100.jpg 1 63 24 100 100
1095_0121_0084_0058_0058.jpg 1 121 84 58 58
1096_0092_0127_0055_0055.jpg 1 92 127 55 55
1097_0064_0055_0089_0089.jpg 1 64 55 89 89
1098_0091_0105_0088_0088.jpg 1 91 105 88 88
1099_0034_0040_0084_0084.jpg 1 34 40 84 84
1100_0062_0028_0140_0140.jpg 1 62 28 140 140
1101_0028_0047_0136_0136.jpg 1 28 47 136 136
1102_0034_0037_0138_0138.jpg 1 34 37 138 138
1103_0060_0050_0145_0145.jpg 1 60 50 145 145
1104_0097_0094_0081_0081.jpg 1 97 94 81 81
1105_0076_0030_0095_0095.jpg 1 76 30 95 95
1106_0060_0020_0045_0045.jpg 1 60 20 45 45
1107_0116_0116_0070_0070.jpg 1 116 116 70 70
1108_0068_0047_0103_0103.jpg 1 68 47 103 103
1109_0082_0029_0063_0063.jpg 1 82 29 63 63
1110_0081_0059_0097_0097.jpg 1 81 59 97 97
1111_0078_0082_0117_0117.jpg 1 78 82 117 117
1112_0101_0071_0092_0092.jpg 1 101 71 92 92
1113_0064_0074_0102_0102.jpg 1 64 74 102 102
1114_0049_0044_0034_0034.jpg 1 49 44 34 34
1115_0062_0101_0040_0040.jpg 1 62 101 40 40
1116_0072_0062_0097_0097.jpg 1 72 62 97 97
1117_0120_0023_0065_0065.jpg 1 120 23 65 65
1118_0124_0049_0053_0053.jpg 1 124 49 53 53
1119_0125_0099_0029_0029.jpg 1 125 99 29 29
1120_0033_0081_0025_0025.jpg 1 33 81 25 25
1121_0110_0111_0062_0062.jpg 1 110 111 62 62
1122_0121_0058_0060_0060.jpg 1 121 58 60 60
1123_0021_0026_0118_0118.jpg 1 21 26 118 118
1124_0063_0121_0049_0049.jpg 1 63 121 49 49
1125_0029_0009_0149_0149.jpg 1 29 9 149 149
1126_0040_0068_0107_0107.jpg 1 40 68 107 107
1127_0021_0016_0141_0141.jpg 1 21 16 141 141
1128_0028_0012_0145_0145.jpg 1 28 12 145 145
1129_0062_0057_0119_0119.jpg 1 62 57 119 119
1130_0037_0014_0146_0146.jpg 1 37 14 146 146
1131_0132_0045_0025_0025.jpg 1 132 45 25 25
1132_0034_0025_0138_0138.jpg 1 34 25 138 138
1133_0029_0047_0088_0088.jpg 1 29 47 88 88
1134_0078_0024_0050_0050.jpg 1 78 24 50 50
1135_0100_0088_0094_0094.jpg 1 100 88 94 94
1136_0061_0040_0142_0142.jpg 1 61 40 142 142
1137_0075_0111_0057_0057.jpg 1 75 111 57 57
1138_0133_0125_0036_0036.jpg 1 133 125 36 36
1139_0029_0025_0095_0095.jpg 1 29 25 95 95
1140_0078_0101_0086_0086.jpg 1 78 101 86 86
1141_0072_0077_0119_0119.jpg 1 72 77 119 119
1142_0046_0064_0124_0124.jpg 1 46 64 124 124
1143_0038_0059_0139_0139.jpg 1 38 59 139 139
1144_0020_0028_0153_0153.jpg 1 20 28 153 153
1145_0099_0026_0046_0046.jpg 1 99 26 46 46
1146_0046_0129_0057_0057.jpg 1 46 129 57 57
1147_0060_0076_0058_0058.jpg 1 60 76 58 58
1148_0140_0096_0032_0032.jpg 1 140 96 32 32
1149_0042_0025_0153_0153.jpg 1 42 25 153 153
1150_0130_0018_0057_0057.jpg 1 130 18 57 57
1151_0095_0020_0064_0064.jpg 1 95 20 64 64
1152_0099_0092_0031_0031.jpg 1 99 92 31 31
1153_0030_0068_0102_0102.jpg 1 30 68 102 102
1154_0107_0061_0085_0085.jpg 1 107 61 85 85
1155_0079_0028_0117_0117.jpg 1 79 28 117 117
1156_0039_0035_0138_0138.jpg 1 39 35 138 138
1157_0136_0057_0025_0025.jpg 1 136 57 25 25
1158_0145_0124_0040_0040.jpg 1 145 124 40 40
1159_0036_0076_0121_0121.jpg 1 36 76 121 121
1160_0037_0084_0079_0079.jpg 1 37 84 79 79
1161_0041_0028_0101_0101.jpg 1 41 28 101 101
1162_0049_0030_0143_0143.jpg 1 49 30 143 143
1163_0024_0147_0032_0032.jpg 1 24 147 32 32
1164_0018_0069_0065_0065.jpg 1 18 69 65 65
1165_0023_0028_0129_0129.jpg 1 23 28 129 129
1166_0068_0020_0032_0032.jpg 1 68 20 32 32
1167_0124_0038_0067_0067.jpg 1 124 38 67 67
1168_0064_0019_0101_0101.jpg 1 64 19 101 101
1169_0022_0040_0084_0084.jpg 1 22 40 84 84
1170_0037_0122_0050_0050.jpg 1 37 122 50 50
1171_0025_0022_0089_0089.jpg 1 25 22 89 89
1172_0065_0079_0050_0050.jpg 1 65 79 50 50
1173_0023_0060_0075_0075.jpg 1 23 60 75 75
1174_0089_0025_0030_0030.jpg 1 89 25 30 30
1175_0144_0040_0037_0037.jpg 1 144 40 37 37
1176_0108_0028_0039_0039.jpg 1 108 28 39 39
1177_0132_0058_0055_0055.jpg 1 132 58 55 55
1178_0075_0074_0038_0038.jpg 1 75 74 38 38
1179_0097_0090_0067_0067.jpg 1 97 90 67 67
1180_0111_0117_0057_0057.jpg 1 111 117 57 57
1181_0092_0114_0069_0069.jpg 1 92 114 69 69
1182_0084_0115_0072_0072.jpg 1 84 115 72 72
1183_0083_0067_0086_0086.jpg 1 83 67 86 86
1184_0117_0022_0040_0040.jpg 1 117 22 40 40
1185_0120_0019_0073_0073.jpg 1 120 19 73 73
1186_0085_0014_0106_0106.jpg 1 85 14 106 106
1187_0080_0103_0091_0091.jpg 1 80 103 91 91
1188_0091_0050_0090_0090.jpg 1 91 50 90 90
1189_0039_0039_0096_0096.jpg 1 39 39 96 96
1190_0030_0111_0059_0059.jpg 1 30 111 59 59
1191_0039_0043_0149_0149.jpg 1 39 43 149 149
1192_0114_0052_0058_0058.jpg 1 114 52 58 58
1193_0140_0082_0037_0037.jpg 1 140 82 37 37
1194_0124_0063_0043_0043.jpg 1 124 63 43 43
1195_0100_0086_0068_0068.jpg 1 100 86 68 68
1196_0033_0045_0059_0059.jpg 1 33 45 59 59
1197_0014_0073_0082_0082.jpg 1 14 73 82 82
1198_0078_0032_0110_0110.jpg 1 78 32 110 110
1199_0066_0041_0133_0133.jpg 1 66 41 133 133
1200_0066_0025_0130_0130.jpg 1 66 25 130 130
1201_0088_0103_0045_0045.jpg 1 88 103 45 45
1202_0060_0066_0118_0118.jpg 1 60 66 118 118
1203_0028_0055_0143_0143.jpg 1 28 55 143 143
1204_0072_0066_0093_0093.jpg 1 72 66 93 93
1205_0049_0129_0036_0036.jpg 1 49 129 36 36
1206_0054_0022_0095_0095.jpg 1 54 22 95 95
1207_0071_0102_0062_0062.jpg 1 71 102 62 62
1208_0030_0065_0134_0134.jpg 1 30 65 134 134
1209_0075_0018_0070_0070.jpg 1 75 18 70 70
1210_0017_0100_0066_0066.jpg 1 17 100 66 66
1211_0022_0041_0131_0131.jpg 1 22 41 131 131
1212_0084_0034_0118_0118.jpg 1 84 34 118 118
1213_0050_0072_0114_0114.jpg 1 50 72 114 114
1214_0084_0035_0092_0092.jpg 1 84 35 92 92
1215_0071_0066_0125_0125.jpg 1 71 66 125 125
1216_0047_0041_0142_0142.jpg 1 47 41 142 142
1217_0032_0043_0115_0115.jpg 1 32 43 115 115
1218_0017_0016_0147_0147.jpg 1 17 16 147 147
1219_0020_0012_0148_0148.jpg 1 20 12 148 148
1220_0109_0034_0083_0083.jpg 1 109 34 83 83
1221_0046_0127_0061_0061.jpg 1 46 127 61 61
1222_0082_0032_0085_0085.jpg 1 82 32 85 85
1223_0010_0014_0146_0146.jpg 1 10 14 146 146
1224_0023_0024_0029_0029.jpg 1 23 24 29 29
1225_0022_0029_0119_0119.jpg 1 22 29 119 119
1226_0106_0141_0046_0046.jpg 1 106 141 46 46
1227_0013_0053_0113_0113.jpg 1 13 53 113 113
1228_0012_0037_0148_0148.jpg 1 12 37 148 148
1229_0130_0116_0057_0057.jpg 1 130 116 57 57
1230_0128_0047_0051_0051.jpg 1 128 47 51 51
1231_0057_0056_0091_0091.jpg 1 57 56 91 91
1232_0082_0071_0032_0032.jpg 1 82 71 32 32
1233_0057_0088_0097_0097.jpg 1 57 88 97 97
1234_0044_0060_0040_0040.jpg 1 44 60 40 40
1235_0054_0049_0109_0109.jpg 1 54 49 109 109
1236_0085_0045_0113_0113.jpg 1 85 45 113 113
1237_0053_0051_0094_0094.jpg 1 53 51 94 94
1238_0066_0118_0050_0050.jpg 1 66 118 50 50
1239_0046_0066_0123_0123.jpg 1 46 66 123 123
1240_0039_0063_0110_0110.jpg 1 39 63 110 110
1241_0086_0059_0056_0056.jpg 1 86 59 56 56
1242_0127_0049_0052_0052.jpg 1 127 49 52 52
1243_0070_0066_0112_0112.jpg 1 70 66 112 112
1244_0033_0068_0107_0107.jpg 1 33 68 107 107
1245_0105_0105_0067_0067.jpg 1 105 105 67 67
1246_0028_0067_0130_0130.jpg 1 28 67 130 130
1247_0062_0040_0034_0034.jpg 1 62 40 34 34
1248_0089_0070_0077_0077.jpg 1 89 70 77 77
1249_0021_0079_0056_0056.jpg 1 21 79 56 56
1250_0009_0062_0130_0130.jpg 1 9 62 130 130
1251_0096_0091_0065_0065.jpg 1 96 91 65 65
1252_0029_0048_0104_0104.jpg 1 29 48 104 104
1253_0120_0080_0065_0065.jpg 1 120 80 65 65
1254_0025_0061_0074_0074.jpg 1 25 61 74 74
1255_0124_0128_0039_0039.jpg 1 124 128 39 39
1256_0091_0050_0109_0109.jpg 1 91 50 109 109
1257_0062_0021_0083_0083.jpg 1 62 21 83 83
1258_0063_0023_0138_0138.jpg 1 63 23 138 138
1259_0092_0107_0071_0071.jpg 1 92 107 71 71
1260_0022_0050_0063_0063.jpg 1 22 50 63 63
1261_0017_0033_0132_0132.jpg 1 17 33 132 132
1262_0030_0019_0106_0106.jpg 1 30 19 106 106
1263_0055_0102_0055_0055.jpg 1 55 102 55 55
1264_0067_0013_0114_0114.jpg 1 67 13 114 114
1265_0025_0081_0041_0041.jpg 1 25 81 41 41
1266_0010_0050_0149_0149.jpg 1 10 50 149 149
1267_0067_0103_0059_0059.jpg 1 67 103 59 59
1268_0114_0078_0072_0072.jpg 1 114 78 72 72
1269_0065_0018_0084_0084.jpg 1 65 18 84 84
1270_0079_0069_0118_0118.jpg 1 79 69 118 118
1271_0033_0039_0148_0148.jpg 1 33 39 148 148
1272_0016_0029_0142_0142.jpg 1 16 29 142 142
1273_0043_0066_0119_0119.jpg 1 43 66 119 119
1274_0013_0051_0107_0107.jpg 1 13 51 107 107
1275_0047_0092_0060_0060.jpg 1 47 92 60 60
1276_0032_0025_0153_0153.jpg 1 32 25 153 153
1277_0053_0066_0117_0117.jpg 1 53 66 117 117
1278_0065_0016_0079_0079.jpg 1 65 16 79 79
1279_0035_0038_0092_0092.jpg 1 35 38 92 92
1280_0020_0040_0153_0153.jpg 1 20 40 153 153
1281_0037_0063_0044_0044.jpg 1 37 63 44 44
1282_0059_0028_0112_0112.jpg 1 59 28 112 112
1283_0024_0054_0112_0112.jpg 1 24 54 112 112
1284_0092_0114_0024_0024.jpg 1 92 114 24 24
1285_0035_0106_0062_0062.jpg 1 35 106 62 62
1286_0038_0041_0088_0088.jpg 1 38 41 88 88
1287_0012_0068_0106_0106.jpg 1 12 68 106 106
1288_0065_0109_0081_0081.jpg 1 65 109 81 81
1289_0059_0083_0042_0042.jpg 1 59 83 42 42
1290_0051_0018_0145_0145.jpg 1 51 18 145 145
1291_0065_0095_0087_0087.jpg 1 65 95 87 87
1292_0038_0138_0037_0037.jpg 1 38 138 37 37
1293_0090_0016_0100_0100.jpg 1 90 16 100 100
1294_0038_0024_0033_0033.jpg 1 38 24 33 33
1295_0113_0056_0065_0065.jpg 1 113 56 65 65
1296_0043_0026_0153_0153.jpg 1 43 26 153 153
1297_0115_0035_0051_0051.jpg 1 115 35 51 51
1298_0037_0041_0150_0150.jpg 1 37 41 150 150
1299_0101_0082_0089_0089.jpg 1 101 82 89 89
1300_0070_0059_0115_0115.jpg 1 70 59 115 115
1301_0045_0081_0062_0062.jpg 1 45 81 62 62
1302_0028_0101_0033_0033.jpg 1 28 101 33 33
1303_0042_0019_0055_0055.jpg 1 42 19 55 55
1304_0079_0084_0081_0081.jpg 1 79 84 81 81
1305_0147_0055_0027_0027.jpg 1 147 55 27 27
1306_0035_0068_0107_0107.jpg 1 35 68 107 107
1307_0029_0053_0097_0097.jpg 1 29 53 97 97
1308_0085_0069_0048_0048.jpg 1 85 69 48 48
1309_0058_0055_0093_0093.jpg 1 58 55 93 93
1310_0101_0078_0085_0085.jpg 1 101 78 85 85
1311_0016_0032_0124_0124.jpg 1 16 32 124 124
1312_0068_0052_0095_0095.jpg 1 68 52 95 95
1313_0053_0019_0149_0149.jpg 1 53 19 149 149
1314_0083_0039_0042_0042.jpg 1 83 39 42 42
1315_0039_0010_0153_0153.jpg 1 39 10 153 153
1316_0053_0087_0085_0085.jpg 1 53 87 85 85
1317_0022_0027_0126_0126.jpg 1 22 27 126 126
1318_0023_0059_0115_0115.jpg 1 23 59 115 115
1319_0017_0017_0082_0082.jpg 1 17 17 82 82
1320_0113_0023_0061_0061.jpg 1 113 23 61 61
1321_0026_0113_0076_0076.jpg 1 26 113 76 76
1322_0028_0036_0141_0141.jpg 1 28 36 141 141
1323_0092_0109_0029_0029.jpg 1 92 109 29 29
1324_0045_0058_0111_0111.jpg 1 45 58 111 111
1325_0078_0108_0052_0052.jpg 1 78 108 52 52
1326_0055_0049_0113_0113.jpg 1 55 49 113 113
1327_0154_0066_0026_0026.jpg 1 154 66 26 26
1328_0054_0018_0084_0084.jpg 1 54 18 84 84
1329_0031_0099_0063_0063.jpg 1 31 99 63 63
1330_0117_0127_0039_0039.jpg 1 117 127 39 39
1331_0022_0019_0152_0152.jpg 1 22 19 152 152
1332_0099_0118_0038_0038.jpg 1 99 118 38 38
1333_0047_0043_0149_0149.jpg 1 47 43 149 149
1334_0024_0023_0122_0122.jpg 1 24 23 122 122
1335_0059_0022_0105_0105.jpg 1 59 22 105 105
1336_0031_0061_0064_0064.jpg 1 31 61 64 64
1337_0026_0016_0144_0144.jpg 1 26 16 144 144
1338_0062_0022_0081_0081.jpg 1 62 22 81 81
1339_0054_0073_0045_0045.jpg 1 54 73 45 45
1340_0062_0047_0108_0108.jpg 1 62 47 108 108
1341_0090_0065_0065_0065.jpg 1 90 65 65 65
1342_0117_0076_0044_0044.jpg 1 117 76 44 44
1343_0079_0013_0112_0112.jpg 1 79 13 112 112
1344_0037_0033_0075_0075.jpg 1 37 33 75 75
1345_0061_0040_0089_0089.jpg 1 61 40 89 89
1346_0046_0040_0097_0097.jpg 1 46 40 97 97
1347_0086_0097_0056_0056.jpg 1 86 97 56 56
1348_0032_0076_0105_0105.jpg 1 32 76 105 105
1349_0076_0074_0083_0083.jpg 1 76 74 83 83
1350_0113_0067_0059_0059.jpg 1 113 67 59 59
1351_0013_0034_0099_0099.jpg 1 13 34 99 99
1352_0081_0120_0054_0054.jpg 1 81 120 54 54
1353_0056_0066_0086_0086.jpg 1 56 66 86 86
1354_0012_0046_0155_0155.jpg 1 12 46 155 155
1355_0070_0051_0041_0041.jpg 1 70 51 41 41
1356_0134_0099_0038_0038.jpg 1 134 99 38 38
1357_0036_0076_0026_0026.jpg 1 36 76 26 26
1358_0062_0035_0034_0034.jpg 1 62 35 34 34
1359_0030_0044_0138_0138.jpg 1 30 44 138 138
1360_0041_0011_0154_0154.jpg 1 41 11 154 154
1361_0038_0102_0061_0061.jpg 1 38 102 61 61
1362_0041_0050_0141_0141.jpg 1 41 50 141 141
1363_0087_0067_0060_0060.jpg 1 87 67 60 60
1364_0066_0083_0101_0101.jpg 1 66 83 101 101
1365_0057_0062_0144_0144.jpg 1 57 62 144 144
1366_0081_0095_0050_0050.jpg 1 81 95 50 50
1367_0018_0038_0076_0076.jpg 1 18 38 76 76
1368_0146_0116_0039_0039.jpg 1 146 116 39 39
1369_0017_0018_0132_0132.jpg 1 17 18 132 132
1370_0076_0066_0101_0101.jpg 1 76 66 101 101
1371_0057_0034_0075_0075.jpg 1 57 34 75 75
1372_0050_0019_0041_0041.jpg 1 50 19 41 41
1373_0090_0145_0036_0036.jpg 1 90 145 36 36
1374_0101_0099_0065_0065.jpg 1 101 99 65 65
1375_0062_0115_0076_0076.jpg 1 62 115 76 76
1376_0081_0063_0117_0117.jpg 1 81 63 117 117
1377_0045_0053_0121_0121.jpg 1 45 53 121 121
1378_0040_0021_0155_0155.jpg 1 40 21 155 155
1379_0055_0089_0071_0071.jpg 1 55 89 71 71
1380_0043_0090_0099_0099.jpg 1 43 90 99 99
1381_0082_0020_0104_0104.jpg 1 82 20 104 104
1382_0109_0133_0043_0043.jpg 1 109 133 43 43
1383_0106_0077_0076_0076.jpg 1 106 77 76 76
1384_0062_0053_0143_0143.jpg 1 62 53 143 143
1385_0065_0044_0104_0104.jpg 1 65 44 104 104
1386_0114_0062_0056_0056.jpg 1 114 62 56 56
1387_0079_0037_0094_0094.jpg 1 79 37 94 94
1388_0070_0033_0103_0103.jpg 1 70 33 103 103
1389_0038_0016_0143_0143.jpg 1 38 16 143 143
1390_0059_0051_0129_0129.jpg 1 59 51 129 129
1391_0084_0069_0070_0070.jpg 1 84 69 70 70
1392_0118_0093_0068_0068.jpg 1 118 93 68 68
1393_0047_0009_0133_0133.jpg 1 47 9 133 133
1394_0132_0095_0047_0047.jpg 1 132 95 47 47
1395_0082_0080_0057_0057.jpg 1 82 80 57 57
1396_0070_0035_0068_0068.jpg 1 70 35 68 68
1397_0060_0117_0039_0039.jpg 1 60 117 39 39
1398_0104_0076_0086_0086.jpg 1 104 76 86 86
1399_0013_0079_0105_0105.jpg 1 13 79 105 105
1400_0092_0100_0097_0097.jpg 1 92 100 97 97
1401_0035_0030_0129_0129.jpg 1 35 30 129 129
1402_0076_0076_0122_0122.jpg 1 76 76 122 122
1403_0043_0105_0071_0071.jpg 1 43 105 71 71
1404_0077_0075_0102_0102.jpg 1 77 75 102 102
1405_0022_0084_0067_0067.jpg 1 22 84 67 67
1406_0084_0075_0091_0091.jpg 1 84 75 91 91
1407_0126_0043_0047_0047.jpg 1 126 43 47 47
1408_0062_0064_0125_0125.jpg 1 62 64 125 125
1409_0034_0050_0138_0138.jpg 1 34 50 138 138
1410_0037_0042_0038_0038.jpg 1 37 42 38 38
1411_0022_0020_0127_0127.jpg 1 22 20 127 127
1412_0010_0036_0143_0143.jpg 1 10 36 143 143
1413_0024_0093_0056_0056.jpg 1 24 93 56 56
1414_0119_0107_0060_0060.jpg 1 119 107 60 60
1415_0013_0055_0096_0096.jpg 1 13 55 96 96
1416_0063_0109_0081_0081.jpg 1 63 109 81 81
1417_0073_0020_0096_0096.jpg 1 73 20 96 96
1418_0057_0063_0124_0124.jpg 1 57 63 124 124
1419_0105_0084_0076_0076.jpg 1 105 84 76 76
1420_0064_0028_0074_0074.jpg 1 64 28 74 74
1421_0119_0121_0055_0055.jpg 1 119 121 55 55
1422_0058_0123_0040_0040.jpg 1 58 123 40 40
1423_0098_0039_0072_0072.jpg 1 98 39 72 72
1424_0078_0013_0111_0111.jpg 1 78 13 111 111
1425_0012_0085_0099_0099.jpg 1 12 85 99 99
1426_0061_0064_0089_0089.jpg 1 61 64 89 89
1427_0108_0062_0056_0056.jpg 1 108 62 56 56
1428_0047_0010_0122_0122.jpg 1 47 10 122 122
1429_0151_0055_0026_0026.jpg 1 151 55 26 26
1430_0033_0040_0065_0065.jpg 1 33 40 65 65
1431_0041_0038_0151_0151.jpg 1 41 38 151 151
1432_0041_0063_0119_0119.jpg 1 41 63 119 119
1433_0033_0022_0099_0099.jpg 1 33 22 99 99
1434_0121_0114_0033_0033.jpg 1 121 114 33 33
1435_0074_0042_0123_0123.jpg 1 74 42 123 123
1436_0037_0091_0044_0044.jpg 1 37 91 44 44
1437_0089_0064_0093_0093.jpg 1 89 64 93 93
1438_0028_0063_0073_0073.jpg 1 28 63 73 73
1439_0066_0055_0113_0113.jpg 1 66 55 113 113
1440_0035_0058_0033_0033.jpg 1 35 58 33 33
1441_0125_0138_0039_0039.jpg 1 125 138 39 39
1442_0076_0135_0054_0054.jpg 1 76 135 54 54
1443_0058_0088_0091_0091.jpg 1 58 88 91 91
1444_0026_0110_0064_0064.jpg 1 26 110 64 64
1445_0074_0073_0061_0061.jpg 1 74 73 61 61
1446_0047_0046_0122_0122.jpg 1 47 46 122 122
1447_0068_0026_0108_0108.jpg 1 68 26 108 108
1448_0047_0023_0149_0149.jpg 1 47 23 149 149
1449_0062_0054_0091_0091.jpg 1 62 54 91 91
1450_0042_0053_0147_0147.jpg 1 42 53 147 147
1451_0051_0060_0131_0131.jpg 1 51 60 131 131
1452_0012_0029_0127_0127.jpg 1 12 29 127 127
1453_0031_0051_0097_0097.jpg 1 31 51 97 97
1454_0031_0084_0107_0107.jpg 1 31 84 107 107
1455_0101_0114_0069_0069.jpg 1 101 114 69 69
1456_0028_0018_0108_0108.jpg 1 28 18 108 108
1457_0047_0015_0128_0128.jpg 1 47 15 128 128
1458_0039_0101_0088_0088.jpg 1 39 101 88 88
1459_0047_0049_0058_0058.jpg 1 47 49 58 58
1460_0027_0025_0136_0136.jpg 1 27 25 136 136
1461_0034_0061_0136_0136.jpg 1 34 61 136 136
1462_0079_0126_0039_0039.jpg 1 79 126 39 39
1463_0034_0037_0134_0134.jpg 1 34 37 134 134
1464_0106_0087_0064_0064.jpg 1 106 87 64 64
1465_0010_0059_0131_0131.jpg 1 10 59 131 131
1466_0070_0017_0096_0096.jpg 1 70 17 96 96
1467_0021_0083_0080_0080.jpg 1 21 83 80 80
1468_0031_0054_0072_0072.jpg 1 31 54 72 72
1469_0043_0103_0064_0064.jpg 1 43 103 64 64
1470_0082_0073_0035_0035.jpg 1 82 73 35 35
1471_0099_0149_0033_0033.jpg 1 99 149 33 33
1472_0036_0059_0146_0146.jpg 1 36 59 146 146
1473_0049_0013_0151_0151.jpg 1 49 13 151 151
1474_0042_0072_0129_0129.jpg 1 42 72 129 129
1475_0093_0110_0060_0060.jpg 1 93 110 60 60
1476_0019_0011_0122_0122.jpg 1 19 11 122 122
1477_0013_0036_0130_0130.jpg 1 13 36 130 130
1478_0022_0086_0109_0109.jpg 1 22 86 109 109
1479_0049_0054_0066_0066.jpg 1 49 54 66 66
1480_0105_0023_0075_0075.jpg 1 105 23 75 75
1481_0063_0048_0132_0132.jpg 1 63 48 132 132
1482_0098_0039_0059_0059.jpg 1 98 39 59 59
1483_0069_0051_0129_0129.jpg 1 69 51 129 129
1484_0040_0036_0045_0045.jpg 1 40 36 45 45
1485_0126_0058_0039_0039.jpg 1 126 58 39 39
1486_0061_0068_0138_0138.jpg 1 61 68 138 138
1487_0057_0057_0111_0111.jpg 1 57 57 111 111
1488_0052_0060_0128_0128.jpg 1 52 60 128 128
1489_0042_0067_0137_0137.jpg 1 42 67 137 137
1490_0025_0054_0090_0090.jpg 1 25 54 90 90
1491_0019_0088_0079_0079.jpg 1 19 88 79 79
1492_0062_0068_0131_0131.jpg 1 62 68 131 131
1493_0071_0017_0055_0055.jpg 1 71 17 55 55
1494_0049_0031_0154_0154.jpg 1 49 31 154 154
1495_0112_0136_0032_0032.jpg 1 112 136 32 32
1496_0069_0023_0083_0083.jpg 1 69 23 83 83
1497_0019_0050_0137_0137.jpg 1 19 50 137 137
1498_0060_0069_0125_0125.jpg 1 60 69 125 125
1499_0086_0043_0055_0055.jpg 1 86 43 55 55
1500_0027_0041_0034_0034.jpg 1 27 41 34 34
1501_0026_0052_0068_0068.jpg 1 26 52 68 68
1502_0053_0037_0127_0127.jpg 1 53 37 127 127
1503_0038_0015_0151_0151.jpg 1 38 15 151 151
1504_0067_0061_0029_0029.jpg 1 67 61 29 29
1505_0115_0116_0033_0033.jpg 1 115 116 33 33
1506_0032_0078_0116_0116.jpg 1 32 78 116 116
1507_0075_0043_0048_0048.jpg 1 75 43 48 48
1508_0017_0032_0132_0132.jpg 1 17 32 132 132
1509_0121_0111_0051_0051.jpg 1 121 111 51 51
1510_0052_0021_0135_0135.jpg 1 52 21 135 135
1511_0081_0025_0038_0038.jpg 1 81 25 38 38
1512_0030_0011_0154_0154.jpg 1 30 11 154 154
1513_0021_0061_0116_0116.jpg 1 21 61 116 116
1514_0071_0140_0047_0047.jpg 1 71 140 47 47
1515_0030_0097_0026_0026.jpg 1 30 97 26 26
1516_0063_0107_0037_0037.jpg 1 63 107 37 37
1517_0032_0057_0111_0111.jpg 1 32 57 111 111
1518_0020_0022_0060_0060.jpg 1 20 22 60 60
1519_0071_0047_0085_0085.jpg 1 71 47 85 85
1520_0064_0092_0064_0064.jpg 1 64 92 64 64
1521_0034_0089_0073_0073.jpg 1 34 89 73 73
1522_0025_0052_0032_0032.jpg 1 25 52 32 32
1523_0029_0044_0091_0091.jpg 1 29 44 91 91
1524_0050_0066_0093_0093.jpg 1 50 66 93 93
1525_0020_0011_0153_0153.jpg 1 20 11 153 153
1526_0013_0056_0133_0133.jpg 1 13 56 133 133
1527_0070_0053_0056_0056.jpg 1 70 53 56 56
1528_0030_0053_0088_0088.jpg 1 30 53 88 88
1529_0099_0098_0098_0098.jpg 1 99 98 98 98
1530_0018_0010_0156_0156.jpg 1 18 10 156 156
1531_0110_0103_0082_0082.jpg 1 110 103 82 82
1532_0062_0052_0144_0144.jpg 1 62 52 144 144
1533_0061_0038_0144_0144.jpg 1 61 38 144 144
1534_0031_0052_0109_0109.jpg 1 31 52 109 109
1535_0062_0077_0097_0097.jpg 1 62 77 97 97
1536_0037_0039_0151_0151.jpg 1 37 39 151 151
1537_0019_0043_0050_0050.jpg 1 19 43 50 50
1538_0035_0018_0148_0148.jpg 1 35 18 148 148
1539_0123_0062_0053_0053.jpg 1 123 62 53 53
1540_0076_0033_0052_0052.jpg 1 76 33 52 52
1541_0074_0016_0065_0065.jpg 1 74 16 65 65
1542_0073_0048_0101_0101.jpg 1 73 48 101 101
1543_0012_0019_0147_0147.jpg 1 12 19 147 147
1544_0058_0050_0087_0087.jpg 1 58 50 87 87
1545_0059_0040_0135_0135.jpg 1 59 40 135 135
1546_0105_0082_0054_0054.jpg 1 105 82 54 54
1547_0046_0070_0109_0109.jpg 1 46 70 109 109
1548_0124_0082_0026_0026.jpg 1 124 82 26 26
1549_0011_0012_0137_0137.jpg 1 11 12 137 137
1550_0013_0063_0139_0139.jpg 1 13 63 139 139
1551_0022_0045_0147_0147.jpg 1 22 45 147 147
1552_0040_0118_0031_0031.jpg 1 40 118 31 31
1553_0036_0069_0097_0097.jpg 1 36 69 97 97
1554_0141_0097_0040_0040.jpg 1 141 97 40 40
1555_0027_0009_0152_0152.jpg 1 27 9 152 152
1556_0070_0070_0126_0126.jpg 1 70 70 126 126
1557_0030_0037_0084_0084.jpg 1 30 37 84 84
1558_0022_0108_0033_0033.jpg 1 22 108 33 33
1559_0051_0072_0062_0062.jpg 1 51 72 62 62
1560_0093_0053_0078_0078.jpg 1 93 53 78 78
1561_0039_0081_0107_0107.jpg 1 39 81 107 107
1562_0052_0072_0127_0127.jpg 1 52 72 127 127
1563_0034_0078_0109_0109.jpg 1 34 78 109 109
1564_0014_0017_0153_0153.jpg 1 14 17 153 153
1565_0143_0114_0038_0038.jpg 1 143 114 38 38
1566_0016_0059_0094_0094.jpg 1 16 59 94 94
1567_0073_0067_0111_0111.jpg 1 73 67 111 111
1568_0069_0026_0042_0042.jpg 1 69 26 42 42
1569_0070_0073_0058_0058.jpg 1 70 73 58 58
1570_0028_0019_0081_0081.jpg 1 28 19 81 81
1571_0047_0019_0047_0047.jpg 1 47 19 47 47
1572_0080_0112_0030_0030.jpg 1 80 112 30 30
1573_0043_0046_0142_0142.jpg 1 43 46 142 142
1574_0036_0038_0141_0141.jpg 1 36 38 141 141
1575_0046_0008_0142_0142.jpg 1 46 8 142 142
1576_0093_0120_0025_0025.jpg 1 93 120 25 25
1577_0052_0050_0135_0135.jpg 1 52 50 135 135
1578_0040_0013_0152_0152.jpg 1 40 13 152 152
1579_0020_0053_0105_0105.jpg 1 20 53 105 105
1580_0104_0096_0088_0088.jpg 1 104 96 88 88
1581_0103_0105_0038_0038.jpg 1 103 105 38 38
1582_0011_0056_0115_0115.jpg 1 11 56 115 115
1583_0066_0105_0067_0067.jpg 1 66 105 67 67
1584_0070_0094_0070_0070.jpg 1 70 94 70 70
1585_0076_0087_0093_0093.jpg 1 76 87 93 93
1586_0042_0036_0048_0048.jpg 1 42 36 48 48
1587_0073_0092_0069_0069.jpg 1 73 92 69 69
1588_0053_0059_0120_0120.jpg 1 53 59 120 120
1589_0133_0063_0046_0046.jpg 1 133 63 46 46
1590_0125_0064_0046_0046.jpg 1 125 64 46 46
1591_0045_0042_0127_0127.jpg 1 45 42 127 127
1592_0039_0024_0118_0118.jpg 1 39 24 118 118
1593_0015_0024_0106_0106.jpg 1 15 24 106 106
1594_0090_0040_0078_0078.jpg 1 90 40 78 78
1595_0023_0067_0046_0046.jpg 1 23 67 46 46
1596_0049_0022_0123_0123.jpg 1 49 22 123 123
1597_0083_0037_0110_0110.jpg 1 83 37 110 110
1598_0010_0080_0117_0117.jpg 1 10 80 117 117
1599_0039_0031_0114_0114.jpg 1 39 31 114 114
1600_0035_0044_0084_0084.jpg 1 35 44 84 84
1601_0077_0079_0038_0038.jpg 1 77 79 38 38
1602_0124_0063_0030_0030.jpg 1 124 63 30 30
1603_0047_0039_0129_0129.jpg 1 47 39 129 129
1604_0037_0008_0154_0154.jpg 1 37 8 154 154
1605_0043_0050_0128_0128.jpg 1 43 50 128 128
1606_0091_0076_0105_0105.jpg 1 91 76 105 105
1607_0019_0042_0136_0136.jpg 1 19 42 136 136
1608_0014_0054_0154_0154.jpg 1 14 54 154 154
1609_0103_0026_0067_0067.jpg 1 103 26 67 67
1610_0115_0067_0076_0076.jpg 1 115 67 76 76
1611_0015_0043_0129_0129.jpg 1 15 43 129 129
1612_0047_0091_0048_0048.jpg 1 47 91 48 48
1613_0094_0021_0049_0049.jpg 1 94 21 49 49
1614_0091_0016_0075_0075.jpg 1 91 16 75 75
1615_0060_0025_0072_0072.jpg 1 60 25 72 72
1616_0049_0043_0133_0133.jpg 1 49 43 133 133
1617_0113_0131_0030_0030.jpg 1 113 131 30 30
1618_0022_0113_0082_0082.jpg 1 22 113 82 82
1619_0051_0095_0101_0101.jpg 1 51 95 101 101
1620_0056_0028_0128_0128.jpg 1 56 28 128 128
1621_0016_0064_0139_0139.jpg 1 16 64 139 139
1622_0041_0055_0138_0138.jpg 1 41 55 138 138
1623_0102_0104_0055_0055.jpg 1 102 104 55 55
1624_0028_0015_0091_0091.jpg 1 28 15 91 91
1625_0070_0023_0033_0033.jpg 1 70 23 33 33
1626_0070_0033_0063_0063.jpg 1 70 33 63 63
1627_0046_0040_0073_0073.jpg 1 46 40 73 73
1628_0043_0050_0081_0081.jpg 1 43 50 81 81
1629_0139_0056_0041_0041.jpg 1 139 56 41 41
1630_0050_0066_0122_0122.jpg 1 50 66 122 122
1631_0052_0024_0141_0141.jpg 1 52 24 141 141
1632_0070_0034_0087_0087.jpg 1 70 34 87 87
1633_0026_0027_0038_0038.jpg 1 26 27 38 38
1634_0102_0148_0024_0024.jpg 1 102 148 24 24
1635_0026_0056_0030_0030.jpg 1 26 56 30 30
1636_0040_0064_0137_0137.jpg 1 40 64 137 137
1637_0011_0062_0117_0117.jpg 1 11 62 117 117
1638_0027_0031_0127_0127.jpg 1 27 31 127 127
1639_0065_0072_0090_0090.jpg 1 65 72 90 90
1640_0050_0025_0118_0118.jpg 1 50 25 118 118
1641_0018_0055_0152_0152.jpg 1 18 55 152 152
1642_0072_0146_0039_0039.jpg 1 72 146 39 39
1643_0062_0008_0135_0135.jpg 1 62 8 135 135
1644_0032_0029_0150_0150.jpg 1 32 29 150 150
1645_0021_0009_0152_0152.jpg 1 21 9 152 152
1646_0050_0051_0096_0096.jpg 1 50 51 96 96
1647_0068_0032_0113_0113.jpg 1 68 32 113 113
1648_0099_0113_0036_0036.jpg 1 99 113 36 36
1649_0053_0014_0100_0100.jpg 1 53 14 100 100
1650_0039_0029_0108_0108.jpg 1 39 29 108 108
1651_0080_0117_0027_0027.jpg 1 80 117 27 27
1652_0035_0044_0083_0083.jpg 1 35 44 83 83
1653_0043_0029_0088_0088.jpg 1 43 29 88 88
1654_0021_0059_0034_0034.jpg 1 21 59 34 34
1655_0015_0046_0133_0133.jpg 1 15 46 133 133
1656_0059_0092_0087_0087.jpg 1 59 92 87 87
1657_0022_0149_0033_0033.jpg 1 22 149 33 33
1658_0045_0039_0133_0133.jpg 1 45 39 133 133
1659_0036_0052_0136_0136.jpg 1 36 52 136 136
1660_0037_0052_0148_0148.jpg 1 37 52 148 148
1661_0080_0079_0100_0100.jpg 1 80 79 100 100
1662_0048_0065_0128_0128.jpg 1 48 65 128 128
1663_0060_0019_0120_0120.jpg 1 60 19 120 120
1664_0066_0025_0105_0105.jpg 1 66 25 105 105
1665_0022_0028_0144_0144.jpg 1 22 28 144 144
1666_0036_0053_0120_0120.jpg 1 36 53 120 120
1667_0019_0077_0094_0094.jpg 1 19 77 94 94
1668_0076_0052_0026_0026.jpg 1 76 52 26 26
1669_0018_0045_0129_0129.jpg 1 18 45 129 129
1670_0070_0063_0026_0026.jpg 1 70 63 26 26
1671_0088_0069_0071_0071.jpg 1 88 69 71 71
1672_0024_0026_0073_0073.jpg 1 24 26 73 73
1673_0082_0079_0095_0095.jpg 1 82 79 95 95
1674_0092_0065_0106_0106.jpg 1 92 65 106 106
1675_0052_0011_0125_0125.jpg 1 52 11 125 125
1676_0044_0055_0101_0101.jpg 1 44 55 101 101
1677_0037_0139_0042_0042.jpg 1 37 139 42 42
1678_0088_0094_0073_0073.jpg 1 88 94 73 73
1679_0038_0100_0098_0098.jpg 1 38 100 98 98
1680_0030_0023_0149_0149.jpg 1 30 23 149 149
1681_0043_0033_0154_0154.jpg 1 43 33 154 154
1682_0016_0047_0156_0156.jpg 1 16 47 156 156
1683_0062_0022_0028_0028.jpg 1 62 22 28 28
1684_0020_0024_0146_0146.jpg 1 20 24 146 146
1685_0026_0011_0136_0136.jpg 1 26 11 136 136
1686_0034_0118_0031_0031.jpg 1 34 118 31 31
1687_0052_0072_0114_0114.jpg 1 52 72 114 114
1688_0090_0122_0052_0052.jpg 1 90 122 52 52
1689_0104_0097_0070_0070.jpg 1 104 97 70 70
1690_0124_0040_0051_0051.jpg 1 124 40 51 51
1691_0027_0083_0096_0096.jpg 1 27 83 96 96
1692_0116_0034_0044_0044.jpg 1 116 34 44 44
1693_0123_0035_0027_0027.jpg 1 123 35 27 27
1694_0043_0070_0127_0127.jpg 1 43 70 127 127
1695_0052_0075_0112_0112.jpg 1 52 75 112 112
1696_0017_0060_0138_0138.jpg 1 17 60 138 138
1697_0048_0068_0109_0109.jpg 1 48 68 109 109
1698_0035_0027_0154_0154.jpg 1 35 27 154 154
1699_0107_0065_0055_0055.jpg 1 107 65 55 55
1700_0020_0092_0024_0024.jpg 1 20 92 24 24
1701_0028_0029_0107_0107.jpg 1 28 29 107 107
1702_0046_0038_0094_0094.jpg 1 46 38 94 94
1703_0044_0072_0131_0131.jpg 1 44 72 131 131
1704_0097_0056_0068_0068.jpg 1 97 56 68 68
1705_0077_0043_0107_0107.jpg 1 77 43 107 107
1706_0054_0048_0102_0102.jpg 1 54 48 102 102
1707_0029_0092_0091_0091.jpg 1 29 92 91 91
1708_0057_0085_0100_0100.jpg 1 57 85 100 100
1709_0092_0106_0025_0025.jpg 1 92 106 25 25
1710_0058_0069_0074_0074.jpg 1 58 69 74 74
1711_0061_0082_0117_0117.jpg 1 61 82 117 117
1712_0104_0123_0065_0065.jpg 1 104 123 65 65
1713_0059_0144_0039_0039.jpg 1 59 144 39 39
1714_0078_0028_0115_0115.jpg 1 78 28 115 115
1715_0028_0052_0056_0056.jpg 1 28 52 56 56
1716_0068_0024_0054_0054.jpg 1 68 24 54 54
1717_0029_0070_0105_0105.jpg 1 29 70 105 105
1718_0095_0051_0046_0046.jpg 1 95 51 46 46
1719_0046_0060_0090_0090.jpg 1 46 60 90 90
1720_0027_0052_0142_0142.jpg 1 27 52 142 142
1721_0080_0081_0120_0120.jpg 1 80 81 120 120
1722_0072_0048_0073_0073.jpg 1 72 48 73 73
1723_0053_0038_0148_0148.jpg 1 53 38 148 148
1724_0048_0035_0070_0070.jpg 1 48 35 70 70
1725_0063_0077_0069_0069.jpg 1 63 77 69 69
1726_0084_0033_0104_0104.jpg 1 84 33 104 104
1727_0086_0146_0034_0034.jpg 1 86 146 34 34
1728_0110_0106_0064_0064.jpg 1 110 106 64 64
1729_0047_0136_0031_0031.jpg 1 47 136 31 31
1730_0013_0016_0144_0144.jpg 1 13 16 144 144
1731_0084_0100_0055_0055.jpg 1 84 100 55 55
1732_0078_0015_0092_0092.jpg 1 78 15 92 92
1733_0019_0033_0154_0154.jpg 1 19 33 154 154
1734_0049_0090_0096_0096.jpg 1 49 90 96 96
1735_0064_0049_0105_0105.jpg 1 64 49 105 105
1736_0082_0077_0114_0114.jpg 1 82 77 114 114
1737_0054_0034_0115_0115.jpg 1 54 34 115 115
1738_0020_0041_0128_0128.jpg 1 20 41 128 128
1739_0091_0034_0049_0049.jpg 1 91 34 49 49
1740_0038_0119_0070_0070.jpg 1 38 119 70 70
1741_0051_0051_0109_0109.jpg 1 51 51 109 109
1742_0023_0018_0097_0097.jpg 1 23 18 97 97
1743_0049_0014_0102_0102.jpg 1 49 14 102 102
1744_0063_0033_0143_0143.jpg 1 63 33 143 143
1745_0034_0078_0042_0042.jpg 1 34 78 42 42
1746_0040_0043_0150_0150.jpg 1 40 43 150 150
1747_0069_0123_0046_0046.jpg 1 69 123 46 46
1748_0111_0098_0067_0067.jpg 1 111 98 67 67
1749_0059_0055_0121_0121.jpg 1 59 55 121 121
1750_0023_0055_0111_0111.jpg 1 23 55 111 111
1751_0075_0063_0106_0106.jpg 1 75 63 106 106
1752_0046_0049_0036_0036.jpg 1 46 49 36 36
1753_0117_0128_0056_0056.jpg 1 117 128 56 56
1754_0008_0056_0141_0141.jpg 1 8 56 141 141
1755_0071_0031_0051_0051.jpg 1 71 31 51 51
1756_0078_0049_0051_0051.jpg 1 78 49 51 51
1757_0027_0091_0040_0040.jpg 1 27 91 40 40
1758_0025_0029_0108_0108.jpg 1 25 29 108 108
1759_0089_0014_0102_0102.jpg 1 89 14 102 102
1760_0035_0111_0050_0050.jpg 1 35 111 50 50
1761_0007_0042_0155_0155.jpg 1 7 42 155 155
1762_0029_0059_0127_0127.jpg 1 29 59 127 127
1763_0102_0068_0094_0094.jpg 1 102 68 94 94
1764_0020_0051_0114_0114.jpg 1 20 51 114 114
1765_0032_0056_0036_0036.jpg 1 32 56 36 36
1766_0055_0054_0114_0114.jpg 1 55 54 114 114
1767_0143_0053_0035_0035.jpg 1 143 53 35 35
1768_0090_0049_0066_0066.jpg 1 90 49 66 66
1769_0042_0017_0155_0155.jpg 1 42 17 155 155
1770_0023_0097_0076_0076.jpg 1 23 97 76 76
1771_0046_0037_0124_0124.jpg 1 46 37 124 124
1772_0042_0048_0079_0079.jpg 1 42 48 79 79
1773_0122_0122_0048_0048.jpg 1 122 122 48 48
1774_0044_0073_0106_0106.jpg 1 44 73 106 106
1775_0094_0123_0047_0047.jpg 1 94 123 47 47
1776_0060_0068_0121_0121.jpg 1 60 68 121 121
1777_0022_0023_0056_0056.jpg 1 22 23 56 56
1778_0043_0027_0143_0143.jpg 1 43 27 143 143
1779_0095_0027_0043_0043.jpg 1 95 27 43 43
1780_0069_0051_0106_0106.jpg 1 69 51 106 106
1781_0024_0040_0140_0140.jpg 1 24 40 140 140
1782_0026_0109_0078_0078.jpg 1 26 109 78 78
1783_0023_0066_0130_0130.jpg 1 23 66 130 130
1784_0105_0079_0037_0037.jpg 1 105 79 37 37
1785_0064_0093_0088_0088.jpg 1 64 93 88 88
1786_0033_0086_0039_0039.jpg 1 33 86 39 39
1787_0054_0015_0104_0104.jpg 1 54 15 104 104
1788_0096_0062_0093_0093.jpg 1 96 62 93 93
1789_0039_0039_0141_0141.jpg 1 39 39 141 141
1790_0027_0077_0084_0084.jpg 1 27 77 84 84
1791_0029_0081_0053_0053.jpg 1 29 81 53 53
1792_0042_0016_0143_0143.jpg 1 42 16 143 143
1793_0089_0065_0072_0072.jpg 1 89 65 72 72
1794_0128_0074_0040_0040.jpg 1 128 74 40 40
1795_0064_0021_0111_0111.jpg 1 64 21 111 111
1796_0043_0027_0151_0151.jpg 1 43 27 151 151
1797_0047_0020_0121_0121.jpg 1 47 20 121 121
1798_0012_0059_0133_0133.jpg 1 12 59 133 133
1799_0040_0055_0025_0025.jpg 1 40 55 25 25
1800_0066_0096_0068_0068.jpg 1 66 96 68 68
