0001_0024_0024_0130_0130.jpg 1 24 24 130 130
0002_0028_0079_0077_0077.jpg 1 28 79 77 77
0003_0048_0028_0104_0104.jpg 1 48 28 104 104
0004_0031_0015_0122_0122.jpg 1 31 15 122 122
0005_0034_0068_0099_0099.jpg 1 34 68 99 99
0006_0081_0015_0092_0092.jpg 1 81 15 92 92
0007_0028_0055_0144_0144.jpg 1 28 55 144 144
0008_0010_0023_0135_0135.jpg 1 10 23 135 135
0009_0029_0033_0121_0121.jpg 1 29 33 121 121
0010_0029_0019_0141_0141.jpg 1 29 19 141 141
0011_0025_0120_0070_0070.jpg 1 25 120 70 70
0012_0093_0103_0057_0057.jpg 1 93 103 57 57
0013_0068_0079_0107_0107.jpg 1 68 79 107 107
0014_0015_0038_0086_0086.jpg 1 15 38 86 86
0015_0029_0016_0091_0091.jpg 1 29 16 91 91
0016_0072_0014_0100_0100.jpg 1 72 14 100 100
0017_0146_0113_0038_0038.jpg 1 146 113 38 38
0018_0067_0050_0097_0097.jpg 1 67 50 97 97
0019_0014_0043_0125_0125.jpg 1 14 43 125 125
0020_0093_0150_0028_0028.jpg 1 93 150 28 28
0021_0084_0113_0026_0026.jpg 1 84 113 26 26
0022_0034_0025_0126_0126.jpg 1 34 25 126 126
0023_0027_0089_0069_0069.jpg 1 27 89 69 69
0024_0052_0041_0132_0132.jpg 1 52 41 132 132
0025_0048_0033_0146_0146.jpg 1 48 33 146 146
0026_0094_0055_0038_0038.jpg 1 94 55 38 38
0027_0035_0051_0145_0145.jpg 1 35 51 145 145
0028_0150_0043_0032_0032.jpg 1 150 43 32 32
0029_0073_0091_0079_0079.jpg 1 73 91 79 79
0030_0086_0117_0048_0048.jpg 1 86 117 48 48
0031_0063_0063_0101_0101.jpg 1 63 63 101 101
0032_0054_0071_0025_0025.jpg 1 54 71 25 25
0033_0120_0044_0032_0032.jpg 1 120 44 32 32
0034_0038_0069_0087_0087.jpg 1 38 69 87 87
0035_0019_0119_0067_0067.jpg 1 19 119 67 67
0036_0045_0037_0083_0083.jpg 1 45 37 83 83
0037_0026_0012_0148_0148.jpg 1 26 12 148 148
0038_0026_0076_0065_0065.jpg 1 26 76 65 65
0039_0052_0028_0146_0146.jpg 1 52 28 146 146
0040_0018_0098_0076_0076.jpg 1 18 98 76 76
0041_0106_0059_0080_0080.jpg 1 106 59 80 80
0042_0087_0094_0045_0045.jpg 1 87 94 45 45
0043_0087_0079_0086_0086.jpg 1 87 79 86 86
0044_0089_0091_0100_0100.jpg 1 89 91 100 100
0045_0074_0062_0030_0030.jpg 1 74 62 30 30
0046_0008_0013_0140_0140.jpg 1 8 13 140 140
0047_0058_0047_0141_0141.jpg 1 58 47 141 141
0048_0011_0031_0138_0138.jpg 1 11 31 138 138
0049_0084_0052_0103_0103.jpg 1 84 52 103 103
0050_0038_0041_0122_0122.jpg 1 38 41 122 122
0051_0061_0069_0121_0121.jpg 1 61 69 121 121
0052_0092_0046_0085_0085.jpg 1 92 46 85 85
0053_0089_0087_0095_0095.jpg 1 89 87 95 95
0054_0114_0080_0071_0071.jpg 1 114 80 71 71
0055_0026_0050_0139_0139.jpg 1 26 50 139 139
0056_0065_0026_0038_0038.jpg 1 65 26 38 38
0057_0013_0032_0151_0151.jpg 1 13 32 151 151
0058_0042_0017_0073_0073.jpg 1 42 17 73 73
0059_0052_0059_0076_0076.jpg 1 52 59 76 76
0060_0030_0045_0102_0102.jpg 1 30 45 102 102
0061_0042_0023_0045_0045.jpg 1 42 23 45 45
0062_0025_0022_0126_0126.jpg 1 25 22 126 126
0063_0045_0032_0151_0151.jpg 1 45 32 151 151
0064_0098_0069_0083_0083.jpg 1 98 69 83 83
0065_0038_0113_0051_0051.jpg 1 38 113 51 51
0066_0025_0067_0099_0099.jpg 1 25 67 99 99
0067_0042_0028_0030_0030.jpg 1 42 28 30 30
0068_0057_0127_0026_0026.jpg 1 57 127 26 26
0069_0060_0015_0139_0139.jpg 1 60 15 139 139
0070_0023_0090_0094_0094.jpg 1 23 90 94 94
0071_0059_0044_0145_0145.jpg 1 59 44 145 145
0072_0105_0048_0057_0057.jpg 1 105 48 57 57
0073_0037_0030_0085_0085.jpg 1 37 30 85 85
0074_0042_0097_0096_0096.jpg 1 42 97 96 96
0075_0126_0042_0045_0045.jpg 1 126 42 45 45
0076_0081_0061_0071_0071.jpg 1 81 61 71 71
0077_0081_0051_0090_0090.jpg 1 81 51 90 90
0078_0029_0022_0095_0095.jpg 1 29 22 95 95
0079_0059_0023_0100_0100.jpg 1 59 23 100 100
0080_0078_0044_0038_0038.jpg 1 78 44 38 38
0081_0108_0069_0087_0087.jpg 1 108 69 87 87
0082_0057_0034_0073_0073.jpg 1 57 34 73 73
0083_0042_0052_0148_0148.jpg 1 42 52 148 148
0084_0128_0044_0048_0048.jpg 1 128 44 48 48
0085_0032_0136_0051_0051.jpg 1 32 136 51 51
0086_0018_0041_0144_0144.jpg 1 18 41 144 144
0087_0123_0123_0059_0059.jpg 1 123 123 59 59
0088_0053_0064_0143_0143.jpg 1 53 64 143 143
0089_0019_0012_0151_0151.jpg 1 19 12 151 151
0090_0099_0047_0057_0057.jpg 1 99 47 57 57
0091_0094_0120_0052_0052.jpg 1 94 120 52 52
0092_0027_0048_0066_0066.jpg 1 27 48 66 66
0093_0081_0018_0095_0095.jpg 1 81 18 95 95
0094_0028_0069_0080_0080.jpg 1 28 69 80 80
0095_0138_0125_0051_0051.jpg 1 138 125 51 51
0096_0044_0050_0109_0109.jpg 1 44 50 109 109
0097_0065_0082_0086_0086.jpg 1 65 82 86 86
0098_0099_0033_0060_0060.jpg 1 99 33 60 60
0099_0006_0042_0155_0155.jpg 1 6 42 155 155
0100_0040_0063_0105_0105.jpg 1 40 63 105 105
0101_0034_0042_0083_0083.jpg 1 34 42 83 83
0102_0021_0042_0138_0138.jpg 1 21 42 138 138
0103_0043_0037_0156_0156.jpg 1 43 37 156 156
0104_0077_0036_0101_0101.jpg 1 77 36 101 101
0105_0085_0028_0116_0116.jpg 1 85 28 116 116
0106_0016_0023_0108_0108.jpg 1 16 23 108 108
0107_0035_0030_0142_0142.jpg 1 35 30 142 142
0108_0058_0149_0034_0034.jpg 1 58 149 34 34
0109_0027_0051_0051_0051.jpg 1 27 51 51 51
0110_0040_0083_0094_0094.jpg 1 40 83 94 94
0111_0123_0054_0047_0047.jpg 1 123 54 47 47
0112_0050_0052_0105_0105.jpg 1 50 52 105 105
0113_0055_0045_0111_0111.jpg 1 55 45 111 111
0114_0060_0037_0137_0137.jpg 1 60 37 137 137
0115_0103_0050_0057_0057.jpg 1 103 50 57 57
0116_0110_0138_0041_0041.jpg 1 110 138 41 41
0117_0020_0073_0094_0094.jpg 1 20 73 94 94
0118_0027_0046_0125_0125.jpg 1 27 46 125 125
0119_0121_0083_0043_0043.jpg 1 121 83 43 43
0120_0051_0011_0113_0113.jpg 1 51 11 113 113
0121_0104_0133_0042_0042.jpg 1 104 133 42 42
0122_0036_0038_0155_0155.jpg 1 36 38 155 155
0123_0056_0053_0054_0054.jpg 1 56 53 54 54
0124_0043_0085_0114_0114.jpg 1 43 85 114 114
0125_0028_0033_0145_0145.jpg 1 28 33 145 145
0126_0070_0059_0118_0118.jpg 1 70 59 118 118
0127_0026_0122_0060_0060.jpg 1 26 122 60 60
0128_0020_0106_0064_0064.jpg 1 20 106 64 64
0129_0068_0057_0076_0076.jpg 1 68 57 76 76
0130_0016_0086_0064_0064.jpg 1 16 86 64 64
0131_0065_0097_0092_0092.jpg 1 65 97 92 92
0132_0086_0119_0047_0047.jpg 1 86 119 47 47
0133_0122_0156_0024_0024.jpg 1 122 156 24 24
0134_0067_0063_0137_0137.jpg 1 67 63 137 137
0135_0033_0085_0109_0109.jpg 1 33 85 109 109
0136_0044_0051_0053_0053.jpg 1 44 51 53 53
0137_0054_0049_0095_0095.jpg 1 54 49 95 95
0138_0027_0097_0056_0056.jpg 1 27 97 56 56
0139_0063_0073_0073_0073.jpg 1 63 73 73 73
0140_0054_0066_0134_0134.jpg 1 54 66 134 134
0141_0026_0055_0107_0107.jpg 1 26 55 107 107
0142_0063_0065_0026_0026.jpg 1 63 65 26 26
0143_0053_0024_0103_0103.jpg 1 53 24 103 103
0144_0036_0015_0151_0151.jpg 1 36 15 151 151
0145_0045_0050_0147_0147.jpg 1 45 50 147 147
0146_0059_0026_0097_0097.jpg 1 59 26 97 97
0147_0091_0104_0072_0072.jpg 1 91 104 72 72
0148_0045_0057_0057_0057.jpg 1 45 57 57 57
0149_0134_0118_0054_0054.jpg 1 134 118 54 54
0150_0016_0017_0112_0112.jpg 1 16 17 112 112
0151_0092_0036_0080_0080.jpg 1 92 36 80 80
0152_0052_0022_0140_0140.jpg 1 52 22 140 140
0153_0105_0025_0045_0045.jpg 1 105 25 45 45
0154_0071_0038_0072_0072.jpg 1 71 38 72 72
0155_0041_0026_0064_0064.jpg 1 41 26 64 64
0156_0011_0068_0133_0133.jpg 1 11 68 133 133
0157_0078_0022_0125_0125.jpg 1 78 22 125 125
0158_0030_0022_0144_0144.jpg 1 30 22 144 144
0159_0058_0047_0051_0051.jpg 1 58 47 51 51
0160_0048_0035_0096_0096.jpg 1 48 35 96 96
0161_0037_0050_0144_0144.jpg 1 37 50 144 144
0162_0083_0022_0091_0091.jpg 1 83 22 91 91
0163_0076_0056_0094_0094.jpg 1 76 56 94 94
0164_0054_0057_0142_0142.jpg 1 54 57 142 142
0165_0027_0056_0153_0153.jpg 1 27 56 153 153
0166_0067_0032_0072_0072.jpg 1 67 32 72 72
0167_0075_0078_0103_0103.jpg 1 75 78 103 103
0168_0033_0078_0118_0118.jpg 1 33 78 118 118
0169_0029_0058_0086_0086.jpg 1 29 58 86 86
0170_0012_0091_0110_0110.jpg 1 12 91 110 110
0171_0058_0016_0074_0074.jpg 1 58 16 74 74
0172_0052_0007_0147_0147.jpg 1 52 7 147 147
0173_0064_0099_0074_0074.jpg 1 64 99 74 74
0174_0109_0088_0082_0082.jpg 1 109 88 82 82
0175_0073_0021_0096_0096.jpg 1 73 21 96 96
0176_0049_0094_0083_0083.jpg 1 49 94 83 83
0177_0040_0095_0046_0046.jpg 1 40 95 46 46
0178_0041_0037_0145_0145.jpg 1 41 37 145 145
0179_0034_0055_0136_0136.jpg 1 34 55 136 136
0180_0032_0038_0149_0149.jpg 1 32 38 149 149
0181_0070_0027_0125_0125.jpg 1 70 27 125 125
0182_0034_0070_0120_0120.jpg 1 34 70 120 120
0183_0020_0062_0073_0073.jpg 1 20 62 73 73
0184_0018_0133_0052_0052.jpg 1 18 133 52 52
0185_0010_0054_0129_0129.jpg 1 10 54 129 129
0186_0052_0046_0141_0141.jpg 1 52 46 141 141
0187_0059_0016_0137_0137.jpg 1 59 16 137 137
0188_0082_0060_0102_0102.jpg 1 82 60 102 102
0189_0047_0047_0118_0118.jpg 1 47 47 118 118
0190_0090_0046_0110_0110.jpg 1 90 46 110 110
0191_0013_0011_0155_0155.jpg 1 13 11 155 155
0192_0127_0078_0065_0065.jpg 1 127 78 65 65
0193_0113_0024_0080_0080.jpg 1 113 24 80 80
0194_0071_0071_0123_0123.jpg 1 71 71 123 123
0195_0045_0119_0045_0045.jpg 1 45 119 45 45
0196_0093_0087_0099_0099.jpg 1 93 87 99 99
0197_0050_0013_0147_0147.jpg 1 50 13 147 147
0198_0090_0055_0047_0047.jpg 1 90 55 47 47
0199_0070_0057_0062_0062.jpg 1 70 57 62 62
0200_0018_0040_0156_0156.jpg 1 18 40 156 156
0201_0057_0103_0071_0071.jpg 1 57 103 71 71
0202_0061_0098_0055_0055.jpg 1 61 98 55 55
0203_0086_0098_0077_0077.jpg 1 86 98 77 77
0204_0055_0048_0128_0128.jpg 1 55 48 128 128
0205_0133_0081_0040_0040.jpg 1 133 81 40 40
0206_0104_0069_0073_0073.jpg 1 104 69 73 73
0207_0093_0020_0089_0089.jpg 1 93 20 89 89
0208_0050_0070_0113_0113.jpg 1 50 70 113 113
0209_0051_0014_0124_0124.jpg 1 51 14 124 124
0210_0072_0085_0024_0024.jpg 1 72 85 24 24
0211_0063_0050_0058_0058.jpg 1 63 50 58 58
0212_0011_0045_0147_0147.jpg 1 11 45 147 147
0213_0023_0077_0051_0051.jpg 1 23 77 51 51
0214_0034_0089_0051_0051.jpg 1 34 89 51 51
0215_0030_0033_0153_0153.jpg 1 30 33 153 153
0216_0021_0055_0037_0037.jpg 1 21 55 37 37
0217_0037_0034_0028_0028.jpg 1 37 34 28 28
0218_0025_0049_0131_0131.jpg 1 25 49 131 131
0219_0034_0021_0121_0121.jpg 1 34 21 121 121
0220_0060_0025_0141_0141.jpg 1 60 25 141 141
0221_0080_0098_0049_0049.jpg 1 80 98 49 49
0222_0051_0032_0103_0103.jpg 1 51 32 103 103
0223_0040_0029_0152_0152.jpg 1 40 29 152 152
0224_0038_0037_0027_0027.jpg 1 38 37 27 27
0225_0051_0121_0049_0049.jpg 1 51 121 49 49
0226_0045_0095_0036_0036.jpg 1 45 95 36 36
0227_0064_0036_0073_0073.jpg 1 64 36 73 73
0228_0027_0067_0120_0120.jpg 1 27 67 120 120
0229_0043_0041_0132_0132.jpg 1 43 41 132 132
0230_0074_0034_0043_0043.jpg 1 74 34 43 43
0231_0126_0084_0042_0042.jpg 1 126 84 42 42
0232_0120_0029_0056_0056.jpg 1 120 29 56 56
0233_0025_0041_0103_0103.jpg 1 25 41 103 103
0234_0014_0028_0144_0144.jpg 1 14 28 144 144
0235_0082_0108_0060_0060.jpg 1 82 108 60 60
0236_0020_0062_0138_0138.jpg 1 20 62 138 138
0237_0021_0048_0115_0115.jpg 1 21 48 115 115
0238_0028_0057_0085_0085.jpg 1 28 57 85 85
0239_0080_0058_0045_0045.jpg 1 80 58 45 45
0240_0093_0097_0092_0092.jpg 1 93 97 92 92
0241_0021_0136_0035_0035.jpg 1 21 136 35 35
0242_0084_0096_0072_0072.jpg 1 84 96 72 72
0243_0026_0032_0155_0155.jpg 1 26 32 155 155
0244_0060_0068_0064_0064.jpg 1 60 68 64 64
0245_0084_0056_0056_0056.jpg 1 84 56 56 56
0246_0142_0103_0046_0046.jpg 1 142 103 46 46
0247_0057_0025_0066_0066.jpg 1 57 25 66 66
0248_0035_0055_0148_0148.jpg 1 35 55 148 148
0249_0012_0011_0155_0155.jpg 1 12 11 155 155
0250_0057_0133_0034_0034.jpg 1 57 133 34 34
0251_0061_0041_0100_0100.jpg 1 61 41 100 100
0252_0050_0050_0140_0140.jpg 1 50 50 140 140
0253_0065_0019_0052_0052.jpg 1 65 19 52 52
0254_0020_0101_0060_0060.jpg 1 20 101 60 60
0255_0048_0105_0052_0052.jpg 1 48 105 52 52
0256_0100_0043_0093_0093.jpg 1 100 43 93 93
0257_0111_0069_0061_0061.jpg 1 111 69 61 61
0258_0017_0060_0144_0144.jpg 1 17 60 144 144
0259_0009_0030_0143_0143.jpg 1 9 30 143 143
0260_0022_0028_0103_0103.jpg 1 22 28 103 103
0261_0063_0078_0044_0044.jpg 1 63 78 44 44
0262_0041_0110_0066_0066.jpg 1 41 110 66 66
0263_0123_0087_0035_0035.jpg 1 123 87 35 35
0264_0046_0024_0087_0087.jpg 1 46 24 87 87
0265_0021_0091_0040_0040.jpg 1 21 91 40 40
0266_0120_0133_0052_0052.jpg 1 120 133 52 52
0267_0047_0016_0133_0133.jpg 1 47 16 133 133
0268_0093_0028_0090_0090.jpg 1 93 28 90 90
0269_0067_0034_0028_0028.jpg 1 67 34 28 28
0270_0041_0075_0098_0098.jpg 1 41 75 98 98
0271_0103_0037_0033_0033.jpg 1 103 37 33 33
0272_0014_0021_0132_0132.jpg 1 14 21 132 132
0273_0118_0066_0039_0039.jpg 1 118 66 39 39
0274_0031_0054_0145_0145.jpg 1 31 54 145 145
0275_0074_0056_0097_0097.jpg 1 74 56 97 97
0276_0138_0033_0030_0030.jpg 1 138 33 30 30
0277_0017_0093_0086_0086.jpg 1 17 93 86 86
0278_0068_0009_0137_0137.jpg 1 68 9 137 137
0279_0026_0073_0099_0099.jpg 1 26 73 99 99
0280_0034_0033_0034_0034.jpg 1 34 33 34 34
0281_0014_0092_0102_0102.jpg 1 14 92 102 102
0282_0030_0098_0088_0088.jpg 1 30 98 88 88
0283_0014_0033_0116_0116.jpg 1 14 33 116 116
0284_0012_0068_0136_0136.jpg 1 12 68 136 136
0285_0069_0099_0059_0059.jpg 1 69 99 59 59
0286_0060_0030_0080_0080.jpg 1 60 30 80 80
0287_0062_0030_0134_0134.jpg 1 62 30 134 134
0288_0039_0069_0057_0057.jpg 1 39 69 57 57
0289_0019_0033_0142_0142.jpg 1 19 33 142 142
0290_0051_0043_0030_0030.jpg 1 51 43 30 30
0291_0032_0134_0056_0056.jpg 1 32 134 56 56
0292_0065_0113_0058_0058.jpg 1 65 113 58 58
0293_0097_0051_0095_0095.jpg 1 97 51 95 95
0294_0058_0054_0122_0122.jpg 1 58 54 122 122
0295_0129_0037_0025_0025.jpg 1 129 37 25 25
0296_0040_0042_0147_0147.jpg 1 40 42 147 147
0297_0073_0060_0098_0098.jpg 1 73 60 98 98
0298_0052_0057_0109_0109.jpg 1 52 57 109 109
0299_0033_0058_0150_0150.jpg 1 33 58 150 150
0300_0058_0106_0073_0073.jpg 1 58 106 73 73
0301_0047_0052_0132_0132.jpg 1 47 52 132 132
0302_0045_0141_0025_0025.jpg 1 45 141 25 25
0303_0054_0127_0031_0031.jpg 1 54 127 31 31
0304_0042_0123_0035_0035.jpg 1 42 123 35 35
0305_0135_0077_0037_0037.jpg 1 135 77 37 37
0306_0051_0052_0109_0109.jpg 1 51 52 109 109
0307_0130_0096_0036_0036.jpg 1 130 96 36 36
0308_0027_0077_0078_0078.jpg 1 27 77 78 78
0309_0095_0111_0050_0050.jpg 1 95 111 50 50
0310_0109_0059_0079_0079.jpg 1 109 59 79 79
0311_0072_0061_0062_0062.jpg 1 72 61 62 62
0312_0062_0054_0137_0137.jpg 1 62 54 137 137
0313_0077_0082_0099_0099.jpg 1 77 82 99 99
0314_0050_0038_0141_0141.jpg 1 50 38 141 141
0315_0056_0020_0078_0078.jpg 1 56 20 78 78
0316_0062_0028_0059_0059.jpg 1 62 28 59 59
0317_0102_0030_0073_0073.jpg 1 102 30 73 73
0318_0016_0054_0146_0146.jpg 1 16 54 146 146
0319_0110_0097_0080_0080.jpg 1 110 97 80 80
0320_0083_0028_0090_0090.jpg 1 83 28 90 90
0321_0036_0051_0141_0141.jpg 1 36 51 141 141
0322_0082_0097_0095_0095.jpg 1 82 97 95 95
0323_0062_0051_0122_0122.jpg 1 62 51 122 122
0324_0054_0036_0129_0129.jpg 1 54 36 129 129
0325_0078_0089_0085_0085.jpg 1 78 89 85 85
0326_0088_0054_0050_0050.jpg 1 88 54 50 50
0327_0122_0057_0031_0031.jpg 1 122 57 31 31
0328_0123_0066_0043_0043.jpg 1 123 66 43 43
0329_0071_0105_0061_0061.jpg 1 71 105 61 61
0330_0139_0046_0044_0044.jpg 1 139 46 44 44
0331_0055_0112_0045_0045.jpg 1 55 112 45 45
0332_0024_0016_0119_0119.jpg 1 24 16 119 119
0333_0024_0018_0151_0151.jpg 1 24 18 151 151
0334_0068_0110_0027_0027.jpg 1 68 110 27 27
0335_0066_0019_0121_0121.jpg 1 66 19 121 121
0336_0080_0074_0123_0123.jpg 1 80 74 123 123
0337_0023_0063_0142_0142.jpg 1 23 63 142 142
0338_0046_0026_0110_0110.jpg 1 46 26 110 110
0339_0018_0034_0103_0103.jpg 1 18 34 103 103
0340_0013_0053_0139_0139.jpg 1 13 53 139 139
0341_0066_0122_0038_0038.jpg 1 66 122 38 38
0342_0026_0059_0143_0143.jpg 1 26 59 143 143
0343_0049_0043_0078_0078.jpg 1 49 43 78 78
0344_0020_0015_0146_0146.jpg 1 20 15 146 146
0345_0109_0025_0069_0069.jpg 1 109 25 69 69
0346_0061_0030_0127_0127.jpg 1 61 30 127 127
0347_0057_0058_0100_0100.jpg 1 57 58 100 100
0348_0072_0046_0070_0070.jpg 1 72 46 70 70
0349_0056_0059_0025_0025.jpg 1 56 59 25 25
0350_0078_0092_0075_0075.jpg 1 78 92 75 75
0351_0041_0089_0080_0080.jpg 1 41 89 80 80
0352_0091_0029_0101_0101.jpg 1 91 29 101 101
0353_0097_0074_0101_0101.jpg 1 97 74 101 101
0354_0031_0030_0130_0130.jpg 1 31 30 130 130
0355_0066_0059_0137_0137.jpg 1 66 59 137 137
0356_0031_0033_0126_0126.jpg 1 31 33 126 126
0357_0093_0028_0054_0054.jpg 1 93 28 54 54
0358_0028_0023_0144_0144.jpg 1 28 23 144 144
0359_0104_0031_0053_0053.jpg 1 104 31 53 53
0360_0074_0105_0069_0069.jpg 1 74 105 69 69
0361_0012_0058_0118_0118.jpg 1 12 58 118 118
0362_0046_0065_0026_0026.jpg 1 46 65 26 26
0363_0039_0039_0129_0129.jpg 1 39 39 129 129
0364_0008_0035_0154_0154.jpg 1 8 35 154 154
0365_0126_0076_0024_0024.jpg 1 126 76 24 24
0366_0079_0026_0078_0078.jpg 1 79 26 78 78
0367_0018_0077_0074_0074.jpg 1 18 77 74 74
0368_0067_0063_0061_0061.jpg 1 67 63 61 61
0369_0032_0033_0149_0149.jpg 1 32 33 149 149
0370_0111_0085_0046_0046.jpg 1 111 85 46 46
0371_0060_0061_0062_0062.jpg 1 60 61 62 62
0372_0124_0062_0043_0043.jpg 1 124 62 43 43
0373_0019_0019_0146_0146.jpg 1 19 19 146 146
0374_0075_0020_0057_0057.jpg 1 75 20 57 57
0375_0145_0065_0039_0039.jpg 1 145 65 39 39
0376_0030_0069_0049_0049.jpg 1 30 69 49 49
0377_0029_0016_0151_0151.jpg 1 29 16 151 151
0378_0053_0054_0126_0126.jpg 1 53 54 126 126
0379_0100_0105_0066_0066.jpg 1 100 105 66 66
0380_0109_0043_0081_0081.jpg 1 109 43 81 81
0381_0101_0014_0092_0092.jpg 1 101 14 92 92
0382_0040_0051_0143_0143.jpg 1 40 51 143 143
0383_0072_0040_0108_0108.jpg 1 72 40 108 108
0384_0089_0025_0107_0107.jpg 1 89 25 107 107
0385_0071_0091_0080_0080.jpg 1 71 91 80 80
0386_0015_0040_0151_0151.jpg 1 15 40 151 151
0387_0020_0071_0128_0128.jpg 1 20 71 128 128
0388_0051_0062_0122_0122.jpg 1 51 62 122 122
0389_0026_0089_0097_0097.jpg 1 26 89 97 97
0390_0056_0023_0096_0096.jpg 1 56 23 96 96
0391_0086_0087_0101_0101.jpg 1 86 87 101 101
0392_0014_0040_0146_0146.jpg 1 14 40 146 146
0393_0016_0023_0156_0156.jpg 1 16 23 156 156
0394_0017_0035_0144_0144.jpg 1 17 35 144 144
0395_0089_0043_0027_0027.jpg 1 89 43 27 27
0396_0060_0025_0100_0100.jpg 1 60 25 100 100
0397_0076_0100_0053_0053.jpg 1 76 100 53 53
0398_0059_0017_0084_0084.jpg 1 59 17 84 84
0399_0128_0027_0033_0033.jpg 1 128 27 33 33
0400_0051_0042_0155_0155.jpg 1 51 42 155 155
0401_0058_0009_0135_0135.jpg 1 58 9 135 135
0402_0057_0053_0134_0134.jpg 1 57 53 134 134
0403_0023_0101_0096_0096.jpg 1 23 101 96 96
0404_0033_0072_0089_0089.jpg 1 33 72 89 89
0405_0053_0017_0049_0049.jpg 1 53 17 49 49
0406_0096_0043_0050_0050.jpg 1 96 43 50 50
0407_0033_0117_0070_0070.jpg 1 33 117 70 70
0408_0030_0019_0148_0148.jpg 1 30 19 148 148
0409_0087_0141_0032_0032.jpg 1 87 141 32 32
0410_0052_0096_0033_0033.jpg 1 52 96 33 33
0411_0083_0068_0054_0054.jpg 1 83 68 54 54
0412_0107_0043_0062_0062.jpg 1 107 43 62 62
0413_0054_0051_0110_0110.jpg 1 54 51 110 110
0414_0026_0037_0122_0122.jpg 1 26 37 122 122
0415_0098_0041_0095_0095.jpg 1 98 41 95 95
0416_0051_0107_0074_0074.jpg 1 51 107 74 74
0417_0108_0019_0052_0052.jpg 1 108 19 52 52
0418_0069_0052_0121_0121.jpg 1 69 52 121 121
0419_0111_0109_0078_0078.jpg 1 111 109 78 78
0420_0042_0054_0106_0106.jpg 1 42 54 106 106
0421_0100_0091_0071_0071.jpg 1 100 91 71 71
0422_0152_0107_0031_0031.jpg 1 152 107 31 31
0423_0029_0095_0070_0070.jpg 1 29 95 70 70
0424_0045_0100_0084_0084.jpg 1 45 100 84 84
0425_0035_0092_0071_0071.jpg 1 35 92 71 71
0426_0040_0079_0039_0039.jpg 1 40 79 39 39
0427_0031_0017_0095_0095.jpg 1 31 17 95 95
0428_0038_0054_0083_0083.jpg 1 38 54 83 83
0429_0023_0045_0106_0106.jpg 1 23 45 106 106
0430_0041_0150_0033_0033.jpg 1 41 150 33 33
0431_0032_0028_0141_0141.jpg 1 32 28 141 141
0432_0036_0023_0142_0142.jpg 1 36 23 142 142
0433_0107_0024_0025_0025.jpg 1 107 24 25 25
0434_0061_0135_0055_0055.jpg 1 61 135 55 55
0435_0012_0018_0145_0145.jpg 1 12 18 145 145
0436_0069_0063_0128_0128.jpg 1 69 63 128 128
0437_0024_0123_0070_0070.jpg 1 24 123 70 70
0438_0016_0056_0109_0109.jpg 1 16 56 109 109
0439_0031_0130_0030_0030.jpg 1 31 130 30 30
0440_0150_0104_0029_0029.jpg 1 150 104 29 29
0441_0091_0020_0053_0053.jpg 1 91 20 53 53
0442_0117_0119_0039_0039.jpg 1 117 119 39 39
0443_0011_0017_0135_0135.jpg 1 11 17 135 135
0444_0044_0047_0143_0143.jpg 1 44 47 143 143
0445_0090_0056_0088_0088.jpg 1 90 56 88 88
0446_0049_0084_0099_0099.jpg 1 49 84 99 99
0447_0130_0084_0025_0025.jpg 1 130 84 25 25
0448_0022_0012_0129_0129.jpg 1 22 12 129 129
0449_0064_0043_0060_0060.jpg 1 64 43 60 60
0450_0064_0016_0120_0120.jpg 1 64 16 120 120
0451_0021_0010_0131_0131.jpg 1 21 10 131 131
0452_0050_0064_0117_0117.jpg 1 50 64 117 117
0453_0064_0016_0085_0085.jpg 1 64 16 85 85
0454_0079_0029_0093_0093.jpg 1 79 29 93 93
0455_0022_0039_0155_0155.jpg 1 22 39 155 155
0456_0089_0087_0027_0027.jpg 1 89 87 27 27
0457_0120_0092_0047_0047.jpg 1 120 92 47 47
0458_0055_0063_0081_0081.jpg 1 55 63 81 81
0459_0042_0095_0025_0025.jpg 1 42 95 25 25
0460_0024_0049_0137_0137.jpg 1 24 49 137 137
0461_0014_0036_0148_0148.jpg 1 14 36 148 148
0462_0073_0084_0064_0064.jpg 1 73 84 64 64
0463_0061_0110_0078_0078.jpg 1 61 110 78 78
0464_0094_0061_0032_0032.jpg 1 94 61 32 32
0465_0015_0032_0140_0140.jpg 1 15 32 140 140
0466_0049_0045_0147_0147.jpg 1 49 45 147 147
0467_0077_0080_0033_0033.jpg 1 77 80 33 33
0468_0053_0013_0147_0147.jpg 1 53 13 147 147
0469_0020_0072_0129_0129.jpg 1 20 72 129 129
0470_0033_0013_0153_0153.jpg 1 33 13 153 153
0471_0083_0134_0033_0033.jpg 1 83 134 33 33
0472_0029_0052_0070_0070.jpg 1 29 52 70 70
0473_0024_0056_0054_0054.jpg 1 24 56 54 54
0474_0032_0093_0080_0080.jpg 1 32 93 80 80
0475_0067_0083_0049_0049.jpg 1 67 83 49 49
0476_0023_0013_0136_0136.jpg 1 23 13 136 136
0477_0075_0059_0078_0078.jpg 1 75 59 78 78
0478_0027_0063_0129_0129.jpg 1 27 63 129 129
0479_0068_0105_0068_0068.jpg 1 68 105 68 68
0480_0068_0015_0138_0138.jpg 1 68 15 138 138
0481_0064_0067_0136_0136.jpg 1 64 67 136 136
0482_0051_0053_0150_0150.jpg 1 51 53 150 150
0483_0027_0042_0068_0068.jpg 1 27 42 68 68
0484_0117_0061_0039_0039.jpg 1 117 61 39 39
0485_0035_0062_0117_0117.jpg 1 35 62 117 117
0486_0026_0103_0030_0030.jpg 1 26 103 30 30
0487_0057_0054_0139_0139.jpg 1 57 54 139 139
0488_0080_0040_0101_0101.jpg 1 80 40 101 101
0489_0042_0085_0083_0083.jpg 1 42 85 83 83
0490_0050_0033_0156_0156.jpg 1 50 33 156 156
0491_0016_0057_0124_0124.jpg 1 16 57 124 124
0492_0112_0038_0030_0030.jpg 1 112 38 30 30
0493_0031_0043_0126_0126.jpg 1 31 43 126 126
0494_0136_0021_0043_0043.jpg 1 136 21 43 43
0495_0052_0028_0143_0143.jpg 1 52 28 143 143
0496_0017_0070_0056_0056.jpg 1 17 70 56 56
0497_0143_0069_0028_0028.jpg 1 143 69 28 28
0498_0011_0015_0154_0154.jpg 1 11 15 154 154
0499_0148_0025_0025_0025.jpg 1 148 25 25 25
0500_0017_0052_0138_0138.jpg 1 17 52 138 138
0501_0139_0070_0046_0046.jpg 1 139 70 46 46
0502_0031_0098_0062_0062.jpg 1 31 98 62 62
0503_0053_0066_0119_0119.jpg 1 53 66 119 119
0504_0022_0013_0152_0152.jpg 1 22 13 152 152
0505_0051_0025_0053_0053.jpg 1 51 25 53 53
0506_0046_0104_0072_0072.jpg 1 46 104 72 72
0507_0065_0023_0103_0103.jpg 1 65 23 103 103
0508_0023_0075_0086_0086.jpg 1 23 75 86 86
0509_0026_0021_0141_0141.jpg 1 26 21 141 141
0510_0027_0071_0119_0119.jpg 1 27 71 119 119
0511_0042_0025_0089_0089.jpg 1 42 25 89 89
0512_0041_0049_0144_0144.jpg 1 41 49 144 144
0513_0052_0070_0097_0097.jpg 1 52 70 97 97
0514_0084_0124_0057_0057.jpg 1 84 124 57 57
0515_0062_0105_0072_0072.jpg 1 62 105 72 72
0516_0050_0027_0084_0084.jpg 1 50 27 84 84
0517_0030_0106_0038_0038.jpg 1 30 106 38 38
0518_0056_0050_0146_0146.jpg 1 56 50 146 146
0519_0068_0074_0066_0066.jpg 1 68 74 66 66
0520_0045_0050_0104_0104.jpg 1 45 50 104 104
0521_0051_0008_0153_0153.jpg 1 51 8 153 153
0522_0118_0130_0039_0039.jpg 1 118 130 39 39
0523_0013_0020_0127_0127.jpg 1 13 20 127 127
0524_0070_0019_0105_0105.jpg 1 70 19 105 105
0525_0062_0030_0056_0056.jpg 1 62 30 56 56
0526_0150_0099_0029_0029.jpg 1 150 99 29 29
0527_0052_0030_0138_0138.jpg 1 52 30 138 138
0528_0028_0077_0104_0104.jpg 1 28 77 104 104
0529_0083_0063_0064_0064.jpg 1 83 63 64 64
0530_0075_0080_0108_0108.jpg 1 75 80 108 108
0531_0086_0021_0024_0024.jpg 1 86 21 24 24
0532_0035_0037_0121_0121.jpg 1 35 37 121 121
0533_0093_0033_0099_0099.jpg 1 93 33 99 99
0534_0016_0030_0151_0151.jpg 1 16 30 151 151
0535_0022_0068_0116_0116.jpg 1 22 68 116 116
0536_0052_0056_0145_0145.jpg 1 52 56 145 145
0537_0040_0019_0155_0155.jpg 1 40 19 155 155
0538_0030_0088_0089_0089.jpg 1 30 88 89 89
0539_0035_0070_0066_0066.jpg 1 35 70 66 66
0540_0064_0036_0141_0141.jpg 1 64 36 141 141
0541_0016_0077_0118_0118.jpg 1 16 77 118 118
0542_0135_0095_0033_0033.jpg 1 135 95 33 33
0543_0099_0070_0099_0099.jpg 1 99 70 99 99
0544_0057_0071_0056_0056.jpg 1 57 71 56 56
0545_0049_0050_0147_0147.jpg 1 49 50 147 147
0546_0067_0059_0115_0115.jpg 1 67 59 115 115
0547_0035_0099_0095_0095.jpg 1 35 99 95 95
0548_0073_0086_0057_0057.jpg 1 73 86 57 57
0549_0051_0057_0148_0148.jpg 1 51 57 148 148
0550_0094_0064_0095_0095.jpg 1 94 64 95 95
0551_0031_0049_0112_0112.jpg 1 31 49 112 112
0552_0084_0063_0057_0057.jpg 1 84 63 57 57
0553_0050_0042_0028_0028.jpg 1 50 42 28 28
0554_0048_0099_0087_0087.jpg 1 48 99 87 87
0555_0021_0066_0105_0105.jpg 1 21 66 105 105
0556_0022_0024_0122_0122.jpg 1 22 24 122 122
0557_0019_0054_0104_0104.jpg 1 19 54 104 104
0558_0028_0036_0149_0149.jpg 1 28 36 149 149
0559_0016_0019_0134_0134.jpg 1 16 19 134 134
0560_0041_0011_0146_0146.jpg 1 41 11 146 146
0561_0085_0031_0053_0053.jpg 1 85 31 53 53
0562_0081_0065_0105_0105.jpg 1 81 65 105 105
0563_0082_0046_0047_0047.jpg 1 82 46 47 47
0564_0021_0100_0079_0079.jpg 1 21 100 79 79
0565_0071_0018_0083_0083.jpg 1 71 18 83 83
0566_0059_0113_0080_0080.jpg 1 59 113 80 80
0567_0111_0034_0082_0082.jpg 1 111 34 82 82
0568_0034_0022_0124_0124.jpg 1 34 22 124 124
0569_0047_0087_0111_0111.jpg 1 47 87 111 111
0570_0120_0018_0051_0051.jpg 1 120 18 51 51
0571_0031_0029_0136_0136.jpg 1 31 29 136 136
0572_0069_0039_0027_0027.jpg 1 69 39 27 27
0573_0129_0103_0049_0049.jpg 1 129 103 49 49
0574_0054_0029_0103_0103.jpg 1 54 29 103 103
0575_0079_0033_0108_0108.jpg 1 79 33 108 108
0576_0040_0056_0056_0056.jpg 1 40 56 56 56
0577_0071_0089_0063_0063.jpg 1 71 89 63 63
0578_0053_0065_0082_0082.jpg 1 53 65 82 82
0579_0119_0077_0049_0049.jpg 1 119 77 49 49
0580_0059_0016_0145_0145.jpg 1 59 16 145 145
0581_0049_0042_0149_0149.jpg 1 49 42 149 149
0582_0073_0027_0111_0111.jpg 1 73 27 111 111
0583_0011_0014_0155_0155.jpg 1 11 14 155 155
0584_0089_0118_0037_0037.jpg 1 89 118 37 37
0585_0052_0051_0096_0096.jpg 1 52 51 96 96
0586_0036_0064_0106_0106.jpg 1 36 64 106 106
0587_0021_0087_0103_0103.jpg 1 21 87 103 103
0588_0089_0047_0076_0076.jpg 1 89 47 76 76
0589_0100_0057_0071_0071.jpg 1 100 57 71 71
0590_0108_0109_0040_0040.jpg 1 108 109 40 40
0591_0076_0018_0075_0075.jpg 1 76 18 75 75
0592_0023_0119_0068_0068.jpg 1 23 119 68 68
0593_0067_0017_0115_0115.jpg 1 67 17 115 115
0594_0077_0079_0028_0028.jpg 1 77 79 28 28
0595_0087_0096_0027_0027.jpg 1 87 96 27 27
0596_0018_0117_0045_0045.jpg 1 18 117 45 45
0597_0096_0016_0098_0098.jpg 1 96 16 98 98
0598_0086_0112_0046_0046.jpg 1 86 112 46 46
0599_0019_0013_0126_0126.jpg 1 19 13 126 126
0600_0057_0104_0085_0085.jpg 1 57 104 85 85
0601_0051_0053_0152_0152.jpg 1 51 53 152 152
0602_0015_0039_0152_0152.jpg 1 15 39 152 152
0603_0085_0076_0117_0117.jpg 1 85 76 117 117
0604_0013_0030_0096_0096.jpg 1 13 30 96 96
0605_0048_0032_0141_0141.jpg 1 48 32 141 141
0606_0016_0052_0138_0138.jpg 1 16 52 138 138
0607_0069_0145_0038_0038.jpg 1 69 145 38 38
0608_0097_0038_0095_0095.jpg 1 97 38 95 95
0609_0048_0090_0057_0057.jpg 1 48 90 57 57
0610_0040_0030_0039_0039.jpg 1 40 30 39 39
0611_0103_0049_0085_0085.jpg 1 103 49 85 85
0612_0079_0073_0050_0050.jpg 1 79 73 50 50
0613_0109_0100_0051_0051.jpg 1 109 100 51 51
0614_0033_0051_0149_0149.jpg 1 33 51 149 149
0615_0031_0063_0124_0124.jpg 1 31 63 124 124
0616_0035_0026_0115_0115.jpg 1 35 26 115 115
0617_0036_0021_0107_0107.jpg 1 36 21 107 107
0618_0027_0032_0114_0114.jpg 1 27 32 114 114
0619_0028_0049_0135_0135.jpg 1 28 49 135 135
0620_0061_0101_0088_0088.jpg 1 61 101 88 88
0621_0072_0018_0072_0072.jpg 1 72 18 72 72
0622_0052_0058_0098_0098.jpg 1 52 58 98 98
0623_0096_0110_0044_0044.jpg 1 96 110 44 44
0624_0064_0023_0081_0081.jpg 1 64 23 81 81
0625_0055_0094_0068_0068.jpg 1 55 94 68 68
0626_0040_0014_0089_0089.jpg 1 40 14 89 89
0627_0026_0044_0148_0148.jpg 1 26 44 148 148
0628_0029_0093_0042_0042.jpg 1 29 93 42 42
0629_0041_0061_0140_0140.jpg 1 41 61 140 140
0630_0153_0120_0028_0028.jpg 1 153 120 28 28
0631_0104_0097_0042_0042.jpg 1 104 97 42 42
0632_0056_0083_0084_0084.jpg 1 56 83 84 84
0633_0047_0013_0119_0119.jpg 1 47 13 119 119
0634_0012_0017_0149_0149.jpg 1 12 17 149 149
0635_0084_0052_0046_0046.jpg 1 84 52 46 46
0636_0024_0078_0061_0061.jpg 1 24 78 61 61
0637_0134_0078_0056_0056.jpg 1 134 78 56 56
0638_0008_0050_0149_0149.jpg 1 8 50 149 149
0639_0032_0038_0113_0113.jpg 1 32 38 113 113
0640_0017_0062_0145_0145.jpg 1 17 62 145 145
0641_0129_0024_0034_0034.jpg 1 129 24 34 34
0642_0061_0085_0082_0082.jpg 1 61 85 82 82
0643_0078_0030_0122_0122.jpg 1 78 30 122 122
0644_0058_0089_0089_0089.jpg 1 58 89 89 89
0645_0028_0038_0134_0134.jpg 1 28 38 134 134
0646_0025_0009_0131_0131.jpg 1 25 9 131 131
0647_0085_0080_0116_0116.jpg 1 85 80 116 116
0648_0027_0088_0110_0110.jpg 1 27 88 110 110
0649_0090_0097_0101_0101.jpg 1 90 97 101 101
0650_0133_0026_0035_0035.jpg 1 133 26 35 35
0651_0028_0055_0133_0133.jpg 1 28 55 133 133
0652_0019_0017_0155_0155.jpg 1 19 17 155 155
0653_0022_0080_0107_0107.jpg 1 22 80 107 107
0654_0035_0144_0034_0034.jpg 1 35 144 34 34
0655_0083_0022_0071_0071.jpg 1 83 22 71 71
0656_0036_0058_0107_0107.jpg 1 36 58 107 107
0657_0057_0075_0029_0029.jpg 1 57 75 29 29
0658_0091_0110_0080_0080.jpg 1 91 110 80 80
0659_0145_0083_0039_0039.jpg 1 145 83 39 39
0660_0056_0072_0078_0078.jpg 1 56 72 78 78
0661_0019_0013_0113_0113.jpg 1 19 13 113 113
0662_0115_0039_0026_0026.jpg 1 115 39 26 26
0663_0052_0101_0040_0040.jpg 1 52 101 40 40
0664_0017_0032_0061_0061.jpg 1 17 32 61 61
0665_0102_0023_0062_0062.jpg 1 102 23 62 62
0666_0059_0016_0144_0144.jpg 1 59 16 144 144
0667_0082_0130_0056_0056.jpg 1 82 130 56 56
0668_0063_0009_0138_0138.jpg 1 63 9 138 138
0669_0044_0074_0057_0057.jpg 1 44 74 57 57
0670_0065_0040_0142_0142.jpg 1 65 40 142 142
0671_0082_0069_0035_0035.jpg 1 82 69 35 35
0672_0135_0032_0053_0053.jpg 1 135 32 53 53
0673_0026_0072_0133_0133.jpg 1 26 72 133 133
0674_0083_0066_0047_0047.jpg 1 83 66 47 47
0675_0153_0044_0030_0030.jpg 1 153 44 30 30
0676_0017_0058_0124_0124.jpg 1 17 58 124 124
0677_0024_0087_0093_0093.jpg 1 24 87 93 93
0678_0125_0039_0064_0064.jpg 1 125 39 64 64
0679_0074_0050_0130_0130.jpg 1 74 50 130 130
0680_0146_0040_0025_0025.jpg 1 146 40 25 25
0681_0044_0021_0086_0086.jpg 1 44 21 86 86
0682_0023_0033_0136_0136.jpg 1 23 33 136 136
0683_0115_0067_0056_0056.jpg 1 115 67 56 56
0684_0028_0023_0140_0140.jpg 1 28 23 140 140
0685_0027_0082_0101_0101.jpg 1 27 82 101 101
0686_0046_0040_0125_0125.jpg 1 46 40 125 125
0687_0096_0072_0101_0101.jpg 1 96 72 101 101
0688_0020_0078_0096_0096.jpg 1 20 78 96 96
0689_0110_0100_0040_0040.jpg 1 110 100 40 40
0690_0100_0100_0031_0031.jpg 1 100 100 31 31
0691_0024_0018_0153_0153.jpg 1 24 18 153 153
0692_0147_0065_0029_0029.jpg 1 147 65 29 29
0693_0051_0045_0081_0081.jpg 1 51 45 81 81
0694_0055_0121_0053_0053.jpg 1 55 121 53 53
0695_0052_0118_0059_0059.jpg 1 52 118 59 59
0696_0064_0028_0143_0143.jpg 1 64 28 143 143
0697_0135_0121_0029_0029.jpg 1 135 121 29 29
0698_0010_0049_0138_0138.jpg 1 10 49 138 138
0699_0075_0084_0074_0074.jpg 1 75 84 74 74
0700_0039_0012_0121_0121.jpg 1 39 12 121 121
0701_0037_0078_0093_0093.jpg 1 37 78 93 93
0702_0082_0055_0105_0105.jpg 1 82 55 105 105
0703_0054_0042_0136_0136.jpg 1 54 42 136 136
0704_0087_0072_0057_0057.jpg 1 87 72 57 57
0705_0030_0059_0141_0141.jpg 1 30 59 141 141
0706_0031_0141_0041_0041.jpg 1 31 141 41 41
0707_0015_0049_0114_0114.jpg 1 15 49 114 114
0708_0040_0076_0073_0073.jpg 1 40 76 73 73
0709_0062_0011_0136_0136.jpg 1 62 11 136 136
0710_0014_0045_0107_0107.jpg 1 14 45 107 107
0711_0097_0026_0082_0082.jpg 1 97 26 82 82
0712_0046_0122_0069_0069.jpg 1 46 122 69 69
0713_0073_0042_0113_0113.jpg 1 73 42 113 113
0714_0078_0022_0106_0106.jpg 1 78 22 106 106
0715_0038_0041_0034_0034.jpg 1 38 41 34 34
0716_0065_0089_0103_0103.jpg 1 65 89 103 103
0717_0106_0112_0077_0077.jpg 1 106 112 77 77
0718_0113_0066_0038_0038.jpg 1 113 66 38 38
0719_0128_0114_0047_0047.jpg 1 128 114 47 47
0720_0027_0074_0046_0046.jpg 1 27 74 46 46
0721_0104_0099_0091_0091.jpg 1 104 99 91 91
0722_0032_0067_0130_0130.jpg 1 32 67 130 130
0723_0132_0071_0038_0038.jpg 1 132 71 38 38
0724_0016_0074_0107_0107.jpg 1 16 74 107 107
0725_0091_0062_0109_0109.jpg 1 91 62 109 109
0726_0095_0093_0080_0080.jpg 1 95 93 80 80
0727_0023_0070_0049_0049.jpg 1 23 70 49 49
0728_0138_0067_0035_0035.jpg 1 138 67 35 35
0729_0040_0088_0100_0100.jpg 1 40 88 100 100
0730_0094_0140_0041_0041.jpg 1 94 140 41 41
0731_0090_0149_0029_0029.jpg 1 90 149 29 29
0732_0046_0093_0082_0082.jpg 1 46 93 82 82
0733_0017_0040_0148_0148.jpg 1 17 40 148 148
0734_0084_0024_0055_0055.jpg 1 84 24 55 55
0735_0058_0085_0051_0051.jpg 1 58 85 51 51
0736_0051_0035_0150_0150.jpg 1 51 35 150 150
0737_0091_0090_0051_0051.jpg 1 91 90 51 51
0738_0072_0115_0075_0075.jpg 1 72 115 75 75
0739_0044_0041_0123_0123.jpg 1 44 41 123 123
0740_0056_0032_0133_0133.jpg 1 56 32 133 133
0741_0081_0066_0112_0112.jpg 1 81 66 112 112
0742_0016_0018_0094_0094.jpg 1 16 18 94 94
0743_0028_0017_0154_0154.jpg 1 28 17 154 154
0744_0053_0085_0108_0108.jpg 1 53 85 108 108
0745_0054_0045_0096_0096.jpg 1 54 45 96 96
0746_0043_0017_0146_0146.jpg 1 43 17 146 146
0747_0067_0016_0109_0109.jpg 1 67 16 109 109
0748_0038_0044_0149_0149.jpg 1 38 44 149 149
0749_0023_0023_0123_0123.jpg 1 23 23 123 123
0750_0081_0125_0043_0043.jpg 1 81 125 43 43
0751_0081_0023_0026_0026.jpg 1 81 23 26 26
0752_0063_0062_0035_0035.jpg 1 63 62 35 35
0753_0043_0020_0117_0117.jpg 1 43 20 117 117
0754_0106_0077_0032_0032.jpg 1 106 77 32 32
0755_0038_0074_0093_0093.jpg 1 38 74 93 93
0756_0025_0025_0127_0127.jpg 1 25 25 127 127
0757_0110_0106_0060_0060.jpg 1 110 106 60 60
0758_0082_0028_0038_0038.jpg 1 82 28 38 38
0759_0070_0015_0108_0108.jpg 1 70 15 108 108
0760_0091_0071_0085_0085.jpg 1 91 71 85 85
0761_0008_0012_0156_0156.jpg 1 8 12 156 156
0762_0070_0067_0093_0093.jpg 1 70 67 93 93
0763_0039_0035_0137_0137.jpg 1 39 35 137 137
0764_0009_0050_0145_0145.jpg 1 9 50 145 145
0765_0095_0026_0089_0089.jpg 1 95 26 89 89
0766_0089_0102_0090_0090.jpg 1 89 102 90 90
0767_0065_0037_0085_0085.jpg 1 65 37 85 85
0768_0079_0049_0112_0112.jpg 1 79 49 112 112
0769_0084_0076_0079_0079.jpg 1 84 76 79 79
0770_0086_0040_0053_0053.jpg 1 86 40 53 53
0771_0013_0022_0149_0149.jpg 1 13 22 149 149
0772_0021_0059_0086_0086.jpg 1 21 59 86 86
0773_0079_0028_0083_0083.jpg 1 79 28 83 83
0774_0068_0097_0094_0094.jpg 1 68 97 94 94
0775_0027_0013_0115_0115.jpg 1 27 13 115 115
0776_0027_0020_0153_0153.jpg 1 27 20 153 153
0777_0089_0020_0045_0045.jpg 1 89 20 45 45
0778_0017_0057_0115_0115.jpg 1 17 57 115 115
0779_0074_0070_0102_0102.jpg 1 74 70 102 102
0780_0097_0120_0051_0051.jpg 1 97 120 51 51
0781_0046_0041_0107_0107.jpg 1 46 41 107 107
0782_0042_0083_0058_0058.jpg 1 42 83 58 58
0783_0035_0040_0114_0114.jpg 1 35 40 114 114
0784_0095_0094_0092_0092.jpg 1 95 94 92 92
0785_0035_0132_0039_0039.jpg 1 35 132 39 39
0786_0045_0091_0047_0047.jpg 1 45 91 47 47
0787_0020_0097_0042_0042.jpg 1 20 97 42 42
0788_0082_0036_0085_0085.jpg 1 82 36 85 85
0789_0044_0134_0043_0043.jpg 1 44 134 43 43
0790_0087_0092_0100_0100.jpg 1 87 92 100 100
0791_0075_0079_0116_0116.jpg 1 75 79 116 116
0792_0071_0029_0056_0056.jpg 1 71 29 56 56
0793_0064_0019_0142_0142.jpg 1 64 19 142 142
0794_0059_0042_0051_0051.jpg 1 59 42 51 51
0795_0013_0066_0099_0099.jpg 1 13 66 99 99
0796_0023_0017_0102_0102.jpg 1 23 17 102 102
0797_0047_0128_0031_0031.jpg 1 47 128 31 31
0798_0041_0027_0090_0090.jpg 1 41 27 90 90
0799_0036_0045_0099_0099.jpg 1 36 45 99 99
0800_0072_0046_0130_0130.jpg 1 72 46 130 130
0801_0058_0119_0066_0066.jpg 1 58 119 66 66
0802_0031_0052_0148_0148.jpg 1 31 52 148 148
0803_0048_0015_0079_0079.jpg 1 48 15 79 79
0804_0138_0152_0026_0026.jpg 1 138 152 26 26
0805_0035_0092_0068_0068.jpg 1 35 92 68 68
0806_0034_0034_0146_0146.jpg 1 34 34 146 146
0807_0122_0079_0071_0071.jpg 1 122 79 71 71
0808_0110_0053_0028_0028.jpg 1 110 53 28 28
0809_0040_0043_0147_0147.jpg 1 40 43 147 147
0810_0094_0097_0079_0079.jpg 1 94 97 79 79
0811_0014_0014_0088_0088.jpg 1 14 14 88 88
0812_0017_0052_0130_0130.jpg 1 17 52 130 130
0813_0019_0065_0058_0058.jpg 1 19 65 58 58
0814_0101_0157_0024_0024.jpg 1 101 157 24 24
0815_0092_0039_0096_0096.jpg 1 92 39 96 96
0816_0029_0015_0098_0098.jpg 1 29 15 98 98
0817_0089_0056_0025_0025.jpg 1 89 56 25 25
0818_0022_0024_0094_0094.jpg 1 22 24 94 94
0819_0054_0034_0089_0089.jpg 1 54 34 89 89
0820_0020_0009_0146_0146.jpg 1 20 9 146 146
0821_0047_0054_0149_0149.jpg 1 47 54 149 149
0822_0031_0012_0130_0130.jpg 1 31 12 130 130
0823_0013_0010_0139_0139.jpg 1 13 10 139 139
0824_0023_0034_0129_0129.jpg 1 23 34 129 129
0825_0076_0048_0048_0048.jpg 1 76 48 48 48
0826_0033_0062_0117_0117.jpg 1 33 62 117 117
0827_0037_0046_0124_0124.jpg 1 37 46 124 124
0828_0021_0066_0133_0133.jpg 1 21 66 133 133
0829_0012_0064_0127_0127.jpg 1 12 64 127 127
0830_0123_0017_0058_0058.jpg 1 123 17 58 58
0831_0014_0033_0099_0099.jpg 1 14 33 99 99
0832_0105_0052_0051_0051.jpg 1 105 52 51 51
0833_0071_0057_0115_0115.jpg 1 71 57 115 115
0834_0044_0085_0116_0116.jpg 1 44 85 116 116
0835_0017_0099_0077_0077.jpg 1 17 99 77 77
0836_0081_0033_0044_0044.jpg 1 81 33 44 44
0837_0144_0099_0026_0026.jpg 1 144 99 26 26
0838_0043_0057_0086_0086.jpg 1 43 57 86 86
0839_0134_0064_0036_0036.jpg 1 134 64 36 36
0840_0050_0102_0077_0077.jpg 1 50 102 77 77
0841_0016_0042_0109_0109.jpg 1 16 42 109 109
0842_0024_0031_0097_0097.jpg 1 24 31 97 97
0843_0059_0046_0082_0082.jpg 1 59 46 82 82
0844_0040_0027_0036_0036.jpg 1 40 27 36 36
0845_0131_0030_0044_0044.jpg 1 131 30 44 44
0846_0045_0065_0107_0107.jpg 1 45 65 107 107
0847_0011_0017_0148_0148.jpg 1 11 17 148 148
0848_0013_0027_0133_0133.jpg 1 13 27 133 133
0849_0062_0066_0120_0120.jpg 1 62 66 120 120
0850_0071_0042_0122_0122.jpg 1 71 42 122 122
0851_0086_0030_0026_0026.jpg 1 86 30 26 26
0852_0071_0096_0088_0088.jpg 1 71 96 88 88
0853_0061_0014_0133_0133.jpg 1 61 14 133 133
0854_0084_0020_0064_0064.jpg 1 84 20 64 64
0855_0029_0014_0125_0125.jpg 1 29 14 125 125
0856_0048_0054_0077_0077.jpg 1 48 54 77 77
0857_0045_0072_0094_0094.jpg 1 45 72 94 94
0858_0099_0107_0060_0060.jpg 1 99 107 60 60
0859_0078_0080_0048_0048.jpg 1 78 80 48 48
0860_0013_0033_0112_0112.jpg 1 13 33 112 112
0861_0090_0026_0105_0105.jpg 1 90 26 105 105
0862_0052_0028_0087_0087.jpg 1 52 28 87 87
0863_0024_0040_0105_0105.jpg 1 24 40 105 105
0864_0025_0109_0034_0034.jpg 1 25 109 34 34
0865_0046_0031_0150_0150.jpg 1 46 31 150 150
0866_0085_0086_0049_0049.jpg 1 85 86 49 49
0867_0040_0115_0078_0078.jpg 1 40 115 78 78
0868_0067_0077_0073_0073.jpg 1 67 77 73 73
0869_0081_0064_0087_0087.jpg 1 81 64 87 87
0870_0072_0057_0079_0079.jpg 1 72 57 79 79
0871_0060_0064_0122_0122.jpg 1 60 64 122 122
0872_0029_0068_0071_0071.jpg 1 29 68 71 71
0873_0117_0032_0065_0065.jpg 1 117 32 65 65
0874_0154_0032_0027_0027.jpg 1 154 32 27 27
0875_0071_0024_0121_0121.jpg 1 71 24 121 121
0876_0077_0039_0114_0114.jpg 1 77 39 114 114
0877_0038_0033_0113_0113.jpg 1 38 33 113 113
0878_0028_0042_0045_0045.jpg 1 28 42 45 45
0879_0082_0089_0028_0028.jpg 1 82 89 28 28
0880_0018_0011_0132_0132.jpg 1 18 11 132 132
0881_0064_0066_0130_0130.jpg 1 64 66 130 130
0882_0008_0042_0137_0137.jpg 1 8 42 137 137
0883_0027_0028_0125_0125.jpg 1 27 28 125 125
0884_0055_0025_0132_0132.jpg 1 55 25 132 132
0885_0085_0021_0110_0110.jpg 1 85 21 110 110
0886_0118_0080_0054_0054.jpg 1 118 80 54 54
0887_0012_0047_0141_0141.jpg 1 12 47 141 141
0888_0058_0031_0147_0147.jpg 1 58 31 147 147
0889_0055_0025_0087_0087.jpg 1 55 25 87 87
0890_0032_0071_0036_0036.jpg 1 32 71 36 36
0891_0016_0061_0136_0136.jpg 1 16 61 136 136
0892_0019_0013_0135_0135.jpg 1 19 13 135 135
0893_0056_0058_0132_0132.jpg 1 56 58 132 132
0894_0048_0050_0069_0069.jpg 1 48 50 69 69
0895_0070_0140_0032_0032.jpg 1 70 140 32 32
0896_0060_0064_0081_0081.jpg 1 60 64 81 81
0897_0030_0020_0080_0080.jpg 1 30 20 80 80
0898_0095_0032_0040_0040.jpg 1 95 32 40 40
0899_0065_0084_0045_0045.jpg 1 65 84 45 45
0900_0047_0063_0140_0140.jpg 1 47 63 140 140
0901_0062_0041_0061_0061.jpg 1 62 41 61 61
0902_0020_0096_0086_0086.jpg 1 20 96 86 86
0903_0033_0122_0055_0055.jpg 1 33 122 55 55
0904_0035_0039_0152_0152.jpg 1 35 39 152 152
0905_0108_0103_0052_0052.jpg 1 108 103 52 52
0906_0031_0126_0054_0054.jpg 1 31 126 54 54
0907_0071_0093_0052_0052.jpg 1 71 93 52 52
0908_0078_0070_0100_0100.jpg 1 78 70 100 100
0909_0120_0022_0038_0038.jpg 1 120 22 38 38
0910_0072_0074_0086_0086.jpg 1 72 74 86 86
0911_0107_0065_0080_0080.jpg 1 107 65 80 80
0912_0033_0089_0034_0034.jpg 1 33 89 34 34
0913_0049_0134_0037_0037.jpg 1 49 134 37 37
0914_0048_0065_0124_0124.jpg 1 48 65 124 124
0915_0065_0026_0033_0033.jpg 1 65 26 33 33
0916_0038_0054_0125_0125.jpg 1 38 54 125 125
0917_0094_0090_0065_0065.jpg 1 94 90 65 65
0918_0025_0053_0140_0140.jpg 1 25 53 140 140
0919_0073_0066_0090_0090.jpg 1 73 66 90 90
0920_0056_0024_0151_0151.jpg 1 56 24 151 151
0921_0102_0042_0090_0090.jpg 1 102 42 90 90
0922_0057_0077_0033_0033.jpg 1 57 77 33 33
0923_0051_0013_0126_0126.jpg 1 51 13 126 126
0924_0017_0077_0111_0111.jpg 1 17 77 111 111
0925_0050_0018_0155_0155.jpg 1 50 18 155 155
0926_0044_0090_0029_0029.jpg 1 44 90 29 29
0927_0036_0059_0134_0134.jpg 1 36 59 134 134
0928_0048_0054_0092_0092.jpg 1 48 54 92 92
0929_0075_0029_0080_0080.jpg 1 75 29 80 80
0930_0061_0030_0079_0079.jpg 1 61 30 79 79
0931_0044_0082_0109_0109.jpg 1 44 82 109 109
0932_0078_0022_0087_0087.jpg 1 78 22 87 87
0933_0135_0027_0024_0024.jpg 1 135 27 24 24
0934_0007_0051_0155_0155.jpg 1 7 51 155 155
0935_0019_0102_0084_0084.jpg 1 19 102 84 84
0936_0071_0022_0126_0126.jpg 1 71 22 126 126
0937_0101_0116_0065_0065.jpg 1 101 116 65 65
0938_0058_0033_0129_0129.jpg 1 58 33 129 129
0939_0055_0037_0073_0073.jpg 1 55 37 73 73
0940_0078_0045_0109_0109.jpg 1 78 45 109 109
0941_0019_0055_0152_0152.jpg 1 19 55 152 152
0942_0051_0030_0142_0142.jpg 1 51 30 142 142
0943_0065_0116_0050_0050.jpg 1 65 116 50 50
0944_0078_0043_0027_0027.jpg 1 78 43 27 27
0945_0065_0063_0135_0135.jpg 1 65 63 135 135
0946_0091_0027_0109_0109.jpg 1 91 27 109 109
0947_0017_0084_0062_0062.jpg 1 17 84 62 62
0948_0126_0139_0032_0032.jpg 1 126 139 32 32
0949_0013_0048_0117_0117.jpg 1 13 48 117 117
0950_0075_0033_0092_0092.jpg 1 75 33 92 92
0951_0090_0016_0094_0094.jpg 1 90 16 94 94
0952_0102_0024_0029_0029.jpg 1 102 24 29 29
0953_0070_0058_0102_0102.jpg 1 70 58 102 102
0954_0041_0060_0143_0143.jpg 1 41 60 143 143
0955_0066_0107_0086_0086.jpg 1 66 107 86 86
0956_0071_0027_0116_0116.jpg 1 71 27 116 116
0957_0112_0078_0026_0026.jpg 1 112 78 26 26
0958_0026_0075_0117_0117.jpg 1 26 75 117 117
0959_0016_0046_0136_0136.jpg 1 16 46 136 136
0960_0010_0039_0149_0149.jpg 1 10 39 149 149
0961_0047_0098_0080_0080.jpg 1 47 98 80 80
0962_0015_0059_0072_0072.jpg 1 15 59 72 72
0963_0057_0072_0133_0133.jpg 1 57 72 133 133
0964_0149_0020_0030_0030.jpg 1 149 20 30 30
0965_0048_0032_0072_0072.jpg 1 48 32 72 72
0966_0044_0009_0148_0148.jpg 1 44 9 148 148
0967_0028_0051_0098_0098.jpg 1 28 51 98 98
0968_0097_0112_0045_0045.jpg 1 97 112 45 45
0969_0037_0027_0030_0030.jpg 1 37 27 30 30
0970_0024_0056_0075_0075.jpg 1 24 56 75 75
0971_0033_0043_0140_0140.jpg 1 33 43 140 140
0972_0029_0046_0113_0113.jpg 1 29 46 113 113
0973_0055_0013_0120_0120.jpg 1 55 13 120 120
0974_0067_0027_0105_0105.jpg 1 67 27 105 105
0975_0039_0010_0124_0124.jpg 1 39 10 124 124
0976_0069_0097_0085_0085.jpg 1 69 97 85 85
0977_0091_0093_0085_0085.jpg 1 91 93 85 85
0978_0112_0019_0066_0066.jpg 1 112 19 66 66
0979_0079_0067_0084_0084.jpg 1 79 67 84 84
0980_0095_0051_0072_0072.jpg 1 95 51 72 72
0981_0042_0070_0122_0122.jpg 1 42 70 122 122
0982_0077_0069_0063_0063.jpg 1 77 69 63 63
0983_0035_0029_0128_0128.jpg 1 35 29 128 128
0984_0039_0050_0129_0129.jpg 1 39 50 129 129
0985_0020_0059_0123_0123.jpg 1 20 59 123 123
0986_0113_0105_0032_0032.jpg 1 113 105 32 32
0987_0074_0041_0095_0095.jpg 1 74 41 95 95
0988_0055_0031_0095_0095.jpg 1 55 31 95 95
0989_0095_0061_0082_0082.jpg 1 95 61 82 82
0990_0088_0140_0043_0043.jpg 1 88 140 43 43
0991_0107_0048_0033_0033.jpg 1 107 48 33 33
0992_0105_0037_0063_0063.jpg 1 105 37 63 63
0993_0076_0060_0069_0069.jpg 1 76 60 69 69
0994_0090_0059_0041_0041.jpg 1 90 59 41 41
0995_0021_0055_0127_0127.jpg 1 21 55 127 127
0996_0076_0053_0048_0048.jpg 1 76 53 48 48
0997_0043_0071_0131_0131.jpg 1 43 71 131 131
0998_0062_0055_0062_0062.jpg 1 62 55 62 62
0999_0053_0057_0143_0143.jpg 1 53 57 143 143
1000_0045_0012_0104_0104.jpg 1 45 12 104 104
1001_0063_0077_0071_0071.jpg 1 63 77 71 71
1002_0034_0114_0035_0035.jpg 1 34 114 35 35
1003_0049_0069_0114_0114.jpg 1 49 69 114 114
1004_0039_0026_0142_0142.jpg 1 39 26 142 142
1005_0082_0101_0057_0057.jpg 1 82 101 57 57
1006_0014_0035_0138_0138.jpg 1 14 35 138 138
1007_0068_0025_0132_0132.jpg 1 68 25 132 132
1008_0017_0050_0116_0116.jpg 1 17 50 116 116
1009_0139_0035_0037_0037.jpg 1 139 35 37 37
1010_0074_0052_0105_0105.jpg 1 74 52 105 105
1011_0045_0062_0071_0071.jpg 1 45 62 71 71
1012_0074_0071_0071_0071.jpg 1 74 71 71 71
1013_0023_0019_0135_0135.jpg 1 23 19 135 135
1014_0094_0051_0059_0059.jpg 1 94 51 59 59
1015_0139_0126_0027_0027.jpg 1 139 126 27 27
1016_0090_0090_0082_0082.jpg 1 90 90 82 82
1017_0052_0034_0084_0084.jpg 1 52 34 84 84
1018_0084_0055_0087_0087.jpg 1 84 55 87 87
1019_0014_0041_0125_0125.jpg 1 14 41 125 125
1020_0093_0036_0104_0104.jpg 1 93 36 104 104
1021_0087_0069_0049_0049.jpg 1 87 69 49 49
1022_0149_0098_0027_0027.jpg 1 149 98 27 27
1023_0041_0014_0148_0148.jpg 1 41 14 148 148
1024_0041_0095_0072_0072.jpg 1 41 95 72 72
1025_0108_0023_0033_0033.jpg 1 108 23 33 33
1026_0058_0037_0126_0126.jpg 1 58 37 126 126
1027_0082_0066_0109_0109.jpg 1 82 66 109 109
1028_0037_0043_0096_0096.jpg 1 37 43 96 96
1029_0052_0039_0093_0093.jpg 1 52 39 93 93
1030_0072_0054_0093_0093.jpg 1 72 54 93 93
1031_0101_0051_0089_0089.jpg 1 101 51 89 89
1032_0094_0098_0073_0073.jpg 1 94 98 73 73
1033_0010_0034_0128_0128.jpg 1 10 34 128 128
1034_0018_0085_0103_0103.jpg 1 18 85 103 103
1035_0023_0027_0147_0147.jpg 1 23 27 147 147
1036_0051_0019_0071_0071.jpg 1 51 19 71 71
1037_0046_0022_0145_0145.jpg 1 46 22 145 145
1038_0104_0055_0028_0028.jpg 1 104 55 28 28
1039_0103_0051_0092_0092.jpg 1 103 51 92 92
1040_0071_0073_0044_0044.jpg 1 71 73 44 44
1041_0015_0077_0124_0124.jpg 1 15 77 124 124
1042_0063_0018_0055_0055.jpg 1 63 18 55 55
1043_0070_0051_0130_0130.jpg 1 70 51 130 130
1044_0092_0025_0101_0101.jpg 1 92 25 101 101
1045_0062_0054_0141_0141.jpg 1 62 54 141 141
1046_0065_0078_0106_0106.jpg 1 65 78 106 106
1047_0012_0048_0146_0146.jpg 1 12 48 146 146
1048_0113_0080_0037_0037.jpg 1 113 80 37 37
1049_0090_0027_0027_0027.jpg 1 90 27 27 27
1050_0015_0010_0135_0135.jpg 1 15 10 135 135
1051_0053_0088_0064_0064.jpg 1 53 88 64 64
1052_0048_0028_0059_0059.jpg 1 48 28 59 59
1053_0101_0069_0038_0038.jpg 1 101 69 38 38
1054_0073_0066_0113_0113.jpg 1 73 66 113 113
1055_0095_0077_0099_0099.jpg 1 95 77 99 99
1056_0029_0068_0118_0118.jpg 1 29 68 118 118
1057_0049_0064_0136_0136.jpg 1 49 64 136 136
1058_0016_0071_0110_0110.jpg 1 16 71 110 110
1059_0105_0058_0058_0058.jpg 1 105 58 58 58
1060_0016_0024_0120_0120.jpg 1 16 24 120 120
1061_0066_0097_0033_0033.jpg 1 66 97 33 33
1062_0055_0067_0113_0113.jpg 1 55 67 113 113
1063_0023_0024_0087_0087.jpg 1 23 24 87 87
1064_0062_0114_0052_0052.jpg 1 62 114 52 52
1065_0049_0029_0113_0113.jpg 1 49 29 113 113
1066_0028_0050_0148_0148.jpg 1 28 50 148 148
1067_0056_0094_0072_0072.jpg 1 56 94 72 72
1068_0041_0024_0129_0129.jpg 1 41 24 129 129
1069_0030_0030_0039_0039.jpg 1 30 30 39 39
1070_0096_0088_0094_0094.jpg 1 96 88 94 94
1071_0115_0085_0054_0054.jpg 1 115 85 54 54
1072_0128_0101_0049_0049.jpg 1 128 101 49 49
1073_0011_0015_0156_0156.jpg 1 11 15 156 156
1074_0037_0062_0064_0064.jpg 1 37 62 64 64
1075_0118_0055_0030_0030.jpg 1 118 55 30 30
1076_0148_0019_0025_0025.jpg 1 148 19 25 25
1077_0040_0106_0025_0025.jpg 1 40 106 25 25
1078_0072_0057_0107_0107.jpg 1 72 57 107 107
1079_0072_0081_0119_0119.jpg 1 72 81 119 119
1080_0011_0008_0155_0155.jpg 1 11 8 155 155
1081_0073_0029_0112_0112.jpg 1 73 29 112 112
1082_0125_0064_0045_0045.jpg 1 125 64 45 45
1083_0072_0040_0127_0127.jpg 1 72 40 127 127
1084_0048_0017_0118_0118.jpg 1 48 17 118 118
1085_0076_0062_0079_0079.jpg 1 76 62 79 79
1086_0022_0124_0025_0025.jpg 1 22 124 25 25
1087_0105_0094_0080_0080.jpg 1 105 94 80 80
1088_0015_0039_0125_0125.jpg 1 15 39 125 125
1089_0050_0013_0120_0120.jpg 1 50 13 120 120
1090_0064_0040_0111_0111.jpg 1 64 40 111 111
1091_0024_0023_0154_0154.jpg 1 24 23 154 154
1092_0028_0018_0054_0054.jpg 1 28 18 54 54
1093_0097_0044_0050_0050.jpg 1 97 44 50 50
1094_0071_0050_0121_0121.jpg 1 71 50 121 121
1095_0014_0053_0132_0132.jpg 1 14 53 132 132
1096_0031_0062_0129_0129.jpg 1 31 62 129 129
1097_0114_0085_0077_0077.jpg 1 114 85 77 77
1098_0029_0067_0099_0099.jpg 1 29 67 99 99
1099_0068_0101_0070_0070.jpg 1 68 101 70 70
1100_0143_0041_0044_0044.jpg 1 143 41 44 44
1101_0124_0133_0038_0038.jpg 1 124 133 38 38
1102_0061_0105_0090_0090.jpg 1 61 105 90 90
1103_0038_0030_0026_0026.jpg 1 38 30 26 26
1104_0046_0012_0148_0148.jpg 1 46 12 148 148
1105_0021_0098_0078_0078.jpg 1 21 98 78 78
1106_0144_0130_0040_0040.jpg 1 144 130 40 40
1107_0026_0085_0093_0093.jpg 1 26 85 93 93
1108_0032_0029_0150_0150.jpg 1 32 29 150 150
1109_0025_0047_0061_0061.jpg 1 25 47 61 61
1110_0082_0059_0069_0069.jpg 1 82 59 69 69
1111_0043_0148_0030_0030.jpg 1 43 148 30 30
1112_0085_0023_0110_0110.jpg 1 85 23 110 110
1113_0034_0027_0153_0153.jpg 1 34 27 153 153
1114_0013_0057_0134_0134.jpg 1 13 57 134 134
1115_0054_0067_0035_0035.jpg 1 54 67 35 35
1116_0031_0035_0127_0127.jpg 1 31 35 127 127
1117_0085_0059_0037_0037.jpg 1 85 59 37 37
1118_0110_0111_0062_0062.jpg 1 110 111 62 62
1119_0121_0058_0060_0060.jpg 1 121 58 60 60
1120_0021_0026_0118_0118.jpg 1 21 26 118 118
1121_0063_0121_0049_0049.jpg 1 63 121 49 49
1122_0029_0009_0149_0149.jpg 1 29 9 149 149
1123_0040_0068_0107_0107.jpg 1 40 68 107 107
1124_0021_0016_0141_0141.jpg 1 21 16 141 141
1125_0028_0012_0145_0145.jpg 1 28 12 145 145
1126_0062_0057_0119_0119.jpg 1 62 57 119 119
1127_0037_0014_0146_0146.jpg 1 37 14 146 146
1128_0132_0045_0025_0025.jpg 1 132 45 25 25
1129_0101_0112_0080_0080.jpg 1 101 112 80 80
1130_0048_0087_0046_0046.jpg 1 48 87 46 46
1131_0060_0088_0090_0090.jpg 1 60 88 90 90
1132_0055_0048_0151_0151.jpg 1 55 48 151 151
1133_0061_0040_0142_0142.jpg 1 61 40 142 142
1134_0075_0111_0057_0057.jpg 1 75 111 57 57
1135_0026_0022_0139_0139.jpg 1 26 22 139 139
1136_0069_0052_0048_0048.jpg 1 69 52 48 48
1137_0023_0013_0112_0112.jpg 1 23 13 112 112
1138_0026_0036_0136_0136.jpg 1 26 36 136 136
1139_0080_0075_0093_0093.jpg 1 80 75 93 93
1140_0028_0097_0090_0090.jpg 1 28 97 90 90
1141_0044_0103_0060_0060.jpg 1 44 103 60 60
1142_0061_0041_0110_0110.jpg 1 61 41 110 110
1143_0033_0023_0057_0057.jpg 1 33 23 57 57
1144_0091_0018_0074_0074.jpg 1 91 18 74 74
1145_0033_0045_0144_0144.jpg 1 33 45 144 144
1146_0046_0083_0117_0117.jpg 1 46 83 117 117
1147_0130_0018_0057_0057.jpg 1 130 18 57 57
1148_0034_0070_0118_0118.jpg 1 34 70 118 118
1149_0081_0046_0102_0102.jpg 1 81 46 102 102
1150_0079_0032_0052_0052.jpg 1 79 32 52 52
1151_0032_0053_0151_0151.jpg 1 32 53 151 151
1152_0019_0015_0145_0145.jpg 1 19 15 145 145
1153_0081_0039_0092_0092.jpg 1 81 39 92 92
1154_0030_0032_0135_0135.jpg 1 30 32 135 135
1155_0034_0012_0155_0155.jpg 1 34 12 155 155
1156_0021_0082_0072_0072.jpg 1 21 82 72 72
1157_0018_0083_0053_0053.jpg 1 18 83 53 53
1158_0022_0045_0068_0068.jpg 1 22 45 68 68
1159_0036_0079_0120_0120.jpg 1 36 79 120 120
1160_0098_0132_0029_0029.jpg 1 98 132 29 29
1161_0100_0020_0045_0045.jpg 1 100 20 45 45
1162_0089_0080_0101_0101.jpg 1 89 80 101 101
1163_0021_0045_0097_0097.jpg 1 21 45 97 97
1164_0061_0130_0059_0059.jpg 1 61 130 59 59
1165_0076_0101_0032_0032.jpg 1 76 101 32 32
1166_0093_0029_0042_0042.jpg 1 93 29 42 42
1167_0093_0037_0050_0050.jpg 1 93 37 50 50
1168_0065_0027_0076_0076.jpg 1 65 27 76 76
1169_0083_0043_0108_0108.jpg 1 83 43 108 108
1170_0021_0016_0121_0121.jpg 1 21 16 121 121
1171_0016_0072_0099_0099.jpg 1 16 72 99 99
1172_0017_0087_0110_0110.jpg 1 17 87 110 110
1173_0120_0033_0044_0044.jpg 1 120 33 44 44
1174_0088_0036_0085_0085.jpg 1 88 36 85 85
1175_0052_0017_0125_0125.jpg 1 52 17 125 125
1176_0122_0064_0027_0027.jpg 1 122 64 27 27
1177_0027_0033_0104_0104.jpg 1 27 33 104 104
1178_0020_0031_0130_0130.jpg 1 20 31 130 130
1179_0038_0049_0134_0134.jpg 1 38 49 134 134
1180_0042_0061_0124_0124.jpg 1 42 61 124 124
1181_0099_0106_0058_0058.jpg 1 99 106 58 58
1182_0071_0081_0122_0122.jpg 1 71 81 122 122
1183_0037_0068_0129_0129.jpg 1 37 68 129 129
1184_0076_0085_0082_0082.jpg 1 76 85 82 82
1185_0054_0058_0094_0094.jpg 1 54 58 94 94
1186_0018_0066_0087_0087.jpg 1 18 66 87 87
1187_0021_0039_0087_0087.jpg 1 21 39 87 87
1188_0062_0080_0071_0071.jpg 1 62 80 71 71
1189_0097_0035_0098_0098.jpg 1 97 35 98 98
1190_0073_0019_0113_0113.jpg 1 73 19 113 113
1191_0016_0014_0151_0151.jpg 1 16 14 151 151
1192_0085_0050_0075_0075.jpg 1 85 50 75 75
1193_0054_0029_0120_0120.jpg 1 54 29 120 120
1194_0063_0062_0071_0071.jpg 1 63 62 71 71
1195_0055_0110_0064_0064.jpg 1 55 110 64 64
1196_0055_0092_0098_0098.jpg 1 55 92 98 98
1197_0059_0111_0056_0056.jpg 1 59 111 56 56
1198_0056_0055_0113_0113.jpg 1 56 55 113 113
1199_0085_0095_0065_0065.jpg 1 85 95 65 65
1200_0012_0061_0140_0140.jpg 1 12 61 140 140
1201_0037_0052_0128_0128.jpg 1 37 52 128 128
1202_0050_0031_0106_0106.jpg 1 50 31 106 106
1203_0061_0085_0095_0095.jpg 1 61 85 95 95
1204_0028_0027_0129_0129.jpg 1 28 27 129 129
1205_0116_0073_0065_0065.jpg 1 116 73 65 65
1206_0020_0104_0051_0051.jpg 1 20 104 51 51
1207_0017_0100_0066_0066.jpg 1 17 100 66 66
1208_0124_0045_0038_0038.jpg 1 124 45 38 38
1209_0065_0028_0114_0114.jpg 1 65 28 114 114
1210_0093_0112_0063_0063.jpg 1 93 112 63 63
1211_0052_0045_0109_0109.jpg 1 52 45 109 109
1212_0044_0010_0154_0154.jpg 1 44 10 154 154
1213_0138_0110_0033_0033.jpg 1 138 110 33 33
1214_0113_0142_0029_0029.jpg 1 113 142 29 29
1215_0029_0021_0128_0128.jpg 1 29 21 128 128
1216_0055_0048_0048_0048.jpg 1 55 48 48 48
1217_0033_0057_0150_0150.jpg 1 33 57 150 150
1218_0099_0045_0066_0066.jpg 1 99 45 66 66
1219_0073_0070_0051_0051.jpg 1 73 70 51 51
1220_0112_0037_0073_0073.jpg 1 112 37 73 73
1221_0011_0053_0137_0137.jpg 1 11 53 137 137
1222_0106_0122_0047_0047.jpg 1 106 122 47 47
1223_0106_0141_0046_0046.jpg 1 106 141 46 46
1224_0013_0053_0113_0113.jpg 1 13 53 113 113
1225_0040_0032_0035_0035.jpg 1 40 32 35 35
1226_0054_0029_0153_0153.jpg 1 54 29 153 153
1227_0009_0046_0145_0145.jpg 1 9 46 145 145
1228_0036_0045_0138_0138.jpg 1 36 45 138 138
1229_0064_0075_0075_0075.jpg 1 64 75 75 75
1230_0043_0011_0136_0136.jpg 1 43 11 136 136
1231_0055_0054_0067_0067.jpg 1 55 54 67 67
1232_0107_0098_0086_0086.jpg 1 107 98 86 86
1233_0100_0096_0081_0081.jpg 1 100 96 81 81
1234_0025_0084_0079_0079.jpg 1 25 84 79 79
1235_0061_0034_0134_0134.jpg 1 61 34 134 134
1236_0015_0072_0129_0129.jpg 1 15 72 129 129
1237_0056_0046_0110_0110.jpg 1 56 46 110 110
1238_0058_0072_0118_0118.jpg 1 58 72 118 118
1239_0075_0109_0083_0083.jpg 1 75 109 83 83
1240_0042_0048_0098_0098.jpg 1 42 48 98 98
1241_0066_0083_0116_0116.jpg 1 66 83 116 116
1242_0025_0039_0132_0132.jpg 1 25 39 132 132
1243_0061_0018_0132_0132.jpg 1 61 18 132 132
1244_0050_0101_0088_0088.jpg 1 50 101 88 88
1245_0037_0016_0155_0155.jpg 1 37 16 155 155
1246_0054_0032_0094_0094.jpg 1 54 32 94 94
1247_0061_0028_0130_0130.jpg 1 61 28 130 130
1248_0076_0026_0114_0114.jpg 1 76 26 114 114
1249_0072_0038_0044_0044.jpg 1 72 38 44 44
1250_0070_0087_0086_0086.jpg 1 70 87 86 86
1251_0029_0055_0151_0151.jpg 1 29 55 151 151
1252_0083_0066_0104_0104.jpg 1 83 66 104 104
1253_0074_0084_0056_0056.jpg 1 74 84 56 56
1254_0089_0062_0089_0089.jpg 1 89 62 89 89
1255_0056_0048_0144_0144.jpg 1 56 48 144 144
1256_0054_0023_0119_0119.jpg 1 54 23 119 119
1257_0057_0083_0064_0064.jpg 1 57 83 64 64
1258_0052_0050_0064_0064.jpg 1 52 50 64 64
1259_0033_0072_0068_0068.jpg 1 33 72 68 68
1260_0078_0032_0031_0031.jpg 1 78 32 31 31
1261_0071_0037_0062_0062.jpg 1 71 37 62 62
1262_0111_0093_0043_0043.jpg 1 111 93 43 43
1263_0038_0058_0148_0148.jpg 1 38 58 148 148
1264_0068_0098_0061_0061.jpg 1 68 98 61 61
1265_0017_0038_0098_0098.jpg 1 17 38 98 98
1266_0021_0042_0090_0090.jpg 1 21 42 90 90
1267_0040_0029_0097_0097.jpg 1 40 29 97 97
1268_0025_0050_0120_0120.jpg 1 25 50 120 120
1269_0032_0023_0137_0137.jpg 1 32 23 137 137
1270_0009_0044_0153_0153.jpg 1 9 44 153 153
1271_0103_0013_0093_0093.jpg 1 103 13 93 93
1272_0039_0012_0147_0147.jpg 1 39 12 147 147
1273_0147_0051_0040_0040.jpg 1 147 51 40 40
1274_0032_0054_0103_0103.jpg 1 32 54 103 103
1275_0096_0070_0066_0066.jpg 1 96 70 66 66
1276_0076_0037_0080_0080.jpg 1 76 37 80 80
1277_0069_0017_0103_0103.jpg 1 69 17 103 103
1278_0084_0116_0063_0063.jpg 1 84 116 63 63
1279_0074_0026_0052_0052.jpg 1 74 26 52 52
1280_0024_0013_0097_0097.jpg 1 24 13 97 97
1281_0025_0014_0126_0126.jpg 1 25 14 126 126
1282_0061_0050_0125_0125.jpg 1 61 50 125 125
1283_0087_0066_0098_0098.jpg 1 87 66 98 98
1284_0055_0042_0089_0089.jpg 1 55 42 89 89
1285_0028_0066_0105_0105.jpg 1 28 66 105 105
1286_0104_0073_0092_0092.jpg 1 104 73 92 92
1287_0137_0075_0049_0049.jpg 1 137 75 49 49
1288_0049_0033_0137_0137.jpg 1 49 33 137 137
1289_0110_0046_0074_0074.jpg 1 110 46 74 74
1290_0026_0098_0030_0030.jpg 1 26 98 30 30
1291_0023_0116_0042_0042.jpg 1 23 116 42 42
1292_0036_0037_0140_0140.jpg 1 36 37 140 140
1293_0034_0053_0120_0120.jpg 1 34 53 120 120
1294_0063_0069_0131_0131.jpg 1 63 69 131 131
1295_0037_0041_0150_0150.jpg 1 37 41 150 150
1296_0031_0039_0154_0154.jpg 1 31 39 154 154
1297_0095_0079_0060_0060.jpg 1 95 79 60 60
1298_0023_0038_0145_0145.jpg 1 23 38 145 145
1299_0028_0101_0033_0033.jpg 1 28 101 33 33
1300_0029_0131_0052_0052.jpg 1 29 131 52 52
1301_0044_0042_0111_0111.jpg 1 44 42 111 111
1302_0111_0022_0044_0044.jpg 1 111 22 44 44
1303_0028_0045_0116_0116.jpg 1 28 45 116 116
1304_0074_0083_0084_0084.jpg 1 74 83 84 84
1305_0068_0056_0096_0096.jpg 1 68 56 96 96
1306_0017_0058_0089_0089.jpg 1 17 58 89 89
1307_0032_0026_0146_0146.jpg 1 32 26 146 146
1308_0107_0043_0053_0053.jpg 1 107 43 53 53
1309_0053_0039_0112_0112.jpg 1 53 39 112 112
1310_0027_0065_0139_0139.jpg 1 27 65 139 139
1311_0083_0039_0042_0042.jpg 1 83 39 42 42
1312_0039_0010_0153_0153.jpg 1 39 10 153 153
1313_0029_0029_0148_0148.jpg 1 29 29 148 148
1314_0071_0040_0045_0045.jpg 1 71 40 45 45
1315_0050_0054_0137_0137.jpg 1 50 54 137 137
1316_0032_0024_0144_0144.jpg 1 32 24 144 144
1317_0113_0023_0061_0061.jpg 1 113 23 61 61
1318_0026_0113_0076_0076.jpg 1 26 113 76 76
1319_0028_0036_0141_0141.jpg 1 28 36 141 141
1320_0092_0109_0029_0029.jpg 1 92 109 29 29
1321_0045_0058_0111_0111.jpg 1 45 58 111 111
1322_0078_0108_0052_0052.jpg 1 78 108 52 52
1323_0055_0049_0113_0113.jpg 1 55 49 113 113
1324_0154_0066_0026_0026.jpg 1 154 66 26 26
1325_0054_0018_0084_0084.jpg 1 54 18 84 84
1326_0031_0099_0063_0063.jpg 1 31 99 63 63
1327_0117_0127_0039_0039.jpg 1 117 127 39 39
1328_0022_0019_0152_0152.jpg 1 22 19 152 152
1329_0099_0118_0038_0038.jpg 1 99 118 38 38
1330_0047_0043_0149_0149.jpg 1 47 43 149 149
1331_0024_0023_0122_0122.jpg 1 24 23 122 122
1332_0101_0059_0033_0033.jpg 1 101 59 33 33
1333_0025_0009_0144_0144.jpg 1 25 9 144 144
1334_0026_0016_0144_0144.jpg 1 26 16 144 144
1335_0062_0022_0081_0081.jpg 1 62 22 81 81
1336_0054_0073_0045_0045.jpg 1 54 73 45 45
1337_0062_0047_0108_0108.jpg 1 62 47 108 108
1338_0020_0076_0112_0112.jpg 1 20 76 112 112
1339_0034_0030_0128_0128.jpg 1 34 30 128 128
1340_0036_0023_0139_0139.jpg 1 36 23 139 139
1341_0084_0072_0053_0053.jpg 1 84 72 53 53
1342_0079_0038_0092_0092.jpg 1 79 38 92 92
1343_0102_0048_0075_0075.jpg 1 102 48 75 75
1344_0086_0097_0056_0056.jpg 1 86 97 56 56
1345_0101_0077_0065_0065.jpg 1 101 77 65 65
1346_0088_0096_0056_0056.jpg 1 88 96 56 56
1347_0054_0094_0092_0092.jpg 1 54 94 92 92
1348_0041_0032_0058_0058.jpg 1 41 32 58 58
1349_0022_0029_0139_0139.jpg 1 22 29 139 139
1350_0028_0099_0096_0096.jpg 1 28 99 96 96
1351_0016_0054_0132_0132.jpg 1 16 54 132 132
1352_0046_0099_0058_0058.jpg 1 46 99 58 58
1353_0090_0100_0055_0055.jpg 1 90 100 55 55
1354_0036_0050_0129_0129.jpg 1 36 50 129 129
1355_0035_0059_0037_0037.jpg 1 35 59 37 37
1356_0043_0038_0139_0139.jpg 1 43 38 139 139
1357_0022_0062_0085_0085.jpg 1 22 62 85 85
1358_0037_0058_0124_0124.jpg 1 37 58 124 124
1359_0120_0128_0027_0027.jpg 1 120 128 27 27
1360_0051_0018_0098_0098.jpg 1 51 18 98 98
1361_0094_0038_0085_0085.jpg 1 94 38 85 85
1362_0063_0032_0142_0142.jpg 1 63 32 142 142
1363_0108_0063_0026_0026.jpg 1 108 63 26 26
1364_0027_0051_0118_0118.jpg 1 27 51 118 118
1365_0053_0009_0155_0155.jpg 1 53 9 155 155
1366_0017_0018_0132_0132.jpg 1 17 18 132 132
1367_0007_0034_0156_0156.jpg 1 7 34 156 156
1368_0096_0058_0066_0066.jpg 1 96 58 66 66
1369_0120_0037_0031_0031.jpg 1 120 37 31 31
1370_0049_0021_0093_0093.jpg 1 49 21 93 93
1371_0010_0029_0131_0131.jpg 1 10 29 131 131
1372_0110_0062_0058_0058.jpg 1 110 62 58 58
1373_0136_0111_0036_0036.jpg 1 136 111 36 36
1374_0066_0046_0119_0119.jpg 1 66 46 119 119
1375_0034_0048_0141_0141.jpg 1 34 48 141 141
1376_0045_0026_0150_0150.jpg 1 45 26 150 150
1377_0075_0078_0071_0071.jpg 1 75 78 71 71
1378_0030_0125_0043_0043.jpg 1 30 125 43 43
1379_0066_0100_0057_0057.jpg 1 66 100 57 57
1380_0034_0155_0028_0028.jpg 1 34 155 28 28
1381_0080_0049_0045_0045.jpg 1 80 49 45 45
1382_0074_0064_0122_0122.jpg 1 74 64 122 122
1383_0020_0129_0050_0050.jpg 1 20 129 50 50
1384_0061_0018_0048_0048.jpg 1 61 18 48 48
1385_0030_0127_0032_0032.jpg 1 30 127 32 32
1386_0108_0021_0075_0075.jpg 1 108 21 75 75
1387_0057_0019_0054_0054.jpg 1 57 19 54 54
1388_0029_0045_0093_0093.jpg 1 29 45 93 93
1389_0025_0042_0097_0097.jpg 1 25 42 97 97
1390_0098_0097_0080_0080.jpg 1 98 97 80 80
1391_0084_0031_0081_0081.jpg 1 84 31 81 81
1392_0018_0033_0101_0101.jpg 1 18 33 101 101
1393_0061_0037_0141_0141.jpg 1 61 37 141 141
1394_0029_0031_0054_0054.jpg 1 29 31 54 54
1395_0040_0060_0140_0140.jpg 1 40 60 140 140
1396_0101_0054_0072_0072.jpg 1 101 54 72 72
1397_0038_0049_0077_0077.jpg 1 38 49 77 77
1398_0033_0021_0077_0077.jpg 1 33 21 77 77
1399_0022_0061_0116_0116.jpg 1 22 61 116 116
1400_0037_0148_0033_0033.jpg 1 37 148 33 33
1401_0059_0117_0068_0068.jpg 1 59 117 68 68
1402_0041_0036_0073_0073.jpg 1 41 36 73 73
1403_0102_0077_0067_0067.jpg 1 102 77 67 67
1404_0033_0020_0070_0070.jpg 1 33 20 70 70
1405_0070_0060_0050_0050.jpg 1 70 60 50 50
1406_0093_0082_0071_0071.jpg 1 93 82 71 71
1407_0065_0013_0096_0096.jpg 1 65 13 96 96
1408_0047_0106_0084_0084.jpg 1 47 106 84 84
1409_0124_0081_0050_0050.jpg 1 124 81 50 50
1410_0033_0077_0075_0075.jpg 1 33 77 75 75
1411_0053_0098_0092_0092.jpg 1 53 98 92 92
1412_0042_0063_0056_0056.jpg 1 42 63 56 56
1413_0047_0012_0119_0119.jpg 1 47 12 119 119
1414_0075_0044_0124_0124.jpg 1 75 44 124 124
1415_0053_0071_0134_0134.jpg 1 53 71 134 134
1416_0083_0096_0061_0061.jpg 1 83 96 61 61
1417_0125_0156_0026_0026.jpg 1 125 156 26 26
1418_0096_0034_0096_0096.jpg 1 96 34 96 96
1419_0035_0021_0155_0155.jpg 1 35 21 155 155
1420_0052_0037_0154_0154.jpg 1 52 37 154 154
1421_0023_0045_0024_0024.jpg 1 23 45 24 24
1422_0062_0046_0132_0132.jpg 1 62 46 132 132
1423_0030_0059_0121_0121.jpg 1 30 59 121 121
1424_0104_0110_0055_0055.jpg 1 104 110 55 55
1425_0017_0016_0078_0078.jpg 1 17 16 78 78
1426_0055_0061_0143_0143.jpg 1 55 61 143 143
1427_0104_0056_0046_0046.jpg 1 104 56 46 46
1428_0138_0078_0046_0046.jpg 1 138 78 46 46
1429_0027_0045_0132_0132.jpg 1 27 45 132 132
1430_0084_0026_0053_0053.jpg 1 84 26 53 53
1431_0041_0020_0142_0142.jpg 1 41 20 142 142
1432_0015_0050_0148_0148.jpg 1 15 50 148 148
1433_0069_0081_0102_0102.jpg 1 69 81 102 102
1434_0047_0039_0100_0100.jpg 1 47 39 100 100
1435_0079_0038_0063_0063.jpg 1 79 38 63 63
1436_0018_0044_0091_0091.jpg 1 18 44 91 91
1437_0091_0020_0045_0045.jpg 1 91 20 45 45
1438_0051_0042_0075_0075.jpg 1 51 42 75 75
1439_0019_0059_0100_0100.jpg 1 19 59 100 100
1440_0057_0054_0088_0088.jpg 1 57 54 88 88
1441_0094_0097_0069_0069.jpg 1 94 97 69 69
1442_0047_0027_0131_0131.jpg 1 47 27 131 131
1443_0097_0075_0077_0077.jpg 1 97 75 77 77
1444_0058_0086_0089_0089.jpg 1 58 86 89 89
1445_0021_0059_0139_0139.jpg 1 21 59 139 139
1446_0025_0034_0057_0057.jpg 1 25 34 57 57
1447_0057_0066_0121_0121.jpg 1 57 66 121 121
1448_0070_0063_0119_0119.jpg 1 70 63 119 119
1449_0032_0012_0114_0114.jpg 1 32 12 114 114
1450_0082_0076_0081_0081.jpg 1 82 76 81 81
1451_0077_0027_0091_0091.jpg 1 77 27 91 91
1452_0030_0073_0108_0108.jpg 1 30 73 108 108
1453_0022_0036_0141_0141.jpg 1 22 36 141 141
1454_0063_0103_0073_0073.jpg 1 63 103 73 73
1455_0026_0021_0065_0065.jpg 1 26 21 65 65
1456_0033_0142_0024_0024.jpg 1 33 142 24 24
1457_0038_0068_0104_0104.jpg 1 38 68 104 104
1458_0040_0129_0032_0032.jpg 1 40 129 32 32
1459_0043_0057_0149_0149.jpg 1 43 57 149 149
1460_0117_0035_0028_0028.jpg 1 117 35 28 28
1461_0053_0126_0042_0042.jpg 1 53 126 42 42
1462_0040_0073_0043_0043.jpg 1 40 73 43 43
1463_0072_0069_0113_0113.jpg 1 72 69 113 113
1464_0027_0087_0106_0106.jpg 1 27 87 106 106
1465_0035_0044_0124_0124.jpg 1 35 44 124 124
1466_0040_0030_0091_0091.jpg 1 40 30 91 91
1467_0046_0057_0053_0053.jpg 1 46 57 53 53
1468_0105_0056_0074_0074.jpg 1 105 56 74 74
1469_0065_0036_0118_0118.jpg 1 65 36 118 118
1470_0024_0126_0036_0036.jpg 1 24 126 36 36
1471_0042_0054_0033_0033.jpg 1 42 54 33 33
1472_0041_0037_0150_0150.jpg 1 41 37 150 150
1473_0069_0050_0132_0132.jpg 1 69 50 132 132
1474_0142_0039_0040_0040.jpg 1 142 39 40 40
1475_0078_0090_0031_0031.jpg 1 78 90 31 31
1476_0022_0086_0109_0109.jpg 1 22 86 109 109
1477_0049_0054_0066_0066.jpg 1 49 54 66 66
1478_0105_0023_0075_0075.jpg 1 105 23 75 75
1479_0063_0048_0132_0132.jpg 1 63 48 132 132
1480_0052_0095_0043_0043.jpg 1 52 95 43 43
1481_0069_0051_0129_0129.jpg 1 69 51 129 129
1482_0037_0026_0048_0048.jpg 1 37 26 48 48
1483_0021_0011_0109_0109.jpg 1 21 11 109 109
1484_0100_0094_0090_0090.jpg 1 100 94 90 90
1485_0036_0077_0073_0073.jpg 1 36 77 73 73
1486_0075_0059_0115_0115.jpg 1 75 59 115 115
1487_0082_0090_0098_0098.jpg 1 82 90 98 98
1488_0027_0056_0041_0041.jpg 1 27 56 41 41
1489_0099_0106_0030_0030.jpg 1 99 106 30 30
1490_0011_0073_0132_0132.jpg 1 11 73 132 132
1491_0071_0017_0055_0055.jpg 1 71 17 55 55
1492_0038_0060_0138_0138.jpg 1 38 60 138 138
1493_0057_0012_0116_0116.jpg 1 57 12 116 116
1494_0024_0015_0075_0075.jpg 1 24 15 75 75
1495_0061_0017_0117_0117.jpg 1 61 17 117 117
1496_0125_0072_0046_0046.jpg 1 125 72 46 46
1497_0031_0067_0104_0104.jpg 1 31 67 104 104
1498_0041_0096_0035_0035.jpg 1 41 96 35 35
1499_0146_0119_0037_0037.jpg 1 146 119 37 37
1500_0053_0037_0127_0127.jpg 1 53 37 127 127
1501_0091_0047_0104_0104.jpg 1 91 47 104 104
1502_0067_0061_0029_0029.jpg 1 67 61 29 29
1503_0115_0116_0033_0033.jpg 1 115 116 33 33
1504_0046_0058_0145_0145.jpg 1 46 58 145 145
1505_0075_0063_0075_0075.jpg 1 75 63 75 75
1506_0079_0035_0038_0038.jpg 1 79 35 38 38
1507_0015_0052_0149_0149.jpg 1 15 52 149 149
1508_0087_0068_0108_0108.jpg 1 87 68 108 108
1509_0122_0033_0032_0032.jpg 1 122 33 32 32
1510_0057_0063_0077_0077.jpg 1 57 63 77 77
1511_0039_0029_0076_0076.jpg 1 39 29 76 76
1512_0024_0028_0115_0115.jpg 1 24 28 115 115
1513_0017_0037_0066_0066.jpg 1 17 37 66 66
1514_0030_0026_0048_0048.jpg 1 30 26 48 48
1515_0032_0057_0111_0111.jpg 1 32 57 111 111
1516_0020_0022_0060_0060.jpg 1 20 22 60 60
1517_0071_0047_0085_0085.jpg 1 71 47 85 85
1518_0064_0092_0064_0064.jpg 1 64 92 64 64
1519_0055_0063_0048_0048.jpg 1 55 63 48 48
1520_0061_0116_0029_0029.jpg 1 61 116 29 29
1521_0029_0044_0091_0091.jpg 1 29 44 91 91
1522_0042_0081_0037_0037.jpg 1 42 81 37 37
1523_0022_0053_0128_0128.jpg 1 22 53 128 128
1524_0022_0040_0135_0135.jpg 1 22 40 135 135
1525_0079_0081_0060_0060.jpg 1 79 81 60 60
1526_0050_0049_0139_0139.jpg 1 50 49 139 139
1527_0116_0145_0039_0039.jpg 1 116 145 39 39
1528_0041_0020_0140_0140.jpg 1 41 20 140 140
1529_0026_0122_0034_0034.jpg 1 26 122 34 34
1530_0017_0091_0083_0083.jpg 1 17 91 83 83
1531_0019_0054_0103_0103.jpg 1 19 54 103 103
1532_0080_0028_0121_0121.jpg 1 80 28 121 121
1533_0023_0090_0097_0097.jpg 1 23 90 97 97
1534_0013_0011_0141_0141.jpg 1 13 11 141 141
1535_0129_0045_0036_0036.jpg 1 129 45 36 36
1536_0078_0024_0037_0037.jpg 1 78 24 37 37
1537_0045_0085_0116_0116.jpg 1 45 85 116 116
1538_0078_0098_0076_0076.jpg 1 78 98 76 76
1539_0053_0011_0151_0151.jpg 1 53 11 151 151
1540_0021_0046_0156_0156.jpg 1 21 46 156 156
1541_0017_0018_0059_0059.jpg 1 17 18 59 59
1542_0148_0129_0035_0035.jpg 1 148 129 35 35
1543_0018_0038_0122_0122.jpg 1 18 38 122 122
1544_0085_0078_0116_0116.jpg 1 85 78 116 116
1545_0070_0067_0088_0088.jpg 1 70 67 88 88
1546_0038_0092_0057_0057.jpg 1 38 92 57 57
1547_0008_0010_0136_0136.jpg 1 8 10 136 136
1548_0099_0069_0094_0094.jpg 1 99 69 94 94
1549_0013_0021_0116_0116.jpg 1 13 21 116 116
1550_0071_0033_0069_0069.jpg 1 71 33 69 69
1551_0103_0096_0051_0051.jpg 1 103 96 51 51
1552_0094_0031_0097_0097.jpg 1 94 31 97 97
1553_0116_0099_0060_0060.jpg 1 116 99 60 60
1554_0008_0054_0138_0138.jpg 1 8 54 138 138
1555_0011_0050_0134_0134.jpg 1 11 50 134 134
1556_0021_0120_0026_0026.jpg 1 21 120 26 26
1557_0049_0058_0128_0128.jpg 1 49 58 128 128
1558_0011_0029_0141_0141.jpg 1 11 29 141 141
1559_0051_0028_0108_0108.jpg 1 51 28 108 108
1560_0134_0066_0045_0045.jpg 1 134 66 45 45
1561_0040_0060_0145_0145.jpg 1 40 60 145 145
1562_0020_0013_0116_0116.jpg 1 20 13 116 116
1563_0101_0020_0055_0055.jpg 1 101 20 55 55
1564_0053_0156_0026_0026.jpg 1 53 156 26 26
1565_0045_0033_0082_0082.jpg 1 45 33 82 82
1566_0047_0039_0064_0064.jpg 1 47 39 64 64
1567_0051_0081_0063_0063.jpg 1 51 81 63 63
1568_0068_0114_0046_0046.jpg 1 68 114 46 46
1569_0113_0109_0035_0035.jpg 1 113 109 35 35
1570_0028_0015_0131_0131.jpg 1 28 15 131 131
1571_0017_0025_0153_0153.jpg 1 17 25 153 153
1572_0036_0045_0097_0097.jpg 1 36 45 97 97
1573_0028_0101_0056_0056.jpg 1 28 101 56 56
1574_0131_0057_0026_0026.jpg 1 131 57 26 26
1575_0088_0101_0070_0070.jpg 1 88 101 70 70
1576_0077_0056_0026_0026.jpg 1 77 56 26 26
1577_0081_0031_0114_0114.jpg 1 81 31 114 114
1578_0053_0036_0038_0038.jpg 1 53 36 38 38
1579_0036_0036_0146_0146.jpg 1 36 36 146 146
1580_0107_0039_0074_0074.jpg 1 107 39 74 74
1581_0032_0010_0138_0138.jpg 1 32 10 138 138
1582_0083_0061_0050_0050.jpg 1 83 61 50 50
1583_0100_0056_0098_0098.jpg 1 100 56 98 98
1584_0049_0073_0081_0081.jpg 1 49 73 81 81
1585_0074_0034_0111_0111.jpg 1 74 34 111 111
1586_0037_0055_0147_0147.jpg 1 37 55 147 147
1587_0066_0050_0094_0094.jpg 1 66 50 94 94
1588_0120_0099_0069_0069.jpg 1 120 99 69 69
1589_0019_0081_0033_0033.jpg 1 19 81 33 33
1590_0030_0090_0072_0072.jpg 1 30 90 72 72
1591_0017_0015_0138_0138.jpg 1 17 15 138 138
1592_0042_0049_0103_0103.jpg 1 42 49 103 103
1593_0024_0058_0047_0047.jpg 1 24 58 47 47
1594_0017_0031_0091_0091.jpg 1 17 31 91 91
1595_0036_0024_0104_0104.jpg 1 36 24 104 104
1596_0047_0053_0144_0144.jpg 1 47 53 144 144
1597_0055_0014_0113_0113.jpg 1 55 14 113 113
1598_0119_0043_0056_0056.jpg 1 119 43 56 56
1599_0143_0128_0033_0033.jpg 1 143 128 33 33
1600_0074_0041_0042_0042.jpg 1 74 41 42 42
1601_0039_0020_0111_0111.jpg 1 39 20 111 111
1602_0129_0023_0059_0059.jpg 1 129 23 59 59
1603_0016_0074_0103_0103.jpg 1 16 74 103 103
1604_0024_0046_0128_0128.jpg 1 24 46 128 128
1605_0049_0042_0151_0151.jpg 1 49 42 151 151
1606_0050_0073_0038_0038.jpg 1 50 73 38 38
1607_0014_0019_0129_0129.jpg 1 14 19 129 129
1608_0139_0032_0033_0033.jpg 1 139 32 33 33
1609_0053_0025_0042_0042.jpg 1 53 25 42 42
1610_0019_0022_0131_0131.jpg 1 19 22 131 131
1611_0056_0037_0060_0060.jpg 1 56 37 60 60
1612_0053_0037_0137_0137.jpg 1 53 37 137 137
1613_0021_0068_0103_0103.jpg 1 21 68 103 103
1614_0046_0045_0062_0062.jpg 1 46 45 62 62
1615_0030_0130_0031_0031.jpg 1 30 130 31 31
1616_0065_0045_0063_0063.jpg 1 65 45 63 63
1617_0019_0067_0119_0119.jpg 1 19 67 119 119
1618_0033_0051_0061_0061.jpg 1 33 51 61 61
1619_0109_0027_0080_0080.jpg 1 109 27 80 80
1620_0059_0024_0149_0149.jpg 1 59 24 149 149
1621_0068_0016_0079_0079.jpg 1 68 16 79 79
1622_0052_0046_0153_0153.jpg 1 52 46 153 153
1623_0021_0100_0037_0037.jpg 1 21 100 37 37
1624_0010_0018_0143_0143.jpg 1 10 18 143 143
1625_0038_0135_0039_0039.jpg 1 38 135 39 39
1626_0046_0066_0050_0050.jpg 1 46 66 50 50
1627_0029_0015_0141_0141.jpg 1 29 15 141 141
1628_0068_0053_0063_0063.jpg 1 68 53 63 63
1629_0085_0099_0093_0093.jpg 1 85 99 93 93
1630_0043_0047_0062_0062.jpg 1 43 47 62 62
1631_0116_0088_0052_0052.jpg 1 116 88 52 52
1632_0082_0126_0032_0032.jpg 1 82 126 32 32
1633_0046_0050_0117_0117.jpg 1 46 50 117 117
1634_0067_0050_0136_0136.jpg 1 67 50 136 136
1635_0018_0110_0070_0070.jpg 1 18 110 70 70
1636_0020_0032_0067_0067.jpg 1 20 32 67 67
1637_0047_0087_0071_0071.jpg 1 47 87 71 71
1638_0013_0054_0146_0146.jpg 1 13 54 146 146
1639_0044_0028_0078_0078.jpg 1 44 28 78 78
1640_0029_0010_0125_0125.jpg 1 29 10 125 125
1641_0035_0037_0035_0035.jpg 1 35 37 35 35
1642_0050_0025_0098_0098.jpg 1 50 25 98 98
1643_0105_0029_0049_0049.jpg 1 105 29 49 49
1644_0046_0067_0089_0089.jpg 1 46 67 89 89
1645_0116_0015_0077_0077.jpg 1 116 15 77 77
1646_0088_0045_0081_0081.jpg 1 88 45 81 81
1647_0057_0050_0104_0104.jpg 1 57 50 104 104
1648_0144_0069_0034_0034.jpg 1 144 69 34 34
1649_0089_0046_0111_0111.jpg 1 89 46 111 111
1650_0023_0057_0089_0089.jpg 1 23 57 89 89
1651_0038_0047_0100_0100.jpg 1 38 47 100 100
1652_0026_0043_0081_0081.jpg 1 26 43 81 81
1653_0066_0033_0038_0038.jpg 1 66 33 38 38
1654_0056_0108_0059_0059.jpg 1 56 108 59 59
1655_0025_0046_0127_0127.jpg 1 25 46 127 127
1656_0044_0051_0141_0141.jpg 1 44 51 141 141
1657_0063_0051_0086_0086.jpg 1 63 51 86 86
1658_0054_0013_0133_0133.jpg 1 54 13 133 133
1659_0084_0087_0100_0100.jpg 1 84 87 100 100
1660_0038_0077_0126_0126.jpg 1 38 77 126 126
1661_0065_0067_0133_0133.jpg 1 65 67 133 133
1662_0118_0047_0040_0040.jpg 1 118 47 40 40
1663_0128_0058_0045_0045.jpg 1 128 58 45 45
1664_0032_0096_0072_0072.jpg 1 32 96 72 72
1665_0018_0055_0102_0102.jpg 1 18 55 102 102
1666_0058_0018_0117_0117.jpg 1 58 18 117 117
1667_0058_0038_0078_0078.jpg 1 58 38 78 78
1668_0018_0045_0129_0129.jpg 1 18 45 129 129
1669_0070_0063_0026_0026.jpg 1 70 63 26 26
1670_0025_0043_0114_0114.jpg 1 25 43 114 114
1671_0129_0084_0050_0050.jpg 1 129 84 50 50
1672_0022_0051_0103_0103.jpg 1 22 51 103 103
1673_0050_0076_0119_0119.jpg 1 50 76 119 119
1674_0043_0088_0038_0038.jpg 1 43 88 38 38
1675_0111_0081_0036_0036.jpg 1 111 81 36 36
1676_0017_0042_0117_0117.jpg 1 17 42 117 117
1677_0031_0083_0108_0108.jpg 1 31 83 108 108
1678_0027_0065_0056_0056.jpg 1 27 65 56 56
1679_0065_0064_0064_0064.jpg 1 65 64 64 64
1680_0032_0072_0094_0094.jpg 1 32 72 94 94
1681_0043_0057_0136_0136.jpg 1 43 57 136 136
1682_0112_0053_0026_0026.jpg 1 112 53 26 26
1683_0022_0019_0065_0065.jpg 1 22 19 65 65
1684_0071_0047_0062_0062.jpg 1 71 47 62 62
1685_0089_0081_0038_0038.jpg 1 89 81 38 38
1686_0064_0017_0094_0094.jpg 1 64 17 94 94
1687_0038_0019_0105_0105.jpg 1 38 19 105 105
1688_0034_0033_0134_0134.jpg 1 34 33 134 134
1689_0058_0052_0141_0141.jpg 1 58 52 141 141
1690_0066_0110_0045_0045.jpg 1 66 110 45 45
1691_0010_0059_0127_0127.jpg 1 10 59 127 127
1692_0013_0034_0123_0123.jpg 1 13 34 123 123
1693_0063_0031_0090_0090.jpg 1 63 31 90 90
1694_0021_0064_0133_0133.jpg 1 21 64 133 133
1695_0034_0027_0138_0138.jpg 1 34 27 138 138
1696_0027_0016_0118_0118.jpg 1 27 16 118 118
1697_0052_0015_0079_0079.jpg 1 52 15 79 79
1698_0113_0048_0078_0078.jpg 1 113 48 78 78
1699_0058_0064_0098_0098.jpg 1 58 64 98 98
1700_0018_0048_0151_0151.jpg 1 18 48 151 151
1701_0039_0051_0093_0093.jpg 1 39 51 93 93
1702_0135_0069_0050_0050.jpg 1 135 69 50 50
1703_0059_0054_0123_0123.jpg 1 59 54 123 123
1704_0077_0043_0107_0107.jpg 1 77 43 107 107
1705_0054_0048_0102_0102.jpg 1 54 48 102 102
1706_0041_0036_0133_0133.jpg 1 41 36 133 133
1707_0041_0022_0141_0141.jpg 1 41 22 141 141
1708_0013_0048_0099_0099.jpg 1 13 48 99 99
1709_0064_0109_0078_0078.jpg 1 64 109 78 78
1710_0061_0082_0117_0117.jpg 1 61 82 117 117
1711_0104_0123_0065_0065.jpg 1 104 123 65 65
1712_0150_0068_0032_0032.jpg 1 150 68 32 32
1713_0119_0060_0054_0054.jpg 1 119 60 54 54
1714_0078_0023_0120_0120.jpg 1 78 23 120 120
1715_0016_0038_0131_0131.jpg 1 16 38 131 131
1716_0018_0035_0119_0119.jpg 1 18 35 119 119
1717_0031_0016_0142_0142.jpg 1 31 16 142 142
1718_0126_0101_0057_0057.jpg 1 126 101 57 57
1719_0112_0015_0074_0074.jpg 1 112 15 74 74
1720_0091_0019_0076_0076.jpg 1 91 19 76 76
1721_0077_0087_0066_0066.jpg 1 77 87 66 66
1722_0075_0029_0101_0101.jpg 1 75 29 101 101
1723_0020_0041_0149_0149.jpg 1 20 41 149 149
1724_0052_0018_0080_0080.jpg 1 52 18 80 80
1725_0064_0016_0057_0057.jpg 1 64 16 57 57
1726_0010_0038_0151_0151.jpg 1 10 38 151 151
1727_0040_0058_0131_0131.jpg 1 40 58 131 131
1728_0054_0039_0138_0138.jpg 1 54 39 138 138
1729_0091_0036_0044_0044.jpg 1 91 36 44 44
1730_0107_0088_0042_0042.jpg 1 107 88 42 42
1731_0017_0114_0075_0075.jpg 1 17 114 75 75
1732_0093_0104_0027_0027.jpg 1 93 104 27 27
1733_0033_0028_0078_0078.jpg 1 33 28 78 78
1734_0064_0049_0105_0105.jpg 1 64 49 105 105
1735_0082_0077_0114_0114.jpg 1 82 77 114 114
1736_0114_0091_0028_0028.jpg 1 114 91 28 28
1737_0124_0118_0033_0033.jpg 1 124 118 33 33
1738_0046_0055_0028_0028.jpg 1 46 55 28 28
1739_0059_0097_0051_0051.jpg 1 59 97 51 51
1740_0051_0051_0109_0109.jpg 1 51 51 109 109
1741_0077_0083_0065_0065.jpg 1 77 83 65 65
1742_0073_0045_0082_0082.jpg 1 73 45 82 82
1743_0089_0111_0081_0081.jpg 1 89 111 81 81
1744_0101_0026_0082_0082.jpg 1 101 26 82 82
1745_0144_0039_0036_0036.jpg 1 144 39 36 36
1746_0033_0094_0070_0070.jpg 1 33 94 70 70
1747_0050_0105_0071_0071.jpg 1 50 105 71 71
1748_0083_0084_0088_0088.jpg 1 83 84 88 88
1749_0052_0063_0130_0130.jpg 1 52 63 130 130
1750_0030_0058_0132_0132.jpg 1 30 58 132 132
1751_0020_0106_0051_0051.jpg 1 20 106 51 51
1752_0016_0068_0137_0137.jpg 1 16 68 137 137
1753_0063_0045_0131_0131.jpg 1 63 45 131 131
1754_0026_0032_0079_0079.jpg 1 26 32 79 79
1755_0129_0032_0059_0059.jpg 1 129 32 59 59
1756_0023_0050_0081_0081.jpg 1 23 50 81 81
1757_0060_0049_0103_0103.jpg 1 60 49 103 103
1758_0083_0128_0027_0027.jpg 1 83 128 27 27
1759_0034_0043_0130_0130.jpg 1 34 43 130 130
1760_0014_0078_0122_0122.jpg 1 14 78 122 122
1761_0050_0054_0120_0120.jpg 1 50 54 120 120
1762_0044_0058_0064_0064.jpg 1 44 58 64 64
1763_0104_0127_0048_0048.jpg 1 104 127 48 48
1764_0038_0061_0138_0138.jpg 1 38 61 138 138
1765_0030_0060_0025_0025.jpg 1 30 60 25 25
1766_0026_0024_0143_0143.jpg 1 26 24 143 143
1767_0015_0067_0125_0125.jpg 1 15 67 125 125
1768_0061_0121_0040_0040.jpg 1 61 121 40 40
1769_0054_0058_0124_0124.jpg 1 54 58 124 124
1770_0116_0082_0067_0067.jpg 1 116 82 67 67
1771_0027_0111_0077_0077.jpg 1 27 111 77 77
1772_0079_0098_0035_0035.jpg 1 79 98 35 35
1773_0082_0086_0072_0072.jpg 1 82 86 72 72
1774_0014_0078_0094_0094.jpg 1 14 78 94 94
1775_0040_0033_0153_0153.jpg 1 40 33 153 153
1776_0065_0109_0072_0072.jpg 1 65 109 72 72
1777_0020_0094_0099_0099.jpg 1 20 94 99 99
1778_0084_0024_0113_0113.jpg 1 84 24 113 113
1779_0079_0098_0061_0061.jpg 1 79 98 61 61
1780_0027_0019_0154_0154.jpg 1 27 19 154 154
1781_0060_0035_0133_0133.jpg 1 60 35 133 133
1782_0033_0022_0129_0129.jpg 1 33 22 129 129
1783_0042_0058_0150_0150.jpg 1 42 58 150 150
1784_0026_0080_0095_0095.jpg 1 26 80 95 95
1785_0021_0061_0133_0133.jpg 1 21 61 133 133
1786_0023_0014_0100_0100.jpg 1 23 14 100 100
1787_0048_0047_0104_0104.jpg 1 48 47 104 104
1788_0016_0032_0146_0146.jpg 1 16 32 146 146
1789_0077_0087_0078_0078.jpg 1 77 87 78 78
1790_0087_0053_0086_0086.jpg 1 87 53 86 86
1791_0022_0041_0137_0137.jpg 1 22 41 137 137
1792_0026_0091_0031_0031.jpg 1 26 91 31 31
1793_0043_0041_0058_0058.jpg 1 43 41 58 58
1794_0016_0023_0129_0129.jpg 1 16 23 129 129
1795_0111_0101_0045_0045.jpg 1 111 101 45 45
1796_0097_0045_0067_0067.jpg 1 97 45 67 67
1797_0087_0087_0069_0069.jpg 1 87 87 69 69
1798_0138_0122_0049_0049.jpg 1 138 122 49 49
1799_0098_0081_0064_0064.jpg 1 98 81 64 64
1800_0039_0040_0137_0137.jpg 1 39 40 137 137
