0001_0024_0024_0130_0130.jpg 1 24 24 130 130
0002_0028_0079_0077_0077.jpg 1 28 79 77 77
0003_0048_0028_0104_0104.jpg 1 48 28 104 104
0004_0116_0102_0064_0064.jpg 1 116 102 64 64
0005_0061_0088_0057_0057.jpg 1 61 88 57 57
0006_0062_0076_0122_0122.jpg 1 62 76 122 122
0007_0102_0047_0072_0072.jpg 1 102 47 72 72
0008_0010_0023_0135_0135.jpg 1 10 23 135 135
0009_0043_0070_0092_0092.jpg 1 43 70 92 92
0010_0048_0109_0048_0048.jpg 1 48 109 48 48
0011_0028_0017_0152_0152.jpg 1 28 17 152 152
0012_0016_0033_0122_0122.jpg 1 16 33 122 122
0013_0061_0026_0125_0125.jpg 1 61 26 125 125
0014_0109_0077_0057_0057.jpg 1 109 77 57 57
0015_0020_0057_0078_0078.jpg 1 20 57 78 78
0016_0090_0149_0036_0036.jpg 1 90 149 36 36
0017_0062_0081_0121_0121.jpg 1 62 81 121 121
0018_0042_0079_0079_0079.jpg 1 42 79 79 79
0019_0018_0031_0087_0087.jpg 1 18 31 87 87
0020_0057_0013_0149_0149.jpg 1 57 13 149 149
0021_0041_0027_0152_0152.jpg 1 41 27 152 152
0022_0094_0026_0071_0071.jpg 1 94 26 71 71
0023_0133_0114_0038_0038.jpg 1 133 114 38 38
0024_0038_0072_0090_0090.jpg 1 38 72 90 90
0025_0031_0040_0116_0116.jpg 1 31 40 116 116
0026_0088_0124_0063_0063.jpg 1 88 124 63 63
0027_0077_0068_0041_0041.jpg 1 77 68 41 41
0028_0053_0048_0024_0024.jpg 1 53 48 24 24
0029_0053_0073_0113_0113.jpg 1 53 73 113 113
0030_0026_0048_0121_0121.jpg 1 26 48 121 121
0031_0079_0049_0081_0081.jpg 1 79 49 81 81
0032_0021_0031_0077_0077.jpg 1 21 31 77 77
0033_0048_0043_0117_0117.jpg 1 48 43 117 117
0034_0030_0018_0154_0154.jpg 1 30 18 154 154
0035_0052_0020_0130_0130.jpg 1 52 20 130 130
0036_0025_0032_0141_0141.jpg 1 25 32 141 141
0037_0028_0031_0074_0074.jpg 1 28 31 74 74
0038_0087_0038_0090_0090.jpg 1 87 38 90 90
0039_0023_0051_0086_0086.jpg 1 23 51 86 86
0040_0116_0025_0054_0054.jpg 1 116 25 54 54
0041_0026_0030_0111_0111.jpg 1 26 30 111 111
0042_0022_0050_0155_0155.jpg 1 22 50 155 155
0043_0053_0082_0088_0088.jpg 1 53 82 88 88
0044_0043_0037_0147_0147.jpg 1 43 37 147 147
0045_0067_0077_0035_0035.jpg 1 67 77 35 35
0046_0045_0097_0098_0098.jpg 1 45 97 98 98
0047_0121_0032_0064_0064.jpg 1 121 32 64 64
0048_0056_0012_0097_0097.jpg 1 56 12 97 97
0049_0076_0101_0039_0039.jpg 1 76 101 39 39
0050_0045_0027_0024_0024.jpg 1 45 27 24 24
0051_0044_0109_0063_0063.jpg 1 44 109 63 63
0052_0012_0016_0104_0104.jpg 1 12 16 104 104
0053_0062_0098_0092_0092.jpg 1 62 98 92 92
0054_0115_0131_0034_0034.jpg 1 115 131 34 34
0055_0055_0114_0061_0061.jpg 1 55 114 61 61
0056_0042_0033_0151_0151.jpg 1 42 33 151 151
0057_0018_0026_0122_0122.jpg 1 18 26 122 122
0058_0094_0069_0074_0074.jpg 1 94 69 74 74
0059_0046_0027_0134_0134.jpg 1 46 27 134 134
0060_0042_0042_0146_0146.jpg 1 42 42 146 146
0061_0106_0044_0024_0024.jpg 1 106 44 24 24
0062_0086_0059_0114_0114.jpg 1 86 59 114 114
0063_0015_0100_0078_0078.jpg 1 15 100 78 78
0064_0052_0010_0154_0154.jpg 1 52 10 154 154
0065_0031_0087_0088_0088.jpg 1 31 87 88 88
0066_0021_0013_0112_0112.jpg 1 21 13 112 112
0067_0066_0114_0062_0062.jpg 1 66 114 62 62
0068_0060_0027_0127_0127.jpg 1 60 27 127 127
0069_0025_0106_0084_0084.jpg 1 25 106 84 84
0070_0057_0063_0141_0141.jpg 1 57 63 141 141
0071_0046_0058_0140_0140.jpg 1 46 58 140 140
0072_0033_0031_0108_0108.jpg 1 33 31 108 108
0073_0039_0047_0042_0042.jpg 1 39 47 42 42
0074_0122_0046_0067_0067.jpg 1 122 46 67 67
0075_0025_0029_0104_0104.jpg 1 25 29 104 104
0076_0038_0038_0115_0115.jpg 1 38 38 115 115
0077_0083_0143_0039_0039.jpg 1 83 143 39 39
0078_0029_0022_0095_0095.jpg 1 29 22 95 95
0079_0035_0032_0154_0154.jpg 1 35 32 154 154
0080_0026_0071_0076_0076.jpg 1 26 71 76 76
0081_0013_0038_0155_0155.jpg 1 13 38 155 155
0082_0048_0129_0048_0048.jpg 1 48 129 48 48
0083_0035_0061_0136_0136.jpg 1 35 61 136 136
0084_0126_0085_0052_0052.jpg 1 126 85 52 52
0085_0037_0022_0155_0155.jpg 1 37 22 155 155
0086_0039_0028_0135_0135.jpg 1 39 28 135 135
0087_0019_0048_0126_0126.jpg 1 19 48 126 126
0088_0027_0053_0150_0150.jpg 1 27 53 150 150
0089_0057_0073_0031_0031.jpg 1 57 73 31 31
0090_0049_0115_0043_0043.jpg 1 49 115 43 43
0091_0029_0055_0069_0069.jpg 1 29 55 69 69
0092_0019_0062_0134_0134.jpg 1 19 62 134 134
0093_0067_0077_0106_0106.jpg 1 67 77 106 106
0094_0047_0016_0096_0096.jpg 1 47 16 96 96
0095_0038_0038_0143_0143.jpg 1 38 38 143 143
0096_0087_0061_0088_0088.jpg 1 87 61 88 88
0097_0076_0066_0118_0118.jpg 1 76 66 118 118
0098_0117_0075_0057_0057.jpg 1 117 75 57 57
0099_0020_0076_0089_0089.jpg 1 20 76 89 89
0100_0036_0137_0029_0029.jpg 1 36 137 29 29
0101_0149_0134_0034_0034.jpg 1 149 134 34 34
0102_0019_0021_0117_0117.jpg 1 19 21 117 117
0103_0118_0074_0072_0072.jpg 1 118 74 72 72
0104_0022_0023_0151_0151.jpg 1 22 23 151 151
0105_0070_0078_0033_0033.jpg 1 70 78 33 33
0106_0048_0067_0062_0062.jpg 1 48 67 62 62
0107_0063_0042_0032_0032.jpg 1 63 42 32 32
0108_0071_0112_0073_0073.jpg 1 71 112 73 73
0109_0030_0048_0123_0123.jpg 1 30 48 123 123
0110_0069_0041_0126_0126.jpg 1 69 41 126 126
0111_0053_0028_0137_0137.jpg 1 53 28 137 137
0112_0050_0052_0105_0105.jpg 1 50 52 105 105
0113_0070_0015_0098_0098.jpg 1 70 15 98 98
0114_0060_0037_0137_0137.jpg 1 60 37 137 137
0115_0103_0050_0057_0057.jpg 1 103 50 57 57
0116_0055_0028_0119_0119.jpg 1 55 28 119 119
0117_0136_0047_0034_0034.jpg 1 136 47 34 34
0118_0082_0057_0058_0058.jpg 1 82 57 58 58
0119_0028_0036_0132_0132.jpg 1 28 36 132 132
0120_0073_0052_0093_0093.jpg 1 73 52 93 93
0121_0016_0045_0113_0113.jpg 1 16 45 113 113
0122_0049_0053_0105_0105.jpg 1 49 53 105 105
0123_0030_0075_0067_0067.jpg 1 30 75 67 67
0124_0108_0067_0084_0084.jpg 1 108 67 84 84
0125_0030_0032_0152_0152.jpg 1 30 32 152 152
0126_0043_0020_0147_0147.jpg 1 43 20 147 147
0127_0059_0036_0035_0035.jpg 1 59 36 35 35
0128_0069_0121_0029_0029.jpg 1 69 121 29 29
0129_0030_0029_0144_0144.jpg 1 30 29 144 144
0130_0078_0060_0079_0079.jpg 1 78 60 79 79
0131_0116_0123_0066_0066.jpg 1 116 123 66 66
0132_0031_0011_0132_0132.jpg 1 31 11 132 132
0133_0023_0017_0153_0153.jpg 1 23 17 153 153
0134_0053_0056_0144_0144.jpg 1 53 56 144 144
0135_0018_0048_0145_0145.jpg 1 18 48 145 145
0136_0037_0060_0098_0098.jpg 1 37 60 98 98
0137_0028_0021_0149_0149.jpg 1 28 21 149 149
0138_0114_0020_0027_0027.jpg 1 114 20 27 27
0139_0065_0023_0089_0089.jpg 1 65 23 89 89
0140_0051_0041_0154_0154.jpg 1 51 41 154 154
0141_0040_0041_0139_0139.jpg 1 40 41 139 139
0142_0040_0047_0103_0103.jpg 1 40 47 103 103
0143_0028_0103_0083_0083.jpg 1 28 103 83 83
0144_0016_0056_0098_0098.jpg 1 16 56 98 98
0145_0090_0047_0087_0087.jpg 1 90 47 87 87
0146_0031_0064_0075_0075.jpg 1 31 64 75 75
0147_0123_0078_0044_0044.jpg 1 123 78 44 44
0148_0060_0079_0047_0047.jpg 1 60 79 47 47
0149_0073_0042_0119_0119.jpg 1 73 42 119 119
0150_0026_0028_0057_0057.jpg 1 26 28 57 57
0151_0078_0091_0052_0052.jpg 1 78 91 52 52
0152_0028_0041_0155_0155.jpg 1 28 41 155 155
0153_0013_0060_0129_0129.jpg 1 13 60 129 129
0154_0046_0125_0041_0041.jpg 1 46 125 41 41
0155_0030_0120_0041_0041.jpg 1 30 120 41 41
0156_0082_0072_0114_0114.jpg 1 82 72 114 114
0157_0030_0098_0092_0092.jpg 1 30 98 92 92
0158_0024_0012_0140_0140.jpg 1 24 12 140 140
0159_0051_0048_0036_0036.jpg 1 51 48 36 36
0160_0022_0076_0076_0076.jpg 1 22 76 76 76
0161_0015_0038_0142_0142.jpg 1 15 38 142 142
0162_0046_0123_0027_0027.jpg 1 46 123 27 27
0163_0083_0085_0078_0078.jpg 1 83 85 78 78
0164_0050_0071_0116_0116.jpg 1 50 71 116 116
0165_0120_0066_0056_0056.jpg 1 120 66 56 56
0166_0041_0075_0055_0055.jpg 1 41 75 55 55
0167_0042_0040_0142_0142.jpg 1 42 40 142 142
0168_0106_0080_0046_0046.jpg 1 106 80 46 46
0169_0055_0039_0094_0094.jpg 1 55 39 94 94
0170_0044_0054_0144_0144.jpg 1 44 54 144 144
0171_0058_0016_0074_0074.jpg 1 58 16 74 74
0172_0052_0007_0147_0147.jpg 1 52 7 147 147
0173_0067_0025_0086_0086.jpg 1 67 25 86 86
0174_0050_0009_0151_0151.jpg 1 50 9 151 151
0175_0041_0038_0113_0113.jpg 1 41 38 113 113
0176_0049_0094_0083_0083.jpg 1 49 94 83 83
0177_0117_0124_0048_0048.jpg 1 117 124 48 48
0178_0085_0034_0103_0103.jpg 1 85 34 103 103
0179_0055_0085_0080_0080.jpg 1 55 85 80 80
0180_0049_0037_0086_0086.jpg 1 49 37 86 86
0181_0008_0008_0140_0140.jpg 1 8 8 140 140
0182_0100_0078_0067_0067.jpg 1 100 78 67 67
0183_0029_0141_0031_0031.jpg 1 29 141 31 31
0184_0018_0133_0052_0052.jpg 1 18 133 52 52
0185_0128_0116_0027_0027.jpg 1 128 116 27 27
0186_0135_0109_0035_0035.jpg 1 135 109 35 35
0187_0103_0090_0091_0091.jpg 1 103 90 91 91
0188_0031_0061_0090_0090.jpg 1 31 61 90 90
0189_0090_0094_0066_0066.jpg 1 90 94 66 66
0190_0046_0018_0149_0149.jpg 1 46 18 149 149
0191_0058_0054_0118_0118.jpg 1 58 54 118 118
0192_0016_0056_0095_0095.jpg 1 16 56 95 95
0193_0041_0079_0065_0065.jpg 1 41 79 65 65
0194_0117_0039_0054_0054.jpg 1 117 39 54 54
0195_0097_0095_0048_0048.jpg 1 97 95 48 48
0196_0032_0033_0122_0122.jpg 1 32 33 122 122
0197_0018_0052_0141_0141.jpg 1 18 52 141 141
0198_0041_0056_0117_0117.jpg 1 41 56 117 117
0199_0027_0011_0143_0143.jpg 1 27 11 143 143
0200_0028_0052_0033_0033.jpg 1 28 52 33 33
0201_0016_0038_0155_0155.jpg 1 16 38 155 155
0202_0075_0080_0076_0076.jpg 1 75 80 76 76
0203_0064_0060_0108_0108.jpg 1 64 60 108 108
0204_0060_0068_0109_0109.jpg 1 60 68 109 109
0205_0043_0095_0084_0084.jpg 1 43 95 84 84
0206_0012_0067_0138_0138.jpg 1 12 67 138 138
0207_0057_0010_0148_0148.jpg 1 57 10 148 148
0208_0042_0094_0089_0089.jpg 1 42 94 89 89
0209_0053_0086_0096_0096.jpg 1 53 86 96 96
0210_0037_0153_0030_0030.jpg 1 37 153 30 30
0211_0030_0059_0110_0110.jpg 1 30 59 110 110
0212_0063_0093_0103_0103.jpg 1 63 93 103 103
0213_0077_0113_0081_0081.jpg 1 77 113 81 81
0214_0032_0026_0156_0156.jpg 1 32 26 156 156
0215_0078_0061_0124_0124.jpg 1 78 61 124 124
0216_0026_0041_0073_0073.jpg 1 26 41 73 73
0217_0094_0049_0088_0088.jpg 1 94 49 88 88
0218_0053_0022_0140_0140.jpg 1 53 22 140 140
0219_0016_0081_0120_0120.jpg 1 16 81 120 120
0220_0037_0014_0102_0102.jpg 1 37 14 102 102
0221_0042_0099_0076_0076.jpg 1 42 99 76 76
0222_0047_0011_0124_0124.jpg 1 47 11 124 124
0223_0047_0090_0036_0036.jpg 1 47 90 36 36
0224_0070_0130_0040_0040.jpg 1 70 130 40 40
0225_0045_0029_0048_0048.jpg 1 45 29 48 48
0226_0116_0092_0071_0071.jpg 1 116 92 71 71
0227_0108_0026_0081_0081.jpg 1 108 26 81 81
0228_0112_0080_0062_0062.jpg 1 112 80 62 62
0229_0036_0083_0110_0110.jpg 1 36 83 110 110
0230_0020_0060_0096_0096.jpg 1 20 60 96 96
0231_0058_0016_0119_0119.jpg 1 58 16 119 119
0232_0034_0014_0130_0130.jpg 1 34 14 130 130
0233_0125_0098_0031_0031.jpg 1 125 98 31 31
0234_0067_0064_0050_0050.jpg 1 67 64 50 50
0235_0054_0036_0140_0140.jpg 1 54 36 140 140
0236_0055_0087_0060_0060.jpg 1 55 87 60 60
0237_0018_0027_0143_0143.jpg 1 18 27 143 143
0238_0053_0010_0155_0155.jpg 1 53 10 155 155
0239_0028_0054_0097_0097.jpg 1 28 54 97 97
0240_0049_0108_0065_0065.jpg 1 49 108 65 65
0241_0021_0014_0143_0143.jpg 1 21 14 143 143
0242_0029_0031_0143_0143.jpg 1 29 31 143 143
0243_0028_0052_0121_0121.jpg 1 28 52 121 121
0244_0142_0025_0040_0040.jpg 1 142 25 40 40
0245_0037_0008_0149_0149.jpg 1 37 8 149 149
0246_0084_0012_0112_0112.jpg 1 84 12 112 112
0247_0076_0104_0037_0037.jpg 1 76 104 37 37
0248_0074_0068_0076_0076.jpg 1 74 68 76 76
0249_0091_0033_0024_0024.jpg 1 91 33 24 24
0250_0025_0024_0149_0149.jpg 1 25 24 149 149
0251_0023_0046_0140_0140.jpg 1 23 46 140 140
0252_0114_0045_0068_0068.jpg 1 114 45 68 68
0253_0079_0016_0092_0092.jpg 1 79 16 92 92
0254_0007_0048_0154_0154.jpg 1 7 48 154 154
0255_0102_0106_0057_0057.jpg 1 102 106 57 57
0256_0063_0026_0121_0121.jpg 1 63 26 121 121
0257_0056_0135_0054_0054.jpg 1 56 135 54 54
0258_0048_0018_0086_0086.jpg 1 48 18 86 86
0259_0034_0012_0147_0147.jpg 1 34 12 147 147
0260_0016_0041_0103_0103.jpg 1 16 41 103 103
0261_0136_0112_0031_0031.jpg 1 136 112 31 31
0262_0017_0063_0116_0116.jpg 1 17 63 116 116
0263_0061_0024_0089_0089.jpg 1 61 24 89 89
0264_0087_0072_0049_0049.jpg 1 87 72 49 49
0265_0080_0049_0097_0097.jpg 1 80 49 97 97
0266_0021_0059_0109_0109.jpg 1 21 59 109 109
0267_0137_0039_0052_0052.jpg 1 137 39 52 52
0268_0033_0063_0079_0079.jpg 1 33 63 79 79
0269_0048_0069_0075_0075.jpg 1 48 69 75 75
0270_0051_0071_0102_0102.jpg 1 51 71 102 102
0271_0117_0028_0048_0048.jpg 1 117 28 48 48
0272_0023_0059_0055_0055.jpg 1 23 59 55 55
0273_0054_0051_0121_0121.jpg 1 54 51 121 121
0274_0078_0090_0036_0036.jpg 1 78 90 36 36
0275_0098_0025_0076_0076.jpg 1 98 25 76 76
0276_0049_0019_0137_0137.jpg 1 49 19 137 137
0277_0027_0014_0144_0144.jpg 1 27 14 144 144
0278_0081_0085_0098_0098.jpg 1 81 85 98 98
0279_0076_0031_0062_0062.jpg 1 76 31 62 62
0280_0044_0037_0119_0119.jpg 1 44 37 119 119
0281_0018_0120_0058_0058.jpg 1 18 120 58 58
0282_0016_0077_0111_0111.jpg 1 16 77 111 111
0283_0087_0077_0103_0103.jpg 1 87 77 103 103
0284_0038_0108_0055_0055.jpg 1 38 108 55 55
0285_0063_0052_0047_0047.jpg 1 63 52 47 47
0286_0094_0105_0039_0039.jpg 1 94 105 39 39
0287_0034_0068_0031_0031.jpg 1 34 68 31 31
0288_0011_0062_0126_0126.jpg 1 11 62 126 126
0289_0061_0067_0025_0025.jpg 1 61 67 25 25
0290_0048_0080_0082_0082.jpg 1 48 80 82 82
0291_0074_0078_0047_0047.jpg 1 74 78 47 47
0292_0026_0051_0156_0156.jpg 1 26 51 156 156
0293_0059_0070_0076_0076.jpg 1 59 70 76 76
0294_0030_0053_0148_0148.jpg 1 30 53 148 148
0295_0065_0048_0140_0140.jpg 1 65 48 140 140
0296_0040_0048_0133_0133.jpg 1 40 48 133 133
0297_0043_0030_0045_0045.jpg 1 43 30 45 45
0298_0050_0074_0108_0108.jpg 1 50 74 108 108
0299_0093_0084_0095_0095.jpg 1 93 84 95 95
0300_0031_0041_0142_0142.jpg 1 31 41 142 142
0301_0052_0079_0103_0103.jpg 1 52 79 103 103
0302_0103_0031_0082_0082.jpg 1 103 31 82 82
0303_0010_0040_0136_0136.jpg 1 10 40 136 136
0304_0091_0017_0066_0066.jpg 1 91 17 66 66
0305_0087_0088_0095_0095.jpg 1 87 88 95 95
0306_0028_0016_0155_0155.jpg 1 28 16 155 155
0307_0044_0070_0112_0112.jpg 1 44 70 112 112
0308_0048_0097_0091_0091.jpg 1 48 97 91 91
0309_0067_0014_0134_0134.jpg 1 67 14 134 134
0310_0061_0089_0053_0053.jpg 1 61 89 53 53
0311_0095_0124_0037_0037.jpg 1 95 124 37 37
0312_0053_0026_0135_0135.jpg 1 53 26 135 135
0313_0018_0010_0136_0136.jpg 1 18 10 136 136
0314_0053_0030_0151_0151.jpg 1 53 30 151 151
0315_0012_0043_0152_0152.jpg 1 12 43 152 152
0316_0111_0109_0076_0076.jpg 1 111 109 76 76
0317_0038_0121_0059_0059.jpg 1 38 121 59 59
0318_0024_0028_0055_0055.jpg 1 24 28 55 55
0319_0050_0018_0155_0155.jpg 1 50 18 155 155
0320_0153_0043_0032_0032.jpg 1 153 43 32 32
0321_0110_0130_0053_0053.jpg 1 110 130 53 53
0322_0043_0013_0130_0130.jpg 1 43 13 130 130
0323_0085_0040_0107_0107.jpg 1 85 40 107 107
0324_0078_0074_0038_0038.jpg 1 78 74 38 38
0325_0122_0029_0052_0052.jpg 1 122 29 52 52
0326_0107_0039_0039_0039.jpg 1 107 39 39 39
0327_0042_0074_0058_0058.jpg 1 42 74 58 58
0328_0013_0015_0153_0153.jpg 1 13 15 153 153
0329_0018_0049_0037_0037.jpg 1 18 49 37 37
0330_0045_0040_0093_0093.jpg 1 45 40 93 93
0331_0020_0090_0064_0064.jpg 1 20 90 64 64
0332_0013_0023_0150_0150.jpg 1 13 23 150 150
0333_0112_0069_0073_0073.jpg 1 112 69 73 73
0334_0025_0047_0085_0085.jpg 1 25 47 85 85
0335_0079_0099_0082_0082.jpg 1 79 99 82 82
0336_0083_0083_0031_0031.jpg 1 83 83 31 31
0337_0021_0048_0135_0135.jpg 1 21 48 135 135
0338_0051_0040_0096_0096.jpg 1 51 40 96 96
0339_0033_0071_0050_0050.jpg 1 33 71 50 50
0340_0098_0112_0033_0033.jpg 1 98 112 33 33
0341_0030_0044_0142_0142.jpg 1 30 44 142 142
0342_0127_0105_0051_0051.jpg 1 127 105 51 51
0343_0053_0111_0074_0074.jpg 1 53 111 74 74
0344_0028_0082_0112_0112.jpg 1 28 82 112 112
0345_0041_0021_0155_0155.jpg 1 41 21 155 155
0346_0045_0082_0088_0088.jpg 1 45 82 88 88
0347_0097_0098_0078_0078.jpg 1 97 98 78 78
0348_0055_0016_0151_0151.jpg 1 55 16 151 151
0349_0023_0023_0126_0126.jpg 1 23 23 126 126
0350_0056_0032_0137_0137.jpg 1 56 32 137 137
0351_0053_0076_0086_0086.jpg 1 53 76 86 86
0352_0028_0050_0115_0115.jpg 1 28 50 115 115
0353_0069_0089_0085_0085.jpg 1 69 89 85 85
0354_0070_0104_0032_0032.jpg 1 70 104 32 32
0355_0045_0021_0141_0141.jpg 1 45 21 141 141
0356_0051_0106_0035_0035.jpg 1 51 106 35 35
0357_0093_0085_0078_0078.jpg 1 93 85 78 78
0358_0029_0028_0111_0111.jpg 1 29 28 111 111
0359_0022_0061_0099_0099.jpg 1 22 61 99 99
0360_0015_0012_0143_0143.jpg 1 15 12 143 143
0361_0035_0113_0074_0074.jpg 1 35 113 74 74
0362_0035_0049_0085_0085.jpg 1 35 49 85 85
0363_0031_0105_0034_0034.jpg 1 31 105 34 34
0364_0100_0072_0035_0035.jpg 1 100 72 35 35
0365_0050_0038_0095_0095.jpg 1 50 38 95 95
0366_0018_0041_0143_0143.jpg 1 18 41 143 143
0367_0052_0014_0149_0149.jpg 1 52 14 149 149
0368_0050_0050_0105_0105.jpg 1 50 50 105 105
0369_0073_0092_0091_0091.jpg 1 73 92 91 91
0370_0050_0023_0123_0123.jpg 1 50 23 123 123
0371_0016_0095_0088_0088.jpg 1 16 95 88 88
0372_0054_0040_0104_0104.jpg 1 54 40 104 104
0373_0052_0065_0079_0079.jpg 1 52 65 79 79
0374_0030_0015_0113_0113.jpg 1 30 15 113 113
0375_0020_0091_0051_0051.jpg 1 20 91 51 51
0376_0082_0031_0084_0084.jpg 1 82 31 84 84
0377_0062_0036_0081_0081.jpg 1 62 36 81 81
0378_0048_0033_0061_0061.jpg 1 48 33 61 61
0379_0058_0055_0141_0141.jpg 1 58 55 141 141
0380_0049_0054_0104_0104.jpg 1 49 54 104 104
0381_0061_0020_0118_0118.jpg 1 61 20 118 118
0382_0047_0061_0128_0128.jpg 1 47 61 128 128
0383_0056_0028_0112_0112.jpg 1 56 28 112 112
0384_0023_0098_0046_0046.jpg 1 23 98 46 46
0385_0089_0081_0060_0060.jpg 1 89 81 60 60
0386_0122_0038_0058_0058.jpg 1 122 38 58 58
0387_0070_0077_0085_0085.jpg 1 70 77 85 85
0388_0041_0030_0101_0101.jpg 1 41 30 101 101
0389_0050_0009_0145_0145.jpg 1 50 9 145 145
0390_0142_0054_0032_0032.jpg 1 142 54 32 32
0391_0048_0091_0082_0082.jpg 1 48 91 82 82
0392_0111_0112_0065_0065.jpg 1 111 112 65 65
0393_0030_0035_0140_0140.jpg 1 30 35 140 140
0394_0060_0044_0112_0112.jpg 1 60 44 112 112
0395_0035_0016_0143_0143.jpg 1 35 16 143 143
0396_0018_0091_0105_0105.jpg 1 18 91 105 105
0397_0059_0056_0107_0107.jpg 1 59 56 107 107
0398_0065_0027_0139_0139.jpg 1 65 27 139 139
0399_0078_0071_0120_0120.jpg 1 78 71 120 120
0400_0019_0018_0104_0104.jpg 1 19 18 104 104
0401_0035_0017_0093_0093.jpg 1 35 17 93 93
0402_0097_0066_0046_0046.jpg 1 97 66 46 46
0403_0072_0037_0111_0111.jpg 1 72 37 111 111
0404_0049_0016_0090_0090.jpg 1 49 16 90 90
0405_0048_0032_0155_0155.jpg 1 48 32 155 155
0406_0127_0081_0038_0038.jpg 1 127 81 38 38
0407_0085_0048_0024_0024.jpg 1 85 48 24 24
0408_0085_0045_0034_0034.jpg 1 85 45 34 34
0409_0115_0092_0077_0077.jpg 1 115 92 77 77
0410_0021_0030_0144_0144.jpg 1 21 30 144 144
0411_0091_0084_0042_0042.jpg 1 91 84 42 42
0412_0070_0052_0103_0103.jpg 1 70 52 103 103
0413_0133_0111_0033_0033.jpg 1 133 111 33 33
0414_0052_0070_0108_0108.jpg 1 52 70 108 108
0415_0061_0094_0055_0055.jpg 1 61 94 55 55
0416_0094_0119_0066_0066.jpg 1 94 119 66 66
0417_0064_0010_0141_0141.jpg 1 64 10 141 141
0418_0126_0093_0027_0027.jpg 1 126 93 27 27
0419_0038_0045_0102_0102.jpg 1 38 45 102 102
0420_0066_0129_0045_0045.jpg 1 66 129 45 45
0421_0049_0045_0135_0135.jpg 1 49 45 135 135
0422_0069_0062_0118_0118.jpg 1 69 62 118 118
0423_0066_0077_0110_0110.jpg 1 66 77 110 110
0424_0031_0080_0122_0122.jpg 1 31 80 122 122
0425_0032_0025_0141_0141.jpg 1 32 25 141 141
0426_0068_0075_0119_0119.jpg 1 68 75 119 119
0427_0074_0059_0051_0051.jpg 1 74 59 51 51
0428_0023_0121_0054_0054.jpg 1 23 121 54 54
0429_0076_0060_0026_0026.jpg 1 76 60 26 26
0430_0044_0070_0078_0078.jpg 1 44 70 78 78
0431_0013_0009_0154_0154.jpg 1 13 9 154 154
0432_0021_0078_0070_0070.jpg 1 21 78 70 70
0433_0108_0123_0059_0059.jpg 1 108 123 59 59
0434_0044_0082_0065_0065.jpg 1 44 82 65 65
0435_0053_0015_0151_0151.jpg 1 53 15 151 151
0436_0071_0024_0049_0049.jpg 1 71 24 49 49
0437_0038_0064_0129_0129.jpg 1 38 64 129 129
0438_0015_0045_0115_0115.jpg 1 15 45 115 115
0439_0086_0070_0112_0112.jpg 1 86 70 112 112
0440_0020_0014_0136_0136.jpg 1 20 14 136 136
0441_0035_0036_0129_0129.jpg 1 35 36 129 129
0442_0051_0033_0087_0087.jpg 1 51 33 87 87
0443_0021_0079_0054_0054.jpg 1 21 79 54 54
0444_0037_0050_0150_0150.jpg 1 37 50 150 150
0445_0123_0122_0036_0036.jpg 1 123 122 36 36
0446_0052_0109_0076_0076.jpg 1 52 109 76 76
0447_0029_0018_0106_0106.jpg 1 29 18 106 106
0448_0018_0024_0153_0153.jpg 1 18 24 153 153
0449_0031_0033_0131_0131.jpg 1 31 33 131 131
0450_0055_0057_0110_0110.jpg 1 55 57 110 110
0451_0057_0043_0068_0068.jpg 1 57 43 68 68
0452_0050_0095_0094_0094.jpg 1 50 95 94 94
0453_0158_0114_0024_0024.jpg 1 158 114 24 24
0454_0102_0024_0079_0079.jpg 1 102 24 79 79
0455_0036_0077_0074_0074.jpg 1 36 77 74 74
0456_0020_0039_0135_0135.jpg 1 20 39 135 135
0457_0053_0064_0091_0091.jpg 1 53 64 91 91
0458_0104_0098_0093_0093.jpg 1 104 98 93 93
0459_0061_0131_0048_0048.jpg 1 61 131 48 48
0460_0104_0013_0091_0091.jpg 1 104 13 91 91
0461_0062_0091_0091_0091.jpg 1 62 91 91 91
0462_0039_0016_0103_0103.jpg 1 39 16 103 103
0463_0043_0035_0117_0117.jpg 1 43 35 117 117
0464_0039_0072_0128_0128.jpg 1 39 72 128 128
0465_0044_0027_0147_0147.jpg 1 44 27 147 147
0466_0028_0016_0077_0077.jpg 1 28 16 77 77
0467_0060_0039_0106_0106.jpg 1 60 39 106 106
0468_0082_0041_0084_0084.jpg 1 82 41 84 84
0469_0121_0097_0037_0037.jpg 1 121 97 37 37
0470_0041_0056_0149_0149.jpg 1 41 56 149 149
0471_0119_0072_0040_0040.jpg 1 119 72 40 40
0472_0046_0020_0148_0148.jpg 1 46 20 148 148
0473_0079_0014_0121_0121.jpg 1 79 14 121 121
0474_0054_0058_0080_0080.jpg 1 54 58 80 80
0475_0044_0064_0100_0100.jpg 1 44 64 100 100
0476_0068_0082_0106_0106.jpg 1 68 82 106 106
0477_0088_0018_0108_0108.jpg 1 88 18 108 108
0478_0031_0044_0147_0147.jpg 1 31 44 147 147
0479_0017_0041_0146_0146.jpg 1 17 41 146 146
0480_0056_0078_0126_0126.jpg 1 56 78 126 126
0481_0018_0035_0140_0140.jpg 1 18 35 140 140
0482_0029_0044_0140_0140.jpg 1 29 44 140 140
0483_0045_0028_0093_0093.jpg 1 45 28 93 93
0484_0013_0049_0148_0148.jpg 1 13 49 148 148
0485_0030_0016_0118_0118.jpg 1 30 16 118 118
0486_0023_0153_0028_0028.jpg 1 23 153 28 28
0487_0084_0131_0049_0049.jpg 1 84 131 49 49
0488_0033_0057_0067_0067.jpg 1 33 57 67 67
0489_0058_0076_0075_0075.jpg 1 58 76 75 75
0490_0130_0043_0033_0033.jpg 1 130 43 33 33
0491_0086_0044_0033_0033.jpg 1 86 44 33 33
0492_0028_0027_0076_0076.jpg 1 28 27 76 76
0493_0058_0065_0067_0067.jpg 1 58 65 67 67
0494_0108_0063_0059_0059.jpg 1 108 63 59 59
0495_0040_0079_0119_0119.jpg 1 40 79 119 119
0496_0039_0046_0136_0136.jpg 1 39 46 136 136
0497_0039_0034_0153_0153.jpg 1 39 34 153 153
0498_0013_0051_0142_0142.jpg 1 13 51 142 142
0499_0139_0101_0025_0025.jpg 1 139 101 25 25
0500_0079_0072_0122_0122.jpg 1 79 72 122 122
0501_0070_0053_0134_0134.jpg 1 70 53 134 134
0502_0096_0058_0098_0098.jpg 1 96 58 98 98
0503_0022_0047_0133_0133.jpg 1 22 47 133 133
0504_0046_0038_0116_0116.jpg 1 46 38 116 116
0505_0062_0113_0062_0062.jpg 1 62 113 62 62
0506_0045_0037_0089_0089.jpg 1 45 37 89 89
0507_0043_0056_0076_0076.jpg 1 43 56 76 76
0508_0076_0046_0029_0029.jpg 1 76 46 29 29
0509_0052_0057_0145_0145.jpg 1 52 57 145 145
0510_0049_0031_0156_0156.jpg 1 49 31 156 156
0511_0094_0055_0045_0045.jpg 1 94 55 45 45
0512_0021_0089_0108_0108.jpg 1 21 89 108 108
0513_0067_0028_0103_0103.jpg 1 67 28 103 103
0514_0052_0070_0097_0097.jpg 1 52 70 97 97
0515_0058_0012_0101_0101.jpg 1 58 12 101 101
0516_0132_0045_0033_0033.jpg 1 132 45 33 33
0517_0095_0083_0042_0042.jpg 1 95 83 42 42
0518_0072_0023_0113_0113.jpg 1 72 23 113 113
0519_0055_0032_0127_0127.jpg 1 55 32 127 127
0520_0101_0076_0072_0072.jpg 1 101 76 72 72
0521_0027_0059_0074_0074.jpg 1 27 59 74 74
0522_0096_0018_0069_0069.jpg 1 96 18 69 69
0523_0076_0029_0115_0115.jpg 1 76 29 115 115
0524_0028_0042_0030_0030.jpg 1 28 42 30 30
0525_0042_0049_0144_0144.jpg 1 42 49 144 144
0526_0050_0086_0039_0039.jpg 1 50 86 39 39
0527_0016_0023_0097_0097.jpg 1 16 23 97 97
0528_0108_0098_0069_0069.jpg 1 108 98 69 69
0529_0028_0077_0104_0104.jpg 1 28 77 104 104
0530_0083_0063_0064_0064.jpg 1 83 63 64 64
0531_0075_0080_0108_0108.jpg 1 75 80 108 108
0532_0086_0021_0024_0024.jpg 1 86 21 24 24
0533_0056_0031_0132_0132.jpg 1 56 31 132 132
0534_0093_0033_0099_0099.jpg 1 93 33 99 99
0535_0020_0038_0085_0085.jpg 1 20 38 85 85
0536_0031_0030_0125_0125.jpg 1 31 30 125 125
0537_0046_0055_0140_0140.jpg 1 46 55 140 140
0538_0132_0036_0058_0058.jpg 1 132 36 58 58
0539_0094_0034_0081_0081.jpg 1 94 34 81 81
0540_0065_0102_0076_0076.jpg 1 65 102 76 76
0541_0030_0013_0156_0156.jpg 1 30 13 156 156
0542_0137_0117_0036_0036.jpg 1 137 117 36 36
0543_0076_0017_0071_0071.jpg 1 76 17 71 71
0544_0030_0084_0112_0112.jpg 1 30 84 112 112
0545_0064_0031_0071_0071.jpg 1 64 31 71 71
0546_0129_0080_0026_0026.jpg 1 129 80 26 26
0547_0063_0062_0122_0122.jpg 1 63 62 122 122
0548_0035_0060_0056_0056.jpg 1 35 60 56 56
0549_0040_0049_0147_0147.jpg 1 40 49 147 147
0550_0059_0042_0033_0033.jpg 1 59 42 33 33
0551_0054_0031_0147_0147.jpg 1 54 31 147 147
0552_0042_0050_0121_0121.jpg 1 42 50 121 121
0553_0063_0022_0106_0106.jpg 1 63 22 106 106
0554_0064_0026_0128_0128.jpg 1 64 26 128 128
0555_0076_0059_0117_0117.jpg 1 76 59 117 117
0556_0057_0111_0084_0084.jpg 1 57 111 84 84
0557_0018_0013_0123_0123.jpg 1 18 13 123 123
0558_0071_0087_0034_0034.jpg 1 71 87 34 34
0559_0032_0104_0070_0070.jpg 1 32 104 70 70
0560_0084_0081_0101_0101.jpg 1 84 81 101 101
0561_0059_0062_0144_0144.jpg 1 59 62 144 144
0562_0047_0053_0146_0146.jpg 1 47 53 146 146
0563_0017_0048_0077_0077.jpg 1 17 48 77 77
0564_0027_0029_0026_0026.jpg 1 27 29 26 26
0565_0109_0029_0070_0070.jpg 1 109 29 70 70
0566_0039_0086_0094_0094.jpg 1 39 86 94 94
0567_0009_0019_0156_0156.jpg 1 9 19 156 156
0568_0024_0012_0133_0133.jpg 1 24 12 133 133
0569_0044_0072_0071_0071.jpg 1 44 72 71 71
0570_0064_0101_0091_0091.jpg 1 64 101 91 91
0571_0084_0046_0091_0091.jpg 1 84 46 91 91
0572_0023_0081_0098_0098.jpg 1 23 81 98 98
0573_0038_0016_0075_0075.jpg 1 38 16 75 75
0574_0028_0051_0155_0155.jpg 1 28 51 155 155
0575_0118_0100_0031_0031.jpg 1 118 100 31 31
0576_0077_0072_0113_0113.jpg 1 77 72 113 113
0577_0030_0052_0149_0149.jpg 1 30 52 149 149
0578_0031_0077_0122_0122.jpg 1 31 77 122 122
0579_0045_0014_0126_0126.jpg 1 45 14 126 126
0580_0069_0016_0134_0134.jpg 1 69 16 134 134
0581_0020_0038_0134_0134.jpg 1 20 38 134 134
0582_0047_0047_0076_0076.jpg 1 47 47 76 76
0583_0051_0064_0118_0118.jpg 1 51 64 118 118
0584_0084_0085_0115_0115.jpg 1 84 85 115 115
0585_0007_0013_0149_0149.jpg 1 7 13 149 149
0586_0074_0066_0106_0106.jpg 1 74 66 106 106
0587_0054_0052_0062_0062.jpg 1 54 52 62 62
0588_0036_0068_0063_0063.jpg 1 36 68 63 63
0589_0069_0090_0111_0111.jpg 1 69 90 111 111
0590_0052_0030_0086_0086.jpg 1 52 30 86 86
0591_0090_0064_0079_0079.jpg 1 90 64 79 79
0592_0077_0102_0067_0067.jpg 1 77 102 67 67
0593_0012_0023_0103_0103.jpg 1 12 23 103 103
0594_0047_0012_0143_0143.jpg 1 47 12 143 143
0595_0102_0019_0048_0048.jpg 1 102 19 48 48
0596_0056_0010_0141_0141.jpg 1 56 10 141 141
0597_0023_0063_0063_0063.jpg 1 23 63 63 63
0598_0012_0063_0135_0135.jpg 1 12 63 135 135
0599_0066_0057_0134_0134.jpg 1 66 57 134 134
0600_0064_0034_0084_0084.jpg 1 64 34 84 84
0601_0063_0022_0136_0136.jpg 1 63 22 136 136
0602_0046_0083_0038_0038.jpg 1 46 83 38 38
0603_0050_0037_0108_0108.jpg 1 50 37 108 108
0604_0049_0057_0120_0120.jpg 1 49 57 120 120
0605_0082_0066_0110_0110.jpg 1 82 66 110 110
0606_0022_0067_0137_0137.jpg 1 22 67 137 137
0607_0070_0018_0043_0043.jpg 1 70 18 43 43
0608_0050_0018_0053_0053.jpg 1 50 18 53 53
0609_0051_0029_0126_0126.jpg 1 51 29 126 126
0610_0073_0077_0029_0029.jpg 1 73 77 29 29
0611_0052_0080_0046_0046.jpg 1 52 80 46 46
0612_0090_0050_0072_0072.jpg 1 90 50 72 72
0613_0109_0067_0085_0085.jpg 1 109 67 85 85
0614_0017_0064_0115_0115.jpg 1 17 64 115 115
0615_0112_0040_0061_0061.jpg 1 112 40 61 61
0616_0104_0094_0059_0059.jpg 1 104 94 59 59
0617_0045_0137_0037_0037.jpg 1 45 137 37 37
0618_0053_0105_0084_0084.jpg 1 53 105 84 84
0619_0130_0128_0028_0028.jpg 1 130 128 28 28
0620_0053_0078_0053_0053.jpg 1 53 78 53 53
0621_0012_0047_0103_0103.jpg 1 12 47 103 103
0622_0104_0107_0079_0079.jpg 1 104 107 79 79
0623_0047_0034_0145_0145.jpg 1 47 34 145 145
0624_0041_0041_0060_0060.jpg 1 41 41 60 60
0625_0026_0056_0147_0147.jpg 1 26 56 147 147
0626_0027_0085_0076_0076.jpg 1 27 85 76 76
0627_0077_0061_0119_0119.jpg 1 77 61 119 119
0628_0025_0075_0117_0117.jpg 1 25 75 117 117
0629_0096_0100_0049_0049.jpg 1 96 100 49 49
0630_0028_0045_0106_0106.jpg 1 28 45 106 106
0631_0116_0146_0030_0030.jpg 1 116 146 30 30
0632_0045_0043_0028_0028.jpg 1 45 43 28 28
0633_0067_0016_0121_0121.jpg 1 67 16 121 121
0634_0070_0054_0080_0080.jpg 1 70 54 80 80
0635_0065_0015_0140_0140.jpg 1 65 15 140 140
0636_0016_0054_0108_0108.jpg 1 16 54 108 108
0637_0018_0020_0141_0141.jpg 1 18 20 141 141
0638_0041_0028_0147_0147.jpg 1 41 28 147 147
0639_0028_0040_0036_0036.jpg 1 28 40 36 36
0640_0116_0095_0036_0036.jpg 1 116 95 36 36
0641_0038_0019_0141_0141.jpg 1 38 19 141 141
0642_0053_0018_0126_0126.jpg 1 53 18 126 126
0643_0035_0081_0103_0103.jpg 1 35 81 103 103
0644_0047_0080_0060_0060.jpg 1 47 80 60 60
0645_0094_0084_0040_0040.jpg 1 94 84 40 40
0646_0085_0068_0110_0110.jpg 1 85 68 110 110
0647_0027_0026_0026_0026.jpg 1 27 26 26 26
0648_0068_0079_0113_0113.jpg 1 68 79 113 113
0649_0012_0016_0145_0145.jpg 1 12 16 145 145
0650_0043_0062_0138_0138.jpg 1 43 62 138 138
0651_0078_0059_0116_0116.jpg 1 78 59 116 116
0652_0057_0037_0132_0132.jpg 1 57 37 132 132
0653_0012_0028_0155_0155.jpg 1 12 28 155 155
0654_0122_0115_0031_0031.jpg 1 122 115 31 31
0655_0055_0082_0107_0107.jpg 1 55 82 107 107
0656_0087_0129_0036_0036.jpg 1 87 129 36 36
0657_0074_0076_0104_0104.jpg 1 74 76 104 104
0658_0073_0050_0102_0102.jpg 1 73 50 102 102
0659_0033_0033_0130_0130.jpg 1 33 33 130 130
0660_0026_0040_0109_0109.jpg 1 26 40 109 109
0661_0031_0058_0025_0025.jpg 1 31 58 25 25
0662_0099_0021_0040_0040.jpg 1 99 21 40 40
0663_0046_0107_0045_0045.jpg 1 46 107 45 45
0664_0063_0077_0058_0058.jpg 1 63 77 58 58
0665_0048_0053_0057_0057.jpg 1 48 53 57 57
0666_0098_0108_0042_0042.jpg 1 98 108 42 42
0667_0060_0060_0123_0123.jpg 1 60 60 123 123
0668_0044_0045_0119_0119.jpg 1 44 45 119 119
0669_0042_0087_0105_0105.jpg 1 42 87 105 105
0670_0064_0016_0087_0087.jpg 1 64 16 87 87
0671_0026_0036_0120_0120.jpg 1 26 36 120 120
0672_0076_0080_0041_0041.jpg 1 76 80 41 41
0673_0091_0078_0050_0050.jpg 1 91 78 50 50
0674_0024_0032_0105_0105.jpg 1 24 32 105 105
0675_0045_0061_0120_0120.jpg 1 45 61 120 120
0676_0104_0019_0083_0083.jpg 1 104 19 83 83
0677_0061_0040_0051_0051.jpg 1 61 40 51 51
0678_0027_0026_0141_0141.jpg 1 27 26 141 141
0679_0061_0018_0118_0118.jpg 1 61 18 118 118
0680_0071_0097_0036_0036.jpg 1 71 97 36 36
0681_0077_0085_0105_0105.jpg 1 77 85 105 105
0682_0100_0018_0069_0069.jpg 1 100 18 69 69
0683_0056_0090_0069_0069.jpg 1 56 90 69 69
0684_0029_0020_0128_0128.jpg 1 29 20 128 128
0685_0054_0031_0056_0056.jpg 1 54 31 56 56
0686_0021_0010_0152_0152.jpg 1 21 10 152 152
0687_0082_0060_0071_0071.jpg 1 82 60 71 71
0688_0036_0085_0028_0028.jpg 1 36 85 28 28
0689_0083_0088_0085_0085.jpg 1 83 88 85 85
0690_0130_0096_0024_0024.jpg 1 130 96 24 24
0691_0061_0086_0110_0110.jpg 1 61 86 110 110
0692_0090_0034_0082_0082.jpg 1 90 34 82 82
0693_0016_0026_0087_0087.jpg 1 16 26 87 87
0694_0024_0079_0111_0111.jpg 1 24 79 111 111
0695_0051_0053_0078_0078.jpg 1 51 53 78 78
0696_0041_0049_0099_0099.jpg 1 41 49 99 99
0697_0013_0032_0098_0098.jpg 1 13 32 98 98
0698_0094_0135_0041_0041.jpg 1 94 135 41 41
0699_0063_0087_0086_0086.jpg 1 63 87 86 86
0700_0039_0025_0139_0139.jpg 1 39 25 139 139
0701_0022_0026_0134_0134.jpg 1 22 26 134 134
0702_0035_0039_0152_0152.jpg 1 35 39 152 152
0703_0057_0095_0100_0100.jpg 1 57 95 100 100
0704_0029_0062_0085_0085.jpg 1 29 62 85 85
0705_0048_0139_0039_0039.jpg 1 48 139 39 39
0706_0093_0036_0103_0103.jpg 1 93 36 103 103
0707_0030_0063_0101_0101.jpg 1 30 63 101 101
0708_0024_0053_0120_0120.jpg 1 24 53 120 120
0709_0031_0065_0045_0045.jpg 1 31 65 45 45
0710_0145_0142_0038_0038.jpg 1 145 142 38 38
0711_0138_0074_0050_0050.jpg 1 138 74 50 50
0712_0098_0043_0036_0036.jpg 1 98 43 36 36
0713_0024_0052_0103_0103.jpg 1 24 52 103 103
0714_0023_0086_0109_0109.jpg 1 23 86 109 109
0715_0014_0068_0100_0100.jpg 1 14 68 100 100
0716_0075_0016_0127_0127.jpg 1 75 16 127 127
0717_0050_0014_0153_0153.jpg 1 50 14 153 153
0718_0038_0043_0112_0112.jpg 1 38 43 112 112
0719_0112_0126_0057_0057.jpg 1 112 126 57 57
0720_0113_0052_0079_0079.jpg 1 113 52 79 79
0721_0103_0095_0066_0066.jpg 1 103 95 66 66
0722_0035_0020_0155_0155.jpg 1 35 20 155 155
0723_0073_0067_0050_0050.jpg 1 73 67 50 50
0724_0114_0021_0056_0056.jpg 1 114 21 56 56
0725_0063_0019_0112_0112.jpg 1 63 19 112 112
0726_0069_0054_0126_0126.jpg 1 69 54 126 126
0727_0138_0072_0051_0051.jpg 1 138 72 51 51
0728_0061_0037_0063_0063.jpg 1 61 37 63 63
0729_0073_0018_0092_0092.jpg 1 73 18 92 92
0730_0086_0023_0105_0105.jpg 1 86 23 105 105
0731_0028_0080_0031_0031.jpg 1 28 80 31 31
0732_0073_0074_0033_0033.jpg 1 73 74 33 33
0733_0103_0044_0093_0093.jpg 1 103 44 93 93
0734_0069_0114_0036_0036.jpg 1 69 114 36 36
0735_0063_0040_0090_0090.jpg 1 63 40 90 90
0736_0028_0090_0061_0061.jpg 1 28 90 61 61
0737_0046_0110_0029_0029.jpg 1 46 110 29 29
0738_0025_0107_0072_0072.jpg 1 25 107 72 72
0739_0013_0056_0121_0121.jpg 1 13 56 121 121
0740_0072_0049_0038_0038.jpg 1 72 49 38 38
0741_0079_0090_0093_0093.jpg 1 79 90 93 93
0742_0053_0108_0088_0088.jpg 1 53 108 88 88
0743_0015_0016_0155_0155.jpg 1 15 16 155 155
0744_0011_0077_0122_0122.jpg 1 11 77 122 122
0745_0125_0129_0030_0030.jpg 1 125 129 30 30
0746_0053_0060_0143_0143.jpg 1 53 60 143 143
0747_0090_0093_0057_0057.jpg 1 90 93 57 57
0748_0052_0073_0055_0055.jpg 1 52 73 55 55
0749_0060_0015_0135_0135.jpg 1 60 15 135 135
0750_0069_0028_0077_0077.jpg 1 69 28 77 77
0751_0008_0059_0149_0149.jpg 1 8 59 149 149
0752_0109_0073_0082_0082.jpg 1 109 73 82 82
0753_0049_0069_0126_0126.jpg 1 49 69 126 126
0754_0137_0108_0043_0043.jpg 1 137 108 43 43
0755_0079_0097_0097_0097.jpg 1 79 97 97 97
0756_0070_0082_0027_0027.jpg 1 70 82 27 27
0757_0079_0036_0123_0123.jpg 1 79 36 123 123
0758_0048_0050_0124_0124.jpg 1 48 50 124 124
0759_0016_0044_0144_0144.jpg 1 16 44 144 144
0760_0093_0115_0056_0056.jpg 1 93 115 56 56
0761_0050_0026_0100_0100.jpg 1 50 26 100 100
0762_0036_0056_0153_0153.jpg 1 36 56 153 153
0763_0042_0059_0092_0092.jpg 1 42 59 92 92
0764_0038_0064_0108_0108.jpg 1 38 64 108 108
0765_0024_0066_0063_0063.jpg 1 24 66 63 63
0766_0087_0041_0096_0096.jpg 1 87 41 96 96
0767_0034_0036_0137_0137.jpg 1 34 36 137 137
0768_0082_0044_0025_0025.jpg 1 82 44 25 25
0769_0042_0028_0153_0153.jpg 1 42 28 153 153
0770_0075_0111_0026_0026.jpg 1 75 111 26 26
0771_0105_0055_0032_0032.jpg 1 105 55 32 32
0772_0112_0045_0075_0075.jpg 1 112 45 75 75
0773_0055_0049_0123_0123.jpg 1 55 49 123 123
0774_0014_0073_0096_0096.jpg 1 14 73 96 96
0775_0100_0047_0093_0093.jpg 1 100 47 93 93
0776_0048_0052_0128_0128.jpg 1 48 52 128 128
0777_0069_0013_0117_0117.jpg 1 69 13 117 117
0778_0104_0100_0036_0036.jpg 1 104 100 36 36
0779_0030_0139_0044_0044.jpg 1 30 139 44 44
0780_0008_0012_0144_0144.jpg 1 8 12 144 144
0781_0060_0026_0124_0124.jpg 1 60 26 124 124
0782_0061_0050_0049_0049.jpg 1 61 50 49 49
0783_0059_0027_0139_0139.jpg 1 59 27 139 139
0784_0064_0067_0136_0136.jpg 1 64 67 136 136
0785_0056_0065_0056_0056.jpg 1 56 65 56 56
0786_0012_0054_0134_0134.jpg 1 12 54 134 134
0787_0036_0042_0154_0154.jpg 1 36 42 154 154
0788_0097_0092_0035_0035.jpg 1 97 92 35 35
0789_0104_0017_0088_0088.jpg 1 104 17 88 88
0790_0051_0079_0123_0123.jpg 1 51 79 123 123
0791_0092_0034_0101_0101.jpg 1 92 34 101 101
0792_0010_0047_0133_0133.jpg 1 10 47 133 133
0793_0085_0087_0071_0071.jpg 1 85 87 71 71
0794_0048_0114_0041_0041.jpg 1 48 114 41 41
0795_0135_0025_0050_0050.jpg 1 135 25 50 50
0796_0090_0051_0093_0093.jpg 1 90 51 93 93
0797_0042_0122_0030_0030.jpg 1 42 122 30 30
0798_0036_0027_0134_0134.jpg 1 36 27 134 134
0799_0064_0042_0093_0093.jpg 1 64 42 93 93
0800_0119_0039_0024_0024.jpg 1 119 39 24 24
0801_0023_0052_0084_0084.jpg 1 23 52 84 84
0802_0041_0028_0155_0155.jpg 1 41 28 155 155
0803_0075_0136_0049_0049.jpg 1 75 136 49 49
0804_0038_0072_0104_0104.jpg 1 38 72 104 104
0805_0117_0087_0032_0032.jpg 1 117 87 32 32
0806_0087_0112_0074_0074.jpg 1 87 112 74 74
0807_0033_0127_0064_0064.jpg 1 33 127 64 64
0808_0053_0037_0120_0120.jpg 1 53 37 120 120
0809_0081_0030_0026_0026.jpg 1 81 30 26 26
0810_0054_0013_0094_0094.jpg 1 54 13 94 94
0811_0036_0050_0132_0132.jpg 1 36 50 132 132
0812_0146_0158_0024_0024.jpg 1 146 158 24 24
0813_0083_0025_0111_0111.jpg 1 83 25 111 111
0814_0026_0065_0119_0119.jpg 1 26 65 119 119
0815_0125_0032_0040_0040.jpg 1 125 32 40 40
0816_0017_0025_0096_0096.jpg 1 17 25 96 96
0817_0082_0115_0070_0070.jpg 1 82 115 70 70
0818_0032_0040_0146_0146.jpg 1 32 40 146 146
0819_0057_0018_0140_0140.jpg 1 57 18 140 140
0820_0054_0021_0133_0133.jpg 1 54 21 133 133
0821_0037_0031_0127_0127.jpg 1 37 31 127 127
0822_0142_0138_0043_0043.jpg 1 142 138 43 43
0823_0057_0065_0072_0072.jpg 1 57 65 72 72
0824_0038_0014_0139_0139.jpg 1 38 14 139 139
0825_0118_0060_0060_0060.jpg 1 118 60 60 60
0826_0036_0025_0041_0041.jpg 1 36 25 41 41
0827_0099_0043_0062_0062.jpg 1 99 43 62 62
0828_0049_0065_0092_0092.jpg 1 49 65 92 92
0829_0052_0033_0143_0143.jpg 1 52 33 143 143
0830_0075_0058_0111_0111.jpg 1 75 58 111 111
0831_0016_0088_0065_0065.jpg 1 16 88 65 65
0832_0032_0014_0104_0104.jpg 1 32 14 104 104
0833_0105_0052_0051_0051.jpg 1 105 52 51 51
0834_0112_0110_0054_0054.jpg 1 112 110 54 54
0835_0091_0124_0068_0068.jpg 1 91 124 68 68
0836_0074_0060_0029_0029.jpg 1 74 60 29 29
0837_0032_0073_0064_0064.jpg 1 32 73 64 64
0838_0124_0126_0051_0051.jpg 1 124 126 51 51
0839_0062_0047_0074_0074.jpg 1 62 47 74 74
0840_0014_0095_0091_0091.jpg 1 14 95 91 91
0841_0056_0046_0089_0089.jpg 1 56 46 89 89
0842_0013_0049_0134_0134.jpg 1 13 49 134 134
0843_0106_0070_0079_0079.jpg 1 106 70 79 79
0844_0043_0053_0092_0092.jpg 1 43 53 92 92
0845_0077_0019_0107_0107.jpg 1 77 19 107 107
0846_0063_0025_0100_0100.jpg 1 63 25 100 100
0847_0044_0082_0072_0072.jpg 1 44 82 72 72
0848_0040_0110_0078_0078.jpg 1 40 110 78 78
0849_0049_0126_0037_0037.jpg 1 49 126 37 37
0850_0067_0085_0083_0083.jpg 1 67 85 83 83
0851_0104_0123_0047_0047.jpg 1 104 123 47 47
0852_0047_0072_0058_0058.jpg 1 47 72 58 58
0853_0127_0098_0036_0036.jpg 1 127 98 36 36
0854_0018_0078_0108_0108.jpg 1 18 78 108 108
0855_0037_0090_0102_0102.jpg 1 37 90 102 102
0856_0080_0081_0097_0097.jpg 1 80 81 97 97
0857_0069_0018_0044_0044.jpg 1 69 18 44 44
0858_0079_0027_0055_0055.jpg 1 79 27 55 55
0859_0053_0086_0041_0041.jpg 1 53 86 41 41
0860_0039_0126_0048_0048.jpg 1 39 126 48 48
0861_0057_0023_0026_0026.jpg 1 57 23 26 26
0862_0013_0103_0089_0089.jpg 1 13 103 89 89
0863_0012_0027_0152_0152.jpg 1 12 27 152 152
0864_0007_0039_0149_0149.jpg 1 7 39 149 149
0865_0050_0014_0133_0133.jpg 1 50 14 133 133
0866_0031_0098_0095_0095.jpg 1 31 98 95 95
0867_0134_0097_0024_0024.jpg 1 134 97 24 24
0868_0077_0042_0074_0074.jpg 1 77 42 74 74
0869_0031_0032_0133_0133.jpg 1 31 32 133 133
0870_0041_0067_0111_0111.jpg 1 41 67 111 111
0871_0056_0071_0081_0081.jpg 1 56 71 81 81
0872_0076_0018_0100_0100.jpg 1 76 18 100 100
0873_0029_0068_0071_0071.jpg 1 29 68 71 71
0874_0053_0053_0102_0102.jpg 1 53 53 102 102
0875_0029_0147_0035_0035.jpg 1 29 147 35 35
0876_0075_0017_0111_0111.jpg 1 75 17 111 111
0877_0083_0040_0091_0091.jpg 1 83 40 91 91
0878_0104_0017_0085_0085.jpg 1 104 17 85 85
0879_0051_0128_0062_0062.jpg 1 51 128 62 62
0880_0098_0041_0089_0089.jpg 1 98 41 89 89
0881_0022_0038_0050_0050.jpg 1 22 38 50 50
0882_0100_0049_0062_0062.jpg 1 100 49 62 62
0883_0064_0051_0123_0123.jpg 1 64 51 123 123
0884_0038_0017_0142_0142.jpg 1 38 17 142 142
0885_0041_0056_0065_0065.jpg 1 41 56 65 65
0886_0041_0055_0112_0112.jpg 1 41 55 112 112
0887_0026_0010_0137_0137.jpg 1 26 10 137 137
0888_0086_0074_0096_0096.jpg 1 86 74 96 96
0889_0031_0018_0072_0072.jpg 1 31 18 72 72
0890_0014_0042_0152_0152.jpg 1 14 42 152 152
0891_0048_0058_0146_0146.jpg 1 48 58 146 146
0892_0095_0092_0066_0066.jpg 1 95 92 66 66
0893_0052_0079_0060_0060.jpg 1 52 79 60 60
0894_0032_0043_0099_0099.jpg 1 32 43 99 99
0895_0084_0083_0114_0114.jpg 1 84 83 114 114
0896_0012_0073_0115_0115.jpg 1 12 73 115 115
0897_0048_0020_0142_0142.jpg 1 48 20 142 142
0898_0064_0058_0121_0121.jpg 1 64 58 121 121
0899_0116_0055_0076_0076.jpg 1 116 55 76 76
0900_0093_0089_0080_0080.jpg 1 93 89 80 80
0901_0055_0125_0067_0067.jpg 1 55 125 67 67
0902_0090_0052_0052_0052.jpg 1 90 52 52 52
0903_0031_0085_0075_0075.jpg 1 31 85 75 75
0904_0024_0055_0147_0147.jpg 1 24 55 147 147
0905_0057_0051_0144_0144.jpg 1 57 51 144 144
0906_0016_0089_0087_0087.jpg 1 16 89 87 87
0907_0128_0020_0024_0024.jpg 1 128 20 24 24
0908_0028_0068_0130_0130.jpg 1 28 68 130 130
0909_0085_0086_0089_0089.jpg 1 85 86 89 89
0910_0073_0046_0124_0124.jpg 1 73 46 124 124
0911_0041_0087_0101_0101.jpg 1 41 87 101 101
0912_0022_0071_0130_0130.jpg 1 22 71 130 130
0913_0049_0081_0055_0055.jpg 1 49 81 55 55
0914_0143_0124_0042_0042.jpg 1 143 124 42 42
0915_0045_0050_0150_0150.jpg 1 45 50 150 150
0916_0037_0017_0136_0136.jpg 1 37 17 136 136
0917_0012_0041_0128_0128.jpg 1 12 41 128 128
0918_0059_0017_0136_0136.jpg 1 59 17 136 136
0919_0053_0071_0134_0134.jpg 1 53 71 134 134
0920_0064_0072_0132_0132.jpg 1 64 72 132 132
0921_0049_0016_0088_0088.jpg 1 49 16 88 88
0922_0017_0031_0150_0150.jpg 1 17 31 150 150
0923_0070_0068_0118_0118.jpg 1 70 68 118 118
0924_0082_0087_0073_0073.jpg 1 82 87 73 73
0925_0055_0096_0062_0062.jpg 1 55 96 62 62
0926_0100_0079_0073_0073.jpg 1 100 79 73 73
0927_0047_0021_0126_0126.jpg 1 47 21 126 126
0928_0042_0061_0079_0079.jpg 1 42 61 79 79
0929_0057_0058_0130_0130.jpg 1 57 58 130 130
0930_0052_0012_0103_0103.jpg 1 52 12 103 103
0931_0039_0053_0155_0155.jpg 1 39 53 155 155
0932_0036_0101_0093_0093.jpg 1 36 101 93 93
0933_0066_0106_0073_0073.jpg 1 66 106 73 73
0934_0053_0067_0102_0102.jpg 1 53 67 102 102
0935_0077_0032_0097_0097.jpg 1 77 32 97 97
0936_0105_0113_0055_0055.jpg 1 105 113 55 55
0937_0101_0129_0041_0041.jpg 1 101 129 41 41
0938_0027_0054_0132_0132.jpg 1 27 54 132 132
0939_0154_0031_0025_0025.jpg 1 154 31 25 25
0940_0043_0082_0026_0026.jpg 1 43 82 26 26
0941_0053_0038_0052_0052.jpg 1 53 38 52 52
0942_0071_0099_0083_0083.jpg 1 71 99 83 83
0943_0113_0060_0080_0080.jpg 1 113 60 80 80
0944_0028_0062_0074_0074.jpg 1 28 62 74 74
0945_0105_0053_0052_0052.jpg 1 105 53 52 52
0946_0032_0043_0059_0059.jpg 1 32 43 59 59
0947_0055_0050_0047_0047.jpg 1 55 50 47 47
0948_0026_0038_0140_0140.jpg 1 26 38 140 140
0949_0052_0055_0124_0124.jpg 1 52 55 124 124
0950_0037_0026_0121_0121.jpg 1 37 26 121 121
0951_0062_0058_0126_0126.jpg 1 62 58 126 126
0952_0052_0114_0049_0049.jpg 1 52 114 49 49
0953_0063_0049_0078_0078.jpg 1 63 49 78 78
0954_0033_0022_0128_0128.jpg 1 33 22 128 128
0955_0039_0027_0125_0125.jpg 1 39 27 125 125
0956_0119_0031_0067_0067.jpg 1 119 31 67 67
0957_0044_0055_0096_0096.jpg 1 44 55 96 96
0958_0041_0026_0080_0080.jpg 1 41 26 80 80
0959_0029_0028_0138_0138.jpg 1 29 28 138 138
0960_0048_0019_0132_0132.jpg 1 48 19 132 132
0961_0085_0090_0050_0050.jpg 1 85 90 50 50
0962_0069_0041_0108_0108.jpg 1 69 41 108 108
0963_0098_0019_0054_0054.jpg 1 98 19 54 54
0964_0037_0071_0114_0114.jpg 1 37 71 114 114
0965_0045_0098_0068_0068.jpg 1 45 98 68 68
0966_0155_0052_0024_0024.jpg 1 155 52 24 24
0967_0115_0084_0058_0058.jpg 1 115 84 58 58
0968_0094_0018_0085_0085.jpg 1 94 18 85 85
0969_0079_0115_0026_0026.jpg 1 79 115 26 26
0970_0072_0031_0129_0129.jpg 1 72 31 129 129
0971_0081_0133_0040_0040.jpg 1 81 133 40 40
0972_0052_0026_0156_0156.jpg 1 52 26 156 156
0973_0094_0061_0088_0088.jpg 1 94 61 88 88
0974_0126_0070_0030_0030.jpg 1 126 70 30 30
0975_0099_0150_0027_0027.jpg 1 99 150 27 27
0976_0047_0028_0043_0043.jpg 1 47 28 43 43
0977_0040_0047_0144_0144.jpg 1 40 47 144 144
0978_0061_0036_0135_0135.jpg 1 61 36 135 135
0979_0069_0027_0125_0125.jpg 1 69 27 125 125
0980_0122_0094_0053_0053.jpg 1 122 94 53 53
0981_0017_0008_0142_0142.jpg 1 17 8 142 142
0982_0080_0069_0057_0057.jpg 1 80 69 57 57
0983_0076_0100_0042_0042.jpg 1 76 100 42 42
0984_0069_0061_0094_0094.jpg 1 69 61 94 94
0985_0020_0054_0082_0082.jpg 1 20 54 82 82
0986_0061_0034_0120_0120.jpg 1 61 34 120 120
0987_0082_0087_0050_0050.jpg 1 82 87 50 50
0988_0035_0027_0121_0121.jpg 1 35 27 121 121
0989_0035_0071_0121_0121.jpg 1 35 71 121 121
0990_0125_0019_0043_0043.jpg 1 125 19 43 43
0991_0053_0068_0101_0101.jpg 1 53 68 101 101
0992_0062_0036_0129_0129.jpg 1 62 36 129 129
0993_0054_0057_0124_0124.jpg 1 54 57 124 124
0994_0110_0085_0029_0029.jpg 1 110 85 29 29
0995_0040_0057_0139_0139.jpg 1 40 57 139 139
0996_0046_0023_0148_0148.jpg 1 46 23 148 148
0997_0105_0083_0073_0073.jpg 1 105 83 73 73
0998_0027_0046_0153_0153.jpg 1 27 46 153 153
0999_0045_0033_0072_0072.jpg 1 45 33 72 72
1000_0063_0087_0063_0063.jpg 1 63 87 63 63
1001_0028_0053_0097_0097.jpg 1 28 53 97 97
1002_0085_0024_0049_0049.jpg 1 85 24 49 49
1003_0056_0072_0074_0074.jpg 1 56 72 74 74
1004_0072_0087_0110_0110.jpg 1 72 87 110 110
1005_0150_0100_0032_0032.jpg 1 150 100 32 32
1006_0026_0034_0105_0105.jpg 1 26 34 105 105
1007_0017_0024_0132_0132.jpg 1 17 24 132 132
1008_0032_0049_0121_0121.jpg 1 32 49 121 121
1009_0031_0052_0056_0056.jpg 1 31 52 56 56
1010_0067_0100_0093_0093.jpg 1 67 100 93 93
1011_0062_0088_0086_0086.jpg 1 62 88 86 86
1012_0020_0057_0049_0049.jpg 1 20 57 49 49
1013_0008_0038_0148_0148.jpg 1 8 38 148 148
1014_0081_0063_0099_0099.jpg 1 81 63 99 99
1015_0062_0048_0025_0025.jpg 1 62 48 25 25
1016_0054_0035_0139_0139.jpg 1 54 35 139 139
1017_0046_0018_0150_0150.jpg 1 46 18 150 150
1018_0023_0062_0129_0129.jpg 1 23 62 129 129
1019_0095_0028_0081_0081.jpg 1 95 28 81 81
1020_0053_0103_0084_0084.jpg 1 53 103 84 84
1021_0051_0090_0063_0063.jpg 1 51 90 63 63
1022_0080_0042_0112_0112.jpg 1 80 42 112 112
1023_0081_0126_0049_0049.jpg 1 81 126 49 49
1024_0016_0035_0115_0115.jpg 1 16 35 115 115
1025_0040_0082_0081_0081.jpg 1 40 82 81 81
1026_0060_0078_0026_0026.jpg 1 60 78 26 26
1027_0047_0062_0122_0122.jpg 1 47 62 122 122
1028_0057_0074_0115_0115.jpg 1 57 74 115 115
1029_0049_0060_0136_0136.jpg 1 49 60 136 136
1030_0133_0088_0026_0026.jpg 1 133 88 26 26
1031_0056_0038_0082_0082.jpg 1 56 38 82 82
1032_0052_0064_0113_0113.jpg 1 52 64 113 113
1033_0094_0071_0078_0078.jpg 1 94 71 78 78
1034_0041_0014_0109_0109.jpg 1 41 14 109 109
1035_0051_0036_0151_0151.jpg 1 51 36 151 151
1036_0043_0068_0104_0104.jpg 1 43 68 104 104
1037_0021_0116_0054_0054.jpg 1 21 116 54 54
1038_0048_0125_0057_0057.jpg 1 48 125 57 57
1039_0054_0145_0031_0031.jpg 1 54 145 31 31
1040_0020_0017_0153_0153.jpg 1 20 17 153 153
1041_0029_0025_0152_0152.jpg 1 29 25 152 152
1042_0015_0077_0124_0124.jpg 1 15 77 124 124
1043_0063_0018_0055_0055.jpg 1 63 18 55 55
1044_0061_0146_0028_0028.jpg 1 61 146 28 28
1045_0089_0121_0061_0061.jpg 1 89 121 61 61
1046_0050_0063_0139_0139.jpg 1 50 63 139 139
1047_0039_0098_0047_0047.jpg 1 39 98 47 47
1048_0051_0104_0084_0084.jpg 1 51 104 84 84
1049_0075_0020_0103_0103.jpg 1 75 20 103 103
1050_0031_0018_0067_0067.jpg 1 31 18 67 67
1051_0022_0044_0048_0048.jpg 1 22 44 48 48
1052_0029_0104_0076_0076.jpg 1 29 104 76 76
1053_0103_0021_0037_0037.jpg 1 103 21 37 37
1054_0040_0093_0062_0062.jpg 1 40 93 62 62
1055_0010_0022_0155_0155.jpg 1 10 22 155 155
1056_0020_0109_0082_0082.jpg 1 20 109 82 82
1057_0040_0095_0067_0067.jpg 1 40 95 67 67
1058_0083_0112_0043_0043.jpg 1 83 112 43 43
1059_0099_0045_0076_0076.jpg 1 99 45 76 76
1060_0127_0037_0047_0047.jpg 1 127 37 47 47
1061_0066_0110_0080_0080.jpg 1 66 110 80 80
1062_0093_0079_0101_0101.jpg 1 93 79 101 101
1063_0033_0057_0124_0124.jpg 1 33 57 124 124
1064_0025_0025_0150_0150.jpg 1 25 25 150 150
1065_0085_0098_0093_0093.jpg 1 85 98 93 93
1066_0102_0053_0062_0062.jpg 1 102 53 62 62
1067_0023_0053_0144_0144.jpg 1 23 53 144 144
1068_0036_0036_0092_0092.jpg 1 36 36 92 92
1069_0049_0108_0052_0052.jpg 1 49 108 52 52
1070_0139_0066_0042_0042.jpg 1 139 66 42 42
1071_0104_0018_0087_0087.jpg 1 104 18 87 87
1072_0012_0061_0128_0128.jpg 1 12 61 128 128
1073_0091_0028_0088_0088.jpg 1 91 28 88 88
1074_0053_0084_0108_0108.jpg 1 53 84 108 108
1075_0141_0032_0035_0035.jpg 1 141 32 35 35
1076_0053_0083_0104_0104.jpg 1 53 83 104 104
1077_0030_0027_0140_0140.jpg 1 30 27 140 140
1078_0031_0075_0081_0081.jpg 1 31 75 81 81
1079_0034_0012_0134_0134.jpg 1 34 12 134 134
1080_0070_0106_0064_0064.jpg 1 70 106 64 64
1081_0119_0045_0050_0050.jpg 1 119 45 50 50
1082_0035_0061_0111_0111.jpg 1 35 61 111 111
1083_0053_0064_0139_0139.jpg 1 53 64 139 139
1084_0016_0049_0125_0125.jpg 1 16 49 125 125
1085_0109_0065_0042_0042.jpg 1 109 65 42 42
1086_0072_0052_0112_0112.jpg 1 72 52 112 112
1087_0063_0047_0028_0028.jpg 1 63 47 28 28
1088_0073_0081_0085_0085.jpg 1 73 81 85 85
1089_0048_0046_0037_0037.jpg 1 48 46 37 37
1090_0076_0128_0048_0048.jpg 1 76 128 48 48
1091_0058_0134_0029_0029.jpg 1 58 134 29 29
1092_0061_0080_0075_0075.jpg 1 61 80 75 75
1093_0072_0032_0069_0069.jpg 1 72 32 69 69
1094_0017_0072_0092_0092.jpg 1 17 72 92 92
1095_0039_0044_0131_0131.jpg 1 39 44 131 131
1096_0036_0033_0147_0147.jpg 1 36 33 147 147
1097_0061_0074_0044_0044.jpg 1 61 74 44 44
1098_0031_0083_0107_0107.jpg 1 31 83 107 107
1099_0040_0016_0071_0071.jpg 1 40 16 71 71
1100_0024_0116_0072_0072.jpg 1 24 116 72 72
1101_0052_0051_0137_0137.jpg 1 52 51 137 137
1102_0030_0115_0050_0050.jpg 1 30 115 50 50
1103_0042_0019_0098_0098.jpg 1 42 19 98 98
1104_0062_0063_0080_0080.jpg 1 62 63 80 80
1105_0027_0070_0134_0134.jpg 1 27 70 134 134
1106_0084_0053_0050_0050.jpg 1 84 53 50 50
1107_0059_0057_0081_0081.jpg 1 59 57 81 81
1108_0059_0032_0147_0147.jpg 1 59 32 147 147
1109_0053_0055_0060_0060.jpg 1 53 55 60 60
1110_0140_0018_0042_0042.jpg 1 140 18 42 42
1111_0018_0079_0119_0119.jpg 1 18 79 119 119
1112_0028_0046_0124_0124.jpg 1 28 46 124 124
1113_0031_0071_0059_0059.jpg 1 31 71 59 59
1114_0095_0118_0041_0041.jpg 1 95 118 41 41
1115_0055_0046_0135_0135.jpg 1 55 46 135 135
1116_0056_0033_0081_0081.jpg 1 56 33 81 81
1117_0027_0043_0146_0146.jpg 1 27 43 146 146
1118_0089_0099_0086_0086.jpg 1 89 99 86 86
1119_0059_0060_0146_0146.jpg 1 59 60 146 146
1120_0018_0043_0112_0112.jpg 1 18 43 112 112
1121_0072_0028_0087_0087.jpg 1 72 28 87 87
1122_0117_0062_0056_0056.jpg 1 117 62 56 56
1123_0074_0068_0097_0097.jpg 1 74 68 97 97
1124_0086_0069_0115_0115.jpg 1 86 69 115 115
1125_0078_0092_0099_0099.jpg 1 78 92 99 99
1126_0021_0041_0039_0039.jpg 1 21 41 39 39
1127_0060_0029_0097_0097.jpg 1 60 29 97 97
1128_0122_0053_0060_0060.jpg 1 122 53 60 60
1129_0032_0010_0150_0150.jpg 1 32 10 150 150
1130_0060_0013_0106_0106.jpg 1 60 13 106 106
1131_0097_0154_0025_0025.jpg 1 97 154 25 25
1132_0008_0052_0151_0151.jpg 1 8 52 151 151
1133_0112_0046_0072_0072.jpg 1 112 46 72 72
1134_0056_0025_0057_0057.jpg 1 56 25 57 57
1135_0082_0054_0117_0117.jpg 1 82 54 117 117
1136_0080_0087_0112_0112.jpg 1 80 87 112 112
1137_0017_0096_0093_0093.jpg 1 17 96 93 93
1138_0039_0009_0149_0149.jpg 1 39 9 149 149
1139_0066_0103_0033_0033.jpg 1 66 103 33 33
1140_0103_0089_0059_0059.jpg 1 103 89 59 59
1141_0012_0057_0144_0144.jpg 1 12 57 144 144
1142_0074_0060_0081_0081.jpg 1 74 60 81 81
1143_0025_0022_0049_0049.jpg 1 25 22 49 49
1144_0038_0046_0148_0148.jpg 1 38 46 148 148
1145_0053_0100_0041_0041.jpg 1 53 100 41 41
1146_0138_0041_0040_0040.jpg 1 138 41 40 40
1147_0080_0086_0077_0077.jpg 1 80 86 77 77
1148_0070_0137_0038_0038.jpg 1 70 137 38 38
1149_0012_0024_0156_0156.jpg 1 12 24 156 156
1150_0058_0061_0082_0082.jpg 1 58 61 82 82
1151_0104_0070_0088_0088.jpg 1 104 70 88 88
1152_0080_0055_0040_0040.jpg 1 80 55 40 40
1153_0106_0043_0075_0075.jpg 1 106 43 75 75
1154_0079_0081_0034_0034.jpg 1 79 81 34 34
1155_0019_0032_0148_0148.jpg 1 19 32 148 148
1156_0068_0011_0138_0138.jpg 1 68 11 138 138
1157_0035_0092_0075_0075.jpg 1 35 92 75 75
1158_0011_0042_0140_0140.jpg 1 11 42 140 140
1159_0029_0131_0059_0059.jpg 1 29 131 59 59
1160_0054_0104_0069_0069.jpg 1 54 104 69 69
1161_0074_0104_0087_0087.jpg 1 74 104 87 87
1162_0070_0091_0082_0082.jpg 1 70 91 82 82
1163_0143_0115_0026_0026.jpg 1 143 115 26 26
1164_0106_0016_0058_0058.jpg 1 106 16 58 58
1165_0110_0042_0081_0081.jpg 1 110 42 81 81
1166_0116_0085_0054_0054.jpg 1 116 85 54 54
1167_0049_0048_0096_0096.jpg 1 49 48 96 96
1168_0022_0011_0156_0156.jpg 1 22 11 156 156
1169_0139_0056_0030_0030.jpg 1 139 56 30 30
1170_0067_0135_0031_0031.jpg 1 67 135 31 31
1171_0019_0021_0126_0126.jpg 1 19 21 126 126
1172_0094_0100_0042_0042.jpg 1 94 100 42 42
1173_0050_0055_0107_0107.jpg 1 50 55 107 107
1174_0030_0061_0130_0130.jpg 1 30 61 130 130
1175_0073_0015_0121_0121.jpg 1 73 15 121 121
1176_0032_0018_0058_0058.jpg 1 32 18 58 58
1177_0065_0014_0101_0101.jpg 1 65 14 101 101
1178_0076_0036_0062_0062.jpg 1 76 36 62 62
1179_0016_0020_0132_0132.jpg 1 16 20 132 132
1180_0102_0053_0074_0074.jpg 1 102 53 74 74
1181_0064_0036_0140_0140.jpg 1 64 36 140 140
1182_0028_0091_0071_0071.jpg 1 28 91 71 71
1183_0050_0055_0144_0144.jpg 1 50 55 144 144
1184_0077_0045_0107_0107.jpg 1 77 45 107 107
1185_0069_0077_0054_0054.jpg 1 69 77 54 54
1186_0054_0058_0094_0094.jpg 1 54 58 94 94
1187_0018_0066_0087_0087.jpg 1 18 66 87 87
1188_0021_0039_0087_0087.jpg 1 21 39 87 87
1189_0040_0086_0110_0110.jpg 1 40 86 110 110
1190_0077_0120_0067_0067.jpg 1 77 120 67 67
1191_0041_0035_0151_0151.jpg 1 41 35 151 151
1192_0097_0096_0098_0098.jpg 1 97 96 98 98
1193_0066_0039_0045_0045.jpg 1 66 39 45 45
1194_0054_0029_0120_0120.jpg 1 54 29 120 120
1195_0060_0079_0076_0076.jpg 1 60 79 76 76
1196_0085_0118_0070_0070.jpg 1 85 118 70 70
1197_0066_0041_0133_0133.jpg 1 66 41 133 133
1198_0122_0117_0039_0039.jpg 1 122 117 39 39
1199_0026_0076_0102_0102.jpg 1 26 76 102 102
1200_0071_0079_0104_0104.jpg 1 71 79 104 104
1201_0106_0085_0078_0078.jpg 1 106 85 78 78
1202_0067_0086_0079_0079.jpg 1 67 86 79 79
1203_0022_0015_0086_0086.jpg 1 22 15 86 86
1204_0061_0085_0095_0095.jpg 1 61 85 95 95
1205_0062_0042_0129_0129.jpg 1 62 42 129 129
1206_0039_0053_0068_0068.jpg 1 39 53 68 68
1207_0032_0022_0131_0131.jpg 1 32 22 131 131
1208_0020_0032_0122_0122.jpg 1 20 32 122 122
1209_0051_0084_0097_0097.jpg 1 51 84 97 97
1210_0087_0119_0073_0073.jpg 1 87 119 73 73
1211_0031_0046_0121_0121.jpg 1 31 46 121 121
1212_0069_0080_0097_0097.jpg 1 69 80 97 97
1213_0044_0010_0154_0154.jpg 1 44 10 154 154
1214_0138_0110_0033_0033.jpg 1 138 110 33 33
1215_0113_0142_0029_0029.jpg 1 113 142 29 29
1216_0029_0021_0128_0128.jpg 1 29 21 128 128
1217_0120_0069_0065_0065.jpg 1 120 69 65 65
1218_0109_0034_0083_0083.jpg 1 109 34 83 83
1219_0046_0127_0061_0061.jpg 1 46 127 61 61
1220_0082_0032_0085_0085.jpg 1 82 32 85 85
1221_0010_0014_0146_0146.jpg 1 10 14 146 146
1222_0023_0024_0029_0029.jpg 1 23 24 29 29
1223_0022_0029_0119_0119.jpg 1 22 29 119 119
1224_0106_0141_0046_0046.jpg 1 106 141 46 46
1225_0013_0053_0113_0113.jpg 1 13 53 113 113
1226_0012_0037_0148_0148.jpg 1 12 37 148 148
1227_0130_0116_0057_0057.jpg 1 130 116 57 57
1228_0128_0047_0051_0051.jpg 1 128 47 51 51
1229_0097_0059_0086_0086.jpg 1 97 59 86 86
1230_0057_0060_0086_0086.jpg 1 57 60 86 86
1231_0084_0066_0090_0090.jpg 1 84 66 90 90
1232_0036_0061_0050_0050.jpg 1 36 61 50 50
1233_0020_0100_0095_0095.jpg 1 20 100 95 95
1234_0019_0051_0151_0151.jpg 1 19 51 151 151
1235_0120_0077_0038_0038.jpg 1 120 77 38 38
1236_0062_0064_0133_0133.jpg 1 62 64 133 133
1237_0083_0042_0035_0035.jpg 1 83 42 35 35
1238_0059_0095_0099_0099.jpg 1 59 95 99 99
1239_0058_0072_0118_0118.jpg 1 58 72 118 118
1240_0075_0109_0083_0083.jpg 1 75 109 83 83
1241_0042_0048_0098_0098.jpg 1 42 48 98 98
1242_0066_0083_0116_0116.jpg 1 66 83 116 116
1243_0025_0039_0132_0132.jpg 1 25 39 132 132
1244_0055_0049_0141_0141.jpg 1 55 49 141 141
1245_0078_0142_0045_0045.jpg 1 78 142 45 45
1246_0102_0098_0095_0095.jpg 1 102 98 95 95
1247_0042_0034_0133_0133.jpg 1 42 34 133 133
1248_0065_0036_0126_0126.jpg 1 65 36 126 126
1249_0105_0112_0041_0041.jpg 1 105 112 41 41
1250_0035_0041_0051_0051.jpg 1 35 41 51 51
1251_0032_0059_0148_0148.jpg 1 32 59 148 148
1252_0143_0103_0037_0037.jpg 1 143 103 37 37
1253_0083_0066_0104_0104.jpg 1 83 66 104 104
1254_0074_0084_0056_0056.jpg 1 74 84 56 56
1255_0089_0062_0089_0089.jpg 1 89 62 89 89
1256_0056_0048_0144_0144.jpg 1 56 48 144 144
1257_0092_0107_0071_0071.jpg 1 92 107 71 71
1258_0022_0050_0063_0063.jpg 1 22 50 63 63
1259_0017_0033_0132_0132.jpg 1 17 33 132 132
1260_0030_0019_0106_0106.jpg 1 30 19 106 106
1261_0055_0102_0055_0055.jpg 1 55 102 55 55
1262_0047_0022_0121_0121.jpg 1 47 22 121 121
1263_0043_0138_0031_0031.jpg 1 43 138 31 31
1264_0069_0023_0030_0030.jpg 1 69 23 30 30
1265_0082_0079_0092_0092.jpg 1 82 79 92 92
1266_0039_0028_0148_0148.jpg 1 39 28 148 148
1267_0015_0018_0107_0107.jpg 1 15 18 107 107
1268_0034_0028_0147_0147.jpg 1 34 28 147 147
1269_0054_0073_0103_0103.jpg 1 54 73 103 103
1270_0059_0056_0072_0072.jpg 1 59 56 72 72
1271_0044_0078_0124_0124.jpg 1 44 78 124 124
1272_0034_0075_0063_0063.jpg 1 34 75 63 63
1273_0017_0015_0112_0112.jpg 1 17 15 112 112
1274_0057_0107_0066_0066.jpg 1 57 107 66 66
1275_0121_0116_0030_0030.jpg 1 121 116 30 30
1276_0008_0023_0146_0146.jpg 1 8 23 146 146
1277_0045_0065_0060_0060.jpg 1 45 65 60 60
1278_0079_0058_0112_0112.jpg 1 79 58 112 112
1279_0063_0055_0043_0043.jpg 1 63 55 43 43
1280_0038_0055_0070_0070.jpg 1 38 55 70 70
1281_0052_0080_0117_0117.jpg 1 52 80 117 117
1282_0088_0098_0069_0069.jpg 1 88 98 69 69
1283_0067_0064_0122_0122.jpg 1 67 64 122 122
1284_0055_0124_0044_0044.jpg 1 55 124 44 44
1285_0107_0076_0038_0038.jpg 1 107 76 38 38
1286_0148_0046_0030_0030.jpg 1 148 46 30 30
1287_0112_0124_0067_0067.jpg 1 112 124 67 67
1288_0056_0075_0128_0128.jpg 1 56 75 128 128
1289_0015_0073_0095_0095.jpg 1 15 73 95 95
1290_0038_0138_0037_0037.jpg 1 38 138 37 37
1291_0026_0098_0030_0030.jpg 1 26 98 30 30
1292_0023_0116_0042_0042.jpg 1 23 116 42 42
1293_0048_0063_0086_0086.jpg 1 48 63 86 86
1294_0057_0095_0067_0067.jpg 1 57 95 67 67
1295_0134_0127_0043_0043.jpg 1 134 127 43 43
1296_0110_0072_0025_0025.jpg 1 110 72 25 25
1297_0043_0011_0148_0148.jpg 1 43 11 148 148
1298_0070_0097_0096_0096.jpg 1 70 97 96 96
1299_0064_0056_0097_0097.jpg 1 64 56 97 97
1300_0103_0034_0029_0029.jpg 1 103 34 29 29
1301_0151_0025_0026_0026.jpg 1 151 25 26 26
1302_0039_0059_0117_0117.jpg 1 39 59 117 117
1303_0034_0040_0058_0058.jpg 1 34 40 58 58
1304_0106_0042_0043_0043.jpg 1 106 42 43 43
1305_0067_0092_0105_0105.jpg 1 67 92 105 105
1306_0046_0084_0106_0106.jpg 1 46 84 106 106
1307_0082_0088_0028_0028.jpg 1 82 88 28 28
1308_0027_0044_0143_0143.jpg 1 27 44 143 143
1309_0048_0131_0035_0035.jpg 1 48 131 35 35
1310_0041_0089_0106_0106.jpg 1 41 89 106 106
1311_0040_0043_0067_0067.jpg 1 40 43 67 67
1312_0077_0035_0091_0091.jpg 1 77 35 91 91
1313_0062_0068_0110_0110.jpg 1 62 68 110 110
1314_0062_0090_0078_0078.jpg 1 62 90 78 78
1315_0022_0027_0126_0126.jpg 1 22 27 126 126
1316_0112_0024_0045_0045.jpg 1 112 24 45 45
1317_0020_0021_0062_0062.jpg 1 20 21 62 62
1318_0028_0156_0024_0024.jpg 1 28 156 24 24
1319_0103_0037_0089_0089.jpg 1 103 37 89 89
1320_0063_0061_0081_0081.jpg 1 63 61 81 81
1321_0048_0067_0138_0138.jpg 1 48 67 138 138
1322_0103_0019_0081_0081.jpg 1 103 19 81 81
1323_0087_0094_0091_0091.jpg 1 87 94 91 91
1324_0088_0077_0099_0099.jpg 1 88 77 99 99
1325_0028_0010_0153_0153.jpg 1 28 10 153 153
1326_0060_0113_0078_0078.jpg 1 60 113 78 78
1327_0138_0090_0042_0042.jpg 1 138 90 42 42
1328_0010_0069_0125_0125.jpg 1 10 69 125 125
1329_0016_0117_0065_0065.jpg 1 16 117 65 65
1330_0038_0077_0106_0106.jpg 1 38 77 106 106
1331_0045_0043_0124_0124.jpg 1 45 43 124 124
1332_0029_0046_0094_0094.jpg 1 29 46 94 94
1333_0038_0030_0100_0100.jpg 1 38 30 100 100
1334_0095_0020_0077_0077.jpg 1 95 20 77 77
1335_0057_0033_0151_0151.jpg 1 57 33 151 151
1336_0017_0065_0132_0132.jpg 1 17 65 132 132
1337_0078_0038_0039_0039.jpg 1 78 38 39 39
1338_0046_0127_0050_0050.jpg 1 46 127 50 50
1339_0038_0016_0121_0121.jpg 1 38 16 121 121
1340_0072_0062_0089_0089.jpg 1 72 62 89 89
1341_0023_0102_0070_0070.jpg 1 23 102 70 70
1342_0045_0024_0041_0041.jpg 1 45 24 41 41
1343_0020_0094_0058_0058.jpg 1 20 94 58 58
1344_0044_0078_0093_0093.jpg 1 44 78 93 93
1345_0068_0053_0048_0048.jpg 1 68 53 48 48
1346_0058_0105_0063_0063.jpg 1 58 105 63 63
1347_0144_0047_0024_0024.jpg 1 144 47 24 24
1348_0101_0048_0032_0032.jpg 1 101 48 32 32
1349_0060_0014_0147_0147.jpg 1 60 14 147 147
1350_0021_0019_0153_0153.jpg 1 21 19 153 153
1351_0087_0044_0066_0066.jpg 1 87 44 66 66
1352_0029_0040_0141_0141.jpg 1 29 40 141 141
1353_0039_0071_0120_0120.jpg 1 39 71 120 120
1354_0052_0088_0035_0035.jpg 1 52 88 35 35
1355_0019_0023_0098_0098.jpg 1 19 23 98 98
1356_0012_0059_0147_0147.jpg 1 12 59 147 147
1357_0084_0081_0075_0075.jpg 1 84 81 75 75
1358_0087_0033_0087_0087.jpg 1 87 33 87 87
1359_0065_0075_0087_0087.jpg 1 65 75 87 87
1360_0020_0054_0117_0117.jpg 1 20 54 117 117
1361_0033_0096_0095_0095.jpg 1 33 96 95 95
1362_0059_0076_0113_0113.jpg 1 59 76 113 113
1363_0044_0076_0096_0096.jpg 1 44 76 96 96
1364_0028_0136_0031_0031.jpg 1 28 136 31 31
1365_0103_0062_0085_0085.jpg 1 103 62 85 85
1366_0148_0074_0032_0032.jpg 1 148 74 32 32
1367_0115_0085_0068_0068.jpg 1 115 85 68 68
1368_0126_0128_0049_0049.jpg 1 126 128 49 49
1369_0031_0065_0045_0045.jpg 1 31 65 45 45
1370_0038_0035_0155_0155.jpg 1 38 35 155 155
1371_0063_0013_0102_0102.jpg 1 63 13 102 102
1372_0062_0067_0078_0078.jpg 1 62 67 78 78
1373_0014_0073_0090_0090.jpg 1 14 73 90 90
1374_0032_0077_0099_0099.jpg 1 32 77 99 99
1375_0046_0036_0118_0118.jpg 1 46 36 118 118
1376_0066_0040_0094_0094.jpg 1 66 40 94 94
1377_0015_0040_0153_0153.jpg 1 15 40 153 153
1378_0063_0055_0079_0079.jpg 1 63 55 79 79
1379_0061_0055_0083_0083.jpg 1 61 55 83 83
1380_0036_0026_0085_0085.jpg 1 36 26 85 85
1381_0016_0024_0131_0131.jpg 1 16 24 131 131
1382_0024_0036_0047_0047.jpg 1 24 36 47 47
1383_0103_0132_0049_0049.jpg 1 103 132 49 49
1384_0067_0096_0065_0065.jpg 1 67 96 65 65
1385_0051_0013_0145_0145.jpg 1 51 13 145 145
1386_0071_0025_0025_0025.jpg 1 71 25 25 25
1387_0056_0051_0120_0120.jpg 1 56 51 120 120
1388_0136_0141_0031_0031.jpg 1 136 141 31 31
1389_0028_0054_0146_0146.jpg 1 28 54 146 146
1390_0042_0065_0103_0103.jpg 1 42 65 103 103
1391_0073_0064_0111_0111.jpg 1 73 64 111 111
1392_0065_0011_0133_0133.jpg 1 65 11 133 133
1393_0067_0074_0087_0087.jpg 1 67 74 87 87
1394_0093_0093_0071_0071.jpg 1 93 93 71 71
1395_0013_0051_0142_0142.jpg 1 13 51 142 142
1396_0061_0030_0032_0032.jpg 1 61 30 32 32
1397_0072_0026_0085_0085.jpg 1 72 26 85 85
1398_0056_0061_0102_0102.jpg 1 56 61 102 102
1399_0076_0041_0117_0117.jpg 1 76 41 117 117
1400_0011_0065_0140_0140.jpg 1 11 65 140 140
1401_0027_0115_0042_0042.jpg 1 27 115 42 42
1402_0033_0062_0067_0067.jpg 1 33 62 67 67
1403_0037_0049_0073_0073.jpg 1 37 49 73 73
1404_0129_0054_0054_0054.jpg 1 129 54 54 54
1405_0042_0027_0153_0153.jpg 1 42 27 153 153
1406_0045_0062_0112_0112.jpg 1 45 62 112 112
1407_0042_0044_0107_0107.jpg 1 42 44 107 107
1408_0042_0045_0149_0149.jpg 1 42 45 149 149
1409_0057_0042_0074_0074.jpg 1 57 42 74 74
1410_0035_0009_0151_0151.jpg 1 35 9 151 151
1411_0048_0031_0155_0155.jpg 1 48 31 155 155
1412_0031_0032_0096_0096.jpg 1 31 32 96 96
1413_0047_0012_0119_0119.jpg 1 47 12 119 119
1414_0041_0020_0148_0148.jpg 1 41 20 148 148
1415_0073_0010_0131_0131.jpg 1 73 10 131 131
1416_0098_0122_0058_0058.jpg 1 98 122 58 58
1417_0143_0112_0043_0043.jpg 1 143 112 43 43
1418_0018_0035_0147_0147.jpg 1 18 35 147 147
1419_0058_0041_0101_0101.jpg 1 58 41 101 101
1420_0022_0051_0148_0148.jpg 1 22 51 148 148
1421_0075_0127_0027_0027.jpg 1 75 127 27 27
1422_0031_0049_0134_0134.jpg 1 31 49 134 134
1423_0053_0042_0137_0137.jpg 1 53 42 137 137
1424_0104_0110_0055_0055.jpg 1 104 110 55 55
1425_0141_0023_0026_0026.jpg 1 141 23 26 26
1426_0062_0108_0064_0064.jpg 1 62 108 64 64
1427_0015_0011_0153_0153.jpg 1 15 11 153 153
1428_0026_0079_0100_0100.jpg 1 26 79 100 100
1429_0115_0044_0052_0052.jpg 1 115 44 52 52
1430_0049_0138_0029_0029.jpg 1 49 138 29 29
1431_0041_0020_0142_0142.jpg 1 41 20 142 142
1432_0015_0050_0148_0148.jpg 1 15 50 148 148
1433_0049_0078_0113_0113.jpg 1 49 78 113 113
1434_0092_0061_0078_0078.jpg 1 92 61 78 78
1435_0078_0049_0099_0099.jpg 1 78 49 99 99
1436_0018_0044_0091_0091.jpg 1 18 44 91 91
1437_0091_0020_0045_0045.jpg 1 91 20 45 45
1438_0051_0042_0075_0075.jpg 1 51 42 75 75
1439_0019_0059_0100_0100.jpg 1 19 59 100 100
1440_0057_0054_0088_0088.jpg 1 57 54 88 88
1441_0062_0068_0124_0124.jpg 1 62 68 124 124
1442_0025_0129_0061_0061.jpg 1 25 129 61 61
1443_0033_0089_0102_0102.jpg 1 33 89 102 102
1444_0021_0018_0127_0127.jpg 1 21 18 127 127
1445_0041_0036_0137_0137.jpg 1 41 36 137 137
1446_0083_0104_0044_0044.jpg 1 83 104 44 44
1447_0049_0069_0127_0127.jpg 1 49 69 127 127
1448_0049_0076_0120_0120.jpg 1 49 76 120 120
1449_0053_0150_0026_0026.jpg 1 53 150 26 26
1450_0085_0024_0106_0106.jpg 1 85 24 106 106
1451_0016_0012_0149_0149.jpg 1 16 12 149 149
1452_0094_0039_0086_0086.jpg 1 94 39 86 86
1453_0047_0013_0095_0095.jpg 1 47 13 95 95
1454_0056_0034_0136_0136.jpg 1 56 34 136 136
1455_0009_0050_0143_0143.jpg 1 9 50 143 143
1456_0064_0067_0129_0129.jpg 1 64 67 129 129
1457_0055_0046_0149_0149.jpg 1 55 46 149 149
1458_0039_0031_0146_0146.jpg 1 39 31 146 146
1459_0015_0112_0073_0073.jpg 1 15 112 73 73
1460_0118_0110_0038_0038.jpg 1 118 110 38 38
1461_0099_0025_0040_0040.jpg 1 99 25 40 40
1462_0042_0021_0112_0112.jpg 1 42 21 112 112
1463_0015_0055_0076_0076.jpg 1 15 55 76 76
1464_0034_0084_0099_0099.jpg 1 34 84 99 99
1465_0054_0078_0109_0109.jpg 1 54 78 109 109
1466_0045_0011_0126_0126.jpg 1 45 11 126 126
1467_0121_0026_0053_0053.jpg 1 121 26 53 53
1468_0052_0035_0144_0144.jpg 1 52 35 144 144
1469_0130_0035_0032_0032.jpg 1 130 35 32 32
1470_0089_0071_0069_0069.jpg 1 89 71 69 69
1471_0047_0032_0152_0152.jpg 1 47 32 152 152
1472_0056_0022_0106_0106.jpg 1 56 22 106 106
1473_0027_0067_0092_0092.jpg 1 27 67 92 92
1474_0066_0054_0121_0121.jpg 1 66 54 121 121
1475_0060_0087_0104_0104.jpg 1 60 87 104 104
1476_0037_0015_0114_0114.jpg 1 37 15 114 114
1477_0066_0134_0035_0035.jpg 1 66 134 35 35
1478_0056_0049_0148_0148.jpg 1 56 49 148 148
1479_0035_0059_0055_0055.jpg 1 35 59 55 55
1480_0061_0037_0029_0029.jpg 1 61 37 29 29
1481_0057_0068_0077_0077.jpg 1 57 68 77 77
1482_0034_0079_0115_0115.jpg 1 34 79 115 115
1483_0061_0125_0064_0064.jpg 1 61 125 64 64
1484_0083_0029_0096_0096.jpg 1 83 29 96 96
1485_0047_0116_0060_0060.jpg 1 47 116 60 60
1486_0036_0045_0121_0121.jpg 1 36 45 121 121
1487_0083_0087_0083_0083.jpg 1 83 87 83 83
1488_0040_0120_0029_0029.jpg 1 40 120 29 29
1489_0021_0084_0031_0031.jpg 1 21 84 31 31
1490_0034_0052_0149_0149.jpg 1 34 52 149 149
1491_0025_0024_0047_0047.jpg 1 25 24 47 47
1492_0105_0028_0091_0091.jpg 1 105 28 91 91
1493_0028_0031_0140_0140.jpg 1 28 31 140 140
1494_0128_0030_0049_0049.jpg 1 128 30 49 49
1495_0083_0145_0037_0037.jpg 1 83 145 37 37
1496_0063_0062_0115_0115.jpg 1 63 62 115 115
1497_0050_0015_0141_0141.jpg 1 50 15 141 141
1498_0023_0091_0050_0050.jpg 1 23 91 50 50
1499_0079_0060_0049_0049.jpg 1 79 60 49 49
1500_0013_0066_0121_0121.jpg 1 13 66 121 121
1501_0096_0123_0066_0066.jpg 1 96 123 66 66
1502_0024_0040_0152_0152.jpg 1 24 40 152 152
1503_0070_0035_0126_0126.jpg 1 70 35 126 126
1504_0062_0068_0095_0095.jpg 1 62 68 95 95
1505_0066_0082_0058_0058.jpg 1 66 82 58 58
1506_0053_0035_0056_0056.jpg 1 53 35 56 56
1507_0102_0030_0059_0059.jpg 1 102 30 59 59
1508_0060_0020_0134_0134.jpg 1 60 20 134 134
1509_0022_0038_0110_0110.jpg 1 22 38 110 110
1510_0069_0033_0105_0105.jpg 1 69 33 105 105
1511_0033_0043_0140_0140.jpg 1 33 43 140 140
1512_0028_0056_0122_0122.jpg 1 28 56 122 122
1513_0093_0140_0041_0041.jpg 1 93 140 41 41
1514_0017_0092_0107_0107.jpg 1 17 92 107 107
1515_0063_0034_0131_0131.jpg 1 63 34 131 131
1516_0036_0033_0132_0132.jpg 1 36 33 132 132
1517_0073_0073_0091_0091.jpg 1 73 73 91 91
1518_0071_0048_0112_0112.jpg 1 71 48 112 112
1519_0044_0033_0123_0123.jpg 1 44 33 123 123
1520_0025_0052_0142_0142.jpg 1 25 52 142 142
1521_0012_0051_0121_0121.jpg 1 12 51 121 121
1522_0050_0056_0034_0034.jpg 1 50 56 34 34
1523_0046_0102_0052_0052.jpg 1 46 102 52 52
1524_0059_0085_0046_0046.jpg 1 59 85 46 46
1525_0035_0013_0148_0148.jpg 1 35 13 148 148
1526_0019_0015_0108_0108.jpg 1 19 15 108 108
1527_0007_0018_0151_0151.jpg 1 7 18 151 151
1528_0051_0013_0129_0129.jpg 1 51 13 129 129
1529_0042_0072_0061_0061.jpg 1 42 72 61 61
1530_0024_0023_0149_0149.jpg 1 24 23 149 149
1531_0107_0118_0044_0044.jpg 1 107 118 44 44
1532_0092_0111_0072_0072.jpg 1 92 111 72 72
1533_0067_0064_0109_0109.jpg 1 67 64 109 109
1534_0082_0038_0111_0111.jpg 1 82 38 111 111
1535_0070_0094_0058_0058.jpg 1 70 94 58 58
1536_0039_0121_0050_0050.jpg 1 39 121 50 50
1537_0038_0041_0074_0074.jpg 1 38 41 74 74
1538_0141_0123_0041_0041.jpg 1 141 123 41 41
1539_0084_0148_0024_0024.jpg 1 84 148 24 24
1540_0045_0074_0123_0123.jpg 1 45 74 123 123
1541_0084_0086_0085_0085.jpg 1 84 86 85 85
1542_0028_0040_0123_0123.jpg 1 28 40 123 123
1543_0042_0030_0133_0133.jpg 1 42 30 133 133
1544_0051_0040_0141_0141.jpg 1 51 40 141 141
1545_0103_0089_0061_0061.jpg 1 103 89 61 61
1546_0104_0098_0070_0070.jpg 1 104 98 70 70
1547_0083_0107_0083_0083.jpg 1 83 107 83 83
1548_0037_0032_0035_0035.jpg 1 37 32 35 35
1549_0138_0056_0042_0042.jpg 1 138 56 42 42
1550_0050_0110_0060_0060.jpg 1 50 110 60 60
1551_0022_0087_0065_0065.jpg 1 22 87 65 65
1552_0068_0047_0094_0094.jpg 1 68 47 94 94
1553_0014_0021_0137_0137.jpg 1 14 21 137 137
1554_0051_0048_0079_0079.jpg 1 51 48 79 79
1555_0047_0052_0047_0047.jpg 1 47 52 47 47
1556_0110_0057_0030_0030.jpg 1 110 57 30 30
1557_0041_0021_0065_0065.jpg 1 41 21 65 65
1558_0076_0033_0126_0126.jpg 1 76 33 126 126
1559_0079_0074_0068_0068.jpg 1 79 74 68 68
1560_0066_0048_0108_0108.jpg 1 66 48 108 108
1561_0115_0024_0061_0061.jpg 1 115 24 61 61
1562_0056_0029_0044_0044.jpg 1 56 29 44 44
1563_0050_0041_0151_0151.jpg 1 50 41 151 151
1564_0054_0044_0104_0104.jpg 1 54 44 104 104
1565_0073_0067_0111_0111.jpg 1 73 67 111 111
1566_0069_0026_0042_0042.jpg 1 69 26 42 42
1567_0070_0073_0058_0058.jpg 1 70 73 58 58
1568_0054_0037_0089_0089.jpg 1 54 37 89 89
1569_0044_0071_0025_0025.jpg 1 44 71 25 25
1570_0097_0068_0059_0059.jpg 1 97 68 59 59
1571_0092_0101_0035_0035.jpg 1 92 101 35 35
1572_0019_0052_0103_0103.jpg 1 19 52 103 103
1573_0096_0041_0091_0091.jpg 1 96 41 91 91
1574_0049_0049_0118_0118.jpg 1 49 49 118 118
1575_0081_0075_0096_0096.jpg 1 81 75 96 96
1576_0029_0093_0104_0104.jpg 1 29 93 104 104
1577_0019_0036_0155_0155.jpg 1 19 36 155 155
1578_0024_0054_0099_0099.jpg 1 24 54 99 99
1579_0082_0031_0046_0046.jpg 1 82 31 46 46
1580_0019_0041_0149_0149.jpg 1 19 41 149 149
1581_0082_0055_0076_0076.jpg 1 82 55 76 76
1582_0020_0053_0071_0071.jpg 1 20 53 71 71
1583_0107_0062_0089_0089.jpg 1 107 62 89 89
1584_0087_0028_0101_0101.jpg 1 87 28 101 101
1585_0103_0054_0062_0062.jpg 1 103 54 62 62
1586_0023_0059_0140_0140.jpg 1 23 59 140 140
1587_0133_0089_0030_0030.jpg 1 133 89 30 30
1588_0046_0033_0127_0127.jpg 1 46 33 127 127
1589_0123_0032_0069_0069.jpg 1 123 32 69 69
1590_0071_0021_0024_0024.jpg 1 71 21 24 24
1591_0012_0074_0114_0114.jpg 1 12 74 114 114
1592_0041_0053_0037_0037.jpg 1 41 53 37 37
1593_0020_0058_0147_0147.jpg 1 20 58 147 147
1594_0088_0123_0032_0032.jpg 1 88 123 32 32
1595_0013_0038_0120_0120.jpg 1 13 38 120 120
1596_0054_0086_0077_0077.jpg 1 54 86 77 77
1597_0030_0131_0056_0056.jpg 1 30 131 56 56
1598_0047_0050_0066_0066.jpg 1 47 50 66 66
1599_0017_0036_0149_0149.jpg 1 17 36 149 149
1600_0056_0061_0145_0145.jpg 1 56 61 145 145
1601_0062_0059_0087_0087.jpg 1 62 59 87 87
1602_0016_0040_0151_0151.jpg 1 16 40 151 151
1603_0035_0063_0086_0086.jpg 1 35 63 86 86
1604_0027_0088_0097_0097.jpg 1 27 88 97 97
1605_0015_0043_0115_0115.jpg 1 15 43 115 115
1606_0091_0019_0079_0079.jpg 1 91 19 79 79
1607_0090_0128_0044_0044.jpg 1 90 128 44 44
1608_0018_0084_0113_0113.jpg 1 18 84 113 113
1609_0023_0057_0052_0052.jpg 1 23 57 52 52
1610_0122_0046_0044_0044.jpg 1 122 46 44 44
1611_0032_0045_0082_0082.jpg 1 32 45 82 82
1612_0058_0092_0086_0086.jpg 1 58 92 86 86
1613_0054_0040_0127_0127.jpg 1 54 40 127 127
1614_0042_0116_0072_0072.jpg 1 42 116 72 72
1615_0131_0122_0030_0030.jpg 1 131 122 30 30
1616_0027_0049_0125_0125.jpg 1 27 49 125 125
1617_0111_0072_0040_0040.jpg 1 111 72 40 40
1618_0062_0048_0044_0044.jpg 1 62 48 44 44
1619_0008_0027_0149_0149.jpg 1 8 27 149 149
1620_0054_0042_0154_0154.jpg 1 54 42 154 154
1621_0037_0048_0127_0127.jpg 1 37 48 127 127
1622_0079_0048_0122_0122.jpg 1 79 48 122 122
1623_0030_0059_0045_0045.jpg 1 30 59 45 45
1624_0070_0023_0033_0033.jpg 1 70 23 33 33
1625_0070_0033_0063_0063.jpg 1 70 33 63 63
1626_0046_0040_0073_0073.jpg 1 46 40 73 73
1627_0043_0050_0081_0081.jpg 1 43 50 81 81
1628_0139_0056_0041_0041.jpg 1 139 56 41 41
1629_0050_0066_0122_0122.jpg 1 50 66 122 122
1630_0052_0024_0141_0141.jpg 1 52 24 141 141
1631_0056_0076_0095_0095.jpg 1 56 76 95 95
1632_0016_0039_0134_0134.jpg 1 16 39 134 134
1633_0017_0071_0053_0053.jpg 1 17 71 53 53
1634_0022_0029_0051_0051.jpg 1 22 29 51 51
1635_0040_0064_0137_0137.jpg 1 40 64 137 137
1636_0011_0062_0117_0117.jpg 1 11 62 117 117
1637_0027_0031_0127_0127.jpg 1 27 31 127 127
1638_0065_0072_0090_0090.jpg 1 65 72 90 90
1639_0050_0025_0118_0118.jpg 1 50 25 118 118
1640_0115_0032_0075_0075.jpg 1 115 32 75 75
1641_0033_0027_0038_0038.jpg 1 33 27 38 38
1642_0050_0041_0151_0151.jpg 1 50 41 151 151
1643_0054_0047_0153_0153.jpg 1 54 47 153 153
1644_0032_0049_0057_0057.jpg 1 32 49 57 57
1645_0052_0043_0114_0114.jpg 1 52 43 114 114
1646_0070_0074_0094_0094.jpg 1 70 74 94 94
1647_0038_0089_0055_0055.jpg 1 38 89 55 55
1648_0059_0072_0057_0057.jpg 1 59 72 57 57
1649_0032_0053_0065_0065.jpg 1 32 53 65 65
1650_0012_0041_0119_0119.jpg 1 12 41 119 119
1651_0081_0051_0100_0100.jpg 1 81 51 100 100
1652_0143_0082_0038_0038.jpg 1 143 82 38 38
1653_0077_0013_0101_0101.jpg 1 77 13 101 101
1654_0135_0038_0024_0024.jpg 1 135 38 24 24
1655_0059_0092_0087_0087.jpg 1 59 92 87 87
1656_0022_0149_0033_0033.jpg 1 22 149 33 33
1657_0048_0047_0153_0153.jpg 1 48 47 153 153
1658_0059_0044_0118_0118.jpg 1 59 44 118 118
1659_0092_0088_0043_0043.jpg 1 92 88 43 43
1660_0128_0127_0028_0028.jpg 1 128 127 28 28
1661_0124_0022_0033_0033.jpg 1 124 22 33 33
1662_0060_0019_0120_0120.jpg 1 60 19 120 120
1663_0066_0025_0105_0105.jpg 1 66 25 105 105
1664_0022_0028_0144_0144.jpg 1 22 28 144 144
1665_0036_0053_0120_0120.jpg 1 36 53 120 120
1666_0019_0077_0094_0094.jpg 1 19 77 94 94
1667_0141_0073_0035_0035.jpg 1 141 73 35 35
1668_0029_0087_0090_0090.jpg 1 29 87 90 90
1669_0076_0012_0112_0112.jpg 1 76 12 112 112
1670_0092_0044_0096_0096.jpg 1 92 44 96 96
1671_0049_0027_0147_0147.jpg 1 49 27 147 147
1672_0053_0085_0044_0044.jpg 1 53 85 44 44
1673_0103_0145_0039_0039.jpg 1 103 145 39 39
1674_0065_0071_0089_0089.jpg 1 65 71 89 89
1675_0063_0053_0078_0078.jpg 1 63 53 78 78
1676_0139_0039_0034_0034.jpg 1 139 39 34 34
1677_0036_0085_0078_0078.jpg 1 36 85 78 78
1678_0051_0049_0063_0063.jpg 1 51 49 63 63
1679_0037_0122_0063_0063.jpg 1 37 122 63 63
1680_0076_0149_0034_0034.jpg 1 76 149 34 34
1681_0024_0054_0156_0156.jpg 1 24 54 156 156
1682_0028_0012_0120_0120.jpg 1 28 12 120 120
1683_0030_0051_0155_0155.jpg 1 30 51 155 155
1684_0023_0069_0133_0133.jpg 1 23 69 133 133
1685_0104_0091_0061_0061.jpg 1 104 91 61 61
1686_0053_0091_0080_0080.jpg 1 53 91 80 80
1687_0027_0040_0099_0099.jpg 1 27 40 99 99
1688_0078_0081_0104_0104.jpg 1 78 81 104 104
1689_0034_0045_0151_0151.jpg 1 34 45 151 151
1690_0130_0107_0053_0053.jpg 1 130 107 53 53
1691_0036_0082_0056_0056.jpg 1 36 82 56 56
1692_0017_0057_0117_0117.jpg 1 17 57 117 117
1693_0089_0029_0103_0103.jpg 1 89 29 103 103
1694_0095_0084_0026_0026.jpg 1 95 84 26 26
1695_0011_0015_0133_0133.jpg 1 11 15 133 133
1696_0025_0090_0062_0062.jpg 1 25 90 62 62
1697_0117_0107_0055_0055.jpg 1 117 107 55 55
1698_0089_0090_0071_0071.jpg 1 89 90 71 71
1699_0116_0017_0077_0077.jpg 1 116 17 77 77
1700_0068_0016_0079_0079.jpg 1 68 16 79 79
1701_0050_0043_0155_0155.jpg 1 50 43 155 155
1702_0045_0108_0081_0081.jpg 1 45 108 81 81
1703_0144_0139_0026_0026.jpg 1 144 139 26 26
1704_0047_0013_0148_0148.jpg 1 47 13 148 148
1705_0020_0053_0108_0108.jpg 1 20 53 108 108
1706_0033_0026_0152_0152.jpg 1 33 26 152 152
1707_0017_0024_0117_0117.jpg 1 17 24 117 117
1708_0046_0100_0094_0094.jpg 1 46 100 94 94
1709_0036_0103_0070_0070.jpg 1 36 103 70 70
1710_0068_0026_0105_0105.jpg 1 68 26 105 105
1711_0014_0079_0099_0099.jpg 1 14 79 99 99
1712_0045_0070_0064_0064.jpg 1 45 70 64 64
1713_0120_0022_0033_0033.jpg 1 120 22 33 33
1714_0107_0034_0076_0076.jpg 1 107 34 76 76
1715_0058_0056_0148_0148.jpg 1 58 56 148 148
1716_0139_0105_0038_0038.jpg 1 139 105 38 38
1717_0020_0019_0105_0105.jpg 1 20 19 105 105
1718_0124_0101_0051_0051.jpg 1 124 101 51 51
1719_0056_0081_0103_0103.jpg 1 56 81 103 103
1720_0053_0020_0076_0076.jpg 1 53 20 76 76
1721_0044_0032_0137_0137.jpg 1 44 32 137 137
1722_0095_0072_0077_0077.jpg 1 95 72 77 77
1723_0029_0051_0047_0047.jpg 1 29 51 47 47
1724_0049_0070_0128_0128.jpg 1 49 70 128 128
1725_0082_0108_0058_0058.jpg 1 82 108 58 58
1726_0106_0026_0045_0045.jpg 1 106 26 45 45
1727_0047_0035_0156_0156.jpg 1 47 35 156 156
1728_0073_0032_0078_0078.jpg 1 73 32 78 78
1729_0038_0074_0123_0123.jpg 1 38 74 123 123
1730_0032_0063_0112_0112.jpg 1 32 63 112 112
1731_0025_0031_0146_0146.jpg 1 25 31 146 146
1732_0056_0029_0026_0026.jpg 1 56 29 26 26
1733_0025_0043_0135_0135.jpg 1 25 43 135 135
1734_0054_0018_0152_0152.jpg 1 54 18 152 152
1735_0120_0067_0071_0071.jpg 1 120 67 71 71
1736_0047_0081_0078_0078.jpg 1 47 81 78 78
1737_0012_0067_0133_0133.jpg 1 12 67 133 133
1738_0096_0080_0058_0058.jpg 1 96 80 58 58
1739_0118_0050_0040_0040.jpg 1 118 50 40 40
1740_0100_0086_0084_0084.jpg 1 100 86 84 84
1741_0092_0116_0037_0037.jpg 1 92 116 37 37
1742_0063_0099_0083_0083.jpg 1 63 99 83 83
1743_0011_0059_0142_0142.jpg 1 11 59 142 142
1744_0032_0115_0074_0074.jpg 1 32 115 74 74
1745_0022_0082_0111_0111.jpg 1 22 82 111 111
1746_0053_0039_0131_0131.jpg 1 53 39 131 131
1747_0024_0033_0118_0118.jpg 1 24 33 118 118
1748_0080_0080_0027_0027.jpg 1 80 80 27 27
1749_0029_0013_0150_0150.jpg 1 29 13 150 150
1750_0018_0074_0113_0113.jpg 1 18 74 113 113
1751_0035_0080_0115_0115.jpg 1 35 80 115 115
1752_0064_0050_0142_0142.jpg 1 64 50 142 142
1753_0095_0052_0026_0026.jpg 1 95 52 26 26
1754_0052_0034_0083_0083.jpg 1 52 34 83 83
1755_0081_0028_0109_0109.jpg 1 81 28 109 109
1756_0033_0035_0033_0033.jpg 1 33 35 33 33
1757_0029_0031_0081_0081.jpg 1 29 31 81 81
1758_0062_0048_0129_0129.jpg 1 62 48 129 129
1759_0068_0028_0104_0104.jpg 1 68 28 104 104
1760_0046_0033_0044_0044.jpg 1 46 33 44 44
1761_0050_0059_0145_0145.jpg 1 50 59 145 145
1762_0012_0032_0131_0131.jpg 1 12 32 131 131
1763_0060_0109_0034_0034.jpg 1 60 109 34 34
1764_0040_0027_0059_0059.jpg 1 40 27 59 59
1765_0043_0040_0153_0153.jpg 1 43 40 153 153
1766_0034_0015_0126_0126.jpg 1 34 15 126 126
1767_0027_0025_0146_0146.jpg 1 27 25 146 146
1768_0111_0137_0050_0050.jpg 1 111 137 50 50
1769_0137_0064_0030_0030.jpg 1 137 64 30 30
1770_0057_0016_0098_0098.jpg 1 57 16 98 98
1771_0057_0131_0052_0052.jpg 1 57 131 52 52
1772_0066_0104_0068_0068.jpg 1 66 104 68 68
1773_0011_0019_0132_0132.jpg 1 11 19 132 132
1774_0097_0035_0060_0060.jpg 1 97 35 60 60
1775_0144_0101_0030_0030.jpg 1 144 101 30 30
1776_0025_0077_0049_0049.jpg 1 25 77 49 49
1777_0039_0051_0085_0085.jpg 1 39 51 85 85
1778_0021_0023_0091_0091.jpg 1 21 23 91 91
1779_0027_0043_0142_0142.jpg 1 27 43 142 142
1780_0026_0063_0135_0135.jpg 1 26 63 135 135
1781_0020_0033_0138_0138.jpg 1 20 33 138 138
1782_0076_0114_0051_0051.jpg 1 76 114 51 51
1783_0058_0017_0122_0122.jpg 1 58 17 122 122
1784_0026_0085_0028_0028.jpg 1 26 85 28 28
1785_0110_0095_0058_0058.jpg 1 110 95 58 58
1786_0030_0111_0066_0066.jpg 1 30 111 66 66
1787_0080_0032_0024_0024.jpg 1 80 32 24 24
1788_0082_0045_0118_0118.jpg 1 82 45 118 118
1789_0019_0063_0082_0082.jpg 1 19 63 82 82
1790_0013_0064_0110_0110.jpg 1 13 64 110 110
1791_0113_0051_0031_0031.jpg 1 113 51 31 31
1792_0095_0090_0066_0066.jpg 1 95 90 66 66
1793_0017_0049_0139_0139.jpg 1 17 49 139 139
1794_0041_0073_0101_0101.jpg 1 41 73 101 101
1795_0028_0021_0145_0145.jpg 1 28 21 145 145
1796_0065_0104_0070_0070.jpg 1 65 104 70 70
1797_0070_0076_0090_0090.jpg 1 70 76 90 90
1798_0075_0055_0109_0109.jpg 1 75 55 109 109
1799_0008_0054_0149_0149.jpg 1 8 54 149 149
1800_0055_0015_0135_0135.jpg 1 55 15 135 135
