0001_0024_0024_0130_0130.jpg 1 24 24 130 130
0002_0028_0079_0077_0077.jpg 1 28 79 77 77
0003_0048_0028_0104_0104.jpg 1 48 28 104 104
0004_0116_0102_0064_0064.jpg 1 116 102 64 64
0005_0061_0088_0057_0057.jpg 1 61 88 57 57
0006_0062_0076_0122_0122.jpg 1 62 76 122 122
0007_0102_0047_0072_0072.jpg 1 102 47 72 72
0008_0010_0023_0135_0135.jpg 1 10 23 135 135
0009_0029_0033_0121_0121.jpg 1 29 33 121 121
0010_0029_0019_0141_0141.jpg 1 29 19 141 141
0011_0025_0120_0070_0070.jpg 1 25 120 70 70
0012_0093_0103_0057_0057.jpg 1 93 103 57 57
0013_0068_0079_0107_0107.jpg 1 68 79 107 107
0014_0015_0038_0086_0086.jpg 1 15 38 86 86
0015_0039_0058_0138_0138.jpg 1 39 58 138 138
0016_0064_0069_0097_0097.jpg 1 64 69 97 97
0017_0022_0088_0112_0112.jpg 1 22 88 112 112
0018_0056_0089_0056_0056.jpg 1 56 89 56 56
0019_0046_0021_0151_0151.jpg 1 46 21 151 151
0020_0073_0086_0042_0042.jpg 1 73 86 42 42
0021_0016_0029_0154_0154.jpg 1 16 29 154 154
0022_0048_0119_0036_0036.jpg 1 48 119 36 36
0023_0039_0075_0065_0065.jpg 1 39 75 65 65
0024_0055_0007_0154_0154.jpg 1 55 7 154 154
0025_0049_0034_0147_0147.jpg 1 49 34 147 147
0026_0055_0027_0084_0084.jpg 1 55 27 84 84
0027_0046_0125_0031_0031.jpg 1 46 125 31 31
0028_0028_0049_0061_0061.jpg 1 28 49 61 61
0029_0051_0008_0153_0153.jpg 1 51 8 153 153
0030_0033_0042_0039_0039.jpg 1 33 42 39 39
0031_0042_0023_0141_0141.jpg 1 42 23 141 141
0032_0013_0026_0098_0098.jpg 1 13 26 98 98
0033_0062_0100_0063_0063.jpg 1 62 100 63 63
0034_0063_0035_0098_0098.jpg 1 63 35 98 98
0035_0015_0015_0101_0101.jpg 1 15 15 101 101
0036_0063_0038_0130_0130.jpg 1 63 38 130 130
0037_0057_0059_0146_0146.jpg 1 57 59 146 146
0038_0014_0027_0139_0139.jpg 1 14 27 139 139
0039_0021_0093_0084_0084.jpg 1 21 93 84 84
0040_0050_0019_0073_0073.jpg 1 50 19 73 73
0041_0027_0060_0143_0143.jpg 1 27 60 143 143
0042_0084_0087_0046_0046.jpg 1 84 87 46 46
0043_0026_0051_0143_0143.jpg 1 26 51 143 143
0044_0044_0119_0059_0059.jpg 1 44 119 59 59
0045_0143_0076_0024_0024.jpg 1 143 76 24 24
0046_0049_0012_0109_0109.jpg 1 49 12 109 109
0047_0038_0056_0143_0143.jpg 1 38 56 143 143
0048_0109_0116_0058_0058.jpg 1 109 116 58 58
0049_0111_0105_0073_0073.jpg 1 111 105 73 73
0050_0098_0023_0065_0065.jpg 1 98 23 65 65
0051_0073_0075_0104_0104.jpg 1 73 75 104 104
0052_0049_0061_0080_0080.jpg 1 49 61 80 80
0053_0099_0089_0036_0036.jpg 1 99 89 36 36
0054_0055_0027_0146_0146.jpg 1 55 27 146 146
0055_0040_0118_0057_0057.jpg 1 40 118 57 57
0056_0059_0054_0070_0070.jpg 1 59 54 70 70
0057_0087_0023_0097_0097.jpg 1 87 23 97 97
0058_0084_0049_0046_0046.jpg 1 84 49 46 46
0059_0099_0059_0058_0058.jpg 1 99 59 58 58
0060_0026_0017_0154_0154.jpg 1 26 17 154 154
0061_0031_0035_0147_0147.jpg 1 31 35 147 147
0062_0063_0142_0030_0030.jpg 1 63 142 30 30
0063_0080_0073_0116_0116.jpg 1 80 73 116 116
0064_0090_0058_0083_0083.jpg 1 90 58 83 83
0065_0031_0037_0071_0071.jpg 1 31 37 71 71
0066_0032_0027_0090_0090.jpg 1 32 27 90 90
0067_0041_0022_0122_0122.jpg 1 41 22 122 122
0068_0048_0026_0148_0148.jpg 1 48 26 148 148
0069_0026_0024_0101_0101.jpg 1 26 24 101 101
0070_0045_0035_0152_0152.jpg 1 45 35 152 152
0071_0053_0059_0145_0145.jpg 1 53 59 145 145
0072_0071_0043_0069_0069.jpg 1 71 43 69 69
0073_0102_0064_0072_0072.jpg 1 102 64 72 72
0074_0075_0058_0123_0123.jpg 1 75 58 123 123
0075_0011_0032_0120_0120.jpg 1 11 32 120 120
0076_0066_0015_0139_0139.jpg 1 66 15 139 139
0077_0061_0061_0143_0143.jpg 1 61 61 143 143
0078_0074_0018_0084_0084.jpg 1 74 18 84 84
0079_0064_0089_0109_0109.jpg 1 64 89 109 109
0080_0009_0015_0149_0149.jpg 1 9 15 149 149
0081_0014_0038_0097_0097.jpg 1 14 38 97 97
0082_0071_0019_0129_0129.jpg 1 71 19 129 129
0083_0049_0051_0155_0155.jpg 1 49 51 155 155
0084_0024_0139_0037_0037.jpg 1 24 139 37 37
0085_0081_0017_0094_0094.jpg 1 81 17 94 94
0086_0037_0082_0112_0112.jpg 1 37 82 112 112
0087_0043_0024_0128_0128.jpg 1 43 24 128 128
0088_0050_0069_0122_0122.jpg 1 50 69 122 122
0089_0037_0050_0132_0132.jpg 1 37 50 132 132
0090_0076_0093_0079_0079.jpg 1 76 93 79 79
0091_0029_0050_0075_0075.jpg 1 29 50 75 75
0092_0102_0130_0026_0026.jpg 1 102 130 26 26
0093_0065_0095_0079_0079.jpg 1 65 95 79 79
0094_0111_0091_0066_0066.jpg 1 111 91 66 66
0095_0078_0045_0041_0041.jpg 1 78 45 41 41
0096_0080_0021_0108_0108.jpg 1 80 21 108 108
0097_0098_0071_0058_0058.jpg 1 98 71 58 58
0098_0050_0039_0089_0089.jpg 1 50 39 89 89
0099_0108_0147_0038_0038.jpg 1 108 147 38 38
0100_0113_0098_0039_0039.jpg 1 113 98 39 39
0101_0023_0036_0136_0136.jpg 1 23 36 136 136
0102_0082_0030_0101_0101.jpg 1 82 30 101 101
0103_0094_0073_0106_0106.jpg 1 94 73 106 106
0104_0077_0036_0101_0101.jpg 1 77 36 101 101
0105_0085_0028_0116_0116.jpg 1 85 28 116 116
0106_0016_0023_0108_0108.jpg 1 16 23 108 108
0107_0035_0030_0142_0142.jpg 1 35 30 142 142
0108_0018_0048_0103_0103.jpg 1 18 48 103 103
0109_0020_0019_0139_0139.jpg 1 20 19 139 139
0110_0040_0083_0094_0094.jpg 1 40 83 94 94
0111_0123_0054_0047_0047.jpg 1 123 54 47 47
0112_0097_0089_0039_0039.jpg 1 97 89 39 39
0113_0036_0035_0151_0151.jpg 1 36 35 151 151
0114_0095_0066_0087_0087.jpg 1 95 66 87 87
0115_0042_0015_0072_0072.jpg 1 42 15 72 72
0116_0034_0094_0045_0045.jpg 1 34 94 45 45
0117_0071_0110_0071_0071.jpg 1 71 110 71 71
0118_0027_0046_0125_0125.jpg 1 27 46 125 125
0119_0028_0036_0132_0132.jpg 1 28 36 132 132
0120_0012_0075_0111_0111.jpg 1 12 75 111 111
0121_0140_0118_0033_0033.jpg 1 140 118 33 33
0122_0050_0045_0110_0110.jpg 1 50 45 110 110
0123_0057_0081_0041_0041.jpg 1 57 81 41 41
0124_0012_0025_0151_0151.jpg 1 12 25 151 151
0125_0046_0075_0085_0085.jpg 1 46 75 85 85
0126_0050_0064_0111_0111.jpg 1 50 64 111 111
0127_0059_0036_0035_0035.jpg 1 59 36 35 35
0128_0069_0121_0029_0029.jpg 1 69 121 29 29
0129_0030_0029_0144_0144.jpg 1 30 29 144 144
0130_0078_0060_0079_0079.jpg 1 78 60 79 79
0131_0116_0123_0066_0066.jpg 1 116 123 66 66
0132_0031_0011_0132_0132.jpg 1 31 11 132 132
0133_0023_0017_0153_0153.jpg 1 23 17 153 153
0134_0053_0056_0144_0144.jpg 1 53 56 144 144
0135_0018_0048_0145_0145.jpg 1 18 48 145 145
0136_0037_0060_0098_0098.jpg 1 37 60 98 98
0137_0028_0021_0149_0149.jpg 1 28 21 149 149
0138_0114_0020_0027_0027.jpg 1 114 20 27 27
0139_0065_0023_0089_0089.jpg 1 65 23 89 89
0140_0010_0022_0144_0144.jpg 1 10 22 144 144
0141_0050_0055_0094_0094.jpg 1 50 55 94 94
0142_0036_0055_0068_0068.jpg 1 36 55 68 68
0143_0079_0053_0116_0116.jpg 1 79 53 116 116
0144_0067_0083_0052_0052.jpg 1 67 83 52 52
0145_0035_0101_0071_0071.jpg 1 35 101 71 71
0146_0061_0084_0087_0087.jpg 1 61 84 87 87
0147_0091_0095_0087_0087.jpg 1 91 95 87 87
0148_0052_0009_0156_0156.jpg 1 52 9 156 156
0149_0065_0060_0086_0086.jpg 1 65 60 86 86
0150_0053_0015_0078_0078.jpg 1 53 15 78 78
0151_0027_0069_0053_0053.jpg 1 27 69 53 53
0152_0080_0025_0118_0118.jpg 1 80 25 118 118
0153_0072_0036_0125_0125.jpg 1 72 36 125 125
0154_0021_0067_0135_0135.jpg 1 21 67 135 135
0155_0068_0070_0129_0129.jpg 1 68 70 129 129
0156_0049_0073_0129_0129.jpg 1 49 73 129 129
0157_0077_0103_0035_0035.jpg 1 77 103 35 35
0158_0060_0033_0129_0129.jpg 1 60 33 129 129
0159_0088_0028_0068_0068.jpg 1 88 28 68 68
0160_0043_0048_0036_0036.jpg 1 43 48 36 36
0161_0074_0084_0105_0105.jpg 1 74 84 105 105
0162_0023_0093_0088_0088.jpg 1 23 93 88 88
0163_0054_0017_0086_0086.jpg 1 54 17 86 86
0164_0067_0058_0138_0138.jpg 1 67 58 138 138
0165_0030_0012_0156_0156.jpg 1 30 12 156 156
0166_0043_0140_0045_0045.jpg 1 43 140 45 45
0167_0020_0026_0128_0128.jpg 1 20 26 128 128
0168_0046_0052_0145_0145.jpg 1 46 52 145 145
0169_0036_0102_0085_0085.jpg 1 36 102 85 85
0170_0024_0049_0156_0156.jpg 1 24 49 156 156
0171_0112_0158_0026_0026.jpg 1 112 158 26 26
0172_0130_0068_0031_0031.jpg 1 130 68 31 31
0173_0046_0037_0080_0080.jpg 1 46 37 80 80
0174_0040_0063_0127_0127.jpg 1 40 63 127 127
0175_0037_0126_0057_0057.jpg 1 37 126 57 57
0176_0035_0027_0150_0150.jpg 1 35 27 150 150
0177_0099_0096_0082_0082.jpg 1 99 96 82 82
0178_0044_0010_0149_0149.jpg 1 44 10 149 149
0179_0025_0039_0155_0155.jpg 1 25 39 155 155
0180_0016_0061_0115_0115.jpg 1 16 61 115 115
0181_0011_0057_0114_0114.jpg 1 11 57 114 114
0182_0048_0010_0122_0122.jpg 1 48 10 122 122
0183_0055_0067_0137_0137.jpg 1 55 67 137 137
0184_0049_0101_0032_0032.jpg 1 49 101 32 32
0185_0075_0119_0031_0031.jpg 1 75 119 31 31
0186_0014_0024_0153_0153.jpg 1 14 24 153 153
0187_0063_0042_0136_0136.jpg 1 63 42 136 136
0188_0016_0064_0099_0099.jpg 1 16 64 99 99
0189_0052_0017_0089_0089.jpg 1 52 17 89 89
0190_0050_0092_0102_0102.jpg 1 50 92 102 102
0191_0029_0145_0042_0042.jpg 1 29 145 42 42
0192_0016_0012_0156_0156.jpg 1 16 12 156 156
0193_0031_0050_0154_0154.jpg 1 31 50 154 154
0194_0030_0028_0140_0140.jpg 1 30 28 140 140
0195_0045_0119_0045_0045.jpg 1 45 119 45 45
0196_0093_0087_0099_0099.jpg 1 93 87 99 99
0197_0050_0013_0147_0147.jpg 1 50 13 147 147
0198_0043_0153_0027_0027.jpg 1 43 153 27 27
0199_0070_0057_0062_0062.jpg 1 70 57 62 62
0200_0112_0071_0083_0083.jpg 1 112 71 83 83
0201_0050_0033_0134_0134.jpg 1 50 33 134 134
0202_0072_0063_0049_0049.jpg 1 72 63 49 49
0203_0082_0065_0113_0113.jpg 1 82 65 113 113
0204_0055_0051_0136_0136.jpg 1 55 51 136 136
0205_0125_0033_0045_0045.jpg 1 125 33 45 45
0206_0031_0048_0154_0154.jpg 1 31 48 154 154
0207_0062_0080_0036_0036.jpg 1 62 80 36 36
0208_0093_0024_0032_0032.jpg 1 93 24 32 32
0209_0053_0068_0126_0126.jpg 1 53 68 126 126
0210_0066_0048_0028_0028.jpg 1 66 48 28 28
0211_0059_0019_0147_0147.jpg 1 59 19 147 147
0212_0088_0096_0084_0084.jpg 1 88 96 84 84
0213_0052_0079_0084_0084.jpg 1 52 79 84 84
0214_0094_0106_0088_0088.jpg 1 94 106 88 88
0215_0071_0024_0119_0119.jpg 1 71 24 119 119
0216_0111_0110_0057_0057.jpg 1 111 110 57 57
0217_0051_0101_0074_0074.jpg 1 51 101 74 74
0218_0113_0044_0056_0056.jpg 1 113 44 56 56
0219_0101_0016_0094_0094.jpg 1 101 16 94 94
0220_0023_0062_0031_0031.jpg 1 23 62 31 31
0221_0074_0069_0113_0113.jpg 1 74 69 113 113
0222_0013_0074_0100_0100.jpg 1 13 74 100 100
0223_0055_0039_0109_0109.jpg 1 55 39 109 109
0224_0104_0095_0077_0077.jpg 1 104 95 77 77
0225_0140_0086_0036_0036.jpg 1 140 86 36 36
0226_0082_0042_0098_0098.jpg 1 82 42 98 98
0227_0038_0088_0106_0106.jpg 1 38 88 106 106
0228_0076_0022_0055_0055.jpg 1 76 22 55 55
0229_0034_0096_0099_0099.jpg 1 34 96 99 99
0230_0041_0039_0089_0089.jpg 1 41 39 89 89
0231_0016_0024_0135_0135.jpg 1 16 24 135 135
0232_0051_0108_0026_0026.jpg 1 51 108 26 26
0233_0121_0020_0061_0061.jpg 1 121 20 61 61
0234_0115_0061_0075_0075.jpg 1 115 61 75 75
0235_0070_0054_0086_0086.jpg 1 70 54 86 86
0236_0020_0073_0105_0105.jpg 1 20 73 105 105
0237_0076_0025_0070_0070.jpg 1 76 25 70 70
0238_0010_0052_0151_0151.jpg 1 10 52 151 151
0239_0028_0054_0097_0097.jpg 1 28 54 97 97
0240_0049_0108_0065_0065.jpg 1 49 108 65 65
0241_0021_0014_0143_0143.jpg 1 21 14 143 143
0242_0096_0074_0073_0073.jpg 1 96 74 73 73
0243_0034_0133_0057_0057.jpg 1 34 133 57 57
0244_0142_0025_0040_0040.jpg 1 142 25 40 40
0245_0037_0008_0149_0149.jpg 1 37 8 149 149
0246_0022_0154_0026_0026.jpg 1 22 154 26 26
0247_0038_0021_0156_0156.jpg 1 38 21 156 156
0248_0045_0064_0127_0127.jpg 1 45 64 127 127
0249_0074_0089_0092_0092.jpg 1 74 89 92 92
0250_0058_0094_0043_0043.jpg 1 58 94 43 43
0251_0085_0038_0070_0070.jpg 1 85 38 70 70
0252_0020_0033_0154_0154.jpg 1 20 33 154 154
0253_0010_0028_0141_0141.jpg 1 10 28 141 141
0254_0048_0059_0079_0079.jpg 1 48 59 79 79
0255_0020_0121_0063_0063.jpg 1 20 121 63 63
0256_0025_0038_0107_0107.jpg 1 25 38 107 107
0257_0009_0033_0156_0156.jpg 1 9 33 156 156
0258_0048_0048_0103_0103.jpg 1 48 48 103 103
0259_0012_0031_0155_0155.jpg 1 12 31 155 155
0260_0106_0057_0031_0031.jpg 1 106 57 31 31
0261_0056_0013_0147_0147.jpg 1 56 13 147 147
0262_0054_0110_0029_0029.jpg 1 54 110 29 29
0263_0042_0085_0031_0031.jpg 1 42 85 31 31
0264_0040_0037_0126_0126.jpg 1 40 37 126 126
0265_0044_0018_0109_0109.jpg 1 44 18 109 109
0266_0140_0114_0039_0039.jpg 1 140 114 39 39
0267_0049_0024_0156_0156.jpg 1 49 24 156 156
0268_0033_0097_0049_0049.jpg 1 33 97 49 49
0269_0034_0013_0156_0156.jpg 1 34 13 156 156
0270_0030_0033_0052_0052.jpg 1 30 33 52 52
0271_0086_0030_0107_0107.jpg 1 86 30 107 107
0272_0077_0075_0077_0077.jpg 1 77 75 77 77
0273_0031_0089_0077_0077.jpg 1 31 89 77 77
0274_0106_0040_0077_0077.jpg 1 106 40 77 77
0275_0012_0058_0137_0137.jpg 1 12 58 137 137
0276_0028_0027_0121_0121.jpg 1 28 27 121 121
0277_0078_0047_0114_0114.jpg 1 78 47 114 114
0278_0070_0052_0110_0110.jpg 1 70 52 110 110
0279_0099_0110_0030_0030.jpg 1 99 110 30 30
0280_0034_0042_0103_0103.jpg 1 34 42 103 103
0281_0058_0019_0094_0094.jpg 1 58 19 94 94
0282_0047_0037_0119_0119.jpg 1 47 37 119 119
0283_0037_0053_0039_0039.jpg 1 37 53 39 39
0284_0105_0105_0043_0043.jpg 1 105 105 43 43
0285_0091_0064_0077_0077.jpg 1 91 64 77 77
0286_0041_0044_0080_0080.jpg 1 41 44 80 80
0287_0051_0053_0034_0034.jpg 1 51 53 34 34
0288_0095_0076_0102_0102.jpg 1 95 76 102 102
0289_0097_0025_0060_0060.jpg 1 97 25 60 60
0290_0051_0046_0155_0155.jpg 1 51 46 155 155
0291_0020_0043_0153_0153.jpg 1 20 43 153 153
0292_0033_0047_0110_0110.jpg 1 33 47 110 110
0293_0090_0097_0097_0097.jpg 1 90 97 97 97
0294_0097_0121_0068_0068.jpg 1 97 121 68 68
0295_0055_0052_0141_0141.jpg 1 55 52 141 141
0296_0058_0153_0025_0025.jpg 1 58 153 25 25
0297_0079_0080_0060_0060.jpg 1 79 80 60 60
0298_0023_0143_0028_0028.jpg 1 23 143 28 28
0299_0079_0110_0066_0066.jpg 1 79 110 66 66
0300_0057_0037_0078_0078.jpg 1 57 37 78 78
0301_0116_0093_0038_0038.jpg 1 116 93 38 38
0302_0050_0013_0127_0127.jpg 1 50 13 127 127
0303_0081_0096_0058_0058.jpg 1 81 96 58 58
0304_0027_0089_0097_0097.jpg 1 27 89 97 97
0305_0051_0073_0131_0131.jpg 1 51 73 131 131
0306_0045_0022_0096_0096.jpg 1 45 22 96 96
0307_0077_0066_0117_0117.jpg 1 77 66 117 117
0308_0044_0059_0148_0148.jpg 1 44 59 148 148
0309_0072_0031_0129_0129.jpg 1 72 31 129 129
0310_0131_0110_0059_0059.jpg 1 131 110 59 59
0311_0051_0068_0086_0086.jpg 1 51 68 86 86
0312_0066_0045_0114_0114.jpg 1 66 45 114 114
0313_0148_0143_0029_0029.jpg 1 148 143 29 29
0314_0062_0070_0094_0094.jpg 1 62 70 94 94
0315_0033_0110_0037_0037.jpg 1 33 110 37 37
0316_0063_0069_0102_0102.jpg 1 63 69 102 102
0317_0053_0035_0129_0129.jpg 1 53 35 129 129
0318_0055_0100_0086_0086.jpg 1 55 100 86 86
0319_0056_0066_0123_0123.jpg 1 56 66 123 123
0320_0019_0080_0114_0114.jpg 1 19 80 114 114
0321_0073_0066_0119_0119.jpg 1 73 66 119 119
0322_0020_0029_0078_0078.jpg 1 20 29 78 78
0323_0036_0026_0119_0119.jpg 1 36 26 119 119
0324_0100_0044_0081_0081.jpg 1 100 44 81 81
0325_0033_0109_0032_0032.jpg 1 33 109 32 32
0326_0033_0074_0069_0069.jpg 1 33 74 69 69
0327_0073_0109_0059_0059.jpg 1 73 109 59 59
0328_0085_0025_0045_0045.jpg 1 85 25 45 45
0329_0118_0079_0055_0055.jpg 1 118 79 55 55
0330_0060_0024_0064_0064.jpg 1 60 24 64 64
0331_0123_0043_0028_0028.jpg 1 123 43 28 28
0332_0048_0055_0040_0040.jpg 1 48 55 40 40
0333_0049_0040_0146_0146.jpg 1 49 40 146 146
0334_0093_0032_0040_0040.jpg 1 93 32 40 40
0335_0078_0022_0111_0111.jpg 1 78 22 111 111
0336_0083_0083_0031_0031.jpg 1 83 83 31 31
0337_0068_0020_0125_0125.jpg 1 68 20 125 125
0338_0089_0054_0090_0090.jpg 1 89 54 90 90
0339_0058_0018_0128_0128.jpg 1 58 18 128 128
0340_0057_0017_0105_0105.jpg 1 57 17 105 105
0341_0084_0080_0113_0113.jpg 1 84 80 113 113
0342_0100_0102_0085_0085.jpg 1 100 102 85 85
0343_0049_0069_0027_0027.jpg 1 49 69 27 27
0344_0028_0082_0112_0112.jpg 1 28 82 112 112
0345_0041_0021_0155_0155.jpg 1 41 21 155 155
0346_0045_0082_0088_0088.jpg 1 45 82 88 88
0347_0097_0098_0078_0078.jpg 1 97 98 78 78
0348_0055_0016_0151_0151.jpg 1 55 16 151 151
0349_0023_0023_0126_0126.jpg 1 23 23 126 126
0350_0056_0032_0137_0137.jpg 1 56 32 137 137
0351_0053_0076_0086_0086.jpg 1 53 76 86 86
0352_0080_0103_0055_0055.jpg 1 80 103 55 55
0353_0081_0093_0100_0100.jpg 1 81 93 100 100
0354_0051_0027_0074_0074.jpg 1 51 27 74 74
0355_0038_0088_0072_0072.jpg 1 38 88 72 72
0356_0056_0033_0112_0112.jpg 1 56 33 112 112
0357_0069_0052_0104_0104.jpg 1 69 52 104 104
0358_0056_0054_0120_0120.jpg 1 56 54 120 120
0359_0013_0009_0155_0155.jpg 1 13 9 155 155
0360_0048_0034_0124_0124.jpg 1 48 34 124 124
0361_0066_0054_0133_0133.jpg 1 66 54 133 133
0362_0089_0020_0043_0043.jpg 1 89 20 43 43
0363_0054_0053_0143_0143.jpg 1 54 53 143 143
0364_0034_0060_0099_0099.jpg 1 34 60 99 99
0365_0048_0011_0156_0156.jpg 1 48 11 156 156
0366_0142_0072_0032_0032.jpg 1 142 72 32 32
0367_0014_0072_0089_0089.jpg 1 14 72 89 89
0368_0084_0145_0026_0026.jpg 1 84 145 26 26
0369_0073_0018_0103_0103.jpg 1 73 18 103 103
0370_0045_0069_0133_0133.jpg 1 45 69 133 133
0371_0080_0029_0040_0040.jpg 1 80 29 40 40
0372_0037_0055_0063_0063.jpg 1 37 55 63 63
0373_0044_0068_0125_0125.jpg 1 44 68 125 125
0374_0070_0088_0087_0087.jpg 1 70 88 87 87
0375_0047_0055_0055_0055.jpg 1 47 55 55 55
0376_0040_0102_0082_0082.jpg 1 40 102 82 82
0377_0037_0019_0149_0149.jpg 1 37 19 149 149
0378_0047_0093_0028_0028.jpg 1 47 93 28 28
0379_0018_0043_0091_0091.jpg 1 18 43 91 91
0380_0022_0081_0024_0024.jpg 1 22 81 24 24
0381_0136_0146_0034_0034.jpg 1 136 146 34 34
0382_0064_0071_0082_0082.jpg 1 64 71 82 82
0383_0010_0038_0153_0153.jpg 1 10 38 153 153
0384_0048_0091_0104_0104.jpg 1 48 91 104 104
0385_0059_0088_0045_0045.jpg 1 59 88 45 45
0386_0021_0015_0152_0152.jpg 1 21 15 152 152
0387_0058_0018_0138_0138.jpg 1 58 18 138 138
0388_0056_0079_0065_0065.jpg 1 56 79 65 65
0389_0073_0036_0050_0050.jpg 1 73 36 50 50
0390_0040_0061_0141_0141.jpg 1 40 61 141 141
0391_0063_0083_0060_0060.jpg 1 63 83 60 60
0392_0148_0142_0034_0034.jpg 1 148 142 34 34
0393_0055_0058_0151_0151.jpg 1 55 58 151 151
0394_0062_0109_0075_0075.jpg 1 62 109 75 75
0395_0096_0077_0042_0042.jpg 1 96 77 42 42
0396_0081_0038_0097_0097.jpg 1 81 38 97 97
0397_0043_0078_0088_0088.jpg 1 43 78 88 88
0398_0035_0019_0080_0080.jpg 1 35 19 80 80
0399_0039_0023_0149_0149.jpg 1 39 23 149 149
0400_0146_0140_0032_0032.jpg 1 146 140 32 32
0401_0120_0146_0033_0033.jpg 1 120 146 33 33
0402_0103_0064_0063_0063.jpg 1 103 64 63 63
0403_0083_0110_0059_0059.jpg 1 83 110 59 59
0404_0054_0059_0063_0063.jpg 1 54 59 63 63
0405_0147_0121_0030_0030.jpg 1 147 121 30 30
0406_0060_0060_0123_0123.jpg 1 60 60 123 123
0407_0037_0044_0110_0110.jpg 1 37 44 110 110
0408_0074_0012_0113_0113.jpg 1 74 12 113 113
0409_0057_0031_0143_0143.jpg 1 57 31 143 143
0410_0121_0127_0056_0056.jpg 1 121 127 56 56
0411_0039_0019_0062_0062.jpg 1 39 19 62 62
0412_0025_0070_0109_0109.jpg 1 25 70 109 109
0413_0141_0130_0045_0045.jpg 1 141 130 45 45
0414_0066_0034_0031_0031.jpg 1 66 34 31 31
0415_0044_0035_0112_0112.jpg 1 44 35 112 112
0416_0066_0033_0106_0106.jpg 1 66 33 106 106
0417_0116_0084_0036_0036.jpg 1 116 84 36 36
0418_0039_0046_0138_0138.jpg 1 39 46 138 138
0419_0018_0035_0121_0121.jpg 1 18 35 121 121
0420_0049_0053_0125_0125.jpg 1 49 53 125 125
0421_0075_0024_0124_0124.jpg 1 75 24 124 124
0422_0058_0097_0079_0079.jpg 1 58 97 79 79
0423_0046_0023_0152_0152.jpg 1 46 23 152 152
0424_0127_0130_0045_0045.jpg 1 127 130 45 45
0425_0023_0030_0133_0133.jpg 1 23 30 133 133
0426_0036_0073_0035_0035.jpg 1 36 73 35 35
0427_0086_0027_0086_0086.jpg 1 86 27 86 86
0428_0040_0034_0066_0066.jpg 1 40 34 66 66
0429_0013_0073_0120_0120.jpg 1 13 73 120 120
0430_0116_0023_0067_0067.jpg 1 116 23 67 67
0431_0103_0049_0086_0086.jpg 1 103 49 86 86
0432_0011_0019_0125_0125.jpg 1 11 19 125 125
0433_0042_0055_0152_0152.jpg 1 42 55 152 152
0434_0016_0014_0117_0117.jpg 1 16 14 117 117
0435_0056_0055_0145_0145.jpg 1 56 55 145 145
0436_0058_0097_0090_0090.jpg 1 58 97 90 90
0437_0026_0012_0126_0126.jpg 1 26 12 126 126
0438_0024_0038_0136_0136.jpg 1 24 38 136 136
0439_0107_0132_0049_0049.jpg 1 107 132 49 49
0440_0039_0034_0106_0106.jpg 1 39 34 106 106
0441_0078_0100_0035_0035.jpg 1 78 100 35 35
0442_0111_0026_0080_0080.jpg 1 111 26 80 80
0443_0044_0088_0108_0108.jpg 1 44 88 108 108
0444_0050_0051_0127_0127.jpg 1 50 51 127 127
0445_0071_0035_0130_0130.jpg 1 71 35 130 130
0446_0044_0032_0138_0138.jpg 1 44 32 138 138
0447_0030_0059_0088_0088.jpg 1 30 59 88 88
0448_0021_0066_0054_0054.jpg 1 21 66 54 54
0449_0094_0114_0033_0033.jpg 1 94 114 33 33
0450_0110_0091_0041_0041.jpg 1 110 91 41 41
0451_0038_0020_0061_0061.jpg 1 38 20 61 61
0452_0046_0049_0153_0153.jpg 1 46 49 153 153
0453_0056_0093_0102_0102.jpg 1 56 93 102 102
0454_0094_0079_0035_0035.jpg 1 94 79 35 35
0455_0119_0075_0028_0028.jpg 1 119 75 28 28
0456_0025_0116_0033_0033.jpg 1 25 116 33 33
0457_0039_0058_0143_0143.jpg 1 39 58 143 143
0458_0054_0011_0136_0136.jpg 1 54 11 136 136
0459_0028_0058_0130_0130.jpg 1 28 58 130 130
0460_0015_0030_0148_0148.jpg 1 15 30 148 148
0461_0058_0030_0106_0106.jpg 1 58 30 106 106
0462_0089_0062_0061_0061.jpg 1 89 62 61 61
0463_0041_0078_0112_0112.jpg 1 41 78 112 112
0464_0073_0069_0114_0114.jpg 1 73 69 114 114
0465_0015_0023_0120_0120.jpg 1 15 23 120 120
0466_0022_0014_0137_0137.jpg 1 22 14 137 137
0467_0078_0079_0093_0093.jpg 1 78 79 93 93
0468_0052_0066_0126_0126.jpg 1 52 66 126 126
0469_0047_0066_0134_0134.jpg 1 47 66 134 134
0470_0077_0075_0094_0094.jpg 1 77 75 94 94
0471_0089_0055_0081_0081.jpg 1 89 55 81 81
0472_0102_0051_0077_0077.jpg 1 102 51 77 77
0473_0052_0044_0079_0079.jpg 1 52 44 79 79
0474_0024_0080_0061_0061.jpg 1 24 80 61 61
0475_0071_0104_0065_0065.jpg 1 71 104 65 65
0476_0125_0048_0061_0061.jpg 1 125 48 61 61
0477_0048_0111_0029_0029.jpg 1 48 111 29 29
0478_0042_0080_0093_0093.jpg 1 42 80 93 93
0479_0022_0132_0044_0044.jpg 1 22 132 44 44
0480_0130_0126_0030_0030.jpg 1 130 126 30 30
0481_0130_0086_0060_0060.jpg 1 130 86 60 60
0482_0064_0076_0116_0116.jpg 1 64 76 116 116
0483_0074_0138_0034_0034.jpg 1 74 138 34 34
0484_0108_0129_0053_0053.jpg 1 108 129 53 53
0485_0054_0036_0091_0091.jpg 1 54 36 91 91
0486_0061_0042_0144_0144.jpg 1 61 42 144 144
0487_0074_0078_0088_0088.jpg 1 74 78 88 88
0488_0088_0098_0077_0077.jpg 1 88 98 77 77
0489_0064_0078_0101_0101.jpg 1 64 78 101 101
0490_0045_0097_0048_0048.jpg 1 45 97 48 48
0491_0096_0029_0090_0090.jpg 1 96 29 90 90
0492_0091_0069_0041_0041.jpg 1 91 69 41 41
0493_0077_0080_0075_0075.jpg 1 77 80 75 75
0494_0108_0063_0059_0059.jpg 1 108 63 59 59
0495_0040_0079_0119_0119.jpg 1 40 79 119 119
0496_0039_0046_0136_0136.jpg 1 39 46 136 136
0497_0039_0034_0153_0153.jpg 1 39 34 153 153
0498_0013_0051_0142_0142.jpg 1 13 51 142 142
0499_0139_0101_0025_0025.jpg 1 139 101 25 25
0500_0011_0036_0152_0152.jpg 1 11 36 152 152
0501_0021_0055_0153_0153.jpg 1 21 55 153 153
0502_0027_0037_0150_0150.jpg 1 27 37 150 150
0503_0063_0070_0051_0051.jpg 1 63 70 51 51
0504_0019_0108_0086_0086.jpg 1 19 108 86 86
0505_0101_0045_0079_0079.jpg 1 101 45 79 79
0506_0090_0042_0068_0068.jpg 1 90 42 68 68
0507_0050_0104_0061_0061.jpg 1 50 104 61 61
0508_0023_0046_0079_0079.jpg 1 23 46 79 79
0509_0029_0044_0130_0130.jpg 1 29 44 130 130
0510_0055_0018_0144_0144.jpg 1 55 18 144 144
0511_0057_0070_0105_0105.jpg 1 57 70 105 105
0512_0057_0139_0040_0040.jpg 1 57 139 40 40
0513_0105_0048_0049_0049.jpg 1 105 48 49 49
0514_0019_0045_0110_0110.jpg 1 19 45 110 110
0515_0076_0138_0024_0024.jpg 1 76 138 24 24
0516_0017_0014_0150_0150.jpg 1 17 14 150 150
0517_0036_0046_0104_0104.jpg 1 36 46 104 104
0518_0026_0038_0103_0103.jpg 1 26 38 103 103
0519_0024_0053_0151_0151.jpg 1 24 53 151 151
0520_0033_0049_0131_0131.jpg 1 33 49 131 131
0521_0100_0094_0039_0039.jpg 1 100 94 39 39
0522_0015_0027_0101_0101.jpg 1 15 27 101 101
0523_0025_0033_0127_0127.jpg 1 25 33 127 127
0524_0039_0130_0045_0045.jpg 1 39 130 45 45
0525_0070_0019_0105_0105.jpg 1 70 19 105 105
0526_0069_0076_0075_0075.jpg 1 69 76 75 75
0527_0013_0047_0151_0151.jpg 1 13 47 151 151
0528_0065_0021_0121_0121.jpg 1 65 21 121 121
0529_0052_0069_0050_0050.jpg 1 52 69 50 50
0530_0052_0069_0104_0104.jpg 1 52 69 104 104
0531_0066_0064_0129_0129.jpg 1 66 64 129 129
0532_0033_0022_0086_0086.jpg 1 33 22 86 86
0533_0062_0078_0122_0122.jpg 1 62 78 122 122
0534_0047_0055_0129_0129.jpg 1 47 55 129 129
0535_0070_0034_0133_0133.jpg 1 70 34 133 133
0536_0079_0107_0088_0088.jpg 1 79 107 88 88
0537_0138_0090_0036_0036.jpg 1 138 90 36 36
0538_0040_0019_0155_0155.jpg 1 40 19 155 155
0539_0042_0039_0127_0127.jpg 1 42 39 127 127
0540_0035_0070_0066_0066.jpg 1 35 70 66 66
0541_0064_0036_0141_0141.jpg 1 64 36 141 141
0542_0016_0077_0118_0118.jpg 1 16 77 118 118
0543_0135_0095_0033_0033.jpg 1 135 95 33 33
0544_0099_0070_0099_0099.jpg 1 99 70 99 99
0545_0050_0065_0036_0036.jpg 1 50 65 36 36
0546_0107_0015_0081_0081.jpg 1 107 15 81 81
0547_0064_0095_0069_0069.jpg 1 64 95 69 69
0548_0020_0090_0034_0034.jpg 1 20 90 34 34
0549_0034_0024_0137_0137.jpg 1 34 24 137 137
0550_0054_0051_0130_0130.jpg 1 54 51 130 130
0551_0040_0046_0147_0147.jpg 1 40 46 147 147
0552_0013_0022_0120_0120.jpg 1 13 22 120 120
0553_0044_0052_0115_0115.jpg 1 44 52 115 115
0554_0022_0009_0148_0148.jpg 1 22 9 148 148
0555_0032_0050_0107_0107.jpg 1 32 50 107 107
0556_0128_0096_0042_0042.jpg 1 128 96 42 42
0557_0015_0052_0139_0139.jpg 1 15 52 139 139
0558_0023_0013_0139_0139.jpg 1 23 13 139 139
0559_0035_0065_0053_0053.jpg 1 35 65 53 53
0560_0100_0078_0077_0077.jpg 1 100 78 77 77
0561_0041_0011_0146_0146.jpg 1 41 11 146 146
0562_0085_0031_0053_0053.jpg 1 85 31 53 53
0563_0081_0065_0105_0105.jpg 1 81 65 105 105
0564_0082_0046_0047_0047.jpg 1 82 46 47 47
0565_0031_0023_0033_0033.jpg 1 31 23 33 33
0566_0021_0074_0056_0056.jpg 1 21 74 56 56
0567_0138_0039_0047_0047.jpg 1 138 39 47 47
0568_0021_0020_0135_0135.jpg 1 21 20 135 135
0569_0031_0095_0084_0084.jpg 1 31 95 84 84
0570_0053_0040_0155_0155.jpg 1 53 40 155 155
0571_0018_0092_0054_0054.jpg 1 18 92 54 54
0572_0045_0054_0067_0067.jpg 1 45 54 67 67
0573_0048_0021_0042_0042.jpg 1 48 21 42 42
0574_0026_0035_0116_0116.jpg 1 26 35 116 116
0575_0068_0061_0073_0073.jpg 1 68 61 73 73
0576_0080_0064_0057_0057.jpg 1 80 64 57 57
0577_0035_0061_0099_0099.jpg 1 35 61 99 99
0578_0052_0039_0148_0148.jpg 1 52 39 148 148
0579_0080_0126_0056_0056.jpg 1 80 126 56 56
0580_0047_0006_0156_0156.jpg 1 47 6 156 156
0581_0007_0013_0155_0155.jpg 1 7 13 155 155
0582_0107_0060_0077_0077.jpg 1 107 60 77 77
0583_0018_0050_0140_0140.jpg 1 18 50 140 140
0584_0037_0068_0059_0059.jpg 1 37 68 59 59
0585_0039_0031_0152_0152.jpg 1 39 31 152 152
0586_0023_0011_0106_0106.jpg 1 23 11 106 106
0587_0045_0016_0124_0124.jpg 1 45 16 124 124
0588_0077_0037_0043_0043.jpg 1 77 37 43 43
0589_0052_0091_0062_0062.jpg 1 52 91 62 62
0590_0052_0052_0084_0084.jpg 1 52 52 84 84
0591_0047_0030_0145_0145.jpg 1 47 30 145 145
0592_0023_0114_0031_0031.jpg 1 23 114 31 31
0593_0037_0138_0033_0033.jpg 1 37 138 33 33
0594_0078_0049_0122_0122.jpg 1 78 49 122 122
0595_0080_0123_0026_0026.jpg 1 80 123 26 26
0596_0087_0096_0027_0027.jpg 1 87 96 27 27
0597_0018_0117_0045_0045.jpg 1 18 117 45 45
0598_0096_0016_0098_0098.jpg 1 96 16 98 98
0599_0018_0053_0137_0137.jpg 1 18 53 137 137
0600_0051_0016_0144_0144.jpg 1 51 16 144 144
0601_0063_0067_0075_0075.jpg 1 63 67 75 75
0602_0119_0114_0066_0066.jpg 1 119 114 66 66
0603_0029_0017_0140_0140.jpg 1 29 17 140 140
0604_0051_0061_0120_0120.jpg 1 51 61 120 120
0605_0044_0059_0046_0046.jpg 1 44 59 46 46
0606_0108_0075_0086_0086.jpg 1 108 75 86 86
0607_0027_0059_0102_0102.jpg 1 27 59 102 102
0608_0097_0140_0026_0026.jpg 1 97 140 26 26
0609_0034_0114_0080_0080.jpg 1 34 114 80 80
0610_0049_0044_0144_0144.jpg 1 49 44 144 144
0611_0046_0059_0136_0136.jpg 1 46 59 136 136
0612_0089_0116_0067_0067.jpg 1 89 116 67 67
0613_0088_0028_0104_0104.jpg 1 88 28 104 104
0614_0042_0030_0097_0097.jpg 1 42 30 97 97
0615_0035_0139_0041_0041.jpg 1 35 139 41 41
0616_0063_0057_0133_0133.jpg 1 63 57 133 133
0617_0030_0060_0120_0120.jpg 1 30 60 120 120
0618_0021_0060_0111_0111.jpg 1 21 60 111 111
0619_0061_0052_0147_0147.jpg 1 61 52 147 147
0620_0017_0040_0109_0109.jpg 1 17 40 109 109
0621_0044_0033_0147_0147.jpg 1 44 33 147 147
0622_0051_0041_0107_0107.jpg 1 51 41 107 107
0623_0123_0097_0026_0026.jpg 1 123 97 26 26
0624_0098_0028_0085_0085.jpg 1 98 28 85 85
0625_0071_0049_0113_0113.jpg 1 71 49 113 113
0626_0055_0094_0068_0068.jpg 1 55 94 68 68
0627_0040_0014_0089_0089.jpg 1 40 14 89 89
0628_0026_0044_0148_0148.jpg 1 26 44 148 148
0629_0053_0030_0035_0035.jpg 1 53 30 35 35
0630_0027_0083_0107_0107.jpg 1 27 83 107 107
0631_0153_0120_0028_0028.jpg 1 153 120 28 28
0632_0025_0037_0114_0114.jpg 1 25 37 114 114
0633_0042_0095_0081_0081.jpg 1 42 95 81 81
0634_0034_0127_0030_0030.jpg 1 34 127 30 30
0635_0060_0101_0048_0048.jpg 1 60 101 48 48
0636_0031_0029_0118_0118.jpg 1 31 29 118 118
0637_0044_0067_0131_0131.jpg 1 44 67 131 131
0638_0070_0017_0074_0074.jpg 1 70 17 74 74
0639_0092_0094_0086_0086.jpg 1 92 94 86 86
0640_0095_0088_0060_0060.jpg 1 95 88 60 60
0641_0017_0062_0145_0145.jpg 1 17 62 145 145
0642_0129_0024_0034_0034.jpg 1 129 24 34 34
0643_0023_0053_0101_0101.jpg 1 23 53 101 101
0644_0077_0086_0112_0112.jpg 1 77 86 112 112
0645_0071_0045_0121_0121.jpg 1 71 45 121 121
0646_0047_0129_0035_0035.jpg 1 47 129 35 35
0647_0117_0098_0077_0077.jpg 1 117 98 77 77
0648_0105_0100_0052_0052.jpg 1 105 100 52 52
0649_0050_0040_0151_0151.jpg 1 50 40 151 151
0650_0026_0090_0097_0097.jpg 1 26 90 97 97
0651_0050_0045_0148_0148.jpg 1 50 45 148 148
0652_0091_0058_0101_0101.jpg 1 91 58 101 101
0653_0025_0018_0134_0134.jpg 1 25 18 134 134
0654_0056_0018_0083_0083.jpg 1 56 18 83 83
0655_0066_0048_0118_0118.jpg 1 66 48 118 118
0656_0040_0011_0138_0138.jpg 1 40 11 138 138
0657_0037_0048_0135_0135.jpg 1 37 48 135 135
0658_0042_0039_0125_0125.jpg 1 42 39 125 125
0659_0137_0111_0045_0045.jpg 1 137 111 45 45
0660_0097_0020_0072_0072.jpg 1 97 20 72 72
0661_0115_0022_0071_0071.jpg 1 115 22 71 71
0662_0025_0043_0136_0136.jpg 1 25 43 136 136
0663_0012_0069_0116_0116.jpg 1 12 69 116 116
0664_0074_0038_0100_0100.jpg 1 74 38 100 100
0665_0051_0019_0114_0114.jpg 1 51 19 114 114
0666_0027_0033_0139_0139.jpg 1 27 33 139 139
0667_0079_0066_0090_0090.jpg 1 79 66 90 90
0668_0038_0011_0119_0119.jpg 1 38 11 119 119
0669_0105_0038_0087_0087.jpg 1 105 38 87 87
0670_0050_0015_0144_0144.jpg 1 50 15 144 144
0671_0015_0066_0093_0093.jpg 1 15 66 93 93
0672_0026_0036_0120_0120.jpg 1 26 36 120 120
0673_0030_0109_0069_0069.jpg 1 30 109 69 69
0674_0035_0097_0076_0076.jpg 1 35 97 76 76
0675_0024_0032_0105_0105.jpg 1 24 32 105 105
0676_0045_0061_0120_0120.jpg 1 45 61 120 120
0677_0040_0017_0145_0145.jpg 1 40 17 145 145
0678_0035_0100_0074_0074.jpg 1 35 100 74 74
0679_0099_0062_0064_0064.jpg 1 99 62 64 64
0680_0065_0056_0142_0142.jpg 1 65 56 142 142
0681_0040_0060_0042_0042.jpg 1 40 60 42 42
0682_0085_0045_0117_0117.jpg 1 85 45 117 117
0683_0074_0059_0035_0035.jpg 1 74 59 35 35
0684_0066_0036_0089_0089.jpg 1 66 36 89 89
0685_0085_0138_0031_0031.jpg 1 85 138 31 31
0686_0111_0083_0059_0059.jpg 1 111 83 59 59
0687_0063_0088_0084_0084.jpg 1 63 88 84 84
0688_0050_0072_0082_0082.jpg 1 50 72 82 82
0689_0055_0055_0109_0109.jpg 1 55 55 109 109
0690_0038_0018_0122_0122.jpg 1 38 18 122 122
0691_0032_0039_0148_0148.jpg 1 32 39 148 148
0692_0055_0035_0123_0123.jpg 1 55 35 123 123
0693_0076_0103_0087_0087.jpg 1 76 103 87 87
0694_0056_0033_0140_0140.jpg 1 56 33 140 140
0695_0023_0049_0030_0030.jpg 1 23 49 30 30
0696_0047_0042_0075_0075.jpg 1 47 42 75 75
0697_0137_0140_0031_0031.jpg 1 137 140 31 31
0698_0023_0013_0121_0121.jpg 1 23 13 121 121
0699_0019_0021_0043_0043.jpg 1 19 21 43 43
0700_0075_0084_0074_0074.jpg 1 75 84 74 74
0701_0039_0012_0121_0121.jpg 1 39 12 121 121
0702_0037_0078_0093_0093.jpg 1 37 78 93 93
0703_0082_0055_0105_0105.jpg 1 82 55 105 105
0704_0054_0042_0136_0136.jpg 1 54 42 136 136
0705_0087_0072_0057_0057.jpg 1 87 72 57 57
0706_0030_0059_0141_0141.jpg 1 30 59 141 141
0707_0031_0017_0063_0063.jpg 1 31 17 63 63
0708_0100_0047_0050_0050.jpg 1 100 47 50 50
0709_0044_0051_0101_0101.jpg 1 44 51 101 101
0710_0085_0094_0101_0101.jpg 1 85 94 101 101
0711_0041_0024_0147_0147.jpg 1 41 24 147 147
0712_0037_0034_0156_0156.jpg 1 37 34 156 156
0713_0044_0026_0140_0140.jpg 1 44 26 140 140
0714_0089_0090_0098_0098.jpg 1 89 90 98 98
0715_0120_0108_0068_0068.jpg 1 120 108 68 68
0716_0030_0013_0138_0138.jpg 1 30 13 138 138
0717_0042_0035_0156_0156.jpg 1 42 35 156 156
0718_0046_0126_0038_0038.jpg 1 46 126 38 38
0719_0050_0032_0123_0123.jpg 1 50 32 123 123
0720_0051_0011_0126_0126.jpg 1 51 11 126 126
0721_0017_0021_0107_0107.jpg 1 17 21 107 107
0722_0051_0055_0123_0123.jpg 1 51 55 123 123
0723_0074_0013_0097_0097.jpg 1 74 13 97 97
0724_0061_0058_0077_0077.jpg 1 61 58 77 77
0725_0040_0039_0125_0125.jpg 1 40 39 125 125
0726_0035_0050_0142_0142.jpg 1 35 50 142 142
0727_0038_0072_0100_0100.jpg 1 38 72 100 100
0728_0022_0075_0070_0070.jpg 1 22 75 70 70
0729_0108_0047_0047_0047.jpg 1 108 47 47 47
0730_0091_0118_0036_0036.jpg 1 91 118 36 36
0731_0025_0026_0087_0087.jpg 1 25 26 87 87
0732_0029_0009_0154_0154.jpg 1 29 9 154 154
0733_0073_0059_0079_0079.jpg 1 73 59 79 79
0734_0100_0117_0069_0069.jpg 1 100 117 69 69
0735_0054_0023_0134_0134.jpg 1 54 23 134 134
0736_0064_0055_0062_0062.jpg 1 64 55 62 62
0737_0055_0080_0109_0109.jpg 1 55 80 109 109
0738_0031_0088_0095_0095.jpg 1 31 88 95 95
0739_0034_0064_0131_0131.jpg 1 34 64 131 131
0740_0043_0054_0154_0154.jpg 1 43 54 154 154
0741_0069_0011_0122_0122.jpg 1 69 11 122 122
0742_0081_0066_0112_0112.jpg 1 81 66 112 112
0743_0016_0018_0094_0094.jpg 1 16 18 94 94
0744_0028_0017_0154_0154.jpg 1 28 17 154 154
0745_0053_0085_0108_0108.jpg 1 53 85 108 108
0746_0054_0045_0096_0096.jpg 1 54 45 96 96
0747_0043_0017_0146_0146.jpg 1 43 17 146 146
0748_0067_0016_0109_0109.jpg 1 67 16 109 109
0749_0086_0035_0110_0110.jpg 1 86 35 110 110
0750_0023_0023_0123_0123.jpg 1 23 23 123 123
0751_0024_0088_0090_0090.jpg 1 24 88 90 90
0752_0094_0123_0027_0027.jpg 1 94 123 27 27
0753_0030_0110_0067_0067.jpg 1 30 110 67 67
0754_0041_0086_0041_0041.jpg 1 41 86 41 41
0755_0044_0049_0082_0082.jpg 1 44 49 82 82
0756_0039_0051_0112_0112.jpg 1 39 51 112 112
0757_0133_0098_0055_0055.jpg 1 133 98 55 55
0758_0030_0024_0128_0128.jpg 1 30 24 128 128
0759_0086_0137_0033_0033.jpg 1 86 137 33 33
0760_0118_0144_0029_0029.jpg 1 118 144 29 29
0761_0044_0082_0102_0102.jpg 1 44 82 102 102
0762_0143_0084_0039_0039.jpg 1 143 84 39 39
0763_0045_0059_0102_0102.jpg 1 45 59 102 102
0764_0029_0055_0081_0081.jpg 1 29 55 81 81
0765_0061_0097_0027_0027.jpg 1 61 97 27 27
0766_0041_0058_0139_0139.jpg 1 41 58 139 139
0767_0049_0049_0132_0132.jpg 1 49 49 132 132
0768_0065_0037_0085_0085.jpg 1 65 37 85 85
0769_0079_0049_0112_0112.jpg 1 79 49 112 112
0770_0084_0076_0079_0079.jpg 1 84 76 79 79
0771_0086_0040_0053_0053.jpg 1 86 40 53 53
0772_0013_0022_0149_0149.jpg 1 13 22 149 149
0773_0021_0059_0086_0086.jpg 1 21 59 86 86
0774_0079_0074_0092_0092.jpg 1 79 74 92 92
0775_0036_0055_0106_0106.jpg 1 36 55 106 106
0776_0067_0101_0029_0029.jpg 1 67 101 29 29
0777_0045_0016_0077_0077.jpg 1 45 16 77 77
0778_0035_0013_0130_0130.jpg 1 35 13 130 130
0779_0084_0103_0038_0038.jpg 1 84 103 38 38
0780_0040_0061_0104_0104.jpg 1 40 61 104 104
0781_0047_0033_0090_0090.jpg 1 47 33 90 90
0782_0050_0041_0147_0147.jpg 1 50 41 147 147
0783_0044_0029_0119_0119.jpg 1 44 29 119 119
0784_0066_0048_0072_0072.jpg 1 66 48 72 72
0785_0063_0127_0048_0048.jpg 1 63 127 48 48
0786_0035_0132_0039_0039.jpg 1 35 132 39 39
0787_0045_0091_0047_0047.jpg 1 45 91 47 47
0788_0120_0073_0026_0026.jpg 1 120 73 26 26
0789_0082_0036_0085_0085.jpg 1 82 36 85 85
0790_0038_0033_0086_0086.jpg 1 38 33 86 86
0791_0099_0103_0077_0077.jpg 1 99 103 77 77
0792_0117_0048_0025_0025.jpg 1 117 48 25 25
0793_0021_0057_0143_0143.jpg 1 21 57 143 143
0794_0080_0079_0113_0113.jpg 1 80 79 113 113
0795_0059_0042_0051_0051.jpg 1 59 42 51 51
0796_0013_0066_0099_0099.jpg 1 13 66 99 99
0797_0023_0017_0102_0102.jpg 1 23 17 102 102
0798_0014_0071_0119_0119.jpg 1 14 71 119 119
0799_0088_0140_0027_0027.jpg 1 88 140 27 27
0800_0091_0119_0041_0041.jpg 1 91 119 41 41
0801_0102_0087_0069_0069.jpg 1 102 87 69 69
0802_0036_0046_0111_0111.jpg 1 36 46 111 111
0803_0051_0058_0086_0086.jpg 1 51 58 86 86
0804_0046_0026_0145_0145.jpg 1 46 26 145 145
0805_0110_0105_0073_0073.jpg 1 110 105 73 73
0806_0050_0115_0071_0071.jpg 1 50 115 71 71
0807_0118_0068_0065_0065.jpg 1 118 68 65 65
0808_0051_0060_0078_0078.jpg 1 51 60 78 78
0809_0045_0088_0067_0067.jpg 1 45 88 67 67
0810_0029_0084_0062_0062.jpg 1 29 84 62 62
0811_0014_0047_0103_0103.jpg 1 14 47 103 103
0812_0059_0062_0141_0141.jpg 1 59 62 141 141
0813_0116_0124_0035_0035.jpg 1 116 124 35 35
0814_0035_0021_0149_0149.jpg 1 35 21 149 149
0815_0067_0014_0082_0082.jpg 1 67 14 82 82
0816_0036_0079_0060_0060.jpg 1 36 79 60 60
0817_0105_0038_0058_0058.jpg 1 105 38 58 58
0818_0021_0135_0024_0024.jpg 1 21 135 24 24
0819_0041_0031_0136_0136.jpg 1 41 31 136 136
0820_0072_0127_0060_0060.jpg 1 72 127 60 60
0821_0116_0097_0068_0068.jpg 1 116 97 68 68
0822_0141_0114_0038_0038.jpg 1 141 114 38 38
0823_0045_0033_0156_0156.jpg 1 45 33 156 156
0824_0013_0010_0139_0139.jpg 1 13 10 139 139
0825_0013_0018_0149_0149.jpg 1 13 18 149 149
0826_0019_0044_0121_0121.jpg 1 19 44 121 121
0827_0060_0076_0122_0122.jpg 1 60 76 122 122
0828_0034_0070_0036_0036.jpg 1 34 70 36 36
0829_0056_0022_0126_0126.jpg 1 56 22 126 126
0830_0039_0106_0059_0059.jpg 1 39 106 59 59
0831_0050_0028_0124_0124.jpg 1 50 28 124 124
0832_0016_0066_0090_0090.jpg 1 16 66 90 90
0833_0030_0020_0102_0102.jpg 1 30 20 102 102
0834_0098_0093_0092_0092.jpg 1 98 93 92 92
0835_0052_0068_0133_0133.jpg 1 52 68 133 133
0836_0073_0098_0078_0078.jpg 1 73 98 78 78
0837_0063_0097_0097_0097.jpg 1 63 97 97 97
0838_0053_0071_0127_0127.jpg 1 53 71 127 127
0839_0032_0056_0152_0152.jpg 1 32 56 152 152
0840_0100_0090_0050_0050.jpg 1 100 90 50 50
0841_0103_0053_0064_0064.jpg 1 103 53 64 64
0842_0012_0010_0152_0152.jpg 1 12 10 152 152
0843_0025_0040_0068_0068.jpg 1 25 40 68 68
0844_0023_0083_0117_0117.jpg 1 23 83 117 117
0845_0055_0019_0107_0107.jpg 1 55 19 107 107
0846_0056_0079_0088_0088.jpg 1 56 79 88 88
0847_0109_0022_0048_0048.jpg 1 109 22 48 48
0848_0082_0044_0065_0065.jpg 1 82 44 65 65
0849_0030_0100_0058_0058.jpg 1 30 100 58 58
0850_0049_0030_0121_0121.jpg 1 49 30 121 121
0851_0136_0070_0026_0026.jpg 1 136 70 26 26
0852_0047_0042_0147_0147.jpg 1 47 42 147 147
0853_0099_0020_0041_0041.jpg 1 99 20 41 41
0854_0023_0070_0102_0102.jpg 1 23 70 102 102
0855_0106_0119_0069_0069.jpg 1 106 119 69 69
0856_0128_0080_0034_0034.jpg 1 128 80 34 34
0857_0045_0031_0071_0071.jpg 1 45 31 71 71
0858_0045_0019_0152_0152.jpg 1 45 19 152 152
0859_0102_0037_0028_0028.jpg 1 102 37 28 28
0860_0012_0028_0098_0098.jpg 1 12 28 98 98
0861_0101_0050_0051_0051.jpg 1 101 50 51 51
0862_0038_0008_0144_0144.jpg 1 38 8 144 144
0863_0047_0016_0128_0128.jpg 1 47 16 128 128
0864_0075_0019_0035_0035.jpg 1 75 19 35 35
0865_0019_0055_0123_0123.jpg 1 19 55 123 123
0866_0065_0043_0045_0045.jpg 1 65 43 45 45
0867_0031_0010_0125_0125.jpg 1 31 10 125 125
0868_0057_0045_0098_0098.jpg 1 57 45 98 98
0869_0033_0064_0128_0128.jpg 1 33 64 128 128
0870_0026_0113_0075_0075.jpg 1 26 113 75 75
0871_0089_0088_0091_0091.jpg 1 89 88 91 91
0872_0060_0056_0141_0141.jpg 1 60 56 141 141
0873_0079_0125_0054_0054.jpg 1 79 125 54 54
0874_0030_0024_0149_0149.jpg 1 30 24 149 149
0875_0109_0075_0030_0030.jpg 1 109 75 30 30
0876_0027_0046_0151_0151.jpg 1 27 46 151 151
0877_0135_0117_0041_0041.jpg 1 135 117 41 41
0878_0044_0097_0071_0071.jpg 1 44 97 71 71
0879_0087_0121_0070_0070.jpg 1 87 121 70 70
0880_0046_0093_0075_0075.jpg 1 46 93 75 75
0881_0011_0040_0150_0150.jpg 1 11 40 150 150
0882_0125_0124_0036_0036.jpg 1 125 124 36 36
0883_0025_0055_0144_0144.jpg 1 25 55 144 144
0884_0079_0095_0074_0074.jpg 1 79 95 74 74
0885_0015_0098_0078_0078.jpg 1 15 98 78 78
0886_0110_0099_0045_0045.jpg 1 110 99 45 45
0887_0057_0022_0138_0138.jpg 1 57 22 138 138
0888_0114_0120_0057_0057.jpg 1 114 120 57 57
0889_0050_0074_0125_0125.jpg 1 50 74 125 125
0890_0055_0040_0132_0132.jpg 1 55 40 132 132
0891_0073_0020_0103_0103.jpg 1 73 20 103 103
0892_0049_0030_0097_0097.jpg 1 49 30 97 97
0893_0073_0055_0104_0104.jpg 1 73 55 104 104
0894_0099_0090_0037_0037.jpg 1 99 90 37 37
0895_0013_0017_0116_0116.jpg 1 13 17 116 116
0896_0021_0017_0083_0083.jpg 1 21 17 83 83
0897_0056_0031_0151_0151.jpg 1 56 31 151 151
0898_0097_0120_0063_0063.jpg 1 97 120 63 63
0899_0105_0081_0055_0055.jpg 1 105 81 55 55
0900_0033_0078_0070_0070.jpg 1 33 78 70 70
0901_0026_0070_0076_0076.jpg 1 26 70 76 76
0902_0070_0044_0075_0075.jpg 1 70 44 75 75
0903_0011_0047_0112_0112.jpg 1 11 47 112 112
0904_0042_0071_0040_0040.jpg 1 42 71 40 40
0905_0025_0016_0083_0083.jpg 1 25 16 83 83
0906_0065_0028_0137_0137.jpg 1 65 28 137 137
0907_0039_0015_0155_0155.jpg 1 39 15 155 155
0908_0059_0095_0100_0100.jpg 1 59 95 100 100
0909_0140_0083_0043_0043.jpg 1 140 83 43 43
0910_0019_0128_0031_0031.jpg 1 19 128 31 31
0911_0117_0112_0044_0044.jpg 1 117 112 44 44
0912_0037_0017_0155_0155.jpg 1 37 17 155 155
0913_0024_0050_0137_0137.jpg 1 24 50 137 137
0914_0035_0022_0140_0140.jpg 1 35 22 140 140
0915_0100_0106_0043_0043.jpg 1 100 106 43 43
0916_0032_0073_0092_0092.jpg 1 32 73 92 92
0917_0022_0070_0132_0132.jpg 1 22 70 132 132
0918_0038_0087_0107_0107.jpg 1 38 87 107 107
0919_0072_0050_0066_0066.jpg 1 72 50 66 66
0920_0094_0143_0044_0044.jpg 1 94 143 44 44
0921_0040_0085_0044_0044.jpg 1 40 85 44 44
0922_0011_0016_0113_0113.jpg 1 11 16 113 113
0923_0049_0033_0028_0028.jpg 1 49 33 28 28
0924_0142_0081_0039_0039.jpg 1 142 81 39 39
0925_0030_0061_0035_0035.jpg 1 30 61 35 35
0926_0091_0060_0059_0059.jpg 1 91 60 59 59
0927_0056_0034_0094_0094.jpg 1 56 34 94 94
0928_0025_0044_0147_0147.jpg 1 25 44 147 147
0929_0153_0151_0025_0025.jpg 1 153 151 25 25
0930_0043_0092_0073_0073.jpg 1 43 92 73 73
0931_0068_0135_0048_0048.jpg 1 68 135 48 48
0932_0046_0065_0134_0134.jpg 1 46 65 134 134
0933_0079_0020_0069_0069.jpg 1 79 20 69 69
0934_0046_0025_0136_0136.jpg 1 46 25 136 136
0935_0013_0018_0094_0094.jpg 1 13 18 94 94
0936_0074_0046_0065_0065.jpg 1 74 46 65 65
0937_0058_0021_0128_0128.jpg 1 58 21 128 128
0938_0054_0057_0067_0067.jpg 1 54 57 67 67
0939_0109_0057_0035_0035.jpg 1 109 57 35 35
0940_0079_0103_0075_0075.jpg 1 79 103 75 75
0941_0085_0070_0103_0103.jpg 1 85 70 103 103
0942_0077_0135_0054_0054.jpg 1 77 135 54 54
0943_0012_0024_0128_0128.jpg 1 12 24 128 128
0944_0129_0033_0032_0032.jpg 1 129 33 32 32
0945_0034_0126_0029_0029.jpg 1 34 126 29 29
0946_0020_0129_0058_0058.jpg 1 20 129 58 58
0947_0011_0010_0122_0122.jpg 1 11 10 122 122
0948_0033_0022_0069_0069.jpg 1 33 22 69 69
0949_0045_0051_0155_0155.jpg 1 45 51 155 155
0950_0038_0041_0047_0047.jpg 1 38 41 47 47
0951_0099_0066_0071_0071.jpg 1 99 66 71 71
0952_0016_0008_0150_0150.jpg 1 16 8 150 150
0953_0037_0038_0058_0058.jpg 1 37 38 58 58
0954_0051_0014_0122_0122.jpg 1 51 14 122 122
0955_0054_0017_0133_0133.jpg 1 54 17 133 133
0956_0022_0025_0090_0090.jpg 1 22 25 90 90
0957_0070_0017_0126_0126.jpg 1 70 17 126 126
0958_0028_0053_0147_0147.jpg 1 28 53 147 147
0959_0074_0128_0057_0057.jpg 1 74 128 57 57
0960_0021_0051_0108_0108.jpg 1 21 51 108 108
0961_0134_0067_0052_0052.jpg 1 134 67 52 52
0962_0040_0020_0134_0134.jpg 1 40 20 134 134
0963_0053_0073_0093_0093.jpg 1 53 73 93 93
0964_0056_0070_0135_0135.jpg 1 56 70 135 135
0965_0012_0086_0102_0102.jpg 1 12 86 102 102
0966_0049_0021_0129_0129.jpg 1 49 21 129 129
0967_0070_0017_0108_0108.jpg 1 70 17 108 108
0968_0149_0151_0027_0027.jpg 1 149 151 27 27
0969_0019_0120_0072_0072.jpg 1 19 120 72 72
0970_0069_0047_0058_0058.jpg 1 69 47 58 58
0971_0123_0022_0049_0049.jpg 1 123 22 49 49
0972_0093_0022_0075_0075.jpg 1 93 22 75 75
0973_0078_0032_0117_0117.jpg 1 78 32 117 117
0974_0046_0019_0151_0151.jpg 1 46 19 151 151
0975_0046_0080_0081_0081.jpg 1 46 80 81 81
0976_0061_0014_0105_0105.jpg 1 61 14 105 105
0977_0057_0014_0140_0140.jpg 1 57 14 140 140
0978_0040_0045_0155_0155.jpg 1 40 45 155 155
0979_0103_0104_0075_0075.jpg 1 103 104 75 75
0980_0110_0064_0058_0058.jpg 1 110 64 58 58
0981_0050_0056_0132_0132.jpg 1 50 56 132 132
0982_0013_0083_0098_0098.jpg 1 13 83 98 98
0983_0077_0068_0039_0039.jpg 1 77 68 39 39
0984_0068_0035_0101_0101.jpg 1 68 35 101 101
0985_0082_0027_0051_0051.jpg 1 82 27 51 51
0986_0051_0015_0078_0078.jpg 1 51 15 78 78
0987_0036_0078_0068_0068.jpg 1 36 78 68 68
0988_0094_0061_0100_0100.jpg 1 94 61 100 100
0989_0033_0072_0056_0056.jpg 1 33 72 56 56
0990_0057_0061_0136_0136.jpg 1 57 61 136 136
0991_0050_0064_0037_0037.jpg 1 50 64 37 37
0992_0015_0082_0103_0103.jpg 1 15 82 103 103
0993_0034_0036_0098_0098.jpg 1 34 36 98 98
0994_0071_0019_0086_0086.jpg 1 71 19 86 86
0995_0053_0048_0041_0041.jpg 1 53 48 41 41
0996_0102_0127_0058_0058.jpg 1 102 127 58 58
0997_0031_0112_0047_0047.jpg 1 31 112 47 47
0998_0073_0082_0029_0029.jpg 1 73 82 29 29
0999_0095_0036_0102_0102.jpg 1 95 36 102 102
1000_0035_0091_0084_0084.jpg 1 35 91 84 84
1001_0026_0096_0077_0077.jpg 1 26 96 77 77
1002_0046_0028_0078_0078.jpg 1 46 28 78 78
1003_0098_0082_0087_0087.jpg 1 98 82 87 87
1004_0079_0121_0059_0059.jpg 1 79 121 59 59
1005_0025_0036_0150_0150.jpg 1 25 36 150 150
1006_0022_0034_0103_0103.jpg 1 22 34 103 103
1007_0096_0046_0059_0059.jpg 1 96 46 59 59
1008_0022_0037_0141_0141.jpg 1 22 37 141 141
1009_0051_0099_0095_0095.jpg 1 51 99 95 95
1010_0038_0123_0064_0064.jpg 1 38 123 64 64
1011_0051_0062_0074_0074.jpg 1 51 62 74 74
1012_0075_0045_0126_0126.jpg 1 75 45 126 126
1013_0042_0096_0067_0067.jpg 1 42 96 67 67
1014_0042_0075_0100_0100.jpg 1 42 75 100 100
1015_0033_0068_0100_0100.jpg 1 33 68 100 100
1016_0067_0039_0041_0041.jpg 1 67 39 41 41
1017_0030_0019_0133_0133.jpg 1 30 19 133 133
1018_0015_0023_0134_0134.jpg 1 15 23 134 134
1019_0076_0080_0094_0094.jpg 1 76 80 94 94
1020_0079_0069_0103_0103.jpg 1 79 69 103 103
1021_0101_0050_0041_0041.jpg 1 101 50 41 41
1022_0073_0079_0074_0074.jpg 1 73 79 74 74
1023_0027_0013_0149_0149.jpg 1 27 13 149 149
1024_0032_0070_0087_0087.jpg 1 32 70 87 87
1025_0065_0025_0086_0086.jpg 1 65 25 86 86
1026_0086_0051_0096_0096.jpg 1 86 51 96 96
1027_0048_0087_0053_0053.jpg 1 48 87 53 53
1028_0077_0022_0123_0123.jpg 1 77 22 123 123
1029_0077_0017_0100_0100.jpg 1 77 17 100 100
1030_0041_0090_0026_0026.jpg 1 41 90 26 26
1031_0059_0068_0073_0073.jpg 1 59 68 73 73
1032_0060_0039_0032_0032.jpg 1 60 39 32 32
1033_0036_0017_0125_0125.jpg 1 36 17 125 125
1034_0120_0027_0025_0025.jpg 1 120 27 25 25
1035_0112_0069_0056_0056.jpg 1 112 69 56 56
1036_0036_0049_0140_0140.jpg 1 36 49 140 140
1037_0115_0112_0078_0078.jpg 1 115 112 78 78
1038_0023_0032_0098_0098.jpg 1 23 32 98 98
1039_0048_0113_0051_0051.jpg 1 48 113 51 51
1040_0018_0047_0080_0080.jpg 1 18 47 80 80
1041_0099_0120_0060_0060.jpg 1 99 120 60 60
1042_0032_0023_0149_0149.jpg 1 32 23 149 149
1043_0026_0007_0152_0152.jpg 1 26 7 152 152
1044_0060_0066_0078_0078.jpg 1 60 66 78 78
1045_0125_0103_0047_0047.jpg 1 125 103 47 47
1046_0057_0031_0055_0055.jpg 1 57 31 55 55
1047_0022_0029_0080_0080.jpg 1 22 29 80 80
1048_0019_0091_0035_0035.jpg 1 19 91 35 35
1049_0037_0052_0154_0154.jpg 1 37 52 154 154
1050_0041_0048_0138_0138.jpg 1 41 48 138 138
1051_0046_0057_0129_0129.jpg 1 46 57 129 129
1052_0096_0114_0027_0027.jpg 1 96 114 27 27
1053_0088_0062_0109_0109.jpg 1 88 62 109 109
1054_0053_0100_0037_0037.jpg 1 53 100 37 37
1055_0061_0091_0076_0076.jpg 1 61 91 76 76
1056_0091_0071_0073_0073.jpg 1 91 71 73 73
1057_0033_0057_0150_0150.jpg 1 33 57 150 150
1058_0132_0067_0058_0058.jpg 1 132 67 58 58
1059_0090_0077_0111_0111.jpg 1 90 77 111 111
1060_0016_0071_0110_0110.jpg 1 16 71 110 110
1061_0030_0059_0125_0125.jpg 1 30 59 125 125
1062_0119_0070_0035_0035.jpg 1 119 70 35 35
1063_0092_0074_0070_0070.jpg 1 92 74 70 70
1064_0030_0040_0099_0099.jpg 1 30 40 99 99
1065_0023_0024_0087_0087.jpg 1 23 24 87 87
1066_0062_0114_0052_0052.jpg 1 62 114 52 52
1067_0055_0043_0126_0126.jpg 1 55 43 126 126
1068_0045_0040_0092_0092.jpg 1 45 40 92 92
1069_0069_0082_0045_0045.jpg 1 69 82 45 45
1070_0042_0036_0127_0127.jpg 1 42 36 127 127
1071_0090_0062_0058_0058.jpg 1 90 62 58 58
1072_0027_0065_0026_0026.jpg 1 27 65 26 26
1073_0027_0019_0149_0149.jpg 1 27 19 149 149
1074_0149_0146_0028_0028.jpg 1 149 146 28 28
1075_0012_0028_0126_0126.jpg 1 12 28 126 126
1076_0059_0047_0112_0112.jpg 1 59 47 112 112
1077_0077_0055_0111_0111.jpg 1 77 55 111 111
1078_0023_0079_0116_0116.jpg 1 23 79 116 116
1079_0060_0044_0127_0127.jpg 1 60 44 127 127
1080_0054_0048_0122_0122.jpg 1 54 48 122 122
1081_0032_0012_0134_0134.jpg 1 32 12 134 134
1082_0110_0066_0050_0050.jpg 1 110 66 50 50
1083_0121_0092_0065_0065.jpg 1 121 92 65 65
1084_0040_0053_0142_0142.jpg 1 40 53 142 142
1085_0092_0083_0038_0038.jpg 1 92 83 38 38
1086_0070_0104_0050_0050.jpg 1 70 104 50 50
1087_0035_0045_0138_0138.jpg 1 35 45 138 138
1088_0036_0008_0143_0143.jpg 1 36 8 143 143
1089_0068_0054_0087_0087.jpg 1 68 54 87 87
1090_0065_0017_0092_0092.jpg 1 65 17 92 92
1091_0041_0011_0142_0142.jpg 1 41 11 142 142
1092_0049_0081_0050_0050.jpg 1 49 81 50 50
1093_0036_0020_0038_0038.jpg 1 36 20 38 38
1094_0079_0051_0067_0067.jpg 1 79 51 67 67
1095_0009_0018_0147_0147.jpg 1 9 18 147 147
1096_0014_0087_0082_0082.jpg 1 14 87 82 82
1097_0072_0062_0131_0131.jpg 1 72 62 131 131
1098_0052_0118_0043_0043.jpg 1 52 118 43 43
1099_0067_0143_0028_0028.jpg 1 67 143 28 28
1100_0026_0043_0067_0067.jpg 1 26 43 67 67
1101_0083_0058_0082_0082.jpg 1 83 58 82 82
1102_0125_0041_0026_0026.jpg 1 125 41 26 26
1103_0009_0015_0134_0134.jpg 1 9 15 134 134
1104_0040_0048_0117_0117.jpg 1 40 48 117 117
1105_0060_0020_0045_0045.jpg 1 60 20 45 45
1106_0060_0092_0050_0050.jpg 1 60 92 50 50
1107_0024_0016_0113_0113.jpg 1 24 16 113 113
1108_0057_0096_0101_0101.jpg 1 57 96 101 101
1109_0058_0019_0127_0127.jpg 1 58 19 127 127
1110_0012_0035_0144_0144.jpg 1 12 35 144 144
1111_0027_0022_0150_0150.jpg 1 27 22 150 150
1112_0017_0040_0105_0105.jpg 1 17 40 105 105
1113_0041_0022_0054_0054.jpg 1 41 22 54 54
1114_0063_0116_0069_0069.jpg 1 63 116 69 69
1115_0072_0062_0097_0097.jpg 1 72 62 97 97
1116_0120_0023_0065_0065.jpg 1 120 23 65 65
1117_0012_0008_0143_0143.jpg 1 12 8 143 143
1118_0031_0035_0127_0127.jpg 1 31 35 127 127
1119_0085_0059_0037_0037.jpg 1 85 59 37 37
1120_0110_0111_0062_0062.jpg 1 110 111 62 62
1121_0121_0058_0060_0060.jpg 1 121 58 60 60
1122_0021_0026_0118_0118.jpg 1 21 26 118 118
1123_0063_0121_0049_0049.jpg 1 63 121 49 49
1124_0050_0060_0080_0080.jpg 1 50 60 80 80
1125_0045_0108_0070_0070.jpg 1 45 108 70 70
1126_0090_0121_0042_0042.jpg 1 90 121 42 42
1127_0046_0105_0088_0088.jpg 1 46 105 88 88
1128_0130_0019_0050_0050.jpg 1 130 19 50 50
1129_0122_0121_0032_0032.jpg 1 122 121 32 32
1130_0088_0059_0088_0088.jpg 1 88 59 88 88
1131_0068_0051_0126_0126.jpg 1 68 51 126 126
1132_0074_0013_0130_0130.jpg 1 74 13 130 130
1133_0093_0124_0058_0058.jpg 1 93 124 58 58
1134_0123_0032_0055_0055.jpg 1 123 32 55 55
1135_0032_0029_0106_0106.jpg 1 32 29 106 106
1136_0084_0076_0110_0110.jpg 1 84 76 110 110
1137_0061_0112_0055_0055.jpg 1 61 112 55 55
1138_0018_0120_0061_0061.jpg 1 18 120 61 61
1139_0024_0105_0073_0073.jpg 1 24 105 73 73
1140_0078_0025_0045_0045.jpg 1 78 25 45 45
1141_0035_0025_0145_0145.jpg 1 35 25 145 145
1142_0106_0026_0078_0078.jpg 1 106 26 78 78
1143_0067_0045_0066_0066.jpg 1 67 45 66 66
1144_0098_0052_0084_0084.jpg 1 98 52 84 84
1145_0074_0023_0031_0031.jpg 1 74 23 31 31
1146_0098_0126_0028_0028.jpg 1 98 126 28 28
1147_0083_0026_0113_0113.jpg 1 83 26 113 113
1148_0038_0044_0152_0152.jpg 1 38 44 152 152
1149_0022_0130_0025_0025.jpg 1 22 130 25 25
1150_0130_0021_0029_0029.jpg 1 130 21 29 29
1151_0048_0083_0095_0095.jpg 1 48 83 95 95
1152_0021_0019_0112_0112.jpg 1 21 19 112 112
1153_0098_0025_0089_0089.jpg 1 98 25 89 89
1154_0107_0142_0043_0043.jpg 1 107 142 43 43
1155_0023_0067_0131_0131.jpg 1 23 67 131 131
1156_0043_0056_0102_0102.jpg 1 43 56 102 102
1157_0088_0081_0104_0104.jpg 1 88 81 104 104
1158_0017_0012_0143_0143.jpg 1 17 12 143 143
1159_0061_0018_0135_0135.jpg 1 61 18 135 135
1160_0121_0075_0053_0053.jpg 1 121 75 53 53
1161_0028_0108_0059_0059.jpg 1 28 108 59 59
1162_0016_0026_0147_0147.jpg 1 16 26 147 147
1163_0027_0097_0087_0087.jpg 1 27 97 87 87
1164_0031_0056_0118_0118.jpg 1 31 56 118 118
1165_0014_0057_0090_0090.jpg 1 14 57 90 90
1166_0048_0095_0027_0027.jpg 1 48 95 27 27
1167_0020_0059_0099_0099.jpg 1 20 59 99 99
1168_0030_0082_0119_0119.jpg 1 30 82 119 119
1169_0094_0068_0090_0090.jpg 1 94 68 90 90
1170_0019_0083_0110_0110.jpg 1 19 83 110 110
1171_0032_0007_0154_0154.jpg 1 32 7 154 154
1172_0052_0045_0094_0094.jpg 1 52 45 94 94
1173_0014_0017_0115_0115.jpg 1 14 17 115 115
1174_0053_0051_0151_0151.jpg 1 53 51 151 151
1175_0108_0028_0039_0039.jpg 1 108 28 39 39
1176_0132_0058_0055_0055.jpg 1 132 58 55 55
1177_0075_0074_0038_0038.jpg 1 75 74 38 38
1178_0055_0022_0123_0123.jpg 1 55 22 123 123
1179_0133_0135_0034_0034.jpg 1 133 135 34 34
1180_0067_0119_0069_0069.jpg 1 67 119 69 69
1181_0022_0080_0030_0030.jpg 1 22 80 30 30
1182_0015_0062_0123_0123.jpg 1 15 62 123 123
1183_0097_0081_0028_0028.jpg 1 97 81 28 28
1184_0050_0052_0030_0030.jpg 1 50 52 30 30
1185_0122_0046_0028_0028.jpg 1 122 46 28 28
1186_0030_0027_0153_0153.jpg 1 30 27 153 153
1187_0114_0110_0077_0077.jpg 1 114 110 77 77
1188_0038_0065_0128_0128.jpg 1 38 65 128 128
1189_0034_0079_0125_0125.jpg 1 34 79 125 125
1190_0052_0061_0103_0103.jpg 1 52 61 103 103
1191_0024_0033_0065_0065.jpg 1 24 33 65 65
1192_0061_0074_0088_0088.jpg 1 61 74 88 88
1193_0066_0111_0071_0071.jpg 1 66 111 71 71
1194_0032_0016_0110_0110.jpg 1 32 16 110 110
1195_0033_0040_0057_0057.jpg 1 33 40 57 57
1196_0022_0040_0103_0103.jpg 1 22 40 103 103
1197_0016_0047_0150_0150.jpg 1 16 47 150 150
1198_0069_0047_0124_0124.jpg 1 69 47 124 124
1199_0070_0084_0117_0117.jpg 1 70 84 117 117
1200_0068_0030_0124_0124.jpg 1 68 30 124 124
1201_0064_0035_0123_0123.jpg 1 64 35 123 123
1202_0047_0014_0135_0135.jpg 1 47 14 135 135
1203_0054_0026_0101_0101.jpg 1 54 26 101 101
1204_0033_0027_0135_0135.jpg 1 33 27 135 135
1205_0106_0058_0037_0037.jpg 1 106 58 37 37
1206_0053_0017_0125_0125.jpg 1 53 17 125 125
1207_0014_0060_0143_0143.jpg 1 14 60 143 143
1208_0026_0011_0119_0119.jpg 1 26 11 119 119
1209_0024_0022_0125_0125.jpg 1 24 22 125 125
1210_0047_0064_0089_0089.jpg 1 47 64 89 89
1211_0118_0044_0066_0066.jpg 1 118 44 66 66
1212_0059_0011_0130_0130.jpg 1 59 11 130 130
1213_0018_0074_0056_0056.jpg 1 18 74 56 56
1214_0012_0014_0132_0132.jpg 1 12 14 132 132
1215_0011_0020_0123_0123.jpg 1 11 20 123 123
1216_0054_0114_0049_0049.jpg 1 54 114 49 49
1217_0125_0059_0033_0033.jpg 1 125 59 33 33
1218_0012_0008_0143_0143.jpg 1 12 8 143 143
1219_0041_0130_0048_0048.jpg 1 41 130 48 48
1220_0015_0012_0134_0134.jpg 1 15 12 134 134
1221_0127_0136_0052_0052.jpg 1 127 136 52 52
1222_0037_0049_0083_0083.jpg 1 37 49 83 83
1223_0042_0047_0028_0028.jpg 1 42 47 28 28
1224_0080_0068_0064_0064.jpg 1 80 68 64 64
1225_0074_0046_0080_0080.jpg 1 74 46 80 80
1226_0010_0063_0142_0142.jpg 1 10 63 142 142
1227_0071_0038_0107_0107.jpg 1 71 38 107 107
1228_0034_0036_0151_0151.jpg 1 34 36 151 151
1229_0145_0071_0038_0038.jpg 1 145 71 38 38
1230_0024_0071_0064_0064.jpg 1 24 71 64 64
1231_0101_0034_0084_0084.jpg 1 101 34 84 84
1232_0049_0041_0039_0039.jpg 1 49 41 39 39
1233_0125_0057_0033_0033.jpg 1 125 57 33 33
1234_0019_0055_0130_0130.jpg 1 19 55 130 130
1235_0052_0052_0062_0062.jpg 1 52 52 62 62
1236_0012_0049_0124_0124.jpg 1 12 49 124 124
1237_0153_0066_0024_0024.jpg 1 153 66 24 24
1238_0023_0039_0118_0118.jpg 1 23 39 118 118
1239_0055_0084_0082_0082.jpg 1 55 84 82 82
1240_0119_0117_0066_0066.jpg 1 119 117 66 66
1241_0107_0049_0088_0088.jpg 1 107 49 88 88
1242_0052_0017_0152_0152.jpg 1 52 17 152 152
1243_0071_0036_0127_0127.jpg 1 71 36 127 127
1244_0083_0064_0112_0112.jpg 1 83 64 112 112
1245_0054_0030_0153_0153.jpg 1 54 30 153 153
1246_0125_0097_0038_0038.jpg 1 125 97 38 38
1247_0060_0038_0132_0132.jpg 1 60 38 132 132
1248_0110_0083_0082_0082.jpg 1 110 83 82 82
1249_0018_0095_0053_0053.jpg 1 18 95 53 53
1250_0035_0150_0029_0029.jpg 1 35 150 29 29
1251_0023_0039_0153_0153.jpg 1 23 39 153 153
1252_0022_0013_0140_0140.jpg 1 22 13 140 140
1253_0026_0090_0083_0083.jpg 1 26 90 83 83
1254_0091_0137_0039_0039.jpg 1 91 137 39 39
1255_0109_0057_0034_0034.jpg 1 109 57 34 34
1256_0053_0098_0042_0042.jpg 1 53 98 42 42
1257_0039_0057_0121_0121.jpg 1 39 57 121 121
1258_0126_0116_0038_0038.jpg 1 126 116 38 38
1259_0035_0038_0135_0135.jpg 1 35 38 135 135
1260_0101_0079_0030_0030.jpg 1 101 79 30 30
1261_0072_0029_0058_0058.jpg 1 72 29 58 58
1262_0049_0018_0148_0148.jpg 1 49 18 148 148
1263_0042_0077_0086_0086.jpg 1 42 77 86 86
1264_0018_0068_0084_0084.jpg 1 18 68 84 84
1265_0061_0106_0081_0081.jpg 1 61 106 81 81
1266_0079_0110_0061_0061.jpg 1 79 110 61 61
1267_0037_0106_0054_0054.jpg 1 37 106 54 54
1268_0064_0116_0078_0078.jpg 1 64 116 78 78
1269_0085_0099_0091_0091.jpg 1 85 99 91 91
1270_0027_0042_0029_0029.jpg 1 27 42 29 29
1271_0061_0084_0117_0117.jpg 1 61 84 117 117
1272_0048_0098_0089_0089.jpg 1 48 98 89 89
1273_0013_0083_0110_0110.jpg 1 13 83 110 110
1274_0103_0050_0050_0050.jpg 1 103 50 50 50
1275_0099_0044_0084_0084.jpg 1 99 44 84 84
1276_0112_0038_0031_0031.jpg 1 112 38 31 31
1277_0055_0063_0113_0113.jpg 1 55 63 113 113
1278_0034_0080_0075_0075.jpg 1 34 80 75 75
1279_0094_0040_0090_0090.jpg 1 94 40 90 90
1280_0067_0022_0130_0130.jpg 1 67 22 130 130
1281_0048_0050_0109_0109.jpg 1 48 50 109 109
1282_0047_0044_0039_0039.jpg 1 47 44 39 39
1283_0064_0025_0107_0107.jpg 1 64 25 107 107
1284_0053_0058_0135_0135.jpg 1 53 58 135 135
1285_0070_0028_0100_0100.jpg 1 70 28 100 100
1286_0106_0019_0064_0064.jpg 1 106 19 64 64
1287_0074_0101_0085_0085.jpg 1 74 101 85 85
1288_0071_0156_0025_0025.jpg 1 71 156 25 25
1289_0071_0091_0093_0093.jpg 1 71 91 93 93
1290_0013_0022_0142_0142.jpg 1 13 22 142 142
1291_0055_0040_0137_0137.jpg 1 55 40 137 137
1292_0082_0119_0043_0043.jpg 1 82 119 43 43
1293_0048_0028_0117_0117.jpg 1 48 28 117 117
1294_0030_0029_0155_0155.jpg 1 30 29 155 155
1295_0083_0021_0105_0105.jpg 1 83 21 105 105
1296_0011_0059_0125_0125.jpg 1 11 59 125 125
1297_0102_0043_0095_0095.jpg 1 102 43 95 95
1298_0028_0105_0086_0086.jpg 1 28 105 86 86
1299_0068_0107_0048_0048.jpg 1 68 107 48 48
1300_0072_0073_0085_0085.jpg 1 72 73 85 85
1301_0032_0041_0117_0117.jpg 1 32 41 117 117
1302_0019_0108_0055_0055.jpg 1 19 108 55 55
1303_0058_0043_0102_0102.jpg 1 58 43 102 102
1304_0075_0052_0099_0099.jpg 1 75 52 99 99
1305_0048_0046_0141_0141.jpg 1 48 46 141 141
1306_0041_0054_0152_0152.jpg 1 41 54 152 152
1307_0066_0033_0140_0140.jpg 1 66 33 140 140
1308_0056_0072_0090_0090.jpg 1 56 72 90 90
1309_0091_0121_0037_0037.jpg 1 91 121 37 37
1310_0041_0154_0025_0025.jpg 1 41 154 25 25
1311_0064_0024_0139_0139.jpg 1 64 24 139 139
1312_0091_0132_0057_0057.jpg 1 91 132 57 57
1313_0052_0058_0135_0135.jpg 1 52 58 135 135
1314_0068_0018_0116_0116.jpg 1 68 18 116 116
1315_0087_0066_0024_0024.jpg 1 87 66 24 24
1316_0056_0098_0078_0078.jpg 1 56 98 78 78
1317_0150_0134_0030_0030.jpg 1 150 134 30 30
1318_0145_0128_0030_0030.jpg 1 145 128 30 30
1319_0055_0047_0153_0153.jpg 1 55 47 153 153
1320_0108_0107_0057_0057.jpg 1 108 107 57 57
1321_0108_0120_0027_0027.jpg 1 108 120 27 27
1322_0027_0100_0056_0056.jpg 1 27 100 56 56
1323_0029_0059_0134_0134.jpg 1 29 59 134 134
1324_0079_0014_0095_0095.jpg 1 79 14 95 95
1325_0036_0043_0088_0088.jpg 1 36 43 88 88
1326_0080_0108_0047_0047.jpg 1 80 108 47 47
1327_0040_0042_0121_0121.jpg 1 40 42 121 121
1328_0037_0011_0131_0131.jpg 1 37 11 131 131
1329_0034_0074_0108_0108.jpg 1 34 74 108 108
1330_0031_0060_0068_0068.jpg 1 31 60 68 68
1331_0131_0125_0047_0047.jpg 1 131 125 47 47
1332_0054_0021_0154_0154.jpg 1 54 21 154 154
1333_0055_0032_0092_0092.jpg 1 55 32 92 92
1334_0029_0069_0125_0125.jpg 1 29 69 125 125
1335_0019_0080_0083_0083.jpg 1 19 80 83 83
1336_0057_0033_0151_0151.jpg 1 57 33 151 151
1337_0017_0065_0132_0132.jpg 1 17 65 132 132
1338_0078_0038_0039_0039.jpg 1 78 38 39 39
1339_0034_0021_0144_0144.jpg 1 34 21 144 144
1340_0074_0082_0102_0102.jpg 1 74 82 102 102
1341_0078_0063_0048_0048.jpg 1 78 63 48 48
1342_0056_0119_0058_0058.jpg 1 56 119 58 58
1343_0008_0014_0148_0148.jpg 1 8 14 148 148
1344_0126_0046_0057_0057.jpg 1 126 46 57 57
1345_0058_0053_0109_0109.jpg 1 58 53 109 109
1346_0121_0044_0029_0029.jpg 1 121 44 29 29
1347_0025_0040_0114_0114.jpg 1 25 40 114 114
1348_0047_0013_0097_0097.jpg 1 47 13 97 97
1349_0090_0042_0082_0082.jpg 1 90 42 82 82
1350_0124_0134_0041_0041.jpg 1 124 134 41 41
1351_0100_0046_0070_0070.jpg 1 100 46 70 70
1352_0014_0031_0153_0153.jpg 1 14 31 153 153
1353_0018_0056_0118_0118.jpg 1 18 56 118 118
1354_0027_0022_0118_0118.jpg 1 27 22 118 118
1355_0060_0067_0070_0070.jpg 1 60 67 70 70
1356_0139_0136_0035_0035.jpg 1 139 136 35 35
1357_0048_0044_0077_0077.jpg 1 48 44 77 77
1358_0075_0076_0092_0092.jpg 1 75 76 92 92
1359_0017_0047_0116_0116.jpg 1 17 47 116 116
1360_0065_0020_0115_0115.jpg 1 65 20 115 115
1361_0134_0026_0039_0039.jpg 1 134 26 39 39
1362_0073_0033_0071_0071.jpg 1 73 33 71 71
1363_0017_0038_0119_0119.jpg 1 17 38 119 119
1364_0018_0093_0084_0084.jpg 1 18 93 84 84
1365_0035_0057_0123_0123.jpg 1 35 57 123 123
1366_0096_0094_0098_0098.jpg 1 96 94 98 98
1367_0100_0105_0080_0080.jpg 1 100 105 80 80
1368_0051_0025_0151_0151.jpg 1 51 25 151 151
1369_0097_0090_0045_0045.jpg 1 97 90 45 45
1370_0100_0023_0048_0048.jpg 1 100 23 48 48
1371_0115_0096_0024_0024.jpg 1 115 96 24 24
1372_0039_0036_0151_0151.jpg 1 39 36 151 151
1373_0048_0013_0153_0153.jpg 1 48 13 153 153
1374_0090_0056_0099_0099.jpg 1 90 56 99 99
1375_0034_0091_0039_0039.jpg 1 34 91 39 39
1376_0030_0053_0108_0108.jpg 1 30 53 108 108
1377_0017_0074_0126_0126.jpg 1 17 74 126 126
1378_0144_0053_0039_0039.jpg 1 144 53 39 39
1379_0033_0036_0140_0140.jpg 1 33 36 140 140
1380_0029_0042_0126_0126.jpg 1 29 42 126 126
1381_0086_0047_0041_0041.jpg 1 86 47 41 41
1382_0046_0014_0131_0131.jpg 1 46 14 131 131
1383_0081_0025_0028_0028.jpg 1 81 25 28 28
1384_0066_0086_0049_0049.jpg 1 66 86 49 49
1385_0135_0059_0027_0027.jpg 1 135 59 27 27
1386_0048_0009_0138_0138.jpg 1 48 9 138 138
1387_0027_0029_0025_0025.jpg 1 27 29 25 25
1388_0064_0023_0133_0133.jpg 1 64 23 133 133
1389_0033_0092_0029_0029.jpg 1 33 92 29 29
1390_0120_0096_0048_0048.jpg 1 120 96 48 48
1391_0040_0080_0069_0069.jpg 1 40 80 69 69
1392_0060_0044_0145_0145.jpg 1 60 44 145 145
1393_0047_0059_0137_0137.jpg 1 47 59 137 137
1394_0098_0069_0082_0082.jpg 1 98 69 82 82
1395_0034_0011_0127_0127.jpg 1 34 11 127 127
1396_0114_0067_0066_0066.jpg 1 114 67 66 66
1397_0061_0030_0032_0032.jpg 1 61 30 32 32
1398_0073_0037_0118_0118.jpg 1 73 37 118 118
1399_0055_0015_0136_0136.jpg 1 55 15 136 136
1400_0102_0069_0090_0090.jpg 1 102 69 90 90
1401_0027_0015_0141_0141.jpg 1 27 15 141 141
1402_0029_0120_0073_0073.jpg 1 29 120 73 73
1403_0077_0060_0099_0099.jpg 1 77 60 99 99
1404_0035_0109_0056_0056.jpg 1 35 109 56 56
1405_0107_0021_0074_0074.jpg 1 107 21 74 74
1406_0049_0077_0126_0126.jpg 1 49 77 126 126
1407_0065_0031_0133_0133.jpg 1 65 31 133 133
1408_0016_0058_0133_0133.jpg 1 16 58 133 133
1409_0016_0030_0125_0125.jpg 1 16 30 125 125
1410_0082_0082_0115_0115.jpg 1 82 82 115 115
1411_0027_0025_0107_0107.jpg 1 27 25 107 107
1412_0076_0112_0029_0029.jpg 1 76 112 29 29
1413_0070_0102_0076_0076.jpg 1 70 102 76 76
1414_0033_0085_0086_0086.jpg 1 33 85 86 86
1415_0048_0027_0149_0149.jpg 1 48 27 149 149
1416_0046_0047_0035_0035.jpg 1 46 47 35 35
1417_0036_0038_0125_0125.jpg 1 36 38 125 125
1418_0063_0071_0113_0113.jpg 1 63 71 113 113
1419_0024_0029_0096_0096.jpg 1 24 29 96 96
1420_0121_0049_0055_0055.jpg 1 121 49 55 55
1421_0085_0086_0096_0096.jpg 1 85 86 96 96
1422_0098_0039_0072_0072.jpg 1 98 39 72 72
1423_0078_0013_0111_0111.jpg 1 78 13 111 111
1424_0062_0057_0099_0099.jpg 1 62 57 99 99
1425_0026_0033_0150_0150.jpg 1 26 33 150 150
1426_0047_0038_0080_0080.jpg 1 47 38 80 80
1427_0072_0058_0098_0098.jpg 1 72 58 98 98
1428_0068_0079_0121_0121.jpg 1 68 79 121 121
1429_0023_0020_0125_0125.jpg 1 23 20 125 125
1430_0082_0121_0067_0067.jpg 1 82 121 67 67
1431_0022_0048_0143_0143.jpg 1 22 48 143 143
1432_0012_0020_0146_0146.jpg 1 12 20 146 146
1433_0050_0060_0129_0129.jpg 1 50 60 129 129
1434_0054_0017_0137_0137.jpg 1 54 17 137 137
1435_0027_0035_0089_0089.jpg 1 27 35 89 89
1436_0041_0052_0147_0147.jpg 1 41 52 147 147
1437_0018_0014_0148_0148.jpg 1 18 14 148 148
1438_0032_0052_0137_0137.jpg 1 32 52 137 137
1439_0101_0032_0053_0053.jpg 1 101 32 53 53
1440_0128_0127_0037_0037.jpg 1 128 127 37 37
1441_0031_0035_0103_0103.jpg 1 31 35 103 103
1442_0058_0088_0091_0091.jpg 1 58 88 91 91
1443_0093_0107_0036_0036.jpg 1 93 107 36 36
1444_0063_0058_0082_0082.jpg 1 63 58 82 82
1445_0071_0034_0069_0069.jpg 1 71 34 69 69
1446_0019_0042_0116_0116.jpg 1 19 42 116 116
1447_0017_0036_0124_0124.jpg 1 17 36 124 124
1448_0048_0072_0105_0105.jpg 1 48 72 105 105
1449_0023_0058_0136_0136.jpg 1 23 58 136 136
1450_0057_0028_0127_0127.jpg 1 57 28 127 127
1451_0026_0092_0063_0063.jpg 1 26 92 63 63
1452_0026_0083_0081_0081.jpg 1 26 83 81 81
1453_0100_0075_0086_0086.jpg 1 100 75 86 86
1454_0077_0050_0119_0119.jpg 1 77 50 119 119
1455_0030_0037_0035_0035.jpg 1 30 37 35 35
1456_0080_0036_0110_0110.jpg 1 80 36 110 110
1457_0045_0018_0037_0037.jpg 1 45 18 37 37
1458_0118_0086_0059_0059.jpg 1 118 86 59 59
1459_0055_0010_0152_0152.jpg 1 55 10 152 152
1460_0081_0101_0091_0091.jpg 1 81 101 91 91
1461_0068_0093_0068_0068.jpg 1 68 93 68 68
1462_0037_0110_0034_0034.jpg 1 37 110 34 34
1463_0026_0031_0092_0092.jpg 1 26 31 92 92
1464_0106_0064_0038_0038.jpg 1 106 64 38 38
1465_0106_0028_0026_0026.jpg 1 106 28 26 26
1466_0035_0044_0124_0124.jpg 1 35 44 124 124
1467_0032_0077_0062_0062.jpg 1 32 77 62 62
1468_0047_0085_0056_0056.jpg 1 47 85 56 56
1469_0041_0013_0137_0137.jpg 1 41 13 137 137
1470_0070_0055_0123_0123.jpg 1 70 55 123 123
1471_0072_0045_0029_0029.jpg 1 72 45 29 29
1472_0094_0141_0047_0047.jpg 1 94 141 47 47
1473_0056_0090_0110_0110.jpg 1 56 90 110 110
1474_0032_0029_0148_0148.jpg 1 32 29 148 148
1475_0042_0119_0025_0025.jpg 1 42 119 25 25
1476_0068_0057_0078_0078.jpg 1 68 57 78 78
1477_0147_0114_0029_0029.jpg 1 147 114 29 29
1478_0045_0063_0090_0090.jpg 1 45 63 90 90
1479_0044_0037_0035_0035.jpg 1 44 37 35 35
1480_0028_0055_0104_0104.jpg 1 28 55 104 104
1481_0028_0053_0104_0104.jpg 1 28 53 104 104
1482_0106_0076_0028_0028.jpg 1 106 76 28 28
1483_0026_0035_0047_0047.jpg 1 26 35 47 47
1484_0063_0030_0024_0024.jpg 1 63 30 24 24
1485_0061_0068_0138_0138.jpg 1 61 68 138 138
1486_0057_0057_0111_0111.jpg 1 57 57 111 111
1487_0052_0060_0128_0128.jpg 1 52 60 128 128
1488_0042_0067_0137_0137.jpg 1 42 67 137 137
1489_0025_0054_0090_0090.jpg 1 25 54 90 90
1490_0019_0088_0079_0079.jpg 1 19 88 79 79
1491_0062_0068_0131_0131.jpg 1 62 68 131 131
1492_0026_0048_0125_0125.jpg 1 26 48 125 125
1493_0098_0055_0099_0099.jpg 1 98 55 99 99
1494_0018_0069_0094_0094.jpg 1 18 69 94 94
1495_0046_0043_0099_0099.jpg 1 46 43 99 99
1496_0019_0050_0137_0137.jpg 1 19 50 137 137
1497_0060_0069_0125_0125.jpg 1 60 69 125 125
1498_0086_0043_0055_0055.jpg 1 86 43 55 55
1499_0027_0041_0034_0034.jpg 1 27 41 34 34
1500_0026_0052_0068_0068.jpg 1 26 52 68 68
1501_0053_0037_0127_0127.jpg 1 53 37 127 127
1502_0038_0015_0151_0151.jpg 1 38 15 151 151
1503_0019_0051_0073_0073.jpg 1 19 51 73 73
1504_0020_0046_0089_0089.jpg 1 20 46 89 89
1505_0088_0036_0105_0105.jpg 1 88 36 105 105
1506_0075_0063_0075_0075.jpg 1 75 63 75 75
1507_0079_0035_0038_0038.jpg 1 79 35 38 38
1508_0043_0092_0043_0043.jpg 1 43 92 43 43
1509_0052_0021_0135_0135.jpg 1 52 21 135 135
1510_0093_0056_0088_0088.jpg 1 93 56 88 88
1511_0021_0090_0087_0087.jpg 1 21 90 87 87
1512_0066_0063_0042_0042.jpg 1 66 63 42 42
1513_0045_0042_0156_0156.jpg 1 45 42 156 156
1514_0015_0023_0098_0098.jpg 1 15 23 98 98
1515_0086_0059_0114_0114.jpg 1 86 59 114 114
1516_0053_0030_0102_0102.jpg 1 53 30 102 102
1517_0092_0038_0030_0030.jpg 1 92 38 30 30
1518_0050_0099_0070_0070.jpg 1 50 99 70 70
1519_0065_0043_0114_0114.jpg 1 65 43 114 114
1520_0038_0081_0117_0117.jpg 1 38 81 117 117
1521_0099_0120_0057_0057.jpg 1 99 120 57 57
1522_0023_0049_0152_0152.jpg 1 23 49 152 152
1523_0082_0072_0035_0035.jpg 1 82 72 35 35
1524_0106_0054_0033_0033.jpg 1 106 54 33 33
1525_0072_0024_0064_0064.jpg 1 72 24 64 64
1526_0094_0079_0034_0034.jpg 1 94 79 34 34
1527_0090_0034_0069_0069.jpg 1 90 34 69 69
1528_0139_0139_0047_0047.jpg 1 139 139 47 47
1529_0019_0021_0145_0145.jpg 1 19 21 145 145
1530_0039_0041_0127_0127.jpg 1 39 41 127 127
1531_0046_0076_0127_0127.jpg 1 46 76 127 127
1532_0097_0101_0091_0091.jpg 1 97 101 91 91
1533_0078_0091_0058_0058.jpg 1 78 91 58 58
1534_0091_0067_0087_0087.jpg 1 91 67 87 87
1535_0037_0039_0151_0151.jpg 1 37 39 151 151
1536_0045_0022_0035_0035.jpg 1 45 22 35 35
1537_0154_0090_0029_0029.jpg 1 154 90 29 29
1538_0048_0067_0131_0131.jpg 1 48 67 131 131
1539_0072_0082_0039_0039.jpg 1 72 82 39 39
1540_0076_0091_0029_0029.jpg 1 76 91 29 29
1541_0096_0100_0056_0056.jpg 1 96 100 56 56
1542_0139_0032_0026_0026.jpg 1 139 32 26 26
1543_0038_0037_0135_0135.jpg 1 38 37 135 135
1544_0034_0099_0075_0075.jpg 1 34 99 75 75
1545_0050_0050_0142_0142.jpg 1 50 50 142 142
1546_0068_0075_0086_0086.jpg 1 68 75 86 86
1547_0096_0019_0048_0048.jpg 1 96 19 48 48
1548_0113_0022_0024_0024.jpg 1 113 22 24 24
1549_0032_0031_0150_0150.jpg 1 32 31 150 150
1550_0082_0134_0028_0028.jpg 1 82 134 28 28
1551_0037_0027_0092_0092.jpg 1 37 27 92 92
1552_0076_0038_0118_0118.jpg 1 76 38 118 118
1553_0094_0031_0097_0097.jpg 1 94 31 97 97
1554_0116_0099_0060_0060.jpg 1 116 99 60 60
1555_0008_0054_0138_0138.jpg 1 8 54 138 138
1556_0126_0034_0040_0040.jpg 1 126 34 40 40
1557_0042_0017_0067_0067.jpg 1 42 17 67 67
1558_0124_0080_0068_0068.jpg 1 124 80 68 68
1559_0074_0014_0119_0119.jpg 1 74 14 119 119
1560_0042_0044_0125_0125.jpg 1 42 44 125 125
1561_0023_0070_0114_0114.jpg 1 23 70 114 114
1562_0040_0060_0145_0145.jpg 1 40 60 145 145
1563_0022_0027_0083_0083.jpg 1 22 27 83 83
1564_0091_0071_0105_0105.jpg 1 91 71 105 105
1565_0037_0024_0134_0134.jpg 1 37 24 134 134
1566_0022_0052_0061_0061.jpg 1 22 52 61 61
1567_0019_0023_0147_0147.jpg 1 19 23 147 147
1568_0079_0046_0074_0074.jpg 1 79 46 74 74
1569_0145_0040_0039_0039.jpg 1 145 40 39 39
1570_0100_0028_0041_0041.jpg 1 100 28 41 41
1571_0063_0083_0099_0099.jpg 1 63 83 99 99
1572_0024_0090_0108_0108.jpg 1 24 90 108 108
1573_0041_0096_0072_0072.jpg 1 41 96 72 72
1574_0072_0087_0052_0052.jpg 1 72 87 52 52
1575_0127_0056_0061_0061.jpg 1 127 56 61 61
1576_0020_0046_0144_0144.jpg 1 20 46 144 144
1577_0018_0039_0151_0151.jpg 1 18 39 151 151
1578_0057_0039_0069_0069.jpg 1 57 39 69 69
1579_0063_0020_0114_0114.jpg 1 63 20 114 114
1580_0054_0018_0059_0059.jpg 1 54 18 59 59
1581_0040_0135_0038_0038.jpg 1 40 135 38 38
1582_0095_0121_0071_0071.jpg 1 95 121 71 71
1583_0020_0034_0125_0125.jpg 1 20 34 125 125
1584_0144_0119_0039_0039.jpg 1 144 119 39 39
1585_0041_0055_0099_0099.jpg 1 41 55 99 99
1586_0033_0033_0145_0145.jpg 1 33 33 145 145
1587_0093_0094_0106_0106.jpg 1 93 94 106 106
1588_0105_0052_0077_0077.jpg 1 105 52 77 77
1589_0096_0025_0033_0033.jpg 1 96 25 33 33
1590_0053_0096_0093_0093.jpg 1 53 96 93 93
1591_0031_0104_0057_0057.jpg 1 31 104 57 57
1592_0061_0058_0032_0032.jpg 1 61 58 32 32
1593_0055_0054_0128_0128.jpg 1 55 54 128 128
1594_0021_0039_0063_0063.jpg 1 21 39 63 63
1595_0114_0121_0067_0067.jpg 1 114 121 67 67
1596_0035_0039_0121_0121.jpg 1 35 39 121 121
1597_0031_0049_0068_0068.jpg 1 31 49 68 68
1598_0064_0030_0138_0138.jpg 1 64 30 138 138
1599_0030_0083_0117_0117.jpg 1 30 83 117 117
1600_0042_0101_0089_0089.jpg 1 42 101 89 89
1601_0057_0081_0090_0090.jpg 1 57 81 90 90
1602_0023_0037_0152_0152.jpg 1 23 37 152 152
1603_0080_0118_0031_0031.jpg 1 80 118 31 31
1604_0016_0103_0094_0094.jpg 1 16 103 94 94
1605_0066_0055_0097_0097.jpg 1 66 55 97 97
1606_0121_0074_0035_0035.jpg 1 121 74 35 35
1607_0085_0079_0046_0046.jpg 1 85 79 46 46
1608_0014_0054_0154_0154.jpg 1 14 54 154 154
1609_0053_0032_0063_0063.jpg 1 53 32 63 63
1610_0041_0072_0131_0131.jpg 1 41 72 131 131
1611_0063_0015_0134_0134.jpg 1 63 15 134 134
1612_0152_0051_0033_0033.jpg 1 152 51 33 33
1613_0043_0062_0108_0108.jpg 1 43 62 108 108
1614_0112_0061_0059_0059.jpg 1 112 61 59 59
1615_0042_0058_0060_0060.jpg 1 42 58 60 60
1616_0122_0113_0056_0056.jpg 1 122 113 56 56
1617_0092_0090_0071_0071.jpg 1 92 90 71 71
1618_0078_0018_0106_0106.jpg 1 78 18 106 106
1619_0079_0056_0089_0089.jpg 1 79 56 89 89
1620_0030_0071_0102_0102.jpg 1 30 71 102 102
1621_0043_0027_0040_0040.jpg 1 43 27 40 40
1622_0148_0100_0024_0024.jpg 1 148 100 24 24
1623_0085_0023_0038_0038.jpg 1 85 23 38 38
1624_0045_0131_0040_0040.jpg 1 45 131 40 40
1625_0019_0039_0145_0145.jpg 1 19 39 145 145
1626_0034_0126_0041_0041.jpg 1 34 126 41 41
1627_0071_0064_0111_0111.jpg 1 71 64 111 111
1628_0041_0030_0113_0113.jpg 1 41 30 113 113
1629_0027_0035_0146_0146.jpg 1 27 35 146 146
1630_0086_0036_0106_0106.jpg 1 86 36 106 106
1631_0035_0051_0134_0134.jpg 1 35 51 134 134
1632_0049_0035_0135_0135.jpg 1 49 35 135 135
1633_0068_0070_0092_0092.jpg 1 68 70 92 92
1634_0123_0071_0048_0048.jpg 1 123 71 48 48
1635_0060_0016_0107_0107.jpg 1 60 16 107 107
1636_0075_0057_0123_0123.jpg 1 75 57 123 123
1637_0048_0087_0085_0085.jpg 1 48 87 85 85
1638_0046_0029_0118_0118.jpg 1 46 29 118 118
1639_0036_0049_0132_0132.jpg 1 36 49 132 132
1640_0057_0052_0132_0132.jpg 1 57 52 132 132
1641_0060_0039_0148_0148.jpg 1 60 39 148 148
1642_0018_0030_0151_0151.jpg 1 18 30 151 151
1643_0073_0080_0122_0122.jpg 1 73 80 122 122
1644_0045_0030_0085_0085.jpg 1 45 30 85 85
1645_0048_0128_0029_0029.jpg 1 48 128 29 29
1646_0102_0055_0082_0082.jpg 1 102 55 82 82
1647_0058_0040_0093_0093.jpg 1 58 40 93 93
1648_0084_0049_0112_0112.jpg 1 84 49 112 112
1649_0047_0087_0106_0106.jpg 1 47 87 106 106
1650_0107_0038_0067_0067.jpg 1 107 38 67 67
1651_0038_0137_0051_0051.jpg 1 38 137 51 51
1652_0034_0075_0129_0129.jpg 1 34 75 129 129
1653_0020_0030_0084_0084.jpg 1 20 30 84 84
1654_0095_0049_0097_0097.jpg 1 95 49 97 97
1655_0087_0100_0083_0083.jpg 1 87 100 83 83
1656_0102_0099_0061_0061.jpg 1 102 99 61 61
1657_0024_0142_0041_0041.jpg 1 24 142 41 41
1658_0056_0052_0114_0114.jpg 1 56 52 114 114
1659_0057_0045_0136_0136.jpg 1 57 45 136 136
1660_0054_0018_0126_0126.jpg 1 54 18 126 126
1661_0101_0055_0035_0035.jpg 1 101 55 35 35
1662_0075_0121_0051_0051.jpg 1 75 121 51 51
1663_0062_0016_0107_0107.jpg 1 62 16 107 107
1664_0118_0105_0070_0070.jpg 1 118 105 70 70
1665_0086_0117_0042_0042.jpg 1 86 117 42 42
1666_0038_0071_0110_0110.jpg 1 38 71 110 110
1667_0059_0013_0113_0113.jpg 1 59 13 113 113
1668_0140_0027_0042_0042.jpg 1 140 27 42 42
1669_0066_0060_0139_0139.jpg 1 66 60 139 139
1670_0025_0014_0147_0147.jpg 1 25 14 147 147
1671_0023_0036_0130_0130.jpg 1 23 36 130 130
1672_0044_0049_0123_0123.jpg 1 44 49 123 123
1673_0049_0028_0152_0152.jpg 1 49 28 152 152
1674_0041_0109_0051_0051.jpg 1 41 109 51 51
1675_0100_0066_0060_0060.jpg 1 100 66 60 60
1676_0092_0052_0045_0045.jpg 1 92 52 45 45
1677_0077_0042_0074_0074.jpg 1 77 42 74 74
1678_0053_0043_0079_0079.jpg 1 53 43 79 79
1679_0102_0050_0095_0095.jpg 1 102 50 95 95
1680_0047_0044_0049_0049.jpg 1 47 44 49 49
1681_0088_0025_0099_0099.jpg 1 88 25 99 99
1682_0108_0151_0034_0034.jpg 1 108 151 34 34
1683_0024_0105_0051_0051.jpg 1 24 105 51 51
1684_0069_0081_0122_0122.jpg 1 69 81 122 122
1685_0089_0079_0107_0107.jpg 1 89 79 107 107
1686_0077_0030_0121_0121.jpg 1 77 30 121 121
1687_0065_0052_0082_0082.jpg 1 65 52 82 82
1688_0072_0042_0031_0031.jpg 1 72 42 31 31
1689_0129_0124_0035_0035.jpg 1 129 124 35 35
1690_0052_0044_0131_0131.jpg 1 52 44 131 131
1691_0058_0075_0126_0126.jpg 1 58 75 126 126
1692_0029_0022_0117_0117.jpg 1 29 22 117 117
1693_0039_0011_0151_0151.jpg 1 39 11 151 151
1694_0014_0051_0155_0155.jpg 1 14 51 155 155
1695_0095_0084_0026_0026.jpg 1 95 84 26 26
1696_0011_0015_0133_0133.jpg 1 11 15 133 133
1697_0143_0020_0034_0034.jpg 1 143 20 34 34
1698_0023_0069_0136_0136.jpg 1 23 69 136 136
1699_0082_0088_0085_0085.jpg 1 82 88 85 85
1700_0015_0013_0094_0094.jpg 1 15 13 94 94
1701_0027_0070_0094_0094.jpg 1 27 70 94 94
1702_0020_0038_0142_0142.jpg 1 20 38 142 142
1703_0058_0105_0065_0065.jpg 1 58 105 65 65
1704_0037_0047_0143_0143.jpg 1 37 47 143 143
1705_0021_0069_0123_0123.jpg 1 21 69 123 123
1706_0020_0053_0108_0108.jpg 1 20 53 108 108
1707_0033_0026_0152_0152.jpg 1 33 26 152 152
1708_0017_0024_0117_0117.jpg 1 17 24 117 117
1709_0042_0064_0134_0134.jpg 1 42 64 134 134
1710_0058_0096_0054_0054.jpg 1 58 96 54 54
1711_0098_0109_0037_0037.jpg 1 98 109 37 37
1712_0017_0055_0112_0112.jpg 1 17 55 112 112
1713_0075_0061_0028_0028.jpg 1 75 61 28 28
1714_0050_0020_0090_0090.jpg 1 50 20 90 90
1715_0064_0088_0053_0053.jpg 1 64 88 53 53
1716_0139_0074_0038_0038.jpg 1 139 74 38 38
1717_0109_0048_0030_0030.jpg 1 109 48 30 30
1718_0015_0051_0127_0127.jpg 1 15 51 127 127
1719_0048_0072_0116_0116.jpg 1 48 72 116 116
1720_0066_0042_0132_0132.jpg 1 66 42 132 132
1721_0080_0081_0120_0120.jpg 1 80 81 120 120
1722_0011_0037_0145_0145.jpg 1 11 37 145 145
1723_0045_0119_0055_0055.jpg 1 45 119 55 55
1724_0044_0031_0126_0126.jpg 1 44 31 126 126
1725_0037_0032_0144_0144.jpg 1 37 32 144 144
1726_0122_0112_0037_0037.jpg 1 122 112 37 37
1727_0041_0029_0033_0033.jpg 1 41 29 33 33
1728_0072_0037_0103_0103.jpg 1 72 37 103 103
1729_0106_0032_0090_0090.jpg 1 106 32 90 90
1730_0062_0023_0077_0077.jpg 1 62 23 77 77
1731_0105_0092_0039_0039.jpg 1 105 92 39 39
1732_0076_0111_0037_0037.jpg 1 76 111 37 37
1733_0013_0025_0133_0133.jpg 1 13 25 133 133
1734_0043_0042_0135_0135.jpg 1 43 42 135 135
1735_0040_0062_0066_0066.jpg 1 40 62 66 66
1736_0059_0073_0089_0089.jpg 1 59 73 89 89
1737_0090_0099_0061_0061.jpg 1 90 99 61 61
1738_0082_0012_0112_0112.jpg 1 82 12 112 112
1739_0038_0030_0146_0146.jpg 1 38 30 146 146
1740_0118_0050_0040_0040.jpg 1 118 50 40 40
1741_0012_0030_0141_0141.jpg 1 12 30 141 141
1742_0079_0040_0097_0097.jpg 1 79 40 97 97
1743_0070_0040_0124_0124.jpg 1 70 40 124 124
1744_0104_0077_0032_0032.jpg 1 104 77 32 32
1745_0104_0072_0046_0046.jpg 1 104 72 46 46
1746_0086_0103_0043_0043.jpg 1 86 103 43 43
1747_0057_0029_0113_0113.jpg 1 57 29 113 113
1748_0090_0113_0048_0048.jpg 1 90 113 48 48
1749_0037_0043_0082_0082.jpg 1 37 43 82 82
1750_0043_0103_0080_0080.jpg 1 43 103 80 80
1751_0075_0053_0092_0092.jpg 1 75 53 92 92
1752_0135_0107_0039_0039.jpg 1 135 107 39 39
1753_0058_0110_0071_0071.jpg 1 58 110 71 71
1754_0012_0008_0148_0148.jpg 1 12 8 148 148
1755_0018_0040_0089_0089.jpg 1 18 40 89 89
1756_0145_0110_0039_0039.jpg 1 145 110 39 39
1757_0090_0015_0095_0095.jpg 1 90 15 95 95
1758_0057_0033_0132_0132.jpg 1 57 33 132 132
1759_0094_0048_0088_0088.jpg 1 94 48 88 88
1760_0031_0042_0091_0091.jpg 1 31 42 91 91
1761_0069_0070_0103_0103.jpg 1 69 70 103 103
1762_0042_0027_0142_0142.jpg 1 42 27 142 142
1763_0030_0078_0102_0102.jpg 1 30 78 102 102
1764_0122_0082_0068_0068.jpg 1 122 82 68 68
1765_0071_0061_0108_0108.jpg 1 71 61 108 108
1766_0007_0043_0154_0154.jpg 1 7 43 154 154
1767_0033_0033_0150_0150.jpg 1 33 33 150 150
1768_0100_0098_0089_0089.jpg 1 100 98 89 89
1769_0068_0043_0085_0085.jpg 1 68 43 85 85
1770_0096_0030_0045_0045.jpg 1 96 30 45 45
1771_0066_0077_0067_0067.jpg 1 66 77 67 67
1772_0027_0047_0034_0034.jpg 1 27 47 34 34
1773_0050_0046_0087_0087.jpg 1 50 46 87 87
1774_0049_0081_0102_0102.jpg 1 49 81 102 102
1775_0042_0021_0152_0152.jpg 1 42 21 152 152
1776_0051_0052_0154_0154.jpg 1 51 52 154 154
1777_0015_0015_0113_0113.jpg 1 15 15 113 113
1778_0113_0046_0061_0061.jpg 1 113 46 61 61
1779_0035_0021_0090_0090.jpg 1 35 21 90 90
1780_0100_0098_0047_0047.jpg 1 100 98 47 47
1781_0069_0049_0120_0120.jpg 1 69 49 120 120
1782_0038_0047_0058_0058.jpg 1 38 47 58 58
1783_0051_0043_0079_0079.jpg 1 51 43 79 79
1784_0037_0019_0049_0049.jpg 1 37 19 49 49
1785_0068_0011_0129_0129.jpg 1 68 11 129 129
1786_0088_0041_0078_0078.jpg 1 88 41 78 78
1787_0022_0040_0100_0100.jpg 1 22 40 100 100
1788_0067_0019_0037_0037.jpg 1 67 19 37 37
1789_0058_0047_0145_0145.jpg 1 58 47 145 145
1790_0053_0035_0138_0138.jpg 1 53 35 138 138
1791_0059_0096_0050_0050.jpg 1 59 96 50 50
1792_0114_0020_0078_0078.jpg 1 114 20 78 78
1793_0097_0042_0094_0094.jpg 1 97 42 94 94
1794_0042_0103_0094_0094.jpg 1 42 103 94 94
1795_0101_0042_0052_0052.jpg 1 101 42 52 52
1796_0043_0123_0043_0043.jpg 1 43 123 43 43
1797_0034_0038_0113_0113.jpg 1 34 38 113 113
1798_0029_0074_0059_0059.jpg 1 29 74 59 59
1799_0052_0051_0130_0130.jpg 1 52 51 130 130
1800_0133_0146_0032_0032.jpg 1 133 146 32 32
