0001_0024_0024_0130_0130.jpg 1 24 24 130 130
0002_0028_0079_0077_0077.jpg 1 28 79 77 77
0003_0048_0028_0104_0104.jpg 1 48 28 104 104
0004_0031_0015_0122_0122.jpg 1 31 15 122 122
0005_0034_0068_0099_0099.jpg 1 34 68 99 99
0006_0062_0076_0122_0122.jpg 1 62 76 122 122
0007_0102_0047_0072_0072.jpg 1 102 47 72 72
0008_0010_0023_0135_0135.jpg 1 10 23 135 135
0009_0029_0033_0121_0121.jpg 1 29 33 121 121
0010_0029_0019_0141_0141.jpg 1 29 19 141 141
0011_0025_0120_0070_0070.jpg 1 25 120 70 70
0012_0093_0103_0057_0057.jpg 1 93 103 57 57
0013_0068_0079_0107_0107.jpg 1 68 79 107 107
0014_0015_0038_0086_0086.jpg 1 15 38 86 86
0015_0039_0058_0138_0138.jpg 1 39 58 138 138
0016_0064_0069_0097_0097.jpg 1 64 69 97 97
0017_0022_0088_0112_0112.jpg 1 22 88 112 112
0018_0056_0089_0056_0056.jpg 1 56 89 56 56
0019_0046_0021_0151_0151.jpg 1 46 21 151 151
0020_0017_0108_0081_0081.jpg 1 17 108 81 81
0021_0020_0136_0049_0049.jpg 1 20 136 49 49
0022_0108_0104_0054_0054.jpg 1 108 104 54 54
0023_0084_0031_0045_0045.jpg 1 84 31 45 45
0024_0018_0108_0035_0035.jpg 1 18 108 35 35
0025_0060_0083_0090_0090.jpg 1 60 83 90 90
0026_0017_0044_0137_0137.jpg 1 17 44 137 137
0027_0114_0130_0048_0048.jpg 1 114 130 48 48
0028_0063_0126_0063_0063.jpg 1 63 126 63 63
0029_0067_0099_0028_0028.jpg 1 67 99 28 28
0030_0070_0091_0039_0039.jpg 1 70 91 39 39
0031_0042_0023_0141_0141.jpg 1 42 23 141 141
0032_0013_0026_0098_0098.jpg 1 13 26 98 98
0033_0062_0100_0063_0063.jpg 1 62 100 63 63
0034_0063_0035_0098_0098.jpg 1 63 35 98 98
0035_0015_0015_0101_0101.jpg 1 15 15 101 101
0036_0063_0038_0130_0130.jpg 1 63 38 130 130
0037_0095_0110_0074_0074.jpg 1 95 110 74 74
0038_0106_0069_0074_0074.jpg 1 106 69 74 74
0039_0090_0025_0061_0061.jpg 1 90 25 61 61
0040_0137_0057_0051_0051.jpg 1 137 57 51 51
0041_0025_0028_0141_0141.jpg 1 25 28 141 141
0042_0042_0061_0093_0093.jpg 1 42 61 93 93
0043_0029_0051_0069_0069.jpg 1 29 51 69 69
0044_0060_0029_0115_0115.jpg 1 60 29 115 115
0045_0008_0011_0141_0141.jpg 1 8 11 141 141
0046_0089_0116_0061_0061.jpg 1 89 116 61 61
0047_0038_0056_0143_0143.jpg 1 38 56 143 143
0048_0109_0116_0058_0058.jpg 1 109 116 58 58
0049_0111_0105_0073_0073.jpg 1 111 105 73 73
0050_0035_0042_0113_0113.jpg 1 35 42 113 113
0051_0035_0040_0156_0156.jpg 1 35 40 156 156
0052_0030_0046_0147_0147.jpg 1 30 46 147 147
0053_0021_0048_0093_0093.jpg 1 21 48 93 93
0054_0104_0073_0084_0084.jpg 1 104 73 84 84
0055_0047_0084_0053_0053.jpg 1 47 84 53 53
0056_0096_0072_0036_0036.jpg 1 96 72 36 36
0057_0014_0049_0153_0153.jpg 1 14 49 153 153
0058_0043_0051_0115_0115.jpg 1 43 51 115 115
0059_0013_0040_0156_0156.jpg 1 13 40 156 156
0060_0069_0071_0133_0133.jpg 1 69 71 133 133
0061_0039_0036_0135_0135.jpg 1 39 36 135 135
0062_0035_0033_0123_0123.jpg 1 35 33 123 123
0063_0069_0138_0037_0037.jpg 1 69 138 37 37
0064_0025_0053_0096_0096.jpg 1 25 53 96 96
0065_0111_0054_0067_0067.jpg 1 111 54 67 67
0066_0076_0020_0107_0107.jpg 1 76 20 107 107
0067_0125_0088_0065_0065.jpg 1 125 88 65 65
0068_0039_0032_0137_0137.jpg 1 39 32 137 137
0069_0100_0040_0043_0043.jpg 1 100 40 43 43
0070_0040_0022_0156_0156.jpg 1 40 22 156 156
0071_0131_0086_0042_0042.jpg 1 131 86 42 42
0072_0048_0065_0097_0097.jpg 1 48 65 97 97
0073_0015_0049_0128_0128.jpg 1 15 49 128 128
0074_0063_0018_0129_0129.jpg 1 63 18 129 129
0075_0110_0065_0033_0033.jpg 1 110 65 33 33
0076_0057_0104_0084_0084.jpg 1 57 104 84 84
0077_0076_0019_0111_0111.jpg 1 76 19 111 111
0078_0060_0086_0059_0059.jpg 1 60 86 59 59
0079_0042_0049_0116_0116.jpg 1 42 49 116 116
0080_0119_0137_0045_0045.jpg 1 119 137 45 45
0081_0118_0032_0030_0030.jpg 1 118 32 30 30
0082_0069_0057_0137_0137.jpg 1 69 57 137 137
0083_0030_0115_0079_0079.jpg 1 30 115 79 79
0084_0075_0022_0091_0091.jpg 1 75 22 91 91
0085_0147_0089_0035_0035.jpg 1 147 89 35 35
0086_0135_0106_0036_0036.jpg 1 135 106 36 36
0087_0025_0058_0095_0095.jpg 1 25 58 95 95
0088_0072_0054_0115_0115.jpg 1 72 54 115 115
0089_0050_0058_0048_0048.jpg 1 50 58 48 48
0090_0045_0047_0120_0120.jpg 1 45 47 120 120
0091_0154_0095_0024_0024.jpg 1 154 95 24 24
0092_0087_0042_0065_0065.jpg 1 87 42 65 65
0093_0027_0047_0076_0076.jpg 1 27 47 76 76
0094_0054_0070_0077_0077.jpg 1 54 70 77 77
0095_0079_0064_0112_0112.jpg 1 79 64 112 112
0096_0026_0062_0135_0135.jpg 1 26 62 135 135
0097_0047_0025_0142_0142.jpg 1 47 25 142 142
0098_0040_0047_0103_0103.jpg 1 40 47 103 103
0099_0036_0032_0135_0135.jpg 1 36 32 135 135
0100_0105_0134_0025_0025.jpg 1 105 134 25 25
0101_0014_0033_0146_0146.jpg 1 14 33 146 146
0102_0022_0053_0121_0121.jpg 1 22 53 121 121
0103_0029_0039_0104_0104.jpg 1 29 39 104 104
0104_0102_0016_0084_0084.jpg 1 102 16 84 84
0105_0088_0015_0091_0091.jpg 1 88 15 91 91
0106_0054_0117_0070_0070.jpg 1 54 117 70 70
0107_0068_0041_0126_0126.jpg 1 68 41 126 126
0108_0070_0127_0036_0036.jpg 1 70 127 36 36
0109_0104_0043_0040_0040.jpg 1 104 43 40 40
0110_0055_0050_0134_0134.jpg 1 55 50 134 134
0111_0011_0010_0129_0129.jpg 1 11 10 129 129
0112_0031_0024_0144_0144.jpg 1 31 24 144 144
0113_0053_0027_0148_0148.jpg 1 53 27 148 148
0114_0110_0112_0069_0069.jpg 1 110 112 69 69
0115_0060_0084_0065_0065.jpg 1 60 84 65 65
0116_0089_0039_0035_0035.jpg 1 89 39 35 35
0117_0073_0019_0118_0118.jpg 1 73 19 118 118
0118_0048_0041_0079_0079.jpg 1 48 41 79 79
0119_0114_0105_0059_0059.jpg 1 114 105 59 59
0120_0061_0038_0106_0106.jpg 1 61 38 106 106
0121_0048_0076_0062_0062.jpg 1 48 76 62 62
0122_0057_0086_0116_0116.jpg 1 57 86 116 116
0123_0139_0044_0030_0030.jpg 1 139 44 30 30
0124_0040_0045_0108_0108.jpg 1 40 45 108 108
0125_0063_0059_0124_0124.jpg 1 63 59 124 124
0126_0046_0044_0151_0151.jpg 1 46 44 151 151
0127_0037_0079_0043_0043.jpg 1 37 79 43 43
0128_0046_0056_0152_0152.jpg 1 46 56 152 152
0129_0106_0115_0034_0034.jpg 1 106 115 34 34
0130_0017_0056_0100_0100.jpg 1 17 56 100 100
0131_0027_0010_0132_0132.jpg 1 27 10 132 132
0132_0031_0035_0128_0128.jpg 1 31 35 128 128
0133_0027_0050_0151_0151.jpg 1 27 50 151 151
0134_0110_0088_0082_0082.jpg 1 110 88 82 82
0135_0020_0040_0097_0097.jpg 1 20 40 97 97
0136_0076_0117_0059_0059.jpg 1 76 117 59 59
0137_0020_0027_0128_0128.jpg 1 20 27 128 128
0138_0027_0010_0130_0130.jpg 1 27 10 130 130
0139_0067_0051_0037_0037.jpg 1 67 51 37 37
0140_0087_0083_0081_0081.jpg 1 87 83 81 81
0141_0053_0076_0056_0056.jpg 1 53 76 56 56
0142_0015_0024_0088_0088.jpg 1 15 24 88 88
0143_0036_0029_0074_0074.jpg 1 36 29 74 74
0144_0013_0026_0141_0141.jpg 1 13 26 141 141
0145_0046_0083_0113_0113.jpg 1 46 83 113 113
0146_0052_0083_0052_0052.jpg 1 52 83 52 52
0147_0029_0041_0108_0108.jpg 1 29 41 108 108
0148_0109_0045_0061_0061.jpg 1 109 45 61 61
0149_0095_0046_0046_0046.jpg 1 95 46 46 46
0150_0036_0020_0085_0085.jpg 1 36 20 85 85
0151_0056_0081_0083_0083.jpg 1 56 81 83 83
0152_0088_0014_0100_0100.jpg 1 88 14 100 100
0153_0086_0065_0113_0113.jpg 1 86 65 113 113
0154_0053_0029_0073_0073.jpg 1 53 29 73 73
0155_0054_0033_0049_0049.jpg 1 54 33 49 49
0156_0093_0080_0085_0085.jpg 1 93 80 85 85
0157_0050_0036_0145_0145.jpg 1 50 36 145 145
0158_0105_0102_0080_0080.jpg 1 105 102 80 80
0159_0044_0030_0044_0044.jpg 1 44 30 44 44
0160_0096_0030_0024_0024.jpg 1 96 30 24 24
0161_0036_0016_0137_0137.jpg 1 36 16 137 137
0162_0021_0032_0087_0087.jpg 1 21 32 87 87
0163_0144_0112_0027_0027.jpg 1 144 112 27 27
0164_0015_0031_0156_0156.jpg 1 15 31 156 156
0165_0096_0094_0092_0092.jpg 1 96 94 92 92
0166_0079_0049_0025_0025.jpg 1 79 49 25 25
0167_0083_0129_0051_0051.jpg 1 83 129 51 51
0168_0010_0017_0122_0122.jpg 1 10 17 122 122
0169_0029_0021_0084_0084.jpg 1 29 21 84 84
0170_0033_0036_0153_0153.jpg 1 33 36 153 153
0171_0016_0038_0131_0131.jpg 1 16 38 131 131
0172_0027_0013_0122_0122.jpg 1 27 13 122 122
0173_0022_0079_0115_0115.jpg 1 22 79 115 115
0174_0025_0094_0046_0046.jpg 1 25 94 46 46
0175_0098_0051_0072_0072.jpg 1 98 51 72 72
0176_0068_0029_0129_0129.jpg 1 68 29 129 129
0177_0043_0100_0066_0066.jpg 1 43 100 66 66
0178_0123_0106_0030_0030.jpg 1 123 106 30 30
0179_0132_0129_0033_0033.jpg 1 132 129 33 33
0180_0035_0081_0086_0086.jpg 1 35 81 86 86
0181_0059_0040_0125_0125.jpg 1 59 40 125 125
0182_0061_0085_0033_0033.jpg 1 61 85 33 33
0183_0058_0020_0072_0072.jpg 1 58 20 72 72
0184_0053_0010_0124_0124.jpg 1 53 10 124 124
0185_0011_0010_0126_0126.jpg 1 11 10 126 126
0186_0028_0111_0048_0048.jpg 1 28 111 48 48
0187_0042_0065_0130_0130.jpg 1 42 65 130 130
0188_0049_0074_0114_0114.jpg 1 49 74 114 114
0189_0082_0042_0091_0091.jpg 1 82 42 91 91
0190_0102_0121_0065_0065.jpg 1 102 121 65 65
0191_0031_0058_0119_0119.jpg 1 31 58 119 119
0192_0018_0008_0156_0156.jpg 1 18 8 156 156
0193_0046_0030_0105_0105.jpg 1 46 30 105 105
0194_0027_0124_0043_0043.jpg 1 27 124 43 43
0195_0064_0021_0130_0130.jpg 1 64 21 130 130
0196_0062_0107_0075_0075.jpg 1 62 107 75 75
0197_0025_0046_0147_0147.jpg 1 25 46 147 147
0198_0075_0017_0127_0127.jpg 1 75 17 127 127
0199_0046_0039_0142_0142.jpg 1 46 39 142 142
0200_0023_0054_0105_0105.jpg 1 23 54 105 105
0201_0055_0067_0045_0045.jpg 1 55 67 45 45
0202_0108_0034_0029_0029.jpg 1 108 34 29 29
0203_0060_0054_0124_0124.jpg 1 60 54 124 124
0204_0040_0081_0070_0070.jpg 1 40 81 70 70
0205_0055_0026_0138_0138.jpg 1 55 26 138 138
0206_0027_0071_0123_0123.jpg 1 27 71 123 123
0207_0042_0110_0077_0077.jpg 1 42 110 77 77
0208_0011_0039_0136_0136.jpg 1 11 39 136 136
0209_0022_0036_0148_0148.jpg 1 22 36 148 148
0210_0059_0019_0123_0123.jpg 1 59 19 123 123
0211_0019_0050_0034_0034.jpg 1 19 50 34 34
0212_0070_0102_0088_0088.jpg 1 70 102 88 88
0213_0075_0099_0040_0040.jpg 1 75 99 40 40
0214_0110_0040_0086_0086.jpg 1 110 40 86 86
0215_0117_0143_0042_0042.jpg 1 117 143 42 42
0216_0073_0061_0053_0053.jpg 1 73 61 53 53
0217_0036_0042_0128_0128.jpg 1 36 42 128 128
0218_0046_0100_0084_0084.jpg 1 46 100 84 84
0219_0079_0048_0055_0055.jpg 1 79 48 55 55
0220_0109_0086_0055_0055.jpg 1 109 86 55 55
0221_0065_0099_0050_0050.jpg 1 65 99 50 50
0222_0047_0011_0124_0124.jpg 1 47 11 124 124
0223_0047_0090_0036_0036.jpg 1 47 90 36 36
0224_0070_0130_0040_0040.jpg 1 70 130 40 40
0225_0045_0029_0048_0048.jpg 1 45 29 48 48
0226_0116_0092_0071_0071.jpg 1 116 92 71 71
0227_0108_0026_0081_0081.jpg 1 108 26 81 81
0228_0036_0050_0137_0137.jpg 1 36 50 137 137
0229_0036_0083_0110_0110.jpg 1 36 83 110 110
0230_0020_0060_0096_0096.jpg 1 20 60 96 96
0231_0058_0016_0119_0119.jpg 1 58 16 119 119
0232_0019_0016_0074_0074.jpg 1 19 16 74 74
0233_0068_0100_0089_0089.jpg 1 68 100 89 89
0234_0024_0112_0078_0078.jpg 1 24 112 78 78
0235_0069_0049_0128_0128.jpg 1 69 49 128 128
0236_0050_0066_0129_0129.jpg 1 50 66 129 129
0237_0076_0025_0070_0070.jpg 1 76 25 70 70
0238_0010_0052_0151_0151.jpg 1 10 52 151 151
0239_0083_0136_0029_0029.jpg 1 83 136 29 29
0240_0071_0041_0119_0119.jpg 1 71 41 119 119
0241_0024_0094_0093_0093.jpg 1 24 94 93 93
0242_0079_0038_0098_0098.jpg 1 79 38 98 98
0243_0097_0026_0102_0102.jpg 1 97 26 102 102
0244_0012_0018_0137_0137.jpg 1 12 18 137 137
0245_0019_0108_0040_0040.jpg 1 19 108 40 40
0246_0151_0112_0026_0026.jpg 1 151 112 26 26
0247_0036_0071_0111_0111.jpg 1 36 71 111 111
0248_0114_0031_0051_0051.jpg 1 114 31 51 51
0249_0127_0051_0036_0036.jpg 1 127 51 36 36
0250_0104_0025_0066_0066.jpg 1 104 25 66 66
0251_0050_0011_0109_0109.jpg 1 50 11 109 109
0252_0080_0120_0056_0056.jpg 1 80 120 56 56
0253_0031_0014_0132_0132.jpg 1 31 14 132 132
0254_0048_0059_0079_0079.jpg 1 48 59 79 79
0255_0041_0022_0028_0028.jpg 1 41 22 28 28
0256_0080_0074_0075_0075.jpg 1 80 74 75 75
0257_0134_0044_0055_0055.jpg 1 134 44 55 55
0258_0097_0058_0035_0035.jpg 1 97 58 35 35
0259_0140_0078_0047_0047.jpg 1 140 78 47 47
0260_0060_0085_0069_0069.jpg 1 60 85 69 69
0261_0018_0080_0115_0115.jpg 1 18 80 115 115
0262_0119_0034_0058_0058.jpg 1 119 34 58 58
0263_0106_0092_0047_0047.jpg 1 106 92 47 47
0264_0015_0042_0083_0083.jpg 1 15 42 83 83
0265_0018_0033_0110_0110.jpg 1 18 33 110 110
0266_0075_0093_0103_0103.jpg 1 75 93 103 103
0267_0064_0030_0048_0048.jpg 1 64 30 48 48
0268_0076_0046_0087_0087.jpg 1 76 46 87 87
0269_0091_0067_0093_0093.jpg 1 91 67 93 93
0270_0037_0015_0077_0077.jpg 1 37 15 77 77
0271_0045_0037_0140_0140.jpg 1 45 37 140 140
0272_0134_0060_0039_0039.jpg 1 134 60 39 39
0273_0041_0049_0148_0148.jpg 1 41 49 148 148
0274_0106_0043_0075_0075.jpg 1 106 43 75 75
0275_0037_0099_0082_0082.jpg 1 37 99 82 82
0276_0092_0113_0040_0040.jpg 1 92 113 40 40
0277_0150_0113_0028_0028.jpg 1 150 113 28 28
0278_0056_0067_0103_0103.jpg 1 56 67 103 103
0279_0094_0017_0096_0096.jpg 1 94 17 96 96
0280_0022_0060_0106_0106.jpg 1 22 60 106 106
0281_0065_0074_0066_0066.jpg 1 65 74 66 66
0282_0087_0067_0112_0112.jpg 1 87 67 112 112
0283_0012_0018_0131_0131.jpg 1 12 18 131 131
0284_0018_0033_0133_0133.jpg 1 18 33 133 133
0285_0060_0094_0066_0066.jpg 1 60 94 66 66
0286_0053_0044_0089_0089.jpg 1 53 44 89 89
0287_0018_0022_0107_0107.jpg 1 18 22 107 107
0288_0038_0046_0150_0150.jpg 1 38 46 150 150
0289_0033_0036_0098_0098.jpg 1 33 36 98 98
0290_0037_0130_0060_0060.jpg 1 37 130 60 60
0291_0023_0088_0110_0110.jpg 1 23 88 110 110
0292_0099_0109_0026_0026.jpg 1 99 109 26 26
0293_0032_0065_0089_0089.jpg 1 32 65 89 89
0294_0054_0016_0155_0155.jpg 1 54 16 155 155
0295_0031_0074_0113_0113.jpg 1 31 74 113 113
0296_0058_0153_0025_0025.jpg 1 58 153 25 25
0297_0079_0080_0060_0060.jpg 1 79 80 60 60
0298_0023_0143_0028_0028.jpg 1 23 143 28 28
0299_0079_0110_0066_0066.jpg 1 79 110 66 66
0300_0057_0037_0078_0078.jpg 1 57 37 78 78
0301_0026_0040_0123_0123.jpg 1 26 40 123 123
0302_0082_0060_0104_0104.jpg 1 82 60 104 104
0303_0081_0096_0058_0058.jpg 1 81 96 58 58
0304_0027_0089_0097_0097.jpg 1 27 89 97 97
0305_0051_0073_0131_0131.jpg 1 51 73 131 131
0306_0117_0072_0072_0072.jpg 1 117 72 72 72
0307_0019_0012_0142_0142.jpg 1 19 12 142 142
0308_0102_0091_0088_0088.jpg 1 102 91 88 88
0309_0084_0016_0095_0095.jpg 1 84 16 95 95
0310_0057_0066_0025_0025.jpg 1 57 66 25 25
0311_0033_0058_0145_0145.jpg 1 33 58 145 145
0312_0046_0035_0143_0143.jpg 1 46 35 143 143
0313_0148_0143_0029_0029.jpg 1 148 143 29 29
0314_0062_0070_0094_0094.jpg 1 62 70 94 94
0315_0032_0079_0038_0038.jpg 1 32 79 38 38
0316_0063_0069_0102_0102.jpg 1 63 69 102 102
0317_0053_0035_0129_0129.jpg 1 53 35 129 129
0318_0055_0100_0086_0086.jpg 1 55 100 86 86
0319_0068_0077_0110_0110.jpg 1 68 77 110 110
0320_0126_0133_0038_0038.jpg 1 126 133 38 38
0321_0076_0043_0103_0103.jpg 1 76 43 103 103
0322_0050_0030_0134_0134.jpg 1 50 30 134 134
0323_0015_0050_0136_0136.jpg 1 15 50 136 136
0324_0098_0054_0064_0064.jpg 1 98 54 64 64
0325_0125_0079_0064_0064.jpg 1 125 79 64 64
0326_0034_0014_0106_0106.jpg 1 34 14 106 106
0327_0054_0026_0149_0149.jpg 1 54 26 149 149
0328_0111_0049_0032_0032.jpg 1 111 49 32 32
0329_0036_0046_0094_0094.jpg 1 36 46 94 94
0330_0055_0022_0145_0145.jpg 1 55 22 145 145
0331_0023_0018_0085_0085.jpg 1 23 18 85 85
0332_0088_0065_0089_0089.jpg 1 88 65 89 89
0333_0040_0019_0125_0125.jpg 1 40 19 125 125
0334_0044_0031_0140_0140.jpg 1 44 31 140 140
0335_0116_0042_0034_0034.jpg 1 116 42 34 34
0336_0038_0047_0097_0097.jpg 1 38 47 97 97
0337_0071_0033_0124_0124.jpg 1 71 33 124 124
0338_0069_0037_0078_0078.jpg 1 69 37 78 78
0339_0049_0068_0133_0133.jpg 1 49 68 133 133
0340_0011_0063_0116_0116.jpg 1 11 63 116 116
0341_0062_0026_0108_0108.jpg 1 62 26 108 108
0342_0053_0025_0106_0106.jpg 1 53 25 106 106
0343_0103_0093_0088_0088.jpg 1 103 93 88 88
0344_0048_0057_0149_0149.jpg 1 48 57 149 149
0345_0049_0040_0155_0155.jpg 1 49 40 155 155
0346_0092_0058_0047_0047.jpg 1 92 58 47 47
0347_0029_0077_0115_0115.jpg 1 29 77 115 115
0348_0040_0068_0033_0033.jpg 1 40 68 33 33
0349_0066_0092_0035_0035.jpg 1 66 92 35 35
0350_0029_0038_0155_0155.jpg 1 29 38 155 155
0351_0074_0027_0064_0064.jpg 1 74 27 64 64
0352_0096_0119_0041_0041.jpg 1 96 119 41 41
0353_0068_0026_0094_0094.jpg 1 68 26 94 94
0354_0041_0106_0039_0039.jpg 1 41 106 39 39
0355_0028_0055_0115_0115.jpg 1 28 55 115 115
0356_0126_0127_0025_0025.jpg 1 126 127 25 25
0357_0108_0036_0083_0083.jpg 1 108 36 83 83
0358_0086_0122_0058_0058.jpg 1 86 122 58 58
0359_0145_0046_0041_0041.jpg 1 145 46 41 41
0360_0048_0034_0124_0124.jpg 1 48 34 124 124
0361_0066_0054_0133_0133.jpg 1 66 54 133 133
0362_0089_0020_0043_0043.jpg 1 89 20 43 43
0363_0054_0053_0143_0143.jpg 1 54 53 143 143
0364_0073_0131_0057_0057.jpg 1 73 131 57 57
0365_0054_0058_0139_0139.jpg 1 54 58 139 139
0366_0062_0064_0058_0058.jpg 1 62 64 58 58
0367_0049_0033_0132_0132.jpg 1 49 33 132 132
0368_0030_0056_0123_0123.jpg 1 30 56 123 123
0369_0032_0033_0149_0149.jpg 1 32 33 149 149
0370_0111_0085_0046_0046.jpg 1 111 85 46 46
0371_0060_0061_0062_0062.jpg 1 60 61 62 62
0372_0031_0114_0067_0067.jpg 1 31 114 67 67
0373_0019_0019_0146_0146.jpg 1 19 19 146 146
0374_0075_0020_0057_0057.jpg 1 75 20 57 57
0375_0145_0065_0039_0039.jpg 1 145 65 39 39
0376_0030_0069_0049_0049.jpg 1 30 69 49 49
0377_0029_0016_0151_0151.jpg 1 29 16 151 151
0378_0053_0054_0126_0126.jpg 1 53 54 126 126
0379_0100_0105_0066_0066.jpg 1 100 105 66 66
0380_0109_0043_0081_0081.jpg 1 109 43 81 81
0381_0037_0049_0151_0151.jpg 1 37 49 151 151
0382_0033_0019_0125_0125.jpg 1 33 19 125 125
0383_0043_0039_0101_0101.jpg 1 43 39 101 101
0384_0030_0103_0082_0082.jpg 1 30 103 82 82
0385_0102_0058_0063_0063.jpg 1 102 58 63 63
0386_0041_0082_0109_0109.jpg 1 41 82 109 109
0387_0043_0028_0147_0147.jpg 1 43 28 147 147
0388_0116_0108_0034_0034.jpg 1 116 108 34 34
0389_0096_0049_0087_0087.jpg 1 96 49 87 87
0390_0116_0027_0039_0039.jpg 1 116 27 39 39
0391_0141_0084_0026_0026.jpg 1 141 84 26 26
0392_0077_0036_0077_0077.jpg 1 77 36 77 77
0393_0058_0064_0056_0056.jpg 1 58 64 56 56
0394_0030_0078_0046_0046.jpg 1 30 78 46 46
0395_0089_0043_0027_0027.jpg 1 89 43 27 27
0396_0060_0025_0100_0100.jpg 1 60 25 100 100
0397_0080_0049_0089_0089.jpg 1 80 49 89 89
0398_0105_0022_0086_0086.jpg 1 105 22 86 86
0399_0054_0036_0132_0132.jpg 1 54 36 132 132
0400_0051_0042_0155_0155.jpg 1 51 42 155 155
0401_0118_0038_0052_0052.jpg 1 118 38 52 52
0402_0115_0017_0055_0055.jpg 1 115 17 55 55
0403_0023_0101_0096_0096.jpg 1 23 101 96 96
0404_0080_0076_0043_0043.jpg 1 80 76 43 43
0405_0026_0050_0111_0111.jpg 1 26 50 111 111
0406_0013_0063_0110_0110.jpg 1 13 63 110 110
0407_0030_0033_0135_0135.jpg 1 30 33 135 135
0408_0078_0040_0120_0120.jpg 1 78 40 120 120
0409_0070_0041_0136_0136.jpg 1 70 41 136 136
0410_0048_0029_0039_0039.jpg 1 48 29 39 39
0411_0069_0078_0026_0026.jpg 1 69 78 26 26
0412_0044_0044_0100_0100.jpg 1 44 44 100 100
0413_0090_0095_0065_0065.jpg 1 90 95 65 65
0414_0093_0069_0033_0033.jpg 1 93 69 33 33
0415_0045_0057_0149_0149.jpg 1 45 57 149 149
0416_0016_0037_0142_0142.jpg 1 16 37 142 142
0417_0041_0094_0102_0102.jpg 1 41 94 102 102
0418_0105_0051_0031_0031.jpg 1 105 51 31 31
0419_0018_0025_0128_0128.jpg 1 18 25 128 128
0420_0072_0058_0078_0078.jpg 1 72 58 78 78
0421_0009_0042_0142_0142.jpg 1 9 42 142 142
0422_0039_0035_0120_0120.jpg 1 39 35 120 120
0423_0121_0094_0068_0068.jpg 1 121 94 68 68
0424_0061_0044_0048_0048.jpg 1 61 44 48 48
0425_0063_0044_0044_0044.jpg 1 63 44 44 44
0426_0063_0021_0101_0101.jpg 1 63 21 101 101
0427_0071_0034_0043_0043.jpg 1 71 34 43 43
0428_0037_0026_0098_0098.jpg 1 37 26 98 98
0429_0089_0081_0028_0028.jpg 1 89 81 28 28
0430_0025_0094_0066_0066.jpg 1 25 94 66 66
0431_0027_0047_0073_0073.jpg 1 27 47 73 73
0432_0045_0025_0112_0112.jpg 1 45 25 112 112
0433_0020_0072_0122_0122.jpg 1 20 72 122 122
0434_0012_0055_0116_0116.jpg 1 12 55 116 116
0435_0136_0117_0041_0041.jpg 1 136 117 41 41
0436_0089_0101_0092_0092.jpg 1 89 101 92 92
0437_0059_0076_0088_0088.jpg 1 59 76 88 88
0438_0037_0014_0154_0154.jpg 1 37 14 154 154
0439_0137_0065_0029_0029.jpg 1 137 65 29 29
0440_0082_0016_0100_0100.jpg 1 82 16 100 100
0441_0110_0035_0086_0086.jpg 1 110 35 86 86
0442_0065_0019_0116_0116.jpg 1 65 19 116 116
0443_0058_0063_0132_0132.jpg 1 58 63 132 132
0444_0026_0043_0146_0146.jpg 1 26 43 146 146
0445_0077_0111_0056_0056.jpg 1 77 111 56 56
0446_0045_0059_0073_0073.jpg 1 45 59 73 73
0447_0008_0026_0145_0145.jpg 1 8 26 145 145
0448_0125_0071_0033_0033.jpg 1 125 71 33 33
0449_0032_0058_0076_0076.jpg 1 32 58 76 76
0450_0031_0043_0155_0155.jpg 1 31 43 155 155
0451_0038_0061_0131_0131.jpg 1 38 61 131 131
0452_0055_0080_0054_0054.jpg 1 55 80 54 54
0453_0066_0084_0043_0043.jpg 1 66 84 43 43
0454_0119_0093_0071_0071.jpg 1 119 93 71 71
0455_0029_0049_0073_0073.jpg 1 29 49 73 73
0456_0013_0036_0111_0111.jpg 1 13 36 111 111
0457_0072_0109_0064_0064.jpg 1 72 109 64 64
0458_0036_0022_0132_0132.jpg 1 36 22 132 132
0459_0019_0038_0043_0043.jpg 1 19 38 43 43
0460_0070_0062_0123_0123.jpg 1 70 62 123 123
0461_0068_0070_0133_0133.jpg 1 68 70 133 133
0462_0073_0084_0064_0064.jpg 1 73 84 64 64
0463_0061_0110_0078_0078.jpg 1 61 110 78 78
0464_0112_0083_0054_0054.jpg 1 112 83 54 54
0465_0049_0055_0147_0147.jpg 1 49 55 147 147
0466_0096_0088_0087_0087.jpg 1 96 88 87 87
0467_0028_0036_0135_0135.jpg 1 28 36 135 135
0468_0064_0111_0063_0063.jpg 1 64 111 63 63
0469_0051_0023_0117_0117.jpg 1 51 23 117 117
0470_0047_0069_0075_0075.jpg 1 47 69 75 75
0471_0083_0134_0033_0033.jpg 1 83 134 33 33
0472_0029_0052_0070_0070.jpg 1 29 52 70 70
0473_0024_0056_0054_0054.jpg 1 24 56 54 54
0474_0032_0093_0080_0080.jpg 1 32 93 80 80
0475_0067_0083_0049_0049.jpg 1 67 83 49 49
0476_0023_0013_0136_0136.jpg 1 23 13 136 136
0477_0075_0059_0078_0078.jpg 1 75 59 78 78
0478_0027_0063_0129_0129.jpg 1 27 63 129 129
0479_0104_0087_0088_0088.jpg 1 104 87 88 88
0480_0011_0025_0156_0156.jpg 1 11 25 156 156
0481_0050_0062_0143_0143.jpg 1 50 62 143 143
0482_0051_0053_0150_0150.jpg 1 51 53 150 150
0483_0027_0042_0068_0068.jpg 1 27 42 68 68
0484_0030_0059_0125_0125.jpg 1 30 59 125 125
0485_0029_0091_0067_0067.jpg 1 29 91 67 67
0486_0071_0098_0030_0030.jpg 1 71 98 30 30
0487_0110_0025_0068_0068.jpg 1 110 25 68 68
0488_0080_0055_0065_0065.jpg 1 80 55 65 65
0489_0071_0134_0051_0051.jpg 1 71 134 51 51
0490_0119_0081_0074_0074.jpg 1 119 81 74 74
0491_0113_0022_0044_0044.jpg 1 113 22 44 44
0492_0025_0073_0114_0114.jpg 1 25 73 114 114
0493_0062_0100_0065_0065.jpg 1 62 100 65 65
0494_0022_0043_0041_0041.jpg 1 22 43 41 41
0495_0045_0095_0072_0072.jpg 1 45 95 72 72
0496_0032_0044_0151_0151.jpg 1 32 44 151 151
0497_0052_0020_0135_0135.jpg 1 52 20 135 135
0498_0012_0040_0141_0141.jpg 1 12 40 141 141
0499_0124_0102_0029_0029.jpg 1 124 102 29 29
0500_0108_0091_0046_0046.jpg 1 108 91 46 46
0501_0047_0062_0029_0029.jpg 1 47 62 29 29
0502_0035_0058_0120_0120.jpg 1 35 58 120 120
0503_0037_0049_0125_0125.jpg 1 37 49 125 125
0504_0056_0030_0039_0039.jpg 1 56 30 39 39
0505_0137_0035_0032_0032.jpg 1 137 35 32 32
0506_0028_0056_0135_0135.jpg 1 28 56 135 135
0507_0054_0139_0040_0040.jpg 1 54 139 40 40
0508_0049_0085_0069_0069.jpg 1 49 85 69 69
0509_0053_0116_0040_0040.jpg 1 53 116 40 40
0510_0027_0071_0119_0119.jpg 1 27 71 119 119
0511_0044_0050_0110_0110.jpg 1 44 50 110 110
0512_0050_0089_0062_0062.jpg 1 50 89 62 62
0513_0084_0024_0101_0101.jpg 1 84 24 101 101
0514_0079_0029_0119_0119.jpg 1 79 29 119 119
0515_0103_0067_0032_0032.jpg 1 103 67 32 32
0516_0043_0036_0121_0121.jpg 1 43 36 121 121
0517_0031_0016_0123_0123.jpg 1 31 16 123 123
0518_0072_0119_0059_0059.jpg 1 72 119 59 59
0519_0055_0056_0094_0094.jpg 1 55 56 94 94
0520_0055_0060_0064_0064.jpg 1 55 60 64 64
0521_0058_0083_0109_0109.jpg 1 58 83 109 109
0522_0028_0046_0151_0151.jpg 1 28 46 151 151
0523_0059_0024_0142_0142.jpg 1 59 24 142 142
0524_0018_0053_0143_0143.jpg 1 18 53 143 143
0525_0059_0033_0122_0122.jpg 1 59 33 122 122
0526_0107_0072_0079_0079.jpg 1 107 72 79 79
0527_0139_0021_0024_0024.jpg 1 139 21 24 24
0528_0051_0043_0120_0120.jpg 1 51 43 120 120
0529_0056_0015_0093_0093.jpg 1 56 15 93 93
0530_0043_0033_0142_0142.jpg 1 43 33 142 142
0531_0054_0025_0121_0121.jpg 1 54 25 121 121
0532_0010_0028_0142_0142.jpg 1 10 28 142 142
0533_0066_0069_0069_0069.jpg 1 66 69 69 69
0534_0047_0063_0114_0114.jpg 1 47 63 114 114
0535_0046_0077_0089_0089.jpg 1 46 77 89 89
0536_0044_0065_0141_0141.jpg 1 44 65 141 141
0537_0073_0054_0040_0040.jpg 1 73 54 40 40
0538_0021_0091_0082_0082.jpg 1 21 91 82 82
0539_0050_0014_0116_0116.jpg 1 50 14 116 116
0540_0035_0033_0033_0033.jpg 1 35 33 33 33
0541_0066_0052_0115_0115.jpg 1 66 52 115 115
0542_0048_0023_0115_0115.jpg 1 48 23 115 115
0543_0010_0020_0152_0152.jpg 1 10 20 152 152
0544_0035_0023_0091_0091.jpg 1 35 23 91 91
0545_0138_0092_0039_0039.jpg 1 138 92 39 39
0546_0059_0051_0084_0084.jpg 1 59 51 84 84
0547_0041_0049_0100_0100.jpg 1 41 49 100 100
0548_0102_0024_0059_0059.jpg 1 102 24 59 59
0549_0068_0085_0083_0083.jpg 1 68 85 83 83
0550_0056_0095_0078_0078.jpg 1 56 95 78 78
0551_0024_0034_0153_0153.jpg 1 24 34 153 153
0552_0058_0021_0116_0116.jpg 1 58 21 116 116
0553_0118_0118_0032_0032.jpg 1 118 118 32 32
0554_0126_0025_0035_0035.jpg 1 126 25 35 35
0555_0057_0060_0095_0095.jpg 1 57 60 95 95
0556_0034_0035_0153_0153.jpg 1 34 35 153 153
0557_0068_0112_0045_0045.jpg 1 68 112 45 45
0558_0043_0018_0112_0112.jpg 1 43 18 112 112
0559_0048_0051_0082_0082.jpg 1 48 51 82 82
0560_0046_0008_0148_0148.jpg 1 46 8 148 148
0561_0111_0059_0080_0080.jpg 1 111 59 80 80
0562_0050_0009_0136_0136.jpg 1 50 9 136 136
0563_0100_0034_0067_0067.jpg 1 100 34 67 67
0564_0067_0103_0033_0033.jpg 1 67 103 33 33
0565_0035_0128_0038_0038.jpg 1 35 128 38 38
0566_0123_0146_0039_0039.jpg 1 123 146 39 39
0567_0026_0116_0069_0069.jpg 1 26 116 69 69
0568_0066_0066_0100_0100.jpg 1 66 66 100 100
0569_0044_0043_0093_0093.jpg 1 44 43 93 93
0570_0083_0132_0034_0034.jpg 1 83 132 34 34
0571_0042_0043_0105_0105.jpg 1 42 43 105 105
0572_0043_0008_0155_0155.jpg 1 43 8 155 155
0573_0054_0055_0149_0149.jpg 1 54 55 149 149
0574_0043_0059_0091_0091.jpg 1 43 59 91 91
0575_0107_0149_0026_0026.jpg 1 107 149 26 26
0576_0037_0045_0085_0085.jpg 1 37 45 85 85
0577_0063_0024_0089_0089.jpg 1 63 24 89 89
0578_0100_0040_0076_0076.jpg 1 100 40 76 76
0579_0078_0140_0047_0047.jpg 1 78 140 47 47
0580_0036_0140_0046_0046.jpg 1 36 140 46 46
0581_0013_0036_0129_0129.jpg 1 13 36 129 129
0582_0035_0032_0077_0077.jpg 1 35 32 77 77
0583_0038_0051_0044_0044.jpg 1 38 51 44 44
0584_0089_0100_0095_0095.jpg 1 89 100 95 95
0585_0066_0061_0059_0059.jpg 1 66 61 59 59
0586_0039_0081_0063_0063.jpg 1 39 81 63 63
0587_0021_0087_0103_0103.jpg 1 21 87 103 103
0588_0063_0050_0055_0055.jpg 1 63 50 55 55
0589_0100_0057_0071_0071.jpg 1 100 57 71 71
0590_0108_0109_0040_0040.jpg 1 108 109 40 40
0591_0076_0018_0075_0075.jpg 1 76 18 75 75
0592_0028_0016_0138_0138.jpg 1 28 16 138 138
0593_0078_0049_0122_0122.jpg 1 78 49 122 122
0594_0015_0077_0080_0080.jpg 1 15 77 80 80
0595_0014_0085_0096_0096.jpg 1 14 85 96 96
0596_0018_0117_0045_0045.jpg 1 18 117 45 45
0597_0096_0016_0098_0098.jpg 1 96 16 98 98
0598_0018_0053_0137_0137.jpg 1 18 53 137 137
0599_0019_0013_0126_0126.jpg 1 19 13 126 126
0600_0063_0042_0083_0083.jpg 1 63 42 83 83
0601_0051_0053_0152_0152.jpg 1 51 53 152 152
0602_0015_0039_0152_0152.jpg 1 15 39 152 152
0603_0101_0119_0054_0054.jpg 1 101 119 54 54
0604_0075_0021_0068_0068.jpg 1 75 21 68 68
0605_0082_0052_0109_0109.jpg 1 82 52 109 109
0606_0081_0024_0097_0097.jpg 1 81 24 97 97
0607_0037_0031_0139_0139.jpg 1 37 31 139 139
0608_0046_0051_0156_0156.jpg 1 46 51 156 156
0609_0021_0033_0110_0110.jpg 1 21 33 110 110
0610_0019_0019_0133_0133.jpg 1 19 19 133 133
0611_0060_0078_0040_0040.jpg 1 60 78 40 40
0612_0088_0028_0104_0104.jpg 1 88 28 104 104
0613_0042_0030_0097_0097.jpg 1 42 30 97 97
0614_0035_0139_0041_0041.jpg 1 35 139 41 41
0615_0027_0027_0136_0136.jpg 1 27 27 136 136
0616_0055_0053_0060_0060.jpg 1 55 53 60 60
0617_0024_0057_0041_0041.jpg 1 24 57 41 41
0618_0037_0039_0156_0156.jpg 1 37 39 156 156
0619_0105_0035_0071_0071.jpg 1 105 35 71 71
0620_0069_0091_0067_0067.jpg 1 69 91 67 67
0621_0064_0081_0043_0043.jpg 1 64 81 43 43
0622_0052_0058_0098_0098.jpg 1 52 58 98 98
0623_0064_0020_0107_0107.jpg 1 64 20 107 107
0624_0024_0114_0078_0078.jpg 1 24 114 78 78
0625_0068_0053_0120_0120.jpg 1 68 53 120 120
0626_0156_0141_0025_0025.jpg 1 156 141 25 25
0627_0040_0083_0115_0115.jpg 1 40 83 115 115
0628_0072_0126_0035_0035.jpg 1 72 126 35 35
0629_0041_0061_0140_0140.jpg 1 41 61 140 140
0630_0153_0120_0028_0028.jpg 1 153 120 28 28
0631_0104_0097_0042_0042.jpg 1 104 97 42 42
0632_0042_0095_0081_0081.jpg 1 42 95 81 81
0633_0099_0023_0090_0090.jpg 1 99 23 90 90
0634_0077_0064_0037_0037.jpg 1 77 64 37 37
0635_0084_0052_0046_0046.jpg 1 84 52 46 46
0636_0126_0142_0034_0034.jpg 1 126 142 34 34
0637_0024_0051_0156_0156.jpg 1 24 51 156 156
0638_0084_0108_0027_0027.jpg 1 84 108 27 27
0639_0032_0038_0113_0113.jpg 1 32 38 113 113
0640_0076_0069_0121_0121.jpg 1 76 69 121 121
0641_0129_0024_0034_0034.jpg 1 129 24 34 34
0642_0060_0048_0105_0105.jpg 1 60 48 105 105
0643_0108_0118_0033_0033.jpg 1 108 118 33 33
0644_0025_0037_0137_0137.jpg 1 25 37 137 137
0645_0028_0038_0134_0134.jpg 1 28 38 134 134
0646_0025_0009_0131_0131.jpg 1 25 9 131 131
0647_0085_0080_0116_0116.jpg 1 85 80 116 116
0648_0067_0077_0104_0104.jpg 1 67 77 104 104
0649_0120_0086_0055_0055.jpg 1 120 86 55 55
0650_0057_0067_0128_0128.jpg 1 57 67 128 128
0651_0054_0035_0109_0109.jpg 1 54 35 109 109
0652_0035_0048_0052_0052.jpg 1 35 48 52 52
0653_0084_0037_0030_0030.jpg 1 84 37 30 30
0654_0035_0144_0034_0034.jpg 1 35 144 34 34
0655_0064_0014_0109_0109.jpg 1 64 14 109 109
0656_0046_0081_0063_0063.jpg 1 46 81 63 63
0657_0057_0075_0029_0029.jpg 1 57 75 29 29
0658_0091_0110_0080_0080.jpg 1 91 110 80 80
0659_0054_0048_0102_0102.jpg 1 54 48 102 102
0660_0068_0074_0099_0099.jpg 1 68 74 99 99
0661_0014_0018_0106_0106.jpg 1 14 18 106 106
0662_0023_0066_0108_0108.jpg 1 23 66 108 108
0663_0040_0128_0059_0059.jpg 1 40 128 59 59
0664_0017_0032_0061_0061.jpg 1 17 32 61 61
0665_0023_0050_0147_0147.jpg 1 23 50 147 147
0666_0135_0103_0040_0040.jpg 1 135 103 40 40
0667_0157_0097_0025_0025.jpg 1 157 97 25 25
0668_0009_0064_0136_0136.jpg 1 9 64 136 136
0669_0049_0026_0124_0124.jpg 1 49 26 124 124
0670_0079_0093_0107_0107.jpg 1 79 93 107 107
0671_0010_0013_0140_0140.jpg 1 10 13 140 140
0672_0019_0024_0129_0129.jpg 1 19 24 129 129
0673_0054_0022_0147_0147.jpg 1 54 22 147 147
0674_0042_0089_0034_0034.jpg 1 42 89 34 34
0675_0077_0131_0058_0058.jpg 1 77 131 58 58
0676_0102_0030_0045_0045.jpg 1 102 30 45 45
0677_0095_0024_0094_0094.jpg 1 95 24 94 94
0678_0064_0024_0060_0060.jpg 1 64 24 60 60
0679_0025_0038_0155_0155.jpg 1 25 38 155 155
0680_0018_0054_0133_0133.jpg 1 18 54 133 133
0681_0087_0061_0076_0076.jpg 1 87 61 76 76
0682_0021_0083_0086_0086.jpg 1 21 83 86 86
0683_0020_0062_0096_0096.jpg 1 20 62 96 96
0684_0032_0032_0151_0151.jpg 1 32 32 151 151
0685_0116_0101_0074_0074.jpg 1 116 101 74 74
0686_0062_0062_0075_0075.jpg 1 62 62 75 75
0687_0034_0015_0139_0139.jpg 1 34 15 139 139
0688_0081_0128_0056_0056.jpg 1 81 128 56 56
0689_0090_0089_0076_0076.jpg 1 90 89 76 76
0690_0032_0039_0148_0148.jpg 1 32 39 148 148
0691_0055_0035_0123_0123.jpg 1 55 35 123 123
0692_0076_0103_0087_0087.jpg 1 76 103 87 87
0693_0056_0033_0140_0140.jpg 1 56 33 140 140
0694_0023_0049_0030_0030.jpg 1 23 49 30 30
0695_0116_0050_0065_0065.jpg 1 116 50 65 65
0696_0012_0067_0140_0140.jpg 1 12 67 140 140
0697_0044_0123_0047_0047.jpg 1 44 123 47 47
0698_0019_0021_0043_0043.jpg 1 19 21 43 43
0699_0117_0092_0041_0041.jpg 1 117 92 41 41
0700_0056_0036_0129_0129.jpg 1 56 36 129 129
0701_0063_0049_0119_0119.jpg 1 63 49 119 119
0702_0097_0093_0093_0093.jpg 1 97 93 93 93
0703_0021_0022_0096_0096.jpg 1 21 22 96 96
0704_0088_0103_0087_0087.jpg 1 88 103 87 87
0705_0029_0024_0140_0140.jpg 1 29 24 140 140
0706_0153_0129_0025_0025.jpg 1 153 129 25 25
0707_0075_0104_0057_0057.jpg 1 75 104 57 57
0708_0070_0092_0085_0085.jpg 1 70 92 85 85
0709_0009_0019_0151_0151.jpg 1 9 19 151 151
0710_0061_0066_0066_0066.jpg 1 61 66 66 66
0711_0027_0016_0077_0077.jpg 1 27 16 77 77
0712_0026_0031_0155_0155.jpg 1 26 31 155 155
0713_0050_0067_0092_0092.jpg 1 50 67 92 92
0714_0028_0032_0077_0077.jpg 1 28 32 77 77
0715_0020_0021_0129_0129.jpg 1 20 21 129 129
0716_0096_0094_0093_0093.jpg 1 96 94 93 93
0717_0027_0034_0142_0142.jpg 1 27 34 142 142
0718_0014_0039_0120_0120.jpg 1 14 39 120 120
0719_0128_0114_0047_0047.jpg 1 128 114 47 47
0720_0027_0074_0046_0046.jpg 1 27 74 46 46
0721_0104_0099_0091_0091.jpg 1 104 99 91 91
0722_0032_0067_0130_0130.jpg 1 32 67 130 130
0723_0132_0071_0038_0038.jpg 1 132 71 38 38
0724_0016_0074_0107_0107.jpg 1 16 74 107 107
0725_0091_0062_0109_0109.jpg 1 91 62 109 109
0726_0095_0093_0080_0080.jpg 1 95 93 80 80
0727_0061_0026_0072_0072.jpg 1 61 26 72 72
0728_0028_0046_0144_0144.jpg 1 28 46 144 144
0729_0054_0061_0147_0147.jpg 1 54 61 147 147
0730_0096_0017_0098_0098.jpg 1 96 17 98 98
0731_0128_0112_0056_0056.jpg 1 128 112 56 56
0732_0075_0039_0110_0110.jpg 1 75 39 110 110
0733_0052_0018_0126_0126.jpg 1 52 18 126 126
0734_0026_0067_0041_0041.jpg 1 26 67 41 41
0735_0066_0069_0090_0090.jpg 1 66 69 90 90
0736_0034_0008_0154_0154.jpg 1 34 8 154 154
0737_0046_0032_0134_0134.jpg 1 46 32 134 134
0738_0089_0013_0096_0096.jpg 1 89 13 96 96
0739_0028_0023_0153_0153.jpg 1 28 23 153 153
0740_0070_0095_0026_0026.jpg 1 70 95 26 26
0741_0044_0058_0143_0143.jpg 1 44 58 143 143
0742_0036_0077_0029_0029.jpg 1 36 77 29 29
0743_0037_0063_0072_0072.jpg 1 37 63 72 72
0744_0129_0092_0048_0048.jpg 1 129 92 48 48
0745_0038_0018_0115_0115.jpg 1 38 18 115 115
0746_0028_0026_0099_0099.jpg 1 28 26 99 99
0747_0013_0032_0125_0125.jpg 1 13 32 125 125
0748_0095_0107_0064_0064.jpg 1 95 107 64 64
0749_0023_0040_0124_0124.jpg 1 23 40 124 124
0750_0058_0046_0130_0130.jpg 1 58 46 130 130
0751_0050_0083_0095_0095.jpg 1 50 83 95 95
0752_0059_0044_0140_0140.jpg 1 59 44 140 140
0753_0077_0094_0060_0060.jpg 1 77 94 60 60
0754_0072_0108_0070_0070.jpg 1 72 108 70 70
0755_0047_0069_0075_0075.jpg 1 47 69 75 75
0756_0053_0033_0103_0103.jpg 1 53 33 103 103
0757_0083_0011_0118_0118.jpg 1 83 11 118 118
0758_0148_0086_0035_0035.jpg 1 148 86 35 35
0759_0015_0049_0153_0153.jpg 1 15 49 153 153
0760_0030_0064_0087_0087.jpg 1 30 64 87 87
0761_0021_0092_0090_0090.jpg 1 21 92 90 90
0762_0103_0136_0033_0033.jpg 1 103 136 33 33
0763_0115_0108_0071_0071.jpg 1 115 108 71 71
0764_0092_0076_0082_0082.jpg 1 92 76 82 82
0765_0084_0075_0112_0112.jpg 1 84 75 112 112
0766_0045_0011_0133_0133.jpg 1 45 11 133 133
0767_0056_0045_0057_0057.jpg 1 56 45 57 57
0768_0068_0062_0114_0114.jpg 1 68 62 114 114
0769_0020_0116_0064_0064.jpg 1 20 116 64 64
0770_0017_0023_0101_0101.jpg 1 17 23 101 101
0771_0089_0089_0077_0077.jpg 1 89 89 77 77
0772_0051_0016_0148_0148.jpg 1 51 16 148 148
0773_0067_0026_0101_0101.jpg 1 67 26 101 101
0774_0037_0015_0086_0086.jpg 1 37 15 86 86
0775_0137_0152_0028_0028.jpg 1 137 152 28 28
0776_0039_0083_0058_0058.jpg 1 39 83 58 58
0777_0136_0127_0046_0046.jpg 1 136 127 46 46
0778_0011_0023_0152_0152.jpg 1 11 23 152 152
0779_0022_0035_0091_0091.jpg 1 22 35 91 91
0780_0065_0054_0110_0110.jpg 1 65 54 110 110
0781_0030_0088_0080_0080.jpg 1 30 88 80 80
0782_0149_0066_0035_0035.jpg 1 149 66 35 35
0783_0091_0030_0109_0109.jpg 1 91 30 109 109
0784_0103_0019_0091_0091.jpg 1 103 19 91 91
0785_0058_0039_0100_0100.jpg 1 58 39 100 100
0786_0097_0040_0091_0091.jpg 1 97 40 91 91
0787_0066_0016_0074_0074.jpg 1 66 16 74 74
0788_0118_0109_0054_0054.jpg 1 118 109 54 54
0789_0054_0065_0051_0051.jpg 1 54 65 51 51
0790_0029_0027_0147_0147.jpg 1 29 27 147 147
0791_0055_0016_0145_0145.jpg 1 55 16 145 145
0792_0105_0040_0038_0038.jpg 1 105 40 38 38
0793_0019_0026_0141_0141.jpg 1 19 26 141 141
0794_0111_0070_0070_0070.jpg 1 111 70 70 70
0795_0075_0058_0026_0026.jpg 1 75 58 26 26
0796_0087_0017_0092_0092.jpg 1 87 17 92 92
0797_0038_0063_0131_0131.jpg 1 38 63 131 131
0798_0139_0083_0044_0044.jpg 1 139 83 44 44
0799_0050_0015_0073_0073.jpg 1 50 15 73 73
0800_0024_0052_0098_0098.jpg 1 24 52 98 98
0801_0055_0060_0148_0148.jpg 1 55 60 148 148
0802_0100_0034_0078_0078.jpg 1 100 34 78 78
0803_0019_0096_0041_0041.jpg 1 19 96 41 41
0804_0011_0045_0150_0150.jpg 1 11 45 150 150
0805_0022_0062_0117_0117.jpg 1 22 62 117 117
0806_0086_0028_0088_0088.jpg 1 86 28 88 88
0807_0087_0061_0103_0103.jpg 1 87 61 103 103
0808_0033_0050_0102_0102.jpg 1 33 50 102 102
0809_0052_0050_0113_0113.jpg 1 52 50 113 113
0810_0125_0053_0037_0037.jpg 1 125 53 37 37
0811_0124_0146_0024_0024.jpg 1 124 146 24 24
0812_0116_0135_0040_0040.jpg 1 116 135 40 40
0813_0063_0119_0027_0027.jpg 1 63 119 27 27
0814_0068_0023_0101_0101.jpg 1 68 23 101 101
0815_0065_0055_0142_0142.jpg 1 65 55 142 142
0816_0053_0031_0049_0049.jpg 1 53 31 49 49
0817_0090_0094_0090_0090.jpg 1 90 94 90 90
0818_0067_0082_0038_0038.jpg 1 67 82 38 38
0819_0111_0079_0081_0081.jpg 1 111 79 81 81
0820_0011_0049_0123_0123.jpg 1 11 49 123 123
0821_0074_0028_0122_0122.jpg 1 74 28 122 122
0822_0016_0029_0099_0099.jpg 1 16 29 99 99
0823_0021_0062_0046_0046.jpg 1 21 62 46 46
0824_0135_0050_0051_0051.jpg 1 135 50 51 51
0825_0069_0026_0087_0087.jpg 1 69 26 87 87
0826_0120_0048_0063_0063.jpg 1 120 48 63 63
0827_0037_0046_0124_0124.jpg 1 37 46 124 124
0828_0021_0066_0133_0133.jpg 1 21 66 133 133
0829_0115_0100_0045_0045.jpg 1 115 100 45 45
0830_0035_0040_0098_0098.jpg 1 35 40 98 98
0831_0097_0102_0029_0029.jpg 1 97 102 29 29
0832_0022_0032_0092_0092.jpg 1 22 32 92 92
0833_0108_0039_0071_0071.jpg 1 108 39 71 71
0834_0089_0020_0105_0105.jpg 1 89 20 105 105
0835_0105_0029_0068_0068.jpg 1 105 29 68 68
0836_0129_0054_0055_0055.jpg 1 129 54 55 55
0837_0079_0065_0117_0117.jpg 1 79 65 117 117
0838_0151_0114_0030_0030.jpg 1 151 114 30 30
0839_0025_0019_0048_0048.jpg 1 25 19 48 48
0840_0018_0064_0071_0071.jpg 1 18 64 71 71
0841_0012_0015_0118_0118.jpg 1 12 15 118 118
0842_0034_0058_0137_0137.jpg 1 34 58 137 137
0843_0091_0083_0026_0026.jpg 1 91 83 26 26
0844_0062_0042_0107_0107.jpg 1 62 42 107 107
0845_0093_0038_0039_0039.jpg 1 93 38 39 39
0846_0053_0024_0075_0075.jpg 1 53 24 75 75
0847_0058_0041_0073_0073.jpg 1 58 41 73 73
0848_0029_0108_0053_0053.jpg 1 29 108 53 53
0849_0075_0075_0043_0043.jpg 1 75 75 43 43
0850_0054_0056_0128_0128.jpg 1 54 56 128 128
0851_0091_0047_0058_0058.jpg 1 91 47 58 58
0852_0014_0088_0094_0094.jpg 1 14 88 94 94
0853_0059_0074_0115_0115.jpg 1 59 74 115 115
0854_0111_0045_0079_0079.jpg 1 111 45 79 79
0855_0053_0080_0097_0097.jpg 1 53 80 97 97
0856_0041_0062_0061_0061.jpg 1 41 62 61 61
0857_0046_0046_0125_0125.jpg 1 46 46 125 125
0858_0054_0035_0103_0103.jpg 1 54 35 103 103
0859_0078_0045_0024_0024.jpg 1 78 45 24 24
0860_0057_0023_0026_0026.jpg 1 57 23 26 26
0861_0013_0103_0089_0089.jpg 1 13 103 89 89
0862_0012_0027_0152_0152.jpg 1 12 27 152 152
0863_0131_0041_0024_0024.jpg 1 131 41 24 24
0864_0071_0015_0109_0109.jpg 1 71 15 109 109
0865_0042_0108_0051_0051.jpg 1 42 108 51 51
0866_0134_0097_0024_0024.jpg 1 134 97 24 24
0867_0077_0042_0074_0074.jpg 1 77 42 74 74
0868_0031_0032_0133_0133.jpg 1 31 32 133 133
0869_0042_0032_0149_0149.jpg 1 42 32 149 149
0870_0037_0036_0131_0131.jpg 1 37 36 131 131
0871_0120_0090_0045_0045.jpg 1 120 90 45 45
0872_0071_0059_0127_0127.jpg 1 71 59 127 127
0873_0025_0032_0145_0145.jpg 1 25 32 145 145
0874_0056_0041_0080_0080.jpg 1 56 41 80 80
0875_0097_0062_0076_0076.jpg 1 97 62 76 76
0876_0041_0023_0145_0145.jpg 1 41 23 145 145
0877_0083_0075_0092_0092.jpg 1 83 75 92 92
0878_0107_0028_0087_0087.jpg 1 107 28 87 87
0879_0112_0075_0044_0044.jpg 1 112 75 44 44
0880_0100_0037_0040_0040.jpg 1 100 37 40 40
0881_0065_0064_0131_0131.jpg 1 65 64 131 131
0882_0028_0016_0065_0065.jpg 1 28 16 65 65
0883_0089_0032_0106_0106.jpg 1 89 32 106 106
0884_0113_0119_0025_0025.jpg 1 113 119 25 25
0885_0011_0076_0122_0122.jpg 1 11 76 122 122
0886_0046_0064_0132_0132.jpg 1 46 64 132 132
0887_0033_0013_0134_0134.jpg 1 33 13 134 134
0888_0141_0040_0035_0035.jpg 1 141 40 35 35
0889_0037_0045_0138_0138.jpg 1 37 45 138 138
0890_0027_0091_0057_0057.jpg 1 27 91 57 57
0891_0020_0049_0137_0137.jpg 1 20 49 137 137
0892_0070_0056_0073_0073.jpg 1 70 56 73 73
0893_0034_0029_0153_0153.jpg 1 34 29 153 153
0894_0104_0063_0035_0035.jpg 1 104 63 35 35
0895_0029_0153_0028_0028.jpg 1 29 153 28 28
0896_0083_0066_0033_0033.jpg 1 83 66 33 33
0897_0030_0063_0120_0120.jpg 1 30 63 120 120
0898_0083_0032_0049_0049.jpg 1 83 32 49 49
0899_0076_0032_0074_0074.jpg 1 76 32 74 74
0900_0092_0025_0095_0095.jpg 1 92 25 95 95
0901_0031_0051_0118_0118.jpg 1 31 51 118 118
0902_0020_0096_0086_0086.jpg 1 20 96 86 86
0903_0089_0029_0078_0078.jpg 1 89 29 78 78
0904_0098_0097_0027_0027.jpg 1 98 97 27 27
0905_0039_0099_0067_0067.jpg 1 39 99 67 67
0906_0064_0033_0048_0048.jpg 1 64 33 48 48
0907_0008_0030_0150_0150.jpg 1 8 30 150 150
0908_0097_0066_0092_0092.jpg 1 97 66 92 92
0909_0086_0023_0094_0094.jpg 1 86 23 94 94
0910_0069_0082_0119_0119.jpg 1 69 82 119 119
0911_0121_0102_0053_0053.jpg 1 121 102 53 53
0912_0037_0025_0060_0060.jpg 1 37 25 60 60
0913_0031_0034_0024_0024.jpg 1 31 34 24 24
0914_0024_0049_0146_0146.jpg 1 24 49 146 146
0915_0069_0018_0100_0100.jpg 1 69 18 100 100
0916_0054_0057_0150_0150.jpg 1 54 57 150 150
0917_0060_0033_0146_0146.jpg 1 60 33 146 146
0918_0039_0096_0088_0088.jpg 1 39 96 88 88
0919_0037_0044_0125_0125.jpg 1 37 44 125 125
0920_0036_0118_0070_0070.jpg 1 36 118 70 70
0921_0043_0065_0127_0127.jpg 1 43 65 127 127
0922_0013_0035_0134_0134.jpg 1 13 35 134 134
0923_0051_0013_0126_0126.jpg 1 51 13 126 126
0924_0017_0077_0111_0111.jpg 1 17 77 111 111
0925_0050_0066_0133_0133.jpg 1 50 66 133 133
0926_0033_0012_0126_0126.jpg 1 33 12 126 126
0927_0047_0127_0046_0046.jpg 1 47 127 46 46
0928_0114_0080_0066_0066.jpg 1 114 80 66 66
0929_0088_0100_0045_0045.jpg 1 88 100 45 45
0930_0054_0024_0150_0150.jpg 1 54 24 150 150
0931_0027_0038_0142_0142.jpg 1 27 38 142 142
0932_0069_0110_0030_0030.jpg 1 69 110 30 30
0933_0093_0044_0060_0060.jpg 1 93 44 60 60
0934_0027_0109_0027_0027.jpg 1 27 109 27 27
0935_0029_0021_0122_0122.jpg 1 29 21 122 122
0936_0016_0041_0121_0121.jpg 1 16 41 121 121
0937_0042_0118_0070_0070.jpg 1 42 118 70 70
0938_0077_0087_0115_0115.jpg 1 77 87 115 115
0939_0070_0088_0106_0106.jpg 1 70 88 106 106
0940_0085_0070_0103_0103.jpg 1 85 70 103 103
0941_0077_0135_0054_0054.jpg 1 77 135 54 54
0942_0012_0024_0128_0128.jpg 1 12 24 128 128
0943_0014_0020_0132_0132.jpg 1 14 20 132 132
0944_0123_0066_0038_0038.jpg 1 123 66 38 38
0945_0048_0074_0028_0028.jpg 1 48 74 28 28
0946_0025_0020_0026_0026.jpg 1 25 20 26 26
0947_0096_0127_0046_0046.jpg 1 96 127 46 46
0948_0045_0051_0155_0155.jpg 1 45 51 155 155
0949_0038_0041_0047_0047.jpg 1 38 41 47 47
0950_0014_0059_0128_0128.jpg 1 14 59 128 128
0951_0125_0114_0048_0048.jpg 1 125 114 48 48
0952_0107_0114_0048_0048.jpg 1 107 114 48 48
0953_0101_0076_0080_0080.jpg 1 101 76 80 80
0954_0095_0018_0057_0057.jpg 1 95 18 57 57
0955_0075_0047_0113_0113.jpg 1 75 47 113 113
0956_0022_0067_0109_0109.jpg 1 22 67 109 109
0957_0082_0034_0087_0087.jpg 1 82 34 87 87
0958_0094_0137_0050_0050.jpg 1 94 137 50 50
0959_0029_0066_0066_0066.jpg 1 29 66 66 66
0960_0028_0075_0125_0125.jpg 1 28 75 125 125
0961_0063_0035_0143_0143.jpg 1 63 35 143 143
0962_0064_0040_0136_0136.jpg 1 64 40 136 136
0963_0109_0096_0076_0076.jpg 1 109 96 76 76
0964_0039_0010_0155_0155.jpg 1 39 10 155 155
0965_0027_0078_0078_0078.jpg 1 27 78 78 78
0966_0080_0021_0122_0122.jpg 1 80 21 122 122
0967_0039_0084_0066_0066.jpg 1 39 84 66 66
0968_0036_0059_0111_0111.jpg 1 36 59 111 111
0969_0054_0024_0124_0124.jpg 1 54 24 124 124
0970_0061_0098_0032_0032.jpg 1 61 98 32 32
0971_0080_0041_0038_0038.jpg 1 80 41 38 38
0972_0111_0036_0045_0045.jpg 1 111 36 45 45
0973_0011_0017_0155_0155.jpg 1 11 17 155 155
0974_0120_0137_0032_0032.jpg 1 120 137 32 32
0975_0034_0071_0079_0079.jpg 1 34 71 79 79
0976_0082_0066_0072_0072.jpg 1 82 66 72 72
0977_0029_0043_0096_0096.jpg 1 29 43 96 96
0978_0118_0123_0050_0050.jpg 1 118 123 50 50
0979_0092_0074_0038_0038.jpg 1 92 74 38 38
0980_0082_0031_0052_0052.jpg 1 82 31 52 52
0981_0045_0037_0095_0095.jpg 1 45 37 95 95
0982_0059_0087_0025_0025.jpg 1 59 87 25 25
0983_0050_0051_0145_0145.jpg 1 50 51 145 145
0984_0034_0042_0121_0121.jpg 1 34 42 121 121
0985_0069_0018_0124_0124.jpg 1 69 18 124 124
0986_0056_0045_0134_0134.jpg 1 56 45 134 134
0987_0063_0093_0085_0085.jpg 1 63 93 85 85
0988_0082_0036_0072_0072.jpg 1 82 36 72 72
0989_0049_0065_0126_0126.jpg 1 49 65 126 126
0990_0073_0070_0115_0115.jpg 1 73 70 115 115
0991_0075_0086_0082_0082.jpg 1 75 86 82 82
0992_0016_0023_0149_0149.jpg 1 16 23 149 149
0993_0026_0067_0024_0024.jpg 1 26 67 24 24
0994_0023_0014_0148_0148.jpg 1 23 14 148 148
0995_0066_0121_0036_0036.jpg 1 66 121 36 36
0996_0121_0044_0030_0030.jpg 1 121 44 30 30
0997_0046_0106_0064_0064.jpg 1 46 106 64 64
0998_0131_0127_0030_0030.jpg 1 131 127 30 30
0999_0113_0115_0065_0065.jpg 1 113 115 65 65
1000_0068_0048_0128_0128.jpg 1 68 48 128 128
1001_0113_0068_0058_0058.jpg 1 113 68 58 58
1002_0034_0114_0035_0035.jpg 1 34 114 35 35
1003_0049_0069_0114_0114.jpg 1 49 69 114 114
1004_0039_0026_0142_0142.jpg 1 39 26 142 142
1005_0082_0101_0057_0057.jpg 1 82 101 57 57
1006_0014_0035_0138_0138.jpg 1 14 35 138 138
1007_0068_0025_0132_0132.jpg 1 68 25 132 132
1008_0090_0083_0070_0070.jpg 1 90 83 70 70
1009_0031_0025_0038_0038.jpg 1 31 25 38 38
1010_0034_0089_0080_0080.jpg 1 34 89 80 80
1011_0038_0024_0141_0141.jpg 1 38 24 141 141
1012_0029_0035_0151_0151.jpg 1 29 35 151 151
1013_0057_0065_0140_0140.jpg 1 57 65 140 140
1014_0075_0112_0064_0064.jpg 1 75 112 64 64
1015_0011_0052_0114_0114.jpg 1 11 52 114 114
1016_0034_0055_0136_0136.jpg 1 34 55 136 136
1017_0083_0051_0086_0086.jpg 1 83 51 86 86
1018_0066_0076_0101_0101.jpg 1 66 76 101 101
1019_0016_0014_0124_0124.jpg 1 16 14 124 124
1020_0020_0105_0088_0088.jpg 1 20 105 88 88
1021_0111_0093_0038_0038.jpg 1 111 93 38 38
1022_0038_0087_0109_0109.jpg 1 38 87 109 109
1023_0040_0096_0046_0046.jpg 1 40 96 46 46
1024_0025_0042_0066_0066.jpg 1 25 42 66 66
1025_0058_0028_0037_0037.jpg 1 58 28 37 37
1026_0091_0096_0081_0081.jpg 1 91 96 81 81
1027_0057_0014_0120_0120.jpg 1 57 14 120 120
1028_0056_0093_0106_0106.jpg 1 56 93 106 106
1029_0084_0060_0043_0043.jpg 1 84 60 43 43
1030_0111_0108_0029_0029.jpg 1 111 108 29 29
1031_0067_0038_0137_0137.jpg 1 67 38 137 137
1032_0145_0155_0024_0024.jpg 1 145 155 24 24
1033_0101_0077_0082_0082.jpg 1 101 77 82 82
1034_0030_0009_0156_0156.jpg 1 30 9 156 156
1035_0038_0080_0095_0095.jpg 1 38 80 95 95
1036_0012_0025_0120_0120.jpg 1 12 25 120 120
1037_0079_0061_0072_0072.jpg 1 79 61 72 72
1038_0086_0110_0055_0055.jpg 1 86 110 55 55
1039_0063_0027_0134_0134.jpg 1 63 27 134 134
1040_0064_0030_0143_0143.jpg 1 64 30 143 143
1041_0058_0069_0090_0090.jpg 1 58 69 90 90
1042_0071_0098_0093_0093.jpg 1 71 98 93 93
1043_0071_0020_0044_0044.jpg 1 71 20 44 44
1044_0117_0019_0039_0039.jpg 1 117 19 39 39
1045_0077_0076_0096_0096.jpg 1 77 76 96 96
1046_0029_0023_0156_0156.jpg 1 29 23 156 156
1047_0018_0072_0053_0053.jpg 1 18 72 53 53
1048_0122_0055_0043_0043.jpg 1 122 55 43 43
1049_0037_0021_0075_0075.jpg 1 37 21 75 75
1050_0023_0061_0122_0122.jpg 1 23 61 122 122
1051_0134_0055_0034_0034.jpg 1 134 55 34 34
1052_0027_0055_0079_0079.jpg 1 27 55 79 79
1053_0030_0012_0142_0142.jpg 1 30 12 142 142
1054_0044_0018_0109_0109.jpg 1 44 18 109 109
1055_0021_0016_0122_0122.jpg 1 21 16 122 122
1056_0059_0052_0066_0066.jpg 1 59 52 66 66
1057_0023_0022_0113_0113.jpg 1 23 22 113 113
1058_0103_0091_0088_0088.jpg 1 103 91 88 88
1059_0127_0037_0047_0047.jpg 1 127 37 47 47
1060_0048_0087_0092_0092.jpg 1 48 87 92 92
1061_0019_0053_0148_0148.jpg 1 19 53 148 148
1062_0083_0021_0078_0078.jpg 1 83 21 78 78
1063_0063_0114_0042_0042.jpg 1 63 114 42 42
1064_0130_0119_0050_0050.jpg 1 130 119 50 50
1065_0048_0101_0076_0076.jpg 1 48 101 76 76
1066_0089_0013_0090_0090.jpg 1 89 13 90 90
1067_0096_0109_0056_0056.jpg 1 96 109 56 56
1068_0062_0025_0124_0124.jpg 1 62 25 124 124
1069_0066_0020_0074_0074.jpg 1 66 20 74 74
1070_0013_0073_0126_0126.jpg 1 13 73 126 126
1071_0060_0071_0129_0129.jpg 1 60 71 129 129
1072_0016_0029_0146_0146.jpg 1 16 29 146 146
1073_0051_0009_0153_0153.jpg 1 51 9 153 153
1074_0021_0010_0147_0147.jpg 1 21 10 147 147
1075_0021_0063_0136_0136.jpg 1 21 63 136 136
1076_0083_0102_0067_0067.jpg 1 83 102 67 67
1077_0105_0154_0024_0024.jpg 1 105 154 24 24
1078_0041_0043_0032_0032.jpg 1 41 43 32 32
1079_0029_0107_0088_0088.jpg 1 29 107 88 88
1080_0057_0016_0135_0135.jpg 1 57 16 135 135
1081_0044_0025_0141_0141.jpg 1 44 25 141 141
1082_0095_0083_0098_0098.jpg 1 95 83 98 98
1083_0053_0057_0118_0118.jpg 1 53 57 118 118
1084_0045_0065_0098_0098.jpg 1 45 65 98 98
1085_0080_0128_0053_0053.jpg 1 80 128 53 53
1086_0029_0082_0100_0100.jpg 1 29 82 100 100
1087_0016_0028_0115_0115.jpg 1 16 28 115 115
1088_0121_0104_0052_0052.jpg 1 121 104 52 52
1089_0037_0052_0143_0143.jpg 1 37 52 143 143
1090_0064_0015_0135_0135.jpg 1 64 15 135 135
1091_0027_0059_0107_0107.jpg 1 27 59 107 107
1092_0043_0037_0093_0093.jpg 1 43 37 93 93
1093_0037_0021_0143_0143.jpg 1 37 21 143 143
1094_0065_0043_0126_0126.jpg 1 65 43 126 126
1095_0150_0020_0024_0024.jpg 1 150 20 24 24
1096_0023_0088_0112_0112.jpg 1 23 88 112 112
1097_0087_0023_0062_0062.jpg 1 87 23 62 62
1098_0042_0019_0102_0102.jpg 1 42 19 102 102
1099_0040_0042_0109_0109.jpg 1 40 42 109 109
1100_0069_0050_0124_0124.jpg 1 69 50 124 124
1101_0029_0098_0101_0101.jpg 1 29 98 101 101
1102_0079_0119_0062_0062.jpg 1 79 119 62 62
1103_0062_0063_0080_0080.jpg 1 62 63 80 80
1104_0027_0070_0134_0134.jpg 1 27 70 134 134
1105_0057_0082_0097_0097.jpg 1 57 82 97 97
1106_0064_0032_0083_0083.jpg 1 64 32 83 83
1107_0008_0007_0151_0151.jpg 1 8 7 151 151
1108_0023_0054_0132_0132.jpg 1 23 54 132 132
1109_0039_0117_0071_0071.jpg 1 39 117 71 71
1110_0047_0013_0132_0132.jpg 1 47 13 132 132
1111_0018_0029_0103_0103.jpg 1 18 29 103 103
1112_0032_0072_0048_0048.jpg 1 32 72 48 48
1113_0063_0066_0107_0107.jpg 1 63 66 107 107
1114_0077_0107_0082_0082.jpg 1 77 107 82 82
1115_0076_0131_0044_0044.jpg 1 76 131 44 44
1116_0022_0012_0122_0122.jpg 1 22 12 122 122
1117_0033_0013_0096_0096.jpg 1 33 13 96 96
1118_0014_0085_0098_0098.jpg 1 14 85 98 98
1119_0052_0090_0042_0042.jpg 1 52 90 42 42
1120_0114_0053_0033_0033.jpg 1 114 53 33 33
1121_0045_0113_0027_0027.jpg 1 45 113 27 27
1122_0138_0063_0043_0043.jpg 1 138 63 43 43
1123_0080_0044_0074_0074.jpg 1 80 44 74 74
1124_0066_0066_0132_0132.jpg 1 66 66 132 132
1125_0072_0019_0126_0126.jpg 1 72 19 126 126
1126_0044_0018_0150_0150.jpg 1 44 18 150 150
1127_0037_0014_0146_0146.jpg 1 37 14 146 146
1128_0058_0054_0131_0131.jpg 1 58 54 131 131
1129_0101_0112_0080_0080.jpg 1 101 112 80 80
1130_0048_0087_0046_0046.jpg 1 48 87 46 46
1131_0060_0088_0090_0090.jpg 1 60 88 90 90
1132_0055_0048_0151_0151.jpg 1 55 48 151 151
1133_0061_0040_0142_0142.jpg 1 61 40 142 142
1134_0075_0111_0057_0057.jpg 1 75 111 57 57
1135_0133_0125_0036_0036.jpg 1 133 125 36 36
1136_0029_0025_0095_0095.jpg 1 29 25 95 95
1137_0078_0101_0086_0086.jpg 1 78 101 86 86
1138_0072_0077_0119_0119.jpg 1 72 77 119 119
1139_0046_0064_0124_0124.jpg 1 46 64 124 124
1140_0038_0059_0139_0139.jpg 1 38 59 139 139
1141_0020_0028_0153_0153.jpg 1 20 28 153 153
1142_0069_0134_0033_0033.jpg 1 69 134 33 33
1143_0141_0070_0042_0042.jpg 1 141 70 42 42
1144_0047_0051_0121_0121.jpg 1 47 51 121 121
1145_0070_0106_0083_0083.jpg 1 70 106 83 83
1146_0049_0073_0087_0087.jpg 1 49 73 87 87
1147_0014_0008_0153_0153.jpg 1 14 8 153 153
1148_0034_0070_0118_0118.jpg 1 34 70 118 118
1149_0081_0046_0102_0102.jpg 1 81 46 102 102
1150_0079_0032_0052_0052.jpg 1 79 32 52 52
1151_0032_0053_0151_0151.jpg 1 32 53 151 151
1152_0033_0121_0055_0055.jpg 1 33 121 55 55
1153_0041_0035_0083_0083.jpg 1 41 35 83 83
1154_0060_0058_0060_0060.jpg 1 60 58 60 60
1155_0096_0130_0040_0040.jpg 1 96 130 40 40
1156_0037_0024_0108_0108.jpg 1 37 24 108 108
1157_0060_0087_0097_0097.jpg 1 60 87 97 97
1158_0048_0116_0060_0060.jpg 1 48 116 60 60
1159_0036_0013_0149_0149.jpg 1 36 13 149 149
1160_0072_0019_0133_0133.jpg 1 72 19 133 133
1161_0088_0040_0026_0026.jpg 1 88 40 26 26
1162_0023_0028_0129_0129.jpg 1 23 28 129 129
1163_0068_0020_0032_0032.jpg 1 68 20 32 32
1164_0049_0017_0075_0075.jpg 1 49 17 75 75
1165_0073_0071_0080_0080.jpg 1 73 71 80 80
1166_0022_0040_0084_0084.jpg 1 22 40 84 84
1167_0037_0122_0050_0050.jpg 1 37 122 50 50
1168_0025_0022_0089_0089.jpg 1 25 22 89 89
1169_0116_0050_0076_0076.jpg 1 116 50 76 76
1170_0089_0095_0035_0035.jpg 1 89 95 35 35
1171_0076_0017_0092_0092.jpg 1 76 17 92 92
1172_0144_0040_0037_0037.jpg 1 144 40 37 37
1173_0013_0033_0149_0149.jpg 1 13 33 149 149
1174_0044_0036_0057_0057.jpg 1 44 36 57 57
1175_0075_0074_0038_0038.jpg 1 75 74 38 38
1176_0055_0022_0123_0123.jpg 1 55 22 123 123
1177_0014_0050_0132_0132.jpg 1 14 50 132 132
1178_0029_0035_0118_0118.jpg 1 29 35 118 118
1179_0023_0015_0110_0110.jpg 1 23 15 110 110
1180_0064_0065_0119_0119.jpg 1 64 65 119 119
1181_0117_0022_0040_0040.jpg 1 117 22 40 40
1182_0032_0017_0156_0156.jpg 1 32 17 156 156
1183_0063_0051_0142_0142.jpg 1 63 51 142 142
1184_0074_0058_0129_0129.jpg 1 74 58 129 129
1185_0015_0069_0134_0134.jpg 1 15 69 134 134
1186_0090_0104_0063_0063.jpg 1 90 104 63 63
1187_0138_0117_0039_0039.jpg 1 138 117 39 39
1188_0013_0062_0104_0104.jpg 1 13 62 104 104
1189_0031_0013_0135_0135.jpg 1 31 13 135 135
1190_0038_0034_0148_0148.jpg 1 38 34 148 148
1191_0061_0038_0135_0135.jpg 1 61 38 135 135
1192_0093_0110_0056_0056.jpg 1 93 110 56 56
1193_0047_0056_0052_0052.jpg 1 47 56 52 52
1194_0061_0037_0106_0106.jpg 1 61 37 106 106
1195_0020_0016_0150_0150.jpg 1 20 16 150 150
1196_0057_0089_0096_0096.jpg 1 57 89 96 96
1197_0026_0064_0125_0125.jpg 1 26 64 125 125
1198_0058_0069_0123_0123.jpg 1 58 69 123 123
1199_0072_0070_0114_0114.jpg 1 72 70 114 114
1200_0088_0080_0072_0072.jpg 1 88 80 72 72
1201_0072_0066_0093_0093.jpg 1 72 66 93 93
1202_0049_0129_0036_0036.jpg 1 49 129 36 36
1203_0016_0049_0130_0130.jpg 1 16 49 130 130
1204_0038_0073_0088_0088.jpg 1 38 73 88 88
1205_0049_0028_0069_0069.jpg 1 49 28 69 69
1206_0030_0068_0098_0098.jpg 1 30 68 98 98
1207_0017_0100_0066_0066.jpg 1 17 100 66 66
1208_0124_0045_0038_0038.jpg 1 124 45 38 38
1209_0065_0028_0114_0114.jpg 1 65 28 114 114
1210_0093_0112_0063_0063.jpg 1 93 112 63 63
1211_0052_0045_0109_0109.jpg 1 52 45 109 109
1212_0071_0066_0125_0125.jpg 1 71 66 125 125
1213_0047_0041_0142_0142.jpg 1 47 41 142 142
1214_0032_0043_0115_0115.jpg 1 32 43 115 115
1215_0017_0016_0147_0147.jpg 1 17 16 147 147
1216_0020_0012_0148_0148.jpg 1 20 12 148 148
1217_0109_0034_0083_0083.jpg 1 109 34 83 83
1218_0026_0087_0059_0059.jpg 1 26 87 59 59
1219_0043_0020_0117_0117.jpg 1 43 20 117 117
1220_0048_0114_0029_0029.jpg 1 48 114 29 29
1221_0121_0115_0027_0027.jpg 1 121 115 27 27
1222_0123_0142_0045_0045.jpg 1 123 142 45 45
1223_0032_0015_0118_0118.jpg 1 32 15 118 118
1224_0030_0141_0027_0027.jpg 1 30 141 27 27
1225_0040_0032_0035_0035.jpg 1 40 32 35 35
1226_0054_0029_0153_0153.jpg 1 54 29 153 153
1227_0053_0081_0027_0027.jpg 1 53 81 27 27
1228_0036_0045_0138_0138.jpg 1 36 45 138 138
1229_0052_0078_0083_0083.jpg 1 52 78 83 83
1230_0069_0063_0124_0124.jpg 1 69 63 124 124
1231_0059_0067_0044_0044.jpg 1 59 67 44 44
1232_0081_0019_0035_0035.jpg 1 81 19 35 35
1233_0068_0040_0055_0055.jpg 1 68 40 55 55
1234_0057_0094_0078_0078.jpg 1 57 94 78 78
1235_0082_0083_0102_0102.jpg 1 82 83 102 102
1236_0057_0039_0136_0136.jpg 1 57 39 136 136
1237_0059_0050_0118_0118.jpg 1 59 50 118 118
1238_0048_0075_0088_0088.jpg 1 48 75 88 88
1239_0033_0061_0109_0109.jpg 1 33 61 109 109
1240_0054_0031_0132_0132.jpg 1 54 31 132 132
1241_0041_0101_0059_0059.jpg 1 41 101 59 59
1242_0055_0025_0132_0132.jpg 1 55 25 132 132
1243_0052_0048_0151_0151.jpg 1 52 48 151 151
1244_0031_0053_0080_0080.jpg 1 31 53 80 80
1245_0061_0070_0095_0095.jpg 1 61 70 95 95
1246_0042_0034_0133_0133.jpg 1 42 34 133 133
1247_0035_0044_0128_0128.jpg 1 35 44 128 128
1248_0053_0055_0137_0137.jpg 1 53 55 137 137
1249_0034_0065_0081_0081.jpg 1 34 65 81 81
1250_0096_0055_0101_0101.jpg 1 96 55 101 101
1251_0078_0051_0082_0082.jpg 1 78 51 82 82
1252_0076_0038_0086_0086.jpg 1 76 38 86 86
1253_0088_0132_0047_0047.jpg 1 88 132 47 47
1254_0087_0045_0033_0033.jpg 1 87 45 33 33
1255_0019_0051_0119_0119.jpg 1 19 51 119 119
1256_0113_0063_0047_0047.jpg 1 113 63 47 47
1257_0015_0045_0073_0073.jpg 1 15 45 73 73
1258_0052_0050_0064_0064.jpg 1 52 50 64 64
1259_0033_0072_0068_0068.jpg 1 33 72 68 68
1260_0042_0101_0082_0082.jpg 1 42 101 82 82
1261_0071_0037_0062_0062.jpg 1 71 37 62 62
1262_0111_0093_0043_0043.jpg 1 111 93 43 43
1263_0114_0018_0072_0072.jpg 1 114 18 72 72
1264_0031_0050_0119_0119.jpg 1 31 50 119 119
1265_0070_0120_0031_0031.jpg 1 70 120 31 31
1266_0098_0027_0035_0035.jpg 1 98 27 35 35
1267_0105_0133_0049_0049.jpg 1 105 133 49 49
1268_0077_0062_0096_0096.jpg 1 77 62 96 96
1269_0101_0089_0080_0080.jpg 1 101 89 80 80
1270_0021_0056_0123_0123.jpg 1 21 56 123 123
1271_0008_0046_0141_0141.jpg 1 8 46 141 141
1272_0049_0022_0101_0101.jpg 1 49 22 101 101
1273_0035_0121_0053_0053.jpg 1 35 121 53 53
1274_0057_0078_0089_0089.jpg 1 57 78 89 89
1275_0048_0053_0117_0117.jpg 1 48 53 117 117
1276_0044_0025_0115_0115.jpg 1 44 25 115 115
1277_0100_0125_0047_0047.jpg 1 100 125 47 47
1278_0055_0050_0142_0142.jpg 1 55 50 142 142
1279_0081_0045_0117_0117.jpg 1 81 45 117 117
1280_0021_0024_0129_0129.jpg 1 21 24 129 129
1281_0061_0105_0032_0032.jpg 1 61 105 32 32
1282_0052_0073_0102_0102.jpg 1 52 73 102 102
1283_0076_0067_0105_0105.jpg 1 76 67 105 105
1284_0069_0106_0064_0064.jpg 1 69 106 64 64
1285_0062_0061_0110_0110.jpg 1 62 61 110 110
1286_0046_0040_0110_0110.jpg 1 46 40 110 110
1287_0107_0074_0087_0087.jpg 1 107 74 87 87
1288_0033_0022_0089_0089.jpg 1 33 22 89 89
1289_0019_0115_0044_0044.jpg 1 19 115 44 44
1290_0065_0088_0029_0029.jpg 1 65 88 29 29
1291_0096_0015_0065_0065.jpg 1 96 15 65 65
1292_0029_0076_0092_0092.jpg 1 29 76 92 92
1293_0082_0036_0120_0120.jpg 1 82 36 120 120
1294_0061_0026_0137_0137.jpg 1 61 26 137 137
1295_0035_0061_0126_0126.jpg 1 35 61 126 126
1296_0016_0028_0121_0121.jpg 1 16 28 121 121
1297_0076_0066_0108_0108.jpg 1 76 66 108 108
1298_0044_0074_0100_0100.jpg 1 44 74 100 100
1299_0062_0076_0105_0105.jpg 1 62 76 105 105
1300_0151_0025_0026_0026.jpg 1 151 25 26 26
1301_0072_0033_0075_0075.jpg 1 72 33 75 75
1302_0111_0022_0044_0044.jpg 1 111 22 44 44
1303_0028_0045_0116_0116.jpg 1 28 45 116 116
1304_0074_0083_0084_0084.jpg 1 74 83 84 84
1305_0064_0115_0079_0079.jpg 1 64 115 79 79
1306_0059_0059_0085_0085.jpg 1 59 59 85 85
1307_0027_0044_0143_0143.jpg 1 27 44 143 143
1308_0110_0033_0066_0066.jpg 1 110 33 66 66
1309_0053_0044_0148_0148.jpg 1 53 44 148 148
1310_0020_0048_0150_0150.jpg 1 20 48 150 150
1311_0048_0105_0045_0045.jpg 1 48 105 45 45
1312_0114_0120_0033_0033.jpg 1 114 120 33 33
1313_0090_0015_0078_0078.jpg 1 90 15 78 78
1314_0028_0038_0123_0123.jpg 1 28 38 123 123
1315_0054_0077_0124_0124.jpg 1 54 77 124 124
1316_0020_0021_0062_0062.jpg 1 20 21 62 62
1317_0028_0156_0024_0024.jpg 1 28 156 24 24
1318_0103_0037_0089_0089.jpg 1 103 37 89 89
1319_0079_0015_0088_0088.jpg 1 79 15 88 88
1320_0068_0030_0111_0111.jpg 1 68 30 111 111
1321_0042_0055_0142_0142.jpg 1 42 55 142 142
1322_0060_0045_0129_0129.jpg 1 60 45 129 129
1323_0037_0022_0139_0139.jpg 1 37 22 139 139
1324_0028_0010_0153_0153.jpg 1 28 10 153 153
1325_0060_0113_0078_0078.jpg 1 60 113 78 78
1326_0138_0090_0042_0042.jpg 1 138 90 42 42
1327_0010_0069_0125_0125.jpg 1 10 69 125 125
1328_0016_0117_0065_0065.jpg 1 16 117 65 65
1329_0100_0035_0066_0066.jpg 1 100 35 66 66
1330_0077_0104_0091_0091.jpg 1 77 104 91 91
1331_0029_0046_0094_0094.jpg 1 29 46 94 94
1332_0038_0030_0100_0100.jpg 1 38 30 100 100
1333_0022_0117_0042_0042.jpg 1 22 117 42 42
1334_0022_0081_0067_0067.jpg 1 22 81 67 67
1335_0040_0027_0088_0088.jpg 1 40 27 88 88
1336_0050_0022_0100_0100.jpg 1 50 22 100 100
1337_0070_0073_0053_0053.jpg 1 70 73 53 53
1338_0061_0046_0133_0133.jpg 1 61 46 133 133
1339_0045_0036_0064_0064.jpg 1 45 36 64 64
1340_0097_0046_0056_0056.jpg 1 97 46 56 56
1341_0046_0105_0084_0084.jpg 1 46 105 84 84
1342_0110_0045_0060_0060.jpg 1 110 45 60 60
1343_0051_0088_0064_0064.jpg 1 51 88 64 64
1344_0017_0049_0089_0089.jpg 1 17 49 89 89
1345_0037_0018_0146_0146.jpg 1 37 18 146 146
1346_0084_0054_0077_0077.jpg 1 84 54 77 77
1347_0034_0042_0140_0140.jpg 1 34 42 140 140
1348_0019_0011_0126_0126.jpg 1 19 11 126 126
1349_0024_0017_0152_0152.jpg 1 24 17 152 152
1350_0119_0036_0071_0071.jpg 1 119 36 71 71
1351_0097_0102_0061_0061.jpg 1 97 102 61 61
1352_0102_0119_0052_0052.jpg 1 102 119 52 52
1353_0070_0046_0105_0105.jpg 1 70 46 105 105
1354_0096_0134_0041_0041.jpg 1 96 134 41 41
1355_0061_0022_0065_0065.jpg 1 61 22 65 65
1356_0060_0048_0092_0092.jpg 1 60 48 92 92
1357_0079_0059_0089_0089.jpg 1 79 59 89 89
1358_0067_0045_0119_0119.jpg 1 67 45 119 119
1359_0134_0026_0039_0039.jpg 1 134 26 39 39
1360_0073_0033_0071_0071.jpg 1 73 33 71 71
1361_0017_0038_0119_0119.jpg 1 17 38 119 119
1362_0035_0029_0140_0140.jpg 1 35 29 140 140
1363_0072_0036_0107_0107.jpg 1 72 36 107 107
1364_0046_0045_0129_0129.jpg 1 46 45 129 129
1365_0031_0035_0136_0136.jpg 1 31 35 136 136
1366_0045_0026_0139_0139.jpg 1 45 26 139 139
1367_0047_0021_0108_0108.jpg 1 47 21 108 108
1368_0023_0088_0113_0113.jpg 1 23 88 113 113
1369_0043_0011_0133_0133.jpg 1 43 11 133 133
1370_0053_0049_0117_0117.jpg 1 53 49 117 117
1371_0011_0058_0133_0133.jpg 1 11 58 133 133
1372_0051_0056_0145_0145.jpg 1 51 56 145 145
1373_0052_0021_0108_0108.jpg 1 52 21 108 108
1374_0040_0024_0131_0131.jpg 1 40 24 131 131
1375_0019_0023_0097_0097.jpg 1 19 23 97 97
1376_0028_0095_0102_0102.jpg 1 28 95 102 102
1377_0067_0071_0086_0086.jpg 1 67 71 86 86
1378_0036_0111_0073_0073.jpg 1 36 111 73 73
1379_0010_0060_0144_0144.jpg 1 10 60 144 144
1380_0084_0033_0063_0063.jpg 1 84 33 63 63
1381_0062_0053_0143_0143.jpg 1 62 53 143 143
1382_0065_0044_0104_0104.jpg 1 65 44 104 104
1383_0114_0062_0056_0056.jpg 1 114 62 56 56
1384_0014_0073_0120_0120.jpg 1 14 73 120 120
1385_0047_0023_0054_0054.jpg 1 47 23 54 54
1386_0038_0128_0034_0034.jpg 1 38 128 34 34
1387_0067_0020_0107_0107.jpg 1 67 20 107 107
1388_0120_0096_0048_0048.jpg 1 120 96 48 48
1389_0034_0036_0123_0123.jpg 1 34 36 123 123
1390_0060_0044_0145_0145.jpg 1 60 44 145 145
1391_0047_0059_0137_0137.jpg 1 47 59 137 137
1392_0075_0080_0039_0039.jpg 1 75 80 39 39
1393_0082_0047_0088_0088.jpg 1 82 47 88 88
1394_0114_0067_0066_0066.jpg 1 114 67 66 66
1395_0016_0074_0111_0111.jpg 1 16 74 111 111
1396_0089_0110_0074_0074.jpg 1 89 110 74 74
1397_0082_0048_0105_0105.jpg 1 82 48 105 105
1398_0045_0033_0122_0122.jpg 1 45 33 122 122
1399_0127_0118_0048_0048.jpg 1 127 118 48 48
1400_0008_0013_0156_0156.jpg 1 8 13 156 156
1401_0119_0097_0067_0067.jpg 1 119 97 67 67
1402_0035_0109_0056_0056.jpg 1 35 109 56 56
1403_0063_0085_0050_0050.jpg 1 63 85 50 50
1404_0049_0077_0126_0126.jpg 1 49 77 126 126
1405_0065_0031_0133_0133.jpg 1 65 31 133 133
1406_0016_0058_0133_0133.jpg 1 16 58 133 133
1407_0016_0030_0125_0125.jpg 1 16 30 125 125
1408_0082_0082_0115_0115.jpg 1 82 82 115 115
1409_0075_0096_0083_0083.jpg 1 75 96 83 83
1410_0014_0022_0110_0110.jpg 1 14 22 110 110
1411_0036_0017_0128_0128.jpg 1 36 17 128 128
1412_0060_0022_0084_0084.jpg 1 60 22 84 84
1413_0145_0075_0034_0034.jpg 1 145 75 34 34
1414_0012_0052_0147_0147.jpg 1 12 52 147 147
1415_0036_0038_0125_0125.jpg 1 36 38 125 125
1416_0063_0071_0113_0113.jpg 1 63 71 113 113
1417_0024_0029_0096_0096.jpg 1 24 29 96 96
1418_0022_0043_0139_0139.jpg 1 22 43 139 139
1419_0077_0034_0064_0064.jpg 1 77 34 64 64
1420_0067_0020_0128_0128.jpg 1 67 20 128 128
1421_0009_0063_0136_0136.jpg 1 9 63 136 136
1422_0012_0085_0099_0099.jpg 1 12 85 99 99
1423_0067_0084_0072_0072.jpg 1 67 84 72 72
1424_0022_0058_0140_0140.jpg 1 22 58 140 140
1425_0068_0027_0113_0113.jpg 1 68 27 113 113
1426_0010_0036_0130_0130.jpg 1 10 36 130 130
1427_0033_0040_0065_0065.jpg 1 33 40 65 65
1428_0101_0076_0093_0093.jpg 1 101 76 93 93
1429_0097_0065_0058_0058.jpg 1 97 65 58 58
1430_0012_0020_0146_0146.jpg 1 12 20 146 146
1431_0050_0060_0129_0129.jpg 1 50 60 129 129
1432_0054_0017_0137_0137.jpg 1 54 17 137 137
1433_0027_0035_0089_0089.jpg 1 27 35 89 89
1434_0041_0052_0147_0147.jpg 1 41 52 147 147
1435_0018_0014_0148_0148.jpg 1 18 14 148 148
1436_0032_0052_0137_0137.jpg 1 32 52 137 137
1437_0101_0032_0053_0053.jpg 1 101 32 53 53
1438_0128_0127_0037_0037.jpg 1 128 127 37 37
1439_0062_0054_0103_0103.jpg 1 62 54 103 103
1440_0034_0046_0117_0117.jpg 1 34 46 117 117
1441_0050_0013_0145_0145.jpg 1 50 13 145 145
1442_0071_0050_0114_0114.jpg 1 71 50 114 114
1443_0091_0050_0076_0076.jpg 1 91 50 76 76
1444_0017_0046_0145_0145.jpg 1 17 46 145 145
1445_0053_0054_0137_0137.jpg 1 53 54 137 137
1446_0054_0057_0103_0103.jpg 1 54 57 103 103
1447_0055_0064_0106_0106.jpg 1 55 64 106 106
1448_0059_0080_0080_0080.jpg 1 59 80 80 80
1449_0028_0012_0126_0126.jpg 1 28 12 126 126
1450_0042_0022_0134_0134.jpg 1 42 22 134 134
1451_0053_0028_0117_0117.jpg 1 53 28 117 117
1452_0112_0127_0029_0029.jpg 1 112 127 29 29
1453_0030_0021_0137_0137.jpg 1 30 21 137 137
1454_0040_0069_0099_0099.jpg 1 40 69 99 99
1455_0067_0028_0059_0059.jpg 1 67 28 59 59
1456_0083_0047_0059_0059.jpg 1 83 47 59 59
1457_0020_0054_0153_0153.jpg 1 20 54 153 153
1458_0122_0107_0049_0049.jpg 1 122 107 49 49
1459_0102_0049_0075_0075.jpg 1 102 49 75 75
1460_0076_0037_0032_0032.jpg 1 76 37 32 32
1461_0021_0018_0132_0132.jpg 1 21 18 132 132
1462_0049_0041_0152_0152.jpg 1 49 41 152 152
1463_0092_0083_0068_0068.jpg 1 92 83 68 68
1464_0011_0034_0125_0125.jpg 1 11 34 125 125
1465_0032_0077_0062_0062.jpg 1 32 77 62 62
1466_0046_0057_0053_0053.jpg 1 46 57 53 53
1467_0105_0056_0074_0074.jpg 1 105 56 74 74
1468_0065_0036_0118_0118.jpg 1 65 36 118 118
1469_0024_0126_0036_0036.jpg 1 24 126 36 36
1470_0042_0054_0033_0033.jpg 1 42 54 33 33
1471_0062_0027_0099_0099.jpg 1 62 27 99 99
1472_0077_0025_0085_0085.jpg 1 77 25 85 85
1473_0042_0119_0025_0025.jpg 1 42 119 25 25
1474_0068_0057_0078_0078.jpg 1 68 57 78 78
1475_0043_0024_0148_0148.jpg 1 43 24 148 148
1476_0032_0047_0070_0070.jpg 1 32 47 70 70
1477_0018_0022_0050_0050.jpg 1 18 22 50 50
1478_0075_0046_0050_0050.jpg 1 75 46 50 50
1479_0077_0088_0049_0049.jpg 1 77 88 49 49
1480_0020_0017_0108_0108.jpg 1 20 17 108 108
1481_0035_0120_0043_0043.jpg 1 35 120 43 43
1482_0100_0028_0064_0064.jpg 1 100 28 64 64
1483_0028_0039_0141_0141.jpg 1 28 39 141 141
1484_0063_0033_0102_0102.jpg 1 63 33 102 102
1485_0029_0048_0108_0108.jpg 1 29 48 108 108
1486_0074_0059_0129_0129.jpg 1 74 59 129 129
1487_0077_0029_0033_0033.jpg 1 77 29 33 33
1488_0056_0035_0120_0120.jpg 1 56 35 120 120
1489_0063_0023_0144_0144.jpg 1 63 23 144 144
1490_0013_0049_0098_0098.jpg 1 13 49 98 98
1491_0060_0091_0088_0088.jpg 1 60 91 88 88
1492_0083_0085_0106_0106.jpg 1 83 85 106 106
1493_0024_0015_0075_0075.jpg 1 24 15 75 75
1494_0061_0017_0117_0117.jpg 1 61 17 117 117
1495_0125_0072_0046_0046.jpg 1 125 72 46 46
1496_0031_0077_0054_0054.jpg 1 31 77 54 54
1497_0088_0081_0102_0102.jpg 1 88 81 102 102
1498_0016_0076_0126_0126.jpg 1 16 76 126 126
1499_0096_0041_0043_0043.jpg 1 96 41 43 43
1500_0053_0080_0079_0079.jpg 1 53 80 79 79
1501_0040_0020_0064_0064.jpg 1 40 20 64 64
1502_0076_0074_0120_0120.jpg 1 76 74 120 120
1503_0013_0057_0142_0142.jpg 1 13 57 142 142
1504_0042_0018_0054_0054.jpg 1 42 18 54 54
1505_0025_0057_0150_0150.jpg 1 25 57 150 150
1506_0078_0035_0102_0102.jpg 1 78 35 102 102
1507_0025_0076_0122_0122.jpg 1 25 76 122 122
1508_0093_0056_0088_0088.jpg 1 93 56 88 88
1509_0021_0090_0087_0087.jpg 1 21 90 87 87
1510_0021_0061_0116_0116.jpg 1 21 61 116 116
1511_0071_0140_0047_0047.jpg 1 71 140 47 47
1512_0030_0097_0026_0026.jpg 1 30 97 26 26
1513_0063_0107_0037_0037.jpg 1 63 107 37 37
1514_0032_0057_0111_0111.jpg 1 32 57 111 111
1515_0020_0022_0060_0060.jpg 1 20 22 60 60
1516_0071_0047_0085_0085.jpg 1 71 47 85 85
1517_0064_0092_0064_0064.jpg 1 64 92 64 64
1518_0034_0089_0073_0073.jpg 1 34 89 73 73
1519_0025_0052_0032_0032.jpg 1 25 52 32 32
1520_0088_0151_0030_0030.jpg 1 88 151 30 30
1521_0028_0082_0047_0047.jpg 1 28 82 47 47
1522_0026_0137_0049_0049.jpg 1 26 137 49 49
1523_0013_0056_0133_0133.jpg 1 13 56 133 133
1524_0070_0053_0056_0056.jpg 1 70 53 56 56
1525_0030_0053_0088_0088.jpg 1 30 53 88 88
1526_0099_0098_0098_0098.jpg 1 99 98 98 98
1527_0018_0010_0156_0156.jpg 1 18 10 156 156
1528_0110_0103_0082_0082.jpg 1 110 103 82 82
1529_0094_0067_0095_0095.jpg 1 94 67 95 95
1530_0058_0018_0144_0144.jpg 1 58 18 144 144
1531_0031_0052_0109_0109.jpg 1 31 52 109 109
1532_0062_0077_0097_0097.jpg 1 62 77 97 97
1533_0037_0039_0151_0151.jpg 1 37 39 151 151
1534_0045_0022_0035_0035.jpg 1 45 22 35 35
1535_0052_0033_0155_0155.jpg 1 52 33 155 155
1536_0123_0062_0053_0053.jpg 1 123 62 53 53
1537_0080_0104_0089_0089.jpg 1 80 104 89 89
1538_0006_0013_0156_0156.jpg 1 6 13 156 156
1539_0050_0079_0096_0096.jpg 1 50 79 96 96
1540_0130_0104_0052_0052.jpg 1 130 104 52 52
1541_0093_0042_0075_0075.jpg 1 93 42 75 75
1542_0096_0090_0090_0090.jpg 1 96 90 90 90
1543_0017_0091_0097_0097.jpg 1 17 91 97 97
1544_0080_0065_0121_0121.jpg 1 80 65 121 121
1545_0080_0095_0083_0083.jpg 1 80 95 83 83
1546_0024_0099_0056_0056.jpg 1 24 99 56 56
1547_0126_0033_0055_0055.jpg 1 126 33 55 55
1548_0077_0100_0092_0092.jpg 1 77 100 92 92
1549_0050_0110_0060_0060.jpg 1 50 110 60 60
1550_0074_0040_0031_0031.jpg 1 74 40 31 31
1551_0072_0073_0028_0028.jpg 1 72 73 28 28
1552_0023_0065_0037_0037.jpg 1 23 65 37 37
1553_0051_0048_0079_0079.jpg 1 51 48 79 79
1554_0047_0052_0047_0047.jpg 1 47 52 47 47
1555_0021_0059_0112_0112.jpg 1 21 59 112 112
1556_0076_0123_0054_0054.jpg 1 76 123 54 54
1557_0026_0016_0152_0152.jpg 1 26 16 152 152
1558_0085_0033_0101_0101.jpg 1 85 33 101 101
1559_0082_0030_0113_0113.jpg 1 82 30 113 113
1560_0013_0016_0134_0134.jpg 1 13 16 134 134
1561_0028_0111_0050_0050.jpg 1 28 111 50 50
1562_0058_0019_0122_0122.jpg 1 58 19 122 122
1563_0060_0017_0060_0060.jpg 1 60 17 60 60
1564_0042_0025_0153_0153.jpg 1 42 25 153 153
1565_0014_0014_0125_0125.jpg 1 14 14 125 125
1566_0077_0016_0088_0088.jpg 1 77 16 88 88
1567_0022_0115_0057_0057.jpg 1 22 115 57 57
1568_0016_0104_0073_0073.jpg 1 16 104 73 73
1569_0066_0044_0083_0083.jpg 1 66 44 83 83
1570_0012_0062_0106_0106.jpg 1 12 62 106 106
1571_0060_0096_0087_0087.jpg 1 60 96 87 87
1572_0034_0081_0112_0112.jpg 1 34 81 112 112
1573_0093_0120_0025_0025.jpg 1 93 120 25 25
1574_0040_0036_0117_0117.jpg 1 40 36 117 117
1575_0021_0058_0113_0113.jpg 1 21 58 113 113
1576_0069_0086_0069_0069.jpg 1 69 86 69 69
1577_0096_0069_0088_0088.jpg 1 96 69 88 88
1578_0095_0124_0055_0055.jpg 1 95 124 55 55
1579_0029_0133_0025_0025.jpg 1 29 133 25 25
1580_0064_0101_0085_0085.jpg 1 64 101 85 85
1581_0070_0094_0070_0070.jpg 1 70 94 70 70
1582_0076_0087_0093_0093.jpg 1 76 87 93 93
1583_0042_0036_0048_0048.jpg 1 42 36 48 48
1584_0073_0092_0069_0069.jpg 1 73 92 69 69
1585_0051_0033_0140_0140.jpg 1 51 33 140 140
1586_0079_0098_0092_0092.jpg 1 79 98 92 92
1587_0068_0108_0070_0070.jpg 1 68 108 70 70
1588_0030_0092_0080_0080.jpg 1 30 92 80 80
1589_0015_0086_0080_0080.jpg 1 15 86 80 80
1590_0106_0116_0067_0067.jpg 1 106 116 67 67
1591_0056_0052_0025_0025.jpg 1 56 52 25 25
1592_0106_0063_0084_0084.jpg 1 106 63 84 84
1593_0098_0048_0071_0071.jpg 1 98 48 71 71
1594_0067_0124_0044_0044.jpg 1 67 124 44 44
1595_0075_0070_0095_0095.jpg 1 75 70 95 95
1596_0099_0082_0097_0097.jpg 1 99 82 97 97
1597_0057_0076_0045_0045.jpg 1 57 76 45 45
1598_0047_0034_0127_0127.jpg 1 47 34 127 127
1599_0114_0049_0077_0077.jpg 1 114 49 77 77
1600_0067_0101_0069_0069.jpg 1 67 101 69 69
1601_0109_0085_0027_0027.jpg 1 109 85 27 27
1602_0082_0027_0046_0046.jpg 1 82 27 46 46
1603_0048_0013_0155_0155.jpg 1 48 13 155 155
1604_0060_0055_0072_0072.jpg 1 60 55 72 72
1605_0024_0037_0038_0038.jpg 1 24 37 38 38
1606_0142_0107_0024_0024.jpg 1 142 107 24 24
1607_0008_0018_0149_0149.jpg 1 8 18 149 149
1608_0037_0092_0048_0048.jpg 1 37 92 48 48
1609_0078_0149_0024_0024.jpg 1 78 149 24 24
1610_0030_0057_0094_0094.jpg 1 30 57 94 94
1611_0034_0085_0069_0069.jpg 1 34 85 69 69
1612_0026_0019_0137_0137.jpg 1 26 19 137 137
1613_0045_0036_0088_0088.jpg 1 45 36 88 88
1614_0111_0069_0047_0047.jpg 1 111 69 47 47
1615_0029_0052_0123_0123.jpg 1 29 52 123 123
1616_0048_0080_0097_0097.jpg 1 48 80 97 97
1617_0025_0023_0141_0141.jpg 1 25 23 141 141
1618_0075_0022_0029_0029.jpg 1 75 22 29 29
1619_0017_0107_0078_0078.jpg 1 17 107 78 78
1620_0051_0069_0114_0114.jpg 1 51 69 114 114
1621_0032_0070_0111_0111.jpg 1 32 70 111 111
1622_0013_0053_0152_0152.jpg 1 13 53 152 152
1623_0022_0034_0044_0044.jpg 1 22 34 44 44
1624_0034_0067_0104_0104.jpg 1 34 67 104 104
1625_0045_0039_0155_0155.jpg 1 45 39 155 155
1626_0047_0056_0066_0066.jpg 1 47 56 66 66
1627_0074_0137_0036_0036.jpg 1 74 137 36 36
1628_0099_0061_0066_0066.jpg 1 99 61 66 66
1629_0082_0092_0058_0058.jpg 1 82 92 58 58
1630_0107_0087_0056_0056.jpg 1 107 87 56 56
1631_0043_0043_0032_0032.jpg 1 43 43 32 32
1632_0026_0073_0081_0081.jpg 1 26 73 81 81
1633_0063_0019_0123_0123.jpg 1 63 19 123 123
1634_0048_0087_0085_0085.jpg 1 48 87 85 85
1635_0046_0029_0118_0118.jpg 1 46 29 118 118
1636_0036_0049_0132_0132.jpg 1 36 49 132 132
1637_0132_0142_0027_0027.jpg 1 132 142 27 27
1638_0134_0093_0046_0046.jpg 1 134 93 46 46
1639_0112_0050_0027_0027.jpg 1 112 50 27 27
1640_0072_0084_0106_0106.jpg 1 72 84 106 106
1641_0047_0031_0111_0111.jpg 1 47 31 111 111
1642_0127_0044_0045_0045.jpg 1 127 44 45 45
1643_0095_0040_0082_0082.jpg 1 95 40 82 82
1644_0083_0042_0112_0112.jpg 1 83 42 112 112
1645_0026_0048_0094_0094.jpg 1 26 48 94 94
1646_0017_0052_0145_0145.jpg 1 17 52 145 145
1647_0038_0063_0070_0070.jpg 1 38 63 70 70
1648_0056_0058_0067_0067.jpg 1 56 58 67 67
1649_0015_0056_0087_0087.jpg 1 15 56 87 87
1650_0016_0026_0077_0077.jpg 1 16 26 77 77
1651_0070_0053_0113_0113.jpg 1 70 53 113 113
1652_0095_0050_0101_0101.jpg 1 95 50 101 101
1653_0087_0036_0102_0102.jpg 1 87 36 102 102
1654_0121_0033_0053_0053.jpg 1 121 33 53 53
1655_0084_0103_0045_0045.jpg 1 84 103 45 45
1656_0040_0092_0090_0090.jpg 1 40 92 90 90
1657_0080_0090_0083_0083.jpg 1 80 90 83 83
1658_0109_0024_0069_0069.jpg 1 109 24 69 69
1659_0009_0017_0155_0155.jpg 1 9 17 155 155
1660_0064_0043_0143_0143.jpg 1 64 43 143 143
1661_0060_0077_0123_0123.jpg 1 60 77 123 123
1662_0085_0078_0059_0059.jpg 1 85 78 59 59
1663_0037_0010_0142_0142.jpg 1 37 10 142 142
1664_0016_0052_0136_0136.jpg 1 16 52 136 136
1665_0103_0084_0085_0085.jpg 1 103 84 85 85
1666_0074_0093_0094_0094.jpg 1 74 93 94 94
1667_0067_0111_0043_0043.jpg 1 67 111 43 43
1668_0105_0057_0039_0039.jpg 1 105 57 39 39
1669_0047_0017_0080_0080.jpg 1 47 17 80 80
1670_0129_0084_0050_0050.jpg 1 129 84 50 50
1671_0028_0029_0152_0152.jpg 1 28 29 152 152
1672_0073_0042_0108_0108.jpg 1 73 42 108 108
1673_0017_0041_0067_0067.jpg 1 17 41 67 67
1674_0059_0057_0058_0058.jpg 1 59 57 58 58
1675_0138_0095_0026_0026.jpg 1 138 95 26 26
1676_0041_0030_0128_0128.jpg 1 41 30 128 128
1677_0056_0046_0153_0153.jpg 1 56 46 153 153
1678_0049_0014_0111_0111.jpg 1 49 14 111 111
1679_0086_0069_0102_0102.jpg 1 86 69 102 102
1680_0020_0014_0121_0121.jpg 1 20 14 121 121
1681_0084_0093_0087_0087.jpg 1 84 93 87 87
1682_0060_0096_0099_0099.jpg 1 60 96 99 99
1683_0100_0134_0044_0044.jpg 1 100 134 44 44
1684_0089_0056_0101_0101.jpg 1 89 56 101 101
1685_0072_0042_0031_0031.jpg 1 72 42 31 31
1686_0129_0124_0035_0035.jpg 1 129 124 35 35
1687_0042_0089_0095_0095.jpg 1 42 89 95 95
1688_0050_0013_0150_0150.jpg 1 50 13 150 150
1689_0107_0019_0045_0045.jpg 1 107 19 45 45
1690_0061_0041_0035_0035.jpg 1 61 41 35 35
1691_0058_0031_0145_0145.jpg 1 58 31 145 145
1692_0052_0085_0096_0096.jpg 1 52 85 96 96
1693_0130_0104_0029_0029.jpg 1 130 104 29 29
1694_0143_0020_0034_0034.jpg 1 143 20 34 34
1695_0117_0107_0055_0055.jpg 1 117 107 55 55
1696_0089_0090_0071_0071.jpg 1 89 90 71 71
1697_0116_0017_0077_0077.jpg 1 116 17 77 77
1698_0052_0028_0091_0091.jpg 1 52 28 91 91
1699_0103_0031_0094_0094.jpg 1 103 31 94 94
1700_0045_0108_0081_0081.jpg 1 45 108 81 81
1701_0144_0139_0026_0026.jpg 1 144 139 26 26
1702_0047_0013_0148_0148.jpg 1 47 13 148 148
1703_0087_0107_0064_0064.jpg 1 87 107 64 64
1704_0116_0118_0075_0075.jpg 1 116 118 75 75
1705_0017_0024_0117_0117.jpg 1 17 24 117 117
1706_0042_0064_0134_0134.jpg 1 42 64 134 134
1707_0036_0103_0070_0070.jpg 1 36 103 70 70
1708_0068_0026_0105_0105.jpg 1 68 26 105 105
1709_0106_0022_0035_0035.jpg 1 106 22 35 35
1710_0056_0041_0077_0077.jpg 1 56 41 77 77
1711_0091_0093_0076_0076.jpg 1 91 93 76 76
1712_0036_0104_0080_0080.jpg 1 36 104 80 80
1713_0151_0155_0024_0024.jpg 1 151 155 24 24
1714_0056_0124_0058_0058.jpg 1 56 124 58 58
1715_0057_0069_0116_0116.jpg 1 57 69 116 116
1716_0030_0014_0100_0100.jpg 1 30 14 100 100
1717_0074_0015_0080_0080.jpg 1 74 15 80 80
1718_0046_0094_0101_0101.jpg 1 46 94 101 101
1719_0051_0090_0102_0102.jpg 1 51 90 102 102
1720_0026_0025_0128_0128.jpg 1 26 25 128 128
1721_0040_0120_0036_0036.jpg 1 40 120 36 36
1722_0049_0070_0128_0128.jpg 1 49 70 128 128
1723_0033_0020_0106_0106.jpg 1 33 20 106 106
1724_0037_0064_0048_0048.jpg 1 37 64 48 48
1725_0060_0016_0148_0148.jpg 1 60 16 148 148
1726_0042_0068_0114_0114.jpg 1 42 68 114 114
1727_0038_0124_0024_0024.jpg 1 38 124 24 24
1728_0027_0057_0122_0122.jpg 1 27 57 122 122
1729_0017_0053_0152_0152.jpg 1 17 53 152 152
1730_0076_0013_0105_0105.jpg 1 76 13 105 105
1731_0111_0052_0040_0040.jpg 1 111 52 40 40
1732_0076_0031_0126_0126.jpg 1 76 31 126 126
1733_0059_0075_0053_0053.jpg 1 59 75 53 53
1734_0090_0099_0061_0061.jpg 1 90 99 61 61
1735_0082_0012_0112_0112.jpg 1 82 12 112 112
1736_0038_0030_0146_0146.jpg 1 38 30 146 146
1737_0118_0050_0040_0040.jpg 1 118 50 40 40
1738_0100_0086_0084_0084.jpg 1 100 86 84 84
1739_0092_0116_0037_0037.jpg 1 92 116 37 37
1740_0083_0064_0091_0091.jpg 1 83 64 91 91
1741_0011_0059_0142_0142.jpg 1 11 59 142 142
1742_0030_0014_0150_0150.jpg 1 30 14 150 150
1743_0018_0060_0113_0113.jpg 1 18 60 113 113
1744_0058_0065_0056_0056.jpg 1 58 65 56 56
1745_0072_0031_0127_0127.jpg 1 72 31 127 127
1746_0079_0099_0063_0063.jpg 1 79 99 63 63
1747_0033_0046_0141_0141.jpg 1 33 46 141 141
1748_0062_0049_0131_0131.jpg 1 62 49 131 131
1749_0121_0025_0066_0066.jpg 1 121 25 66 66
1750_0030_0019_0153_0153.jpg 1 30 19 153 153
1751_0067_0091_0096_0096.jpg 1 67 91 96 96
1752_0067_0062_0074_0074.jpg 1 67 62 74 74
1753_0052_0038_0139_0139.jpg 1 52 38 139 139
1754_0064_0027_0038_0038.jpg 1 64 27 38 38
1755_0029_0031_0081_0081.jpg 1 29 31 81 81
1756_0028_0069_0129_0129.jpg 1 28 69 129 129
1757_0035_0111_0050_0050.jpg 1 35 111 50 50
1758_0146_0127_0039_0039.jpg 1 146 127 39 39
1759_0049_0032_0147_0147.jpg 1 49 32 147 147
1760_0072_0082_0070_0070.jpg 1 72 82 70 70
1761_0020_0051_0114_0114.jpg 1 20 51 114 114
1762_0023_0030_0038_0038.jpg 1 23 30 38 38
1763_0069_0016_0115_0115.jpg 1 69 16 115 115
1764_0037_0040_0101_0101.jpg 1 37 40 101 101
1765_0081_0023_0072_0072.jpg 1 81 23 72 72
1766_0049_0024_0151_0151.jpg 1 49 24 151 151
1767_0064_0050_0130_0130.jpg 1 64 50 130 130
1768_0032_0048_0077_0077.jpg 1 32 48 77 77
1769_0040_0092_0103_0103.jpg 1 40 92 103 103
1770_0081_0017_0107_0107.jpg 1 81 17 107 107
1771_0038_0036_0123_0123.jpg 1 38 36 123 123
1772_0029_0040_0137_0137.jpg 1 29 40 137 137
1773_0014_0072_0131_0131.jpg 1 14 72 131 131
1774_0096_0054_0071_0071.jpg 1 96 54 71 71
1775_0112_0093_0038_0038.jpg 1 112 93 38 38
1776_0057_0022_0133_0133.jpg 1 57 22 133 133
1777_0049_0051_0120_0120.jpg 1 49 51 120 120
1778_0052_0065_0142_0142.jpg 1 52 65 142 142
1779_0026_0074_0037_0037.jpg 1 26 74 37 37
1780_0042_0090_0084_0084.jpg 1 42 90 84 84
1781_0033_0011_0138_0138.jpg 1 33 11 138 138
1782_0017_0020_0116_0116.jpg 1 17 20 116 116
1783_0080_0112_0066_0066.jpg 1 80 112 66 66
1784_0083_0027_0118_0118.jpg 1 83 27 118 118
1785_0056_0077_0087_0087.jpg 1 56 77 87 87
1786_0025_0068_0061_0061.jpg 1 25 68 61 61
1787_0036_0051_0152_0152.jpg 1 36 51 152 152
1788_0027_0031_0151_0151.jpg 1 27 31 151 151
1789_0057_0039_0150_0150.jpg 1 57 39 150 150
1790_0136_0138_0027_0027.jpg 1 136 138 27 27
1791_0030_0013_0150_0150.jpg 1 30 13 150 150
1792_0064_0136_0041_0041.jpg 1 64 136 41 41
1793_0074_0050_0075_0075.jpg 1 74 50 75 75
1794_0138_0034_0043_0043.jpg 1 138 34 43 43
1795_0063_0024_0129_0129.jpg 1 63 24 129 129
1796_0032_0039_0058_0058.jpg 1 32 39 58 58
1797_0071_0069_0121_0121.jpg 1 71 69 121 121
1798_0062_0094_0076_0076.jpg 1 62 94 76 76
1799_0064_0070_0130_0130.jpg 1 64 70 130 130
1800_0115_0134_0036_0036.jpg 1 115 134 36 36
