0001_0034_0068_0053_0053.jpg 1 34 68 53 53
0002_0045_0062_0140_0140.jpg 1 45 62 140 140
0003_0016_0019_0156_0156.jpg 1 16 19 156 156
0004_0012_0054_0142_0142.jpg 1 12 54 142 142
0005_0081_0089_0075_0075.jpg 1 81 89 75 75
0006_0147_0103_0027_0027.jpg 1 147 103 27 27
0007_0027_0032_0136_0136.jpg 1 27 32 136 136
0008_0062_0056_0108_0108.jpg 1 62 56 108 108
0009_0041_0061_0146_0146.jpg 1 41 61 146 146
0010_0032_0017_0057_0057.jpg 1 32 17 57 57
0011_0050_0050_0081_0081.jpg 1 50 50 81 81
0012_0055_0094_0067_0067.jpg 1 55 94 67 67
0013_0029_0048_0122_0122.jpg 1 29 48 122 122
0014_0041_0058_0129_0129.jpg 1 41 58 129 129
0015_0141_0125_0031_0031.jpg 1 141 125 31 31
0016_0089_0044_0111_0111.jpg 1 89 44 111 111
0017_0038_0022_0154_0154.jpg 1 38 22 154 154
0018_0047_0029_0109_0109.jpg 1 47 29 109 109
0019_0043_0114_0076_0076.jpg 1 43 114 76 76
0020_0149_0084_0027_0027.jpg 1 149 84 27 27
0021_0127_0081_0052_0052.jpg 1 127 81 52 52
0022_0096_0088_0088_0088.jpg 1 96 88 88 88
0023_0047_0021_0122_0122.jpg 1 47 21 122 122
0024_0081_0043_0059_0059.jpg 1 81 43 59 59
0025_0118_0126_0024_0024.jpg 1 118 126 24 24
0026_0062_0049_0133_0133.jpg 1 62 49 133 133
0027_0011_0018_0128_0128.jpg 1 11 18 128 128
0028_0060_0048_0041_0041.jpg 1 60 48 41 41
0029_0053_0073_0113_0113.jpg 1 53 73 113 113
0030_0026_0048_0121_0121.jpg 1 26 48 121 121
0031_0034_0067_0124_0124.jpg 1 34 67 124 124
0032_0018_0022_0139_0139.jpg 1 18 22 139 139
0033_0060_0100_0074_0074.jpg 1 60 100 74 74
0034_0099_0095_0056_0056.jpg 1 99 95 56 56
0035_0097_0031_0047_0047.jpg 1 97 31 47 47
0036_0058_0087_0063_0063.jpg 1 58 87 63 63
0037_0086_0040_0041_0041.jpg 1 86 40 41 41
0038_0044_0081_0060_0060.jpg 1 44 81 60 60
0039_0030_0116_0051_0051.jpg 1 30 116 51 51
0040_0084_0125_0051_0051.jpg 1 84 125 51 51
0041_0098_0087_0055_0055.jpg 1 98 87 55 55
0042_0019_0021_0144_0144.jpg 1 19 21 144 144
0043_0051_0013_0119_0119.jpg 1 51 13 119 119
0044_0024_0072_0097_0097.jpg 1 24 72 97 97
0045_0023_0101_0083_0083.jpg 1 23 101 83 83
0046_0096_0038_0086_0086.jpg 1 96 38 86 86
0047_0023_0040_0133_0133.jpg 1 23 40 133 133
0048_0037_0028_0132_0132.jpg 1 37 28 132 132
0049_0034_0009_0131_0131.jpg 1 34 9 131 131
0050_0071_0052_0031_0031.jpg 1 71 52 31 31
0051_0062_0044_0133_0133.jpg 1 62 44 133 133
0052_0044_0059_0031_0031.jpg 1 44 59 31 31
0053_0120_0037_0063_0063.jpg 1 120 37 63 63
0054_0028_0029_0136_0136.jpg 1 28 29 136 136
0055_0021_0047_0138_0138.jpg 1 21 47 138 138
0056_0051_0100_0092_0092.jpg 1 51 100 92 92
0057_0101_0131_0053_0053.jpg 1 101 131 53 53
0058_0071_0049_0124_0124.jpg 1 71 49 124 124
0059_0032_0021_0102_0102.jpg 1 32 21 102 102
0060_0050_0076_0108_0108.jpg 1 50 76 108 108
0061_0077_0042_0105_0105.jpg 1 77 42 105 105
0062_0019_0026_0154_0154.jpg 1 19 26 154 154
0063_0098_0092_0025_0025.jpg 1 98 92 25 25
0064_0032_0019_0148_0148.jpg 1 32 19 148 148
0065_0104_0133_0048_0048.jpg 1 104 133 48 48
0066_0122_0048_0041_0041.jpg 1 122 48 41 41
0067_0049_0020_0082_0082.jpg 1 49 20 82 82
0068_0054_0105_0030_0030.jpg 1 54 105 30 30
0069_0122_0050_0062_0062.jpg 1 122 50 62 62
0070_0131_0047_0052_0052.jpg 1 131 47 52 52
0071_0106_0093_0071_0071.jpg 1 106 93 71 71
0072_0031_0087_0107_0107.jpg 1 31 87 107 107
0073_0052_0089_0024_0024.jpg 1 52 89 24 24
0074_0021_0014_0149_0149.jpg 1 21 14 149 149
0075_0020_0042_0139_0139.jpg 1 20 42 139 139
0076_0042_0042_0105_0105.jpg 1 42 42 105 105
0077_0027_0024_0152_0152.jpg 1 27 24 152 152
0078_0032_0077_0035_0035.jpg 1 32 77 35 35
0079_0059_0042_0095_0095.jpg 1 59 42 95 95
0080_0067_0029_0084_0084.jpg 1 67 29 84 84
0081_0092_0085_0041_0041.jpg 1 92 85 41 41
0082_0048_0129_0048_0048.jpg 1 48 129 48 48
0083_0035_0061_0136_0136.jpg 1 35 61 136 136
0084_0126_0085_0052_0052.jpg 1 126 85 52 52
0085_0090_0015_0109_0109.jpg 1 90 15 109 109
0086_0053_0087_0028_0028.jpg 1 53 87 28 28
0087_0033_0017_0137_0137.jpg 1 33 17 137 137
0088_0041_0025_0155_0155.jpg 1 41 25 155 155
0089_0104_0056_0036_0036.jpg 1 104 56 36 36
0090_0099_0033_0058_0058.jpg 1 99 33 58 58
0091_0067_0029_0137_0137.jpg 1 67 29 137 137
0092_0033_0110_0062_0062.jpg 1 33 110 62 62
0093_0020_0052_0125_0125.jpg 1 20 52 125 125
0094_0028_0069_0080_0080.jpg 1 28 69 80 80
0095_0138_0125_0051_0051.jpg 1 138 125 51 51
0096_0075_0053_0052_0052.jpg 1 75 53 52 52
0097_0076_0066_0118_0118.jpg 1 76 66 118 118
0098_0050_0069_0044_0044.jpg 1 50 69 44 44
0099_0020_0076_0089_0089.jpg 1 20 76 89 89
0100_0034_0063_0139_0139.jpg 1 34 63 139 139
0101_0042_0041_0037_0037.jpg 1 42 41 37 37
0102_0031_0059_0110_0110.jpg 1 31 59 110 110
0103_0038_0150_0035_0035.jpg 1 38 150 35 35
0104_0084_0063_0073_0073.jpg 1 84 63 73 73
0105_0083_0093_0093_0093.jpg 1 83 93 93 93
0106_0031_0148_0030_0030.jpg 1 31 148 30 30
0107_0054_0042_0141_0141.jpg 1 54 42 141 141
0108_0081_0118_0059_0059.jpg 1 81 118 59 59
0109_0152_0093_0028_0028.jpg 1 152 93 28 28
0110_0044_0092_0100_0100.jpg 1 44 92 100 100
0111_0118_0036_0074_0074.jpg 1 118 36 74 74
0112_0019_0030_0131_0131.jpg 1 19 30 131 131
0113_0088_0113_0072_0072.jpg 1 88 113 72 72
0114_0053_0032_0127_0127.jpg 1 53 32 127 127
0115_0036_0085_0033_0033.jpg 1 36 85 33 33
0116_0076_0080_0072_0072.jpg 1 76 80 72 72
0117_0116_0048_0049_0049.jpg 1 116 48 49 49
0118_0059_0035_0100_0100.jpg 1 59 35 100 100
0119_0058_0078_0076_0076.jpg 1 58 78 76 76
0120_0117_0054_0044_0044.jpg 1 117 54 44 44
0121_0096_0060_0029_0029.jpg 1 96 60 29 29
0122_0020_0048_0100_0100.jpg 1 20 48 100 100
0123_0019_0056_0036_0036.jpg 1 19 56 36 36
0124_0114_0017_0072_0072.jpg 1 114 17 72 72
0125_0074_0077_0124_0124.jpg 1 74 77 124 124
0126_0082_0021_0121_0121.jpg 1 82 21 121 121
0127_0025_0097_0099_0099.jpg 1 25 97 99 99
0128_0054_0024_0066_0066.jpg 1 54 24 66 66
0129_0028_0071_0083_0083.jpg 1 28 71 83 83
0130_0031_0025_0119_0119.jpg 1 31 25 119 119
0131_0019_0046_0059_0059.jpg 1 19 46 59 59
0132_0142_0122_0029_0029.jpg 1 142 122 29 29
0133_0057_0047_0051_0051.jpg 1 57 47 51 51
0134_0039_0029_0138_0138.jpg 1 39 29 138 138
0135_0021_0046_0155_0155.jpg 1 21 46 155 155
0136_0012_0060_0101_0101.jpg 1 12 60 101 101
0137_0078_0100_0088_0088.jpg 1 78 100 88 88
0138_0037_0073_0122_0122.jpg 1 37 73 122 122
0139_0040_0059_0128_0128.jpg 1 40 59 128 128
0140_0077_0088_0058_0058.jpg 1 77 88 58 58
0141_0019_0096_0086_0086.jpg 1 19 96 86 86
0142_0058_0037_0086_0086.jpg 1 58 37 86 86
0143_0087_0041_0098_0098.jpg 1 87 41 98 98
0144_0073_0049_0072_0072.jpg 1 73 49 72 72
0145_0125_0080_0035_0035.jpg 1 125 80 35 35
0146_0049_0042_0144_0144.jpg 1 49 42 144 144
0147_0079_0067_0111_0111.jpg 1 79 67 111 111
0148_0023_0024_0150_0150.jpg 1 23 24 150 150
0149_0066_0088_0073_0073.jpg 1 66 88 73 73
0150_0062_0101_0074_0074.jpg 1 62 101 74 74
0151_0147_0102_0035_0035.jpg 1 147 102 35 35
0152_0014_0056_0149_0149.jpg 1 14 56 149 149
0153_0031_0033_0144_0144.jpg 1 31 33 144 144
0154_0114_0072_0050_0050.jpg 1 114 72 50 50
0155_0081_0061_0115_0115.jpg 1 81 61 115 115
0156_0146_0062_0033_0033.jpg 1 146 62 33 33
0157_0082_0063_0082_0082.jpg 1 82 63 82 82
0158_0021_0051_0125_0125.jpg 1 21 51 125 125
0159_0039_0070_0112_0112.jpg 1 39 70 112 112
0160_0139_0136_0048_0048.jpg 1 139 136 48 48
0161_0017_0010_0124_0124.jpg 1 17 10 124 124
0162_0063_0064_0037_0037.jpg 1 63 64 37 37
0163_0054_0017_0086_0086.jpg 1 54 17 86 86
0164_0067_0058_0138_0138.jpg 1 67 58 138 138
0165_0030_0012_0156_0156.jpg 1 30 12 156 156
0166_0043_0140_0045_0045.jpg 1 43 140 45 45
0167_0082_0089_0097_0097.jpg 1 82 89 97 97
0168_0099_0096_0090_0090.jpg 1 99 96 90 90
0169_0068_0020_0062_0062.jpg 1 68 20 62 62
0170_0034_0023_0073_0073.jpg 1 34 23 73 73
0171_0029_0065_0112_0112.jpg 1 29 65 112 112
0172_0012_0016_0133_0133.jpg 1 12 16 133 133
0173_0073_0033_0039_0039.jpg 1 73 33 39 39
0174_0125_0151_0030_0030.jpg 1 125 151 30 30
0175_0042_0016_0071_0071.jpg 1 42 16 71 71
0176_0071_0017_0131_0131.jpg 1 71 17 131 131
0177_0083_0082_0106_0106.jpg 1 83 82 106 106
0178_0037_0077_0095_0095.jpg 1 37 77 95 95
0179_0059_0036_0124_0124.jpg 1 59 36 124 124
0180_0097_0024_0056_0056.jpg 1 97 24 56 56
0181_0061_0067_0118_0118.jpg 1 61 67 118 118
0182_0048_0010_0122_0122.jpg 1 48 10 122 122
0183_0055_0067_0137_0137.jpg 1 55 67 137 137
0184_0049_0101_0032_0032.jpg 1 49 101 32 32
0185_0075_0119_0031_0031.jpg 1 75 119 31 31
0186_0014_0024_0153_0153.jpg 1 14 24 153 153
0187_0063_0042_0136_0136.jpg 1 63 42 136 136
0188_0015_0011_0133_0133.jpg 1 15 11 133 133
0189_0069_0034_0069_0069.jpg 1 69 34 69 69
0190_0090_0046_0110_0110.jpg 1 90 46 110 110
0191_0013_0011_0155_0155.jpg 1 13 11 155 155
0192_0053_0040_0054_0054.jpg 1 53 40 54 54
0193_0074_0082_0038_0038.jpg 1 74 82 38 38
0194_0090_0051_0079_0079.jpg 1 90 51 79 79
0195_0130_0037_0047_0047.jpg 1 130 37 47 47
0196_0048_0078_0067_0067.jpg 1 48 78 67 67
0197_0070_0074_0125_0125.jpg 1 70 74 125 125
0198_0085_0013_0105_0105.jpg 1 85 13 105 105
0199_0089_0148_0031_0031.jpg 1 89 148 31 31
0200_0117_0121_0057_0057.jpg 1 117 121 57 57
0201_0038_0051_0156_0156.jpg 1 38 51 156 156
0202_0088_0027_0108_0108.jpg 1 88 27 108 108
0203_0091_0068_0103_0103.jpg 1 91 68 103 103
0204_0057_0073_0118_0118.jpg 1 57 73 118 118
0205_0013_0019_0134_0134.jpg 1 13 19 134 134
0206_0117_0072_0075_0075.jpg 1 117 72 75 75
0207_0017_0035_0089_0089.jpg 1 17 35 89 89
0208_0118_0091_0055_0055.jpg 1 118 91 55 55
0209_0093_0042_0085_0085.jpg 1 93 42 85 85
0210_0101_0073_0096_0096.jpg 1 101 73 96 96
0211_0072_0082_0084_0084.jpg 1 72 82 84 84
0212_0059_0023_0147_0147.jpg 1 59 23 147 147
0213_0065_0036_0107_0107.jpg 1 65 36 107 107
0214_0037_0064_0095_0095.jpg 1 37 64 95 95
0215_0042_0042_0154_0154.jpg 1 42 42 154 154
0216_0026_0041_0073_0073.jpg 1 26 41 73 73
0217_0094_0049_0088_0088.jpg 1 94 49 88 88
0218_0053_0022_0140_0140.jpg 1 53 22 140 140
0219_0100_0077_0059_0059.jpg 1 100 77 59 59
0220_0054_0015_0117_0117.jpg 1 54 15 117 117
0221_0065_0099_0050_0050.jpg 1 65 99 50 50
0222_0048_0038_0147_0147.jpg 1 48 38 147 147
0223_0047_0090_0036_0036.jpg 1 47 90 36 36
0224_0022_0087_0101_0101.jpg 1 22 87 101 101
0225_0039_0035_0050_0050.jpg 1 39 35 50 50
0226_0027_0037_0145_0145.jpg 1 27 37 145 145
0227_0108_0026_0081_0081.jpg 1 108 26 81 81
0228_0112_0080_0062_0062.jpg 1 112 80 62 62
0229_0069_0022_0098_0098.jpg 1 69 22 98 98
0230_0092_0142_0031_0031.jpg 1 92 142 31 31
0231_0120_0116_0024_0024.jpg 1 120 116 24 24
0232_0122_0024_0038_0038.jpg 1 122 24 38 38
0233_0026_0085_0031_0031.jpg 1 26 85 31 31
0234_0025_0029_0149_0149.jpg 1 25 29 149 149
0235_0089_0080_0101_0101.jpg 1 89 80 101 101
0236_0019_0044_0156_0156.jpg 1 19 44 156 156
0237_0116_0111_0064_0064.jpg 1 116 111 64 64
0238_0095_0104_0090_0090.jpg 1 95 104 90 90
0239_0047_0012_0126_0126.jpg 1 47 12 126 126
0240_0059_0113_0036_0036.jpg 1 59 113 36 36
0241_0066_0042_0133_0133.jpg 1 66 42 133 133
0242_0117_0103_0062_0062.jpg 1 117 103 62 62
0243_0109_0036_0047_0047.jpg 1 109 36 47 47
0244_0142_0025_0040_0040.jpg 1 142 25 40 40
0245_0037_0008_0149_0149.jpg 1 37 8 149 149
0246_0084_0012_0112_0112.jpg 1 84 12 112 112
0247_0076_0104_0037_0037.jpg 1 76 104 37 37
0248_0074_0068_0076_0076.jpg 1 74 68 76 76
0249_0091_0033_0024_0024.jpg 1 91 33 24 24
0250_0031_0103_0068_0068.jpg 1 31 103 68 68
0251_0057_0073_0057_0057.jpg 1 57 73 57 57
0252_0063_0021_0144_0144.jpg 1 63 21 144 144
0253_0075_0070_0119_0119.jpg 1 75 70 119 119
0254_0096_0077_0026_0026.jpg 1 96 77 26 26
0255_0047_0009_0150_0150.jpg 1 47 9 150 150
0256_0032_0046_0100_0100.jpg 1 32 46 100 100
0257_0087_0029_0114_0114.jpg 1 87 29 114 114
0258_0101_0024_0071_0071.jpg 1 101 24 71 71
0259_0028_0138_0049_0049.jpg 1 28 138 49 49
0260_0064_0026_0035_0035.jpg 1 64 26 35 35
0261_0018_0080_0115_0115.jpg 1 18 80 115 115
0262_0052_0013_0116_0116.jpg 1 52 13 116 116
0263_0018_0013_0123_0123.jpg 1 18 13 123 123
0264_0087_0072_0049_0049.jpg 1 87 72 49 49
0265_0080_0049_0097_0097.jpg 1 80 49 97 97
0266_0109_0150_0025_0025.jpg 1 109 150 25 25
0267_0017_0050_0155_0155.jpg 1 17 50 155 155
0268_0034_0016_0137_0137.jpg 1 34 16 137 137
0269_0043_0083_0107_0107.jpg 1 43 83 107 107
0270_0090_0039_0047_0047.jpg 1 90 39 47 47
0271_0027_0075_0103_0103.jpg 1 27 75 103 103
0272_0052_0040_0028_0028.jpg 1 52 40 28 28
0273_0081_0057_0091_0091.jpg 1 81 57 91 91
0274_0024_0115_0077_0077.jpg 1 24 115 77 77
0275_0041_0066_0124_0124.jpg 1 41 66 124 124
0276_0010_0042_0149_0149.jpg 1 10 42 149 149
0277_0072_0034_0124_0124.jpg 1 72 34 124 124
0278_0129_0111_0052_0052.jpg 1 129 111 52 52
0279_0027_0016_0134_0134.jpg 1 27 16 134 134
0280_0078_0083_0094_0094.jpg 1 78 83 94 94
0281_0048_0110_0055_0055.jpg 1 48 110 55 55
0282_0089_0023_0067_0067.jpg 1 89 23 67 67
0283_0071_0103_0086_0086.jpg 1 71 103 86 86
0284_0022_0009_0138_0138.jpg 1 22 9 138 138
0285_0043_0140_0033_0033.jpg 1 43 140 33 33
0286_0027_0019_0071_0071.jpg 1 27 19 71 71
0287_0013_0013_0126_0126.jpg 1 13 13 126 126
0288_0100_0016_0068_0068.jpg 1 100 16 68 68
0289_0061_0067_0025_0025.jpg 1 61 67 25 25
0290_0048_0080_0082_0082.jpg 1 48 80 82 82
0291_0085_0099_0085_0085.jpg 1 85 99 85 85
0292_0057_0083_0078_0078.jpg 1 57 83 78 78
0293_0059_0070_0076_0076.jpg 1 59 70 76 76
0294_0026_0055_0084_0084.jpg 1 26 55 84 84
0295_0033_0035_0105_0105.jpg 1 33 35 105 105
0296_0051_0020_0148_0148.jpg 1 51 20 148 148
0297_0077_0027_0111_0111.jpg 1 77 27 111 111
0298_0141_0078_0045_0045.jpg 1 141 78 45 45
0299_0087_0088_0042_0042.jpg 1 87 88 42 42
0300_0031_0041_0142_0142.jpg 1 31 41 142 142
0301_0052_0079_0103_0103.jpg 1 52 79 103 103
0302_0103_0031_0082_0082.jpg 1 103 31 82 82
0303_0010_0040_0136_0136.jpg 1 10 40 136 136
0304_0032_0043_0026_0026.jpg 1 32 43 26 26
0305_0065_0049_0135_0135.jpg 1 65 49 135 135
0306_0138_0062_0049_0049.jpg 1 138 62 49 49
0307_0116_0047_0027_0027.jpg 1 116 47 27 27
0308_0112_0149_0027_0027.jpg 1 112 149 27 27
0309_0018_0060_0132_0132.jpg 1 18 60 132 132
0310_0034_0042_0078_0078.jpg 1 34 42 78 78
0311_0016_0045_0118_0118.jpg 1 16 45 118 118
0312_0046_0079_0086_0086.jpg 1 46 79 86 86
0313_0046_0011_0132_0132.jpg 1 46 11 132 132
0314_0054_0065_0085_0085.jpg 1 54 65 85 85
0315_0092_0025_0070_0070.jpg 1 92 25 70 70
0316_0131_0107_0045_0045.jpg 1 131 107 45 45
0317_0014_0052_0144_0144.jpg 1 14 52 144 144
0318_0016_0043_0124_0124.jpg 1 16 43 124 124
0319_0050_0115_0038_0038.jpg 1 50 115 38 38
0320_0065_0021_0134_0134.jpg 1 65 21 134 134
0321_0064_0013_0125_0125.jpg 1 64 13 125 125
0322_0123_0058_0043_0043.jpg 1 123 58 43 43
0323_0119_0126_0052_0052.jpg 1 119 126 52 52
0324_0049_0095_0064_0064.jpg 1 49 95 64 64
0325_0068_0093_0105_0105.jpg 1 68 93 105 105
0326_0073_0045_0071_0071.jpg 1 73 45 71 71
0327_0071_0078_0116_0116.jpg 1 71 78 116 116
0328_0020_0065_0081_0081.jpg 1 20 65 81 81
0329_0040_0015_0139_0139.jpg 1 40 15 139 139
0330_0010_0049_0154_0154.jpg 1 10 49 154 154
0331_0025_0019_0111_0111.jpg 1 25 19 111 111
0332_0048_0105_0064_0064.jpg 1 48 105 64 64
0333_0069_0084_0091_0091.jpg 1 69 84 91 91
0334_0027_0110_0069_0069.jpg 1 27 110 69 69
0335_0017_0013_0137_0137.jpg 1 17 13 137 137
0336_0034_0038_0145_0145.jpg 1 34 38 145 145
0337_0097_0128_0044_0044.jpg 1 97 128 44 44
0338_0053_0055_0082_0082.jpg 1 53 55 82 82
0339_0110_0122_0042_0042.jpg 1 110 122 42 42
0340_0098_0112_0033_0033.jpg 1 98 112 33 33
0341_0030_0044_0142_0142.jpg 1 30 44 142 142
0342_0127_0105_0051_0051.jpg 1 127 105 51 51
0343_0130_0077_0048_0048.jpg 1 130 77 48 48
0344_0087_0090_0105_0105.jpg 1 87 90 105 105
0345_0126_0073_0065_0065.jpg 1 126 73 65 65
0346_0023_0042_0119_0119.jpg 1 23 42 119 119
0347_0043_0024_0133_0133.jpg 1 43 24 133 133
0348_0040_0068_0033_0033.jpg 1 40 68 33 33
0349_0066_0092_0035_0035.jpg 1 66 92 35 35
0350_0029_0038_0155_0155.jpg 1 29 38 155 155
0351_0074_0027_0064_0064.jpg 1 74 27 64 64
0352_0023_0022_0100_0100.jpg 1 23 22 100 100
0353_0080_0056_0104_0104.jpg 1 80 56 104 104
0354_0032_0109_0047_0047.jpg 1 32 109 47 47
0355_0028_0055_0115_0115.jpg 1 28 55 115 115
0356_0043_0015_0077_0077.jpg 1 43 15 77 77
0357_0087_0082_0026_0026.jpg 1 87 82 26 26
0358_0094_0043_0068_0068.jpg 1 94 43 68 68
0359_0075_0075_0129_0129.jpg 1 75 75 129 129
0360_0091_0079_0062_0062.jpg 1 91 79 62 62
0361_0011_0063_0137_0137.jpg 1 11 63 137 137
0362_0029_0099_0078_0078.jpg 1 29 99 78 78
0363_0091_0045_0099_0099.jpg 1 91 45 99 99
0364_0034_0060_0099_0099.jpg 1 34 60 99 99
0365_0054_0058_0139_0139.jpg 1 54 58 139 139
0366_0022_0019_0145_0145.jpg 1 22 19 145 145
0367_0132_0045_0026_0026.jpg 1 132 45 26 26
0368_0049_0033_0144_0144.jpg 1 49 33 144 144
0369_0129_0083_0033_0033.jpg 1 129 83 33 33
0370_0033_0046_0149_0149.jpg 1 33 46 149 149
0371_0021_0050_0088_0088.jpg 1 21 50 88 88
0372_0041_0024_0103_0103.jpg 1 41 24 103 103
0373_0113_0123_0059_0059.jpg 1 113 123 59 59
0374_0081_0034_0098_0098.jpg 1 81 34 98 98
0375_0033_0123_0066_0066.jpg 1 33 123 66 66
0376_0124_0029_0052_0052.jpg 1 124 29 52 52
0377_0019_0029_0149_0149.jpg 1 19 29 149 149
0378_0053_0061_0111_0111.jpg 1 53 61 111 111
0379_0114_0122_0031_0031.jpg 1 114 122 31 31
0380_0093_0152_0026_0026.jpg 1 93 152 26 26
0381_0136_0146_0034_0034.jpg 1 136 146 34 34
0382_0064_0071_0082_0082.jpg 1 64 71 82 82
0383_0010_0038_0153_0153.jpg 1 10 38 153 153
0384_0037_0038_0153_0153.jpg 1 37 38 153 153
0385_0025_0046_0106_0106.jpg 1 25 46 106 106
0386_0077_0076_0125_0125.jpg 1 77 76 125 125
0387_0083_0076_0106_0106.jpg 1 83 76 106 106
0388_0142_0065_0040_0040.jpg 1 142 65 40 40
0389_0038_0078_0062_0062.jpg 1 38 78 62 62
0390_0121_0074_0055_0055.jpg 1 121 74 55 55
0391_0041_0088_0083_0083.jpg 1 41 88 83 83
0392_0148_0142_0034_0034.jpg 1 148 142 34 34
0393_0033_0018_0150_0150.jpg 1 33 18 150 150
0394_0099_0030_0084_0084.jpg 1 99 30 84 84
0395_0043_0014_0105_0105.jpg 1 43 14 105 105
0396_0026_0049_0126_0126.jpg 1 26 49 126 126
0397_0108_0084_0036_0036.jpg 1 108 84 36 36
0398_0011_0035_0140_0140.jpg 1 11 35 140 140
0399_0024_0094_0064_0064.jpg 1 24 94 64 64
0400_0038_0059_0143_0143.jpg 1 38 59 143 143
0401_0010_0050_0150_0150.jpg 1 10 50 150 150
0402_0050_0098_0080_0080.jpg 1 50 98 80 80
0403_0036_0044_0132_0132.jpg 1 36 44 132 132
0404_0016_0039_0135_0135.jpg 1 16 39 135 135
0405_0066_0028_0103_0103.jpg 1 66 28 103 103
0406_0058_0024_0119_0119.jpg 1 58 24 119 119
0407_0099_0050_0079_0079.jpg 1 99 50 79 79
0408_0115_0150_0025_0025.jpg 1 115 150 25 25
0409_0076_0116_0078_0078.jpg 1 76 116 78 78
0410_0043_0019_0149_0149.jpg 1 43 19 149 149
0411_0022_0064_0040_0040.jpg 1 22 64 40 40
0412_0103_0060_0055_0055.jpg 1 103 60 55 55
0413_0130_0101_0045_0045.jpg 1 130 101 45 45
0414_0032_0091_0037_0037.jpg 1 32 91 37 37
0415_0024_0060_0145_0145.jpg 1 24 60 145 145
0416_0082_0032_0059_0059.jpg 1 82 32 59 59
0417_0018_0045_0090_0090.jpg 1 18 45 90 90
0418_0105_0051_0031_0031.jpg 1 105 51 31 31
0419_0018_0025_0128_0128.jpg 1 18 25 128 128
0420_0072_0058_0078_0078.jpg 1 72 58 78 78
0421_0009_0042_0142_0142.jpg 1 9 42 142 142
0422_0039_0035_0120_0120.jpg 1 39 35 120 120
0423_0121_0094_0068_0068.jpg 1 121 94 68 68
0424_0061_0044_0048_0048.jpg 1 61 44 48 48
0425_0090_0108_0072_0072.jpg 1 90 108 72 72
0426_0053_0083_0103_0103.jpg 1 53 83 103 103
0427_0071_0034_0043_0043.jpg 1 71 34 43 43
0428_0087_0070_0046_0046.jpg 1 87 70 46 46
0429_0010_0010_0139_0139.jpg 1 10 10 139 139
0430_0035_0018_0108_0108.jpg 1 35 18 108 108
0431_0061_0014_0143_0143.jpg 1 61 14 143 143
0432_0114_0074_0042_0042.jpg 1 114 74 42 42
0433_0021_0019_0124_0124.jpg 1 21 19 124 124
0434_0102_0065_0050_0050.jpg 1 102 65 50 50
0435_0035_0056_0037_0037.jpg 1 35 56 37 37
0436_0045_0035_0126_0126.jpg 1 45 35 126 126
0437_0049_0043_0088_0088.jpg 1 49 43 88 88
0438_0082_0025_0107_0107.jpg 1 82 25 107 107
0439_0063_0041_0138_0138.jpg 1 63 41 138 138
0440_0036_0031_0151_0151.jpg 1 36 31 151 151
0441_0032_0047_0149_0149.jpg 1 32 47 149 149
0442_0108_0084_0038_0038.jpg 1 108 84 38 38
0443_0049_0045_0150_0150.jpg 1 49 45 150 150
0444_0023_0050_0075_0075.jpg 1 23 50 75 75
0445_0047_0053_0109_0109.jpg 1 47 53 109 109
0446_0084_0039_0094_0094.jpg 1 84 39 94 94
0447_0055_0121_0060_0060.jpg 1 55 121 60 60
0448_0111_0110_0056_0056.jpg 1 111 110 56 56
0449_0024_0023_0116_0116.jpg 1 24 23 116 116
0450_0105_0065_0082_0082.jpg 1 105 65 82 82
0451_0083_0058_0082_0082.jpg 1 83 58 82 82
0452_0083_0052_0024_0024.jpg 1 83 52 24 24
0453_0014_0050_0088_0088.jpg 1 14 50 88 88
0454_0039_0123_0066_0066.jpg 1 39 123 66 66
0455_0058_0025_0092_0092.jpg 1 58 25 92 92
0456_0012_0050_0133_0133.jpg 1 12 50 133 133
0457_0040_0037_0102_0102.jpg 1 40 37 102 102
0458_0124_0120_0045_0045.jpg 1 124 120 45 45
0459_0026_0008_0147_0147.jpg 1 26 8 147 147
0460_0095_0043_0071_0071.jpg 1 95 43 71 71
0461_0068_0070_0133_0133.jpg 1 68 70 133 133
0462_0073_0084_0064_0064.jpg 1 73 84 64 64
0463_0061_0110_0078_0078.jpg 1 61 110 78 78
0464_0112_0083_0054_0054.jpg 1 112 83 54 54
0465_0049_0055_0147_0147.jpg 1 49 55 147 147
0466_0059_0103_0086_0086.jpg 1 59 103 86 86
0467_0067_0059_0037_0037.jpg 1 67 59 37 37
0468_0053_0132_0048_0048.jpg 1 53 132 48 48
0469_0110_0122_0037_0037.jpg 1 110 122 37 37
0470_0074_0155_0025_0025.jpg 1 74 155 25 25
0471_0078_0025_0050_0050.jpg 1 78 25 50 50
0472_0033_0048_0126_0126.jpg 1 33 48 126 126
0473_0022_0059_0139_0139.jpg 1 22 59 139 139
0474_0077_0151_0028_0028.jpg 1 77 151 28 28
0475_0067_0083_0049_0049.jpg 1 67 83 49 49
0476_0067_0070_0126_0126.jpg 1 67 70 126 126
0477_0075_0059_0078_0078.jpg 1 75 59 78 78
0478_0060_0057_0059_0059.jpg 1 60 57 59 59
0479_0104_0087_0088_0088.jpg 1 104 87 88 88
0480_0011_0025_0156_0156.jpg 1 11 25 156 156
0481_0050_0062_0143_0143.jpg 1 50 62 143 143
0482_0051_0053_0150_0150.jpg 1 51 53 150 150
0483_0027_0042_0068_0068.jpg 1 27 42 68 68
0484_0117_0061_0039_0039.jpg 1 117 61 39 39
0485_0035_0062_0117_0117.jpg 1 35 62 117 117
0486_0022_0061_0056_0056.jpg 1 22 61 56 56
0487_0067_0120_0054_0054.jpg 1 67 120 54 54
0488_0026_0043_0139_0139.jpg 1 26 43 139 139
0489_0023_0080_0028_0028.jpg 1 23 80 28 28
0490_0098_0155_0029_0029.jpg 1 98 155 29 29
0491_0028_0021_0088_0088.jpg 1 28 21 88 88
0492_0016_0028_0102_0102.jpg 1 16 28 102 102
0493_0117_0072_0041_0041.jpg 1 117 72 41 41
0494_0136_0021_0043_0043.jpg 1 136 21 43 43
0495_0052_0028_0143_0143.jpg 1 52 28 143 143
0496_0017_0070_0056_0056.jpg 1 17 70 56 56
0497_0143_0069_0028_0028.jpg 1 143 69 28 28
0498_0011_0015_0154_0154.jpg 1 11 15 154 154
0499_0028_0012_0146_0146.jpg 1 28 12 146 146
0500_0109_0040_0042_0042.jpg 1 109 40 42 42
0501_0043_0009_0153_0153.jpg 1 43 9 153 153
0502_0031_0098_0062_0062.jpg 1 31 98 62 62
0503_0053_0066_0119_0119.jpg 1 53 66 119 119
0504_0017_0048_0065_0065.jpg 1 17 48 65 65
0505_0111_0117_0061_0061.jpg 1 111 117 61 61
0506_0117_0051_0063_0063.jpg 1 117 51 63 63
0507_0069_0021_0107_0107.jpg 1 69 21 107 107
0508_0061_0063_0037_0037.jpg 1 61 63 37 37
0509_0026_0021_0141_0141.jpg 1 26 21 141 141
0510_0043_0058_0080_0080.jpg 1 43 58 80 80
0511_0027_0042_0124_0124.jpg 1 27 42 124 124
0512_0028_0025_0127_0127.jpg 1 28 25 127 127
0513_0078_0046_0059_0059.jpg 1 78 46 59 59
0514_0030_0042_0103_0103.jpg 1 30 42 103 103
0515_0052_0029_0144_0144.jpg 1 52 29 144 144
0516_0095_0072_0082_0082.jpg 1 95 72 82 82
0517_0073_0027_0104_0104.jpg 1 73 27 104 104
0518_0018_0035_0132_0132.jpg 1 18 35 132 132
0519_0053_0045_0154_0154.jpg 1 53 45 154 154
0520_0050_0042_0154_0154.jpg 1 50 42 154 154
0521_0047_0025_0140_0140.jpg 1 47 25 140 140
0522_0080_0030_0108_0108.jpg 1 80 30 108 108
0523_0134_0094_0040_0040.jpg 1 134 94 40 40
0524_0038_0055_0114_0114.jpg 1 38 55 114 114
0525_0026_0041_0141_0141.jpg 1 26 41 141 141
0526_0026_0061_0072_0072.jpg 1 26 61 72 72
0527_0056_0019_0132_0132.jpg 1 56 19 132 132
0528_0072_0016_0092_0092.jpg 1 72 16 92 92
0529_0100_0069_0074_0074.jpg 1 100 69 74 74
0530_0020_0070_0126_0126.jpg 1 20 70 126 126
0531_0043_0028_0153_0153.jpg 1 43 28 153 153
0532_0106_0068_0076_0076.jpg 1 106 68 76 76
0533_0053_0089_0067_0067.jpg 1 53 89 67 67
0534_0092_0100_0063_0063.jpg 1 92 100 63 63
0535_0084_0152_0033_0033.jpg 1 84 152 33 33
0536_0063_0031_0107_0107.jpg 1 63 31 107 107
0537_0098_0097_0081_0081.jpg 1 98 97 81 81
0538_0021_0091_0082_0082.jpg 1 21 91 82 82
0539_0009_0051_0153_0153.jpg 1 9 51 153 153
0540_0030_0040_0051_0051.jpg 1 30 40 51 51
0541_0089_0066_0037_0037.jpg 1 89 66 37 37
0542_0105_0034_0088_0088.jpg 1 105 34 88 88
0543_0062_0104_0033_0033.jpg 1 62 104 33 33
0544_0071_0061_0054_0054.jpg 1 71 61 54 54
0545_0138_0092_0039_0039.jpg 1 138 92 39 39
0546_0059_0051_0084_0084.jpg 1 59 51 84 84
0547_0035_0013_0154_0154.jpg 1 35 13 154 154
0548_0030_0082_0119_0119.jpg 1 30 82 119 119
0549_0072_0066_0049_0049.jpg 1 72 66 49 49
0550_0047_0060_0101_0101.jpg 1 47 60 101 101
0551_0024_0034_0153_0153.jpg 1 24 34 153 153
0552_0058_0021_0116_0116.jpg 1 58 21 116 116
0553_0028_0088_0030_0030.jpg 1 28 88 30 30
0554_0013_0030_0138_0138.jpg 1 13 30 138 138
0555_0011_0031_0153_0153.jpg 1 11 31 153 153
0556_0028_0068_0136_0136.jpg 1 28 68 136 136
0557_0107_0042_0029_0029.jpg 1 107 42 29 29
0558_0074_0058_0120_0120.jpg 1 74 58 120 120
0559_0083_0049_0101_0101.jpg 1 83 49 101 101
0560_0116_0134_0047_0047.jpg 1 116 134 47 47
0561_0126_0064_0061_0061.jpg 1 126 64 61 61
0562_0015_0060_0119_0119.jpg 1 15 60 119 119
0563_0077_0036_0126_0126.jpg 1 77 36 126 126
0564_0016_0032_0116_0116.jpg 1 16 32 116 116
0565_0015_0016_0139_0139.jpg 1 15 16 139 139
0566_0029_0116_0062_0062.jpg 1 29 116 62 62
0567_0031_0037_0114_0114.jpg 1 31 37 114 114
0568_0023_0088_0048_0048.jpg 1 23 88 48 48
0569_0052_0051_0113_0113.jpg 1 52 51 113 113
0570_0081_0093_0097_0097.jpg 1 81 93 97 97
0571_0084_0046_0091_0091.jpg 1 84 46 91 91
0572_0092_0092_0080_0080.jpg 1 92 92 80 80
0573_0021_0105_0026_0026.jpg 1 21 105 26 26
0574_0126_0072_0064_0064.jpg 1 126 72 64 64
0575_0010_0046_0151_0151.jpg 1 10 46 151 151
0576_0085_0043_0075_0075.jpg 1 85 43 75 75
0577_0087_0018_0109_0109.jpg 1 87 18 109 109
0578_0127_0061_0024_0024.jpg 1 127 61 24 24
0579_0062_0066_0081_0081.jpg 1 62 66 81 81
0580_0023_0086_0112_0112.jpg 1 23 86 112 112
0581_0113_0044_0028_0028.jpg 1 113 44 28 28
0582_0045_0058_0041_0041.jpg 1 45 58 41 41
0583_0038_0033_0156_0156.jpg 1 38 33 156 156
0584_0110_0065_0034_0034.jpg 1 110 65 34 34
0585_0138_0059_0042_0042.jpg 1 138 59 42 42
0586_0101_0029_0033_0033.jpg 1 101 29 33 33
0587_0054_0052_0062_0062.jpg 1 54 52 62 62
0588_0036_0068_0063_0063.jpg 1 36 68 63 63
0589_0045_0066_0122_0122.jpg 1 45 66 122 122
0590_0016_0038_0148_0148.jpg 1 16 38 148 148
0591_0083_0074_0035_0035.jpg 1 83 74 35 35
0592_0070_0082_0116_0116.jpg 1 70 82 116 116
0593_0022_0049_0107_0107.jpg 1 22 49 107 107
0594_0029_0037_0036_0036.jpg 1 29 37 36 36
0595_0015_0069_0081_0081.jpg 1 15 69 81 81
0596_0017_0015_0080_0080.jpg 1 17 15 80 80
0597_0046_0058_0106_0106.jpg 1 46 58 106 106
0598_0105_0036_0076_0076.jpg 1 105 36 76 76
0599_0111_0076_0075_0075.jpg 1 111 76 75 75
0600_0051_0047_0051_0051.jpg 1 51 47 51 51
0601_0059_0116_0053_0053.jpg 1 59 116 53 53
0602_0019_0086_0090_0090.jpg 1 19 86 90 90
0603_0047_0025_0066_0066.jpg 1 47 25 66 66
0604_0078_0090_0110_0110.jpg 1 78 90 110 110
0605_0076_0033_0114_0114.jpg 1 76 33 114 114
0606_0008_0016_0152_0152.jpg 1 8 16 152 152
0607_0053_0035_0088_0088.jpg 1 53 35 88 88
0608_0026_0071_0109_0109.jpg 1 26 71 109 109
0609_0085_0060_0112_0112.jpg 1 85 60 112 112
0610_0065_0059_0110_0110.jpg 1 65 59 110 110
0611_0036_0058_0150_0150.jpg 1 36 58 150 150
0612_0030_0056_0080_0080.jpg 1 30 56 80 80
0613_0072_0046_0097_0097.jpg 1 72 46 97 97
0614_0029_0025_0117_0117.jpg 1 29 25 117 117
0615_0054_0103_0051_0051.jpg 1 54 103 51 51
0616_0061_0019_0113_0113.jpg 1 61 19 113 113
0617_0061_0043_0144_0144.jpg 1 61 43 144 144
0618_0053_0015_0077_0077.jpg 1 53 15 77 77
0619_0011_0046_0135_0135.jpg 1 11 46 135 135
0620_0043_0030_0054_0054.jpg 1 43 30 54 54
0621_0012_0047_0103_0103.jpg 1 12 47 103 103
0622_0074_0086_0104_0104.jpg 1 74 86 104 104
0623_0065_0089_0077_0077.jpg 1 65 89 77 77
0624_0089_0038_0091_0091.jpg 1 89 38 91 91
0625_0013_0052_0154_0154.jpg 1 13 52 154 154
0626_0059_0044_0107_0107.jpg 1 59 44 107 107
0627_0098_0080_0086_0086.jpg 1 98 80 86 86
0628_0142_0077_0037_0037.jpg 1 142 77 37 37
0629_0055_0036_0131_0131.jpg 1 55 36 131 131
0630_0055_0047_0143_0143.jpg 1 55 47 143 143
0631_0015_0060_0121_0121.jpg 1 15 60 121 121
0632_0040_0022_0106_0106.jpg 1 40 22 106 106
0633_0067_0046_0132_0132.jpg 1 67 46 132 132
0634_0096_0056_0077_0077.jpg 1 96 56 77 77
0635_0080_0071_0084_0084.jpg 1 80 71 84 84
0636_0047_0024_0050_0050.jpg 1 47 24 50 50
0637_0056_0051_0146_0146.jpg 1 56 51 146 146
0638_0009_0050_0147_0147.jpg 1 9 50 147 147
0639_0017_0031_0135_0135.jpg 1 17 31 135 135
0640_0038_0050_0067_0067.jpg 1 38 50 67 67
0641_0064_0010_0140_0140.jpg 1 64 10 140 140
0642_0027_0015_0119_0119.jpg 1 27 15 119 119
0643_0073_0031_0087_0087.jpg 1 73 31 87 87
0644_0038_0009_0151_0151.jpg 1 38 9 151 151
0645_0058_0089_0089_0089.jpg 1 58 89 89 89
0646_0051_0054_0065_0065.jpg 1 51 54 65 65
0647_0070_0059_0057_0057.jpg 1 70 59 57 57
0648_0019_0034_0155_0155.jpg 1 19 34 155 155
0649_0112_0029_0050_0050.jpg 1 112 29 50 50
0650_0050_0058_0124_0124.jpg 1 50 58 124 124
0651_0133_0026_0035_0035.jpg 1 133 26 35 35
0652_0028_0055_0133_0133.jpg 1 28 55 133 133
0653_0031_0073_0058_0058.jpg 1 31 73 58 58
0654_0050_0087_0041_0041.jpg 1 50 87 41 41
0655_0078_0050_0040_0040.jpg 1 78 50 40 40
0656_0064_0014_0109_0109.jpg 1 64 14 109 109
0657_0082_0117_0059_0059.jpg 1 82 117 59 59
0658_0057_0041_0060_0060.jpg 1 57 41 60 60
0659_0024_0046_0125_0125.jpg 1 24 46 125 125
0660_0036_0054_0153_0153.jpg 1 36 54 153 153
0661_0063_0079_0079_0079.jpg 1 63 79 79 79
0662_0019_0013_0113_0113.jpg 1 19 13 113 113
0663_0115_0039_0026_0026.jpg 1 115 39 26 26
0664_0014_0019_0146_0146.jpg 1 14 19 146 146
0665_0027_0013_0100_0100.jpg 1 27 13 100 100
0666_0080_0043_0079_0079.jpg 1 80 43 79 79
0667_0041_0097_0092_0092.jpg 1 41 97 92 92
0668_0103_0146_0040_0040.jpg 1 103 146 40 40
0669_0128_0131_0038_0038.jpg 1 128 131 38 38
0670_0078_0034_0100_0100.jpg 1 78 34 100 100
0671_0095_0127_0048_0048.jpg 1 95 127 48 48
0672_0059_0085_0029_0029.jpg 1 59 85 29 29
0673_0083_0142_0044_0044.jpg 1 83 142 44 44
0674_0058_0019_0138_0138.jpg 1 58 19 138 138
0675_0083_0066_0047_0047.jpg 1 83 66 47 47
0676_0153_0044_0030_0030.jpg 1 153 44 30 30
0677_0054_0010_0131_0131.jpg 1 54 10 131 131
0678_0069_0030_0120_0120.jpg 1 69 30 120 120
0679_0125_0039_0064_0064.jpg 1 125 39 64 64
0680_0074_0050_0130_0130.jpg 1 74 50 130 130
0681_0017_0119_0067_0067.jpg 1 17 119 67 67
0682_0059_0090_0085_0085.jpg 1 59 90 85 85
0683_0110_0093_0064_0064.jpg 1 110 93 64 64
0684_0027_0011_0123_0123.jpg 1 27 11 123 123
0685_0028_0023_0140_0140.jpg 1 28 23 140 140
0686_0027_0082_0101_0101.jpg 1 27 82 101 101
0687_0042_0074_0093_0093.jpg 1 42 74 93 93
0688_0019_0020_0154_0154.jpg 1 19 20 154 154
0689_0144_0060_0035_0035.jpg 1 144 60 35 35
0690_0110_0100_0040_0040.jpg 1 110 100 40 40
0691_0100_0100_0031_0031.jpg 1 100 100 31 31
0692_0024_0018_0153_0153.jpg 1 24 18 153 153
0693_0147_0065_0029_0029.jpg 1 147 65 29 29
0694_0035_0017_0136_0136.jpg 1 35 17 136 136
0695_0033_0018_0093_0093.jpg 1 33 18 93 93
0696_0023_0063_0143_0143.jpg 1 23 63 143 143
0697_0138_0115_0034_0034.jpg 1 138 115 34 34
0698_0135_0121_0029_0029.jpg 1 135 121 29 29
0699_0010_0049_0138_0138.jpg 1 10 49 138 138
0700_0058_0035_0100_0100.jpg 1 58 35 100 100
0701_0018_0064_0074_0074.jpg 1 18 64 74 74
0702_0065_0053_0115_0115.jpg 1 65 53 115 115
0703_0097_0093_0093_0093.jpg 1 97 93 93 93
0704_0021_0022_0096_0096.jpg 1 21 22 96 96
0705_0072_0077_0127_0127.jpg 1 72 77 127 127
0706_0029_0017_0122_0122.jpg 1 29 17 122 122
0707_0055_0041_0139_0139.jpg 1 55 41 139 139
0708_0088_0052_0082_0082.jpg 1 88 52 82 82
0709_0106_0018_0064_0064.jpg 1 106 18 64 64
0710_0124_0054_0056_0056.jpg 1 124 54 56 56
0711_0051_0081_0084_0084.jpg 1 51 81 84 84
0712_0027_0016_0077_0077.jpg 1 27 16 77 77
0713_0154_0025_0029_0029.jpg 1 154 25 29 29
0714_0050_0067_0092_0092.jpg 1 50 67 92 92
0715_0028_0032_0077_0077.jpg 1 28 32 77 77
0716_0020_0021_0129_0129.jpg 1 20 21 129 129
0717_0096_0094_0093_0093.jpg 1 96 94 93 93
0718_0027_0034_0142_0142.jpg 1 27 34 142 142
0719_0068_0076_0032_0032.jpg 1 68 76 32 32
0720_0036_0031_0142_0142.jpg 1 36 31 142 142
0721_0134_0034_0033_0033.jpg 1 134 34 33 33
0722_0034_0011_0153_0153.jpg 1 34 11 153 153
0723_0109_0092_0071_0071.jpg 1 109 92 71 71
0724_0037_0025_0139_0139.jpg 1 37 25 139 139
0725_0063_0053_0125_0125.jpg 1 63 53 125 125
0726_0021_0058_0080_0080.jpg 1 21 58 80 80
0727_0013_0082_0119_0119.jpg 1 13 82 119 119
0728_0099_0102_0081_0081.jpg 1 99 102 81 81
0729_0094_0057_0072_0072.jpg 1 94 57 72 72
0730_0111_0018_0084_0084.jpg 1 111 18 84 84
0731_0080_0017_0120_0120.jpg 1 80 17 120 120
0732_0115_0118_0052_0052.jpg 1 115 118 52 52
0733_0010_0057_0130_0130.jpg 1 10 57 130 130
0734_0023_0093_0061_0061.jpg 1 23 93 61 61
0735_0024_0012_0147_0147.jpg 1 24 12 147 147
0736_0034_0035_0118_0118.jpg 1 34 35 118 118
0737_0045_0069_0097_0097.jpg 1 45 69 97 97
0738_0050_0098_0046_0046.jpg 1 50 98 46 46
0739_0034_0040_0145_0145.jpg 1 34 40 145 145
0740_0023_0027_0153_0153.jpg 1 23 27 153 153
0741_0034_0044_0145_0145.jpg 1 34 44 145 145
0742_0122_0153_0029_0029.jpg 1 122 153 29 29
0743_0080_0066_0122_0122.jpg 1 80 66 122 122
0744_0061_0060_0030_0030.jpg 1 61 60 30 30
0745_0020_0038_0120_0120.jpg 1 20 38 120 120
0746_0147_0128_0035_0035.jpg 1 147 128 35 35
0747_0017_0097_0047_0047.jpg 1 17 97 47 47
0748_0030_0082_0059_0059.jpg 1 30 82 59 59
0749_0077_0030_0101_0101.jpg 1 77 30 101 101
0750_0053_0018_0038_0038.jpg 1 53 18 38 38
0751_0051_0094_0098_0098.jpg 1 51 94 98 98
0752_0060_0071_0127_0127.jpg 1 60 71 127 127
0753_0079_0021_0073_0073.jpg 1 79 21 73 73
0754_0111_0094_0031_0031.jpg 1 111 94 31 31
0755_0058_0028_0138_0138.jpg 1 58 28 138 138
0756_0110_0061_0065_0065.jpg 1 110 61 65 65
0757_0030_0023_0089_0089.jpg 1 30 23 89 89
0758_0047_0034_0154_0154.jpg 1 47 34 154 154
0759_0051_0053_0153_0153.jpg 1 51 53 153 153
0760_0132_0107_0046_0046.jpg 1 132 107 46 46
0761_0081_0145_0037_0037.jpg 1 81 145 37 37
0762_0058_0028_0095_0095.jpg 1 58 28 95 95
0763_0030_0017_0108_0108.jpg 1 30 17 108 108
0764_0057_0043_0148_0148.jpg 1 57 43 148 148
0765_0074_0070_0128_0128.jpg 1 74 70 128 128
0766_0044_0012_0133_0133.jpg 1 44 12 133 133
0767_0015_0086_0100_0100.jpg 1 15 86 100 100
0768_0023_0053_0139_0139.jpg 1 23 53 139 139
0769_0043_0053_0148_0148.jpg 1 43 53 148 148
0770_0050_0116_0029_0029.jpg 1 50 116 29 29
0771_0118_0035_0031_0031.jpg 1 118 35 31 31
0772_0040_0026_0120_0120.jpg 1 40 26 120 120
0773_0021_0066_0134_0134.jpg 1 21 66 134 134
0774_0033_0019_0108_0108.jpg 1 33 19 108 108
0775_0106_0029_0056_0056.jpg 1 106 29 56 56
0776_0047_0060_0138_0138.jpg 1 47 60 138 138
0777_0071_0081_0050_0050.jpg 1 71 81 50 50
0778_0136_0127_0046_0046.jpg 1 136 127 46 46
0779_0011_0023_0152_0152.jpg 1 11 23 152 152
0780_0022_0035_0091_0091.jpg 1 22 35 91 91
0781_0065_0054_0110_0110.jpg 1 65 54 110 110
0782_0030_0088_0080_0080.jpg 1 30 88 80 80
0783_0149_0066_0035_0035.jpg 1 149 66 35 35
0784_0091_0030_0109_0109.jpg 1 91 30 109 109
0785_0103_0019_0091_0091.jpg 1 103 19 91 91
0786_0058_0039_0100_0100.jpg 1 58 39 100 100
0787_0097_0040_0091_0091.jpg 1 97 40 91 91
0788_0076_0067_0089_0089.jpg 1 76 67 89 89
0789_0009_0019_0136_0136.jpg 1 9 19 136 136
0790_0118_0101_0064_0064.jpg 1 118 101 64 64
0791_0089_0031_0104_0104.jpg 1 89 31 104 104
0792_0128_0031_0051_0051.jpg 1 128 31 51 51
0793_0014_0023_0140_0140.jpg 1 14 23 140 140
0794_0019_0026_0141_0141.jpg 1 19 26 141 141
0795_0111_0070_0070_0070.jpg 1 111 70 70 70
0796_0075_0058_0026_0026.jpg 1 75 58 26 26
0797_0038_0084_0041_0041.jpg 1 38 84 41 41
0798_0118_0072_0051_0051.jpg 1 118 72 51 51
0799_0114_0124_0064_0064.jpg 1 114 124 64 64
0800_0106_0054_0060_0060.jpg 1 106 54 60 60
0801_0055_0066_0111_0111.jpg 1 55 66 111 111
0802_0106_0075_0083_0083.jpg 1 106 75 83 83
0803_0053_0031_0084_0084.jpg 1 53 31 84 84
0804_0029_0018_0069_0069.jpg 1 29 18 69 69
0805_0018_0013_0137_0137.jpg 1 18 13 137 137
0806_0133_0036_0048_0048.jpg 1 133 36 48 48
0807_0059_0087_0087_0087.jpg 1 59 87 87 87
0808_0028_0049_0156_0156.jpg 1 28 49 156 156
0809_0110_0053_0028_0028.jpg 1 110 53 28 28
0810_0068_0056_0104_0104.jpg 1 68 56 104 104
0811_0094_0097_0079_0079.jpg 1 94 97 79 79
0812_0034_0047_0147_0147.jpg 1 34 47 147 147
0813_0112_0107_0054_0054.jpg 1 112 107 54 54
0814_0045_0051_0063_0063.jpg 1 45 51 63 63
0815_0007_0039_0153_0153.jpg 1 7 39 153 153
0816_0039_0064_0143_0143.jpg 1 39 64 143 143
0817_0048_0030_0125_0125.jpg 1 48 30 125 125
0818_0021_0135_0024_0024.jpg 1 21 135 24 24
0819_0041_0031_0136_0136.jpg 1 41 31 136 136
0820_0072_0127_0060_0060.jpg 1 72 127 60 60
0821_0116_0097_0068_0068.jpg 1 116 97 68 68
0822_0141_0114_0038_0038.jpg 1 141 114 38 38
0823_0045_0033_0156_0156.jpg 1 45 33 156 156
0824_0023_0013_0137_0137.jpg 1 23 13 137 137
0825_0095_0032_0046_0046.jpg 1 95 32 46 46
0826_0043_0015_0154_0154.jpg 1 43 15 154 154
0827_0051_0095_0063_0063.jpg 1 51 95 63 63
0828_0086_0026_0077_0077.jpg 1 86 26 77 77
0829_0065_0047_0141_0141.jpg 1 65 47 141 141
0830_0039_0042_0049_0049.jpg 1 39 42 49 49
0831_0048_0095_0035_0035.jpg 1 48 95 35 35
0832_0022_0010_0135_0135.jpg 1 22 10 135 135
0833_0080_0029_0105_0105.jpg 1 80 29 105 105
0834_0019_0052_0154_0154.jpg 1 19 52 154 154
0835_0090_0088_0072_0072.jpg 1 90 88 72 72
0836_0067_0055_0114_0114.jpg 1 67 55 114 114
0837_0037_0020_0148_0148.jpg 1 37 20 148 148
0838_0053_0071_0127_0127.jpg 1 53 71 127 127
0839_0032_0056_0152_0152.jpg 1 32 56 152 152
0840_0100_0090_0050_0050.jpg 1 100 90 50 50
0841_0103_0053_0064_0064.jpg 1 103 53 64 64
0842_0012_0010_0152_0152.jpg 1 12 10 152 152
0843_0025_0040_0068_0068.jpg 1 25 40 68 68
0844_0023_0083_0117_0117.jpg 1 23 83 117 117
0845_0070_0016_0094_0094.jpg 1 70 16 94 94
0846_0056_0079_0088_0088.jpg 1 56 79 88 88
0847_0109_0022_0048_0048.jpg 1 109 22 48 48
0848_0082_0044_0065_0065.jpg 1 82 44 65 65
0849_0030_0100_0058_0058.jpg 1 30 100 58 58
0850_0049_0030_0121_0121.jpg 1 49 30 121 121
0851_0136_0070_0026_0026.jpg 1 136 70 26 26
0852_0047_0077_0097_0097.jpg 1 47 77 97 97
0853_0079_0069_0096_0096.jpg 1 79 69 96 96
0854_0056_0026_0086_0086.jpg 1 56 26 86 86
0855_0025_0025_0149_0149.jpg 1 25 25 149 149
0856_0030_0010_0154_0154.jpg 1 30 10 154 154
0857_0117_0072_0076_0076.jpg 1 117 72 76 76
0858_0042_0037_0025_0025.jpg 1 42 37 25 25
0859_0113_0060_0066_0066.jpg 1 113 60 66 66
0860_0069_0025_0132_0132.jpg 1 69 25 132 132
0861_0076_0039_0117_0117.jpg 1 76 39 117 117
0862_0080_0052_0099_0099.jpg 1 80 52 99 99
0863_0100_0131_0059_0059.jpg 1 100 131 59 59
0864_0069_0029_0056_0056.jpg 1 69 29 56 56
0865_0052_0047_0127_0127.jpg 1 52 47 127 127
0866_0011_0016_0147_0147.jpg 1 11 16 147 147
0867_0052_0060_0129_0129.jpg 1 52 60 129 129
0868_0123_0085_0051_0051.jpg 1 123 85 51 51
0869_0018_0106_0060_0060.jpg 1 18 106 60 60
0870_0052_0028_0146_0146.jpg 1 52 28 146 146
0871_0087_0065_0081_0081.jpg 1 87 65 81 81
0872_0017_0026_0116_0116.jpg 1 17 26 116 116
0873_0101_0060_0082_0082.jpg 1 101 60 82 82
0874_0075_0058_0106_0106.jpg 1 75 58 106 106
0875_0032_0059_0102_0102.jpg 1 32 59 102 102
0876_0050_0032_0045_0045.jpg 1 50 32 45 45
0877_0064_0027_0072_0072.jpg 1 64 27 72 72
0878_0040_0067_0088_0088.jpg 1 40 67 88 88
0879_0062_0046_0079_0079.jpg 1 62 46 79 79
0880_0058_0101_0024_0024.jpg 1 58 101 24 24
0881_0044_0025_0126_0126.jpg 1 44 25 126 126
0882_0010_0037_0130_0130.jpg 1 10 37 130 130
0883_0075_0072_0101_0101.jpg 1 75 72 101 101
0884_0028_0032_0104_0104.jpg 1 28 32 104 104
0885_0079_0020_0080_0080.jpg 1 79 20 80 80
0886_0025_0040_0033_0033.jpg 1 25 40 33 33
0887_0089_0081_0108_0108.jpg 1 89 81 108 108
0888_0020_0055_0143_0143.jpg 1 20 55 143 143
0889_0065_0016_0121_0121.jpg 1 65 16 121 121
0890_0099_0104_0075_0075.jpg 1 99 104 75 75
0891_0078_0041_0072_0072.jpg 1 78 41 72 72
0892_0035_0050_0151_0151.jpg 1 35 50 151 151
0893_0047_0032_0133_0133.jpg 1 47 32 133 133
0894_0030_0139_0046_0046.jpg 1 30 139 46 46
0895_0099_0020_0059_0059.jpg 1 99 20 59 59
0896_0082_0024_0064_0064.jpg 1 82 24 64 64
0897_0062_0103_0089_0089.jpg 1 62 103 89 89
0898_0032_0030_0099_0099.jpg 1 32 30 99 99
0899_0027_0037_0083_0083.jpg 1 27 37 83 83
0900_0072_0040_0106_0106.jpg 1 72 40 106 106
0901_0078_0023_0086_0086.jpg 1 78 23 86 86
0902_0018_0031_0143_0143.jpg 1 18 31 143 143
0903_0119_0025_0072_0072.jpg 1 119 25 72 72
0904_0038_0007_0152_0152.jpg 1 38 7 152 152
0905_0072_0032_0124_0124.jpg 1 72 32 124 124
0906_0060_0024_0147_0147.jpg 1 60 24 147 147
0907_0048_0040_0113_0113.jpg 1 48 40 113 113
0908_0042_0020_0118_0118.jpg 1 42 20 118 118
0909_0049_0040_0027_0027.jpg 1 49 40 27 27
0910_0064_0043_0140_0140.jpg 1 64 43 140 140
0911_0134_0041_0026_0026.jpg 1 134 41 26 26
0912_0062_0047_0120_0120.jpg 1 62 47 120 120
0913_0062_0051_0121_0121.jpg 1 62 51 121 121
0914_0068_0061_0090_0090.jpg 1 68 61 90 90
0915_0075_0086_0096_0096.jpg 1 75 86 96 96
0916_0018_0054_0156_0156.jpg 1 18 54 156 156
0917_0046_0086_0086_0086.jpg 1 46 86 86 86
0918_0121_0060_0061_0061.jpg 1 121 60 61 61
0919_0034_0076_0110_0110.jpg 1 34 76 110 110
0920_0022_0042_0116_0116.jpg 1 22 42 116 116
0921_0035_0061_0052_0052.jpg 1 35 61 52 52
0922_0037_0019_0034_0034.jpg 1 37 19 34 34
0923_0028_0026_0119_0119.jpg 1 28 26 119 119
0924_0034_0110_0081_0081.jpg 1 34 110 81 81
0925_0137_0031_0030_0030.jpg 1 137 31 30 30
0926_0021_0030_0117_0117.jpg 1 21 30 117 117
0927_0148_0083_0033_0033.jpg 1 148 83 33 33
0928_0143_0062_0031_0031.jpg 1 143 62 31 31
0929_0062_0112_0078_0078.jpg 1 62 112 78 78
0930_0053_0042_0137_0137.jpg 1 53 42 137 137
0931_0009_0021_0132_0132.jpg 1 9 21 132 132
0932_0086_0046_0112_0112.jpg 1 86 46 112 112
0933_0087_0070_0111_0111.jpg 1 87 70 111 111
0934_0094_0051_0090_0090.jpg 1 94 51 90 90
0935_0055_0046_0088_0088.jpg 1 55 46 88 88
0936_0085_0024_0050_0050.jpg 1 85 24 50 50
0937_0054_0059_0123_0123.jpg 1 54 59 123 123
0938_0090_0077_0109_0109.jpg 1 90 77 109 109
0939_0057_0098_0061_0061.jpg 1 57 98 61 61
0940_0062_0070_0034_0034.jpg 1 62 70 34 34
0941_0089_0029_0084_0084.jpg 1 89 29 84 84
0942_0075_0105_0047_0047.jpg 1 75 105 47 47
0943_0063_0028_0134_0134.jpg 1 63 28 134 134
0944_0053_0073_0096_0096.jpg 1 53 73 96 96
0945_0051_0110_0041_0041.jpg 1 51 110 41 41
0946_0075_0072_0121_0121.jpg 1 75 72 121 121
0947_0069_0019_0055_0055.jpg 1 69 19 55 55
0948_0020_0035_0059_0059.jpg 1 20 35 59 59
0949_0101_0100_0092_0092.jpg 1 101 100 92 92
0950_0023_0055_0110_0110.jpg 1 23 55 110 110
0951_0071_0027_0054_0054.jpg 1 71 27 54 54
0952_0026_0070_0118_0118.jpg 1 26 70 118 118
0953_0058_0032_0135_0135.jpg 1 58 32 135 135
0954_0101_0044_0069_0069.jpg 1 101 44 69 69
0955_0038_0115_0049_0049.jpg 1 38 115 49 49
0956_0116_0123_0058_0058.jpg 1 116 123 58 58
0957_0059_0031_0042_0042.jpg 1 59 31 42 42
0958_0046_0031_0086_0086.jpg 1 46 31 86 86
0959_0018_0145_0040_0040.jpg 1 18 145 40 40
0960_0050_0044_0067_0067.jpg 1 50 44 67 67
0961_0033_0021_0061_0061.jpg 1 33 21 61 61
0962_0027_0089_0098_0098.jpg 1 27 89 98 98
0963_0069_0041_0108_0108.jpg 1 69 41 108 108
0964_0098_0019_0054_0054.jpg 1 98 19 54 54
0965_0037_0071_0114_0114.jpg 1 37 71 114 114
0966_0045_0098_0068_0068.jpg 1 45 98 68 68
0967_0155_0052_0024_0024.jpg 1 155 52 24 24
0968_0055_0055_0028_0028.jpg 1 55 55 28 28
0969_0059_0024_0083_0083.jpg 1 59 24 83 83
0970_0079_0115_0026_0026.jpg 1 79 115 26 26
0971_0072_0031_0129_0129.jpg 1 72 31 129 129
0972_0027_0086_0077_0077.jpg 1 27 86 77 77
0973_0097_0027_0102_0102.jpg 1 97 27 102 102
0974_0061_0108_0084_0084.jpg 1 61 108 84 84
0975_0026_0037_0030_0030.jpg 1 26 37 30 30
0976_0043_0088_0049_0049.jpg 1 43 88 49 49
0977_0018_0045_0052_0052.jpg 1 18 45 52 52
0978_0063_0059_0138_0138.jpg 1 63 59 138 138
0979_0030_0063_0132_0132.jpg 1 30 63 132 132
0980_0061_0124_0028_0028.jpg 1 61 124 28 28
0981_0105_0044_0049_0049.jpg 1 105 44 49 49
0982_0017_0052_0151_0151.jpg 1 17 52 151 151
0983_0105_0038_0084_0084.jpg 1 105 38 84 84
0984_0036_0038_0031_0031.jpg 1 36 38 31 31
0985_0068_0066_0082_0082.jpg 1 68 66 82 82
0986_0033_0039_0128_0128.jpg 1 33 39 128 128
0987_0065_0059_0127_0127.jpg 1 65 59 127 127
0988_0016_0025_0117_0117.jpg 1 16 25 117 117
0989_0042_0031_0134_0134.jpg 1 42 31 134 134
0990_0055_0026_0149_0149.jpg 1 55 26 149 149
0991_0071_0124_0045_0045.jpg 1 71 124 45 45
0992_0019_0063_0077_0077.jpg 1 19 63 77 77
0993_0118_0124_0036_0036.jpg 1 118 124 36 36
0994_0039_0061_0112_0112.jpg 1 39 61 112 112
0995_0017_0035_0085_0085.jpg 1 17 35 85 85
0996_0125_0019_0047_0047.jpg 1 125 19 47 47
0997_0104_0040_0085_0085.jpg 1 104 40 85 85
0998_0035_0060_0127_0127.jpg 1 35 60 127 127
0999_0097_0024_0100_0100.jpg 1 97 24 100 100
1000_0067_0123_0035_0035.jpg 1 67 123 35 35
1001_0069_0036_0131_0131.jpg 1 69 36 131 131
1002_0021_0044_0024_0024.jpg 1 21 44 24 24
1003_0028_0084_0100_0100.jpg 1 28 84 100 100
1004_0093_0056_0070_0070.jpg 1 93 56 70 70
1005_0070_0062_0112_0112.jpg 1 70 62 112 112
1006_0057_0026_0044_0044.jpg 1 57 26 44 44
1007_0097_0084_0064_0064.jpg 1 97 84 64 64
1008_0056_0052_0087_0087.jpg 1 56 52 87 87
1009_0026_0058_0130_0130.jpg 1 26 58 130 130
1010_0053_0035_0108_0108.jpg 1 53 35 108 108
1011_0036_0119_0030_0030.jpg 1 36 119 30 30
1012_0076_0071_0123_0123.jpg 1 76 71 123 123
1013_0072_0032_0046_0046.jpg 1 72 32 46 46
1014_0071_0035_0069_0069.jpg 1 71 35 69 69
1015_0114_0081_0047_0047.jpg 1 114 81 47 47
1016_0072_0092_0063_0063.jpg 1 72 92 63 63
1017_0092_0090_0096_0096.jpg 1 92 90 96 96
1018_0034_0055_0136_0136.jpg 1 34 55 136 136
1019_0083_0051_0086_0086.jpg 1 83 51 86 86
1020_0066_0076_0101_0101.jpg 1 66 76 101 101
1021_0016_0014_0124_0124.jpg 1 16 14 124 124
1022_0099_0125_0033_0033.jpg 1 99 125 33 33
1023_0041_0070_0100_0100.jpg 1 41 70 100 100
1024_0032_0057_0149_0149.jpg 1 32 57 149 149
1025_0032_0065_0107_0107.jpg 1 32 65 107 107
1026_0081_0052_0094_0094.jpg 1 81 52 94 94
1027_0018_0051_0112_0112.jpg 1 18 51 112 112
1028_0071_0045_0118_0118.jpg 1 71 45 118 118
1029_0111_0112_0030_0030.jpg 1 111 112 30 30
1030_0120_0086_0069_0069.jpg 1 120 86 69 69
1031_0102_0109_0062_0062.jpg 1 102 109 62 62
1032_0043_0042_0120_0120.jpg 1 43 42 120 120
1033_0021_0044_0147_0147.jpg 1 21 44 147 147
1034_0093_0115_0040_0040.jpg 1 93 115 40 40
1035_0055_0012_0113_0113.jpg 1 55 12 113 113
1036_0032_0012_0145_0145.jpg 1 32 12 145 145
1037_0149_0104_0025_0025.jpg 1 149 104 25 25
1038_0041_0031_0105_0105.jpg 1 41 31 105 105
1039_0099_0036_0090_0090.jpg 1 99 36 90 90
1040_0016_0023_0106_0106.jpg 1 16 23 106 106
1041_0103_0051_0092_0092.jpg 1 103 51 92 92
1042_0071_0073_0044_0044.jpg 1 71 73 44 44
1043_0028_0013_0133_0133.jpg 1 28 13 133 133
1044_0144_0070_0037_0037.jpg 1 144 70 37 37
1045_0021_0115_0049_0049.jpg 1 21 115 49 49
1046_0052_0090_0047_0047.jpg 1 52 90 47 47
1047_0077_0078_0114_0114.jpg 1 77 78 114 114
1048_0040_0096_0044_0044.jpg 1 40 96 44 44
1049_0057_0046_0088_0088.jpg 1 57 46 88 88
1050_0095_0117_0041_0041.jpg 1 95 117 41 41
1051_0031_0018_0067_0067.jpg 1 31 18 67 67
1052_0022_0044_0048_0048.jpg 1 22 44 48 48
1053_0029_0104_0076_0076.jpg 1 29 104 76 76
1054_0103_0021_0037_0037.jpg 1 103 21 37 37
1055_0040_0093_0062_0062.jpg 1 40 93 62 62
1056_0056_0032_0032_0032.jpg 1 56 32 32 32
1057_0052_0036_0150_0150.jpg 1 52 36 150 150
1058_0053_0039_0085_0085.jpg 1 53 39 85 85
1059_0096_0109_0028_0028.jpg 1 96 109 28 28
1060_0065_0048_0137_0137.jpg 1 65 48 137 137
1061_0104_0084_0091_0091.jpg 1 104 84 91 91
1062_0036_0019_0101_0101.jpg 1 36 19 101 101
1063_0063_0030_0135_0135.jpg 1 63 30 135 135
1064_0136_0094_0033_0033.jpg 1 136 94 33 33
1065_0023_0043_0124_0124.jpg 1 23 43 124 124
1066_0048_0022_0135_0135.jpg 1 48 22 135 135
1067_0014_0057_0135_0135.jpg 1 14 57 135 135
1068_0142_0092_0024_0024.jpg 1 142 92 24 24
1069_0083_0102_0096_0096.jpg 1 83 102 96 96
1070_0120_0110_0053_0053.jpg 1 120 110 53 53
1071_0140_0119_0030_0030.jpg 1 140 119 30 30
1072_0041_0023_0053_0053.jpg 1 41 23 53 53
1073_0069_0039_0073_0073.jpg 1 69 39 73 73
1074_0033_0057_0149_0149.jpg 1 33 57 149 149
1075_0106_0135_0028_0028.jpg 1 106 135 28 28
1076_0088_0040_0105_0105.jpg 1 88 40 105 105
1077_0043_0059_0135_0135.jpg 1 43 59 135 135
1078_0114_0047_0047_0047.jpg 1 114 47 47 47
1079_0046_0022_0123_0123.jpg 1 46 22 123 123
1080_0064_0072_0089_0089.jpg 1 64 72 89 89
1081_0018_0082_0087_0087.jpg 1 18 82 87 87
1082_0056_0116_0077_0077.jpg 1 56 116 77 77
1083_0018_0042_0149_0149.jpg 1 18 42 149 149
1084_0012_0026_0097_0097.jpg 1 12 26 97 97
1085_0087_0052_0089_0089.jpg 1 87 52 89 89
1086_0086_0079_0079_0079.jpg 1 86 79 79 79
1087_0055_0104_0083_0083.jpg 1 55 104 83 83
1088_0077_0014_0091_0091.jpg 1 77 14 91 91
1089_0076_0091_0099_0099.jpg 1 76 91 99 99
1090_0082_0079_0099_0099.jpg 1 82 79 99 99
1091_0072_0075_0101_0101.jpg 1 72 75 101 101
1092_0042_0092_0059_0059.jpg 1 42 92 59 59
1093_0155_0154_0026_0026.jpg 1 155 154 26 26
1094_0040_0077_0067_0067.jpg 1 40 77 67 67
1095_0031_0074_0094_0094.jpg 1 31 74 94 94
1096_0071_0050_0121_0121.jpg 1 71 50 121 121
1097_0014_0053_0132_0132.jpg 1 14 53 132 132
1098_0031_0062_0129_0129.jpg 1 31 62 129 129
1099_0031_0057_0143_0143.jpg 1 31 57 143 143
1100_0029_0067_0099_0099.jpg 1 29 67 99 99
1101_0101_0094_0089_0089.jpg 1 101 94 89 89
1102_0023_0048_0120_0120.jpg 1 23 48 120 120
1103_0103_0080_0080_0080.jpg 1 103 80 80 80
1104_0032_0040_0153_0153.jpg 1 32 40 153 153
1105_0021_0055_0034_0034.jpg 1 21 55 34 34
1106_0019_0076_0108_0108.jpg 1 19 76 108 108
1107_0126_0039_0036_0036.jpg 1 126 39 36 36
1108_0085_0016_0104_0104.jpg 1 85 16 104 104
1109_0076_0043_0128_0128.jpg 1 76 43 128 128
1110_0109_0077_0080_0080.jpg 1 109 77 80 80
1111_0035_0064_0102_0102.jpg 1 35 64 102 102
1112_0016_0089_0077_0077.jpg 1 16 89 77 77
1113_0053_0013_0150_0150.jpg 1 53 13 150 150
1114_0045_0048_0044_0044.jpg 1 45 48 44 44
1115_0060_0068_0079_0079.jpg 1 60 68 79 79
1116_0117_0064_0033_0033.jpg 1 117 64 33 33
1117_0066_0019_0121_0121.jpg 1 66 19 121 121
1118_0069_0094_0047_0047.jpg 1 69 94 47 47
1119_0079_0053_0101_0101.jpg 1 79 53 101 101
1120_0100_0055_0082_0082.jpg 1 100 55 82 82
1121_0033_0038_0154_0154.jpg 1 33 38 154 154
1122_0036_0055_0104_0104.jpg 1 36 55 104 104
1123_0037_0113_0052_0052.jpg 1 37 113 52 52
1124_0035_0038_0138_0138.jpg 1 35 38 138 138
1125_0064_0054_0132_0132.jpg 1 64 54 132 132
1126_0042_0051_0131_0131.jpg 1 42 51 131 131
1127_0132_0045_0053_0053.jpg 1 132 45 53 53
1128_0021_0105_0034_0034.jpg 1 21 105 34 34
1129_0011_0067_0125_0125.jpg 1 11 67 125 125
1130_0021_0074_0128_0128.jpg 1 21 74 128 128
1131_0052_0038_0105_0105.jpg 1 52 38 105 105
1132_0080_0132_0054_0054.jpg 1 80 132 54 54
1133_0017_0024_0154_0154.jpg 1 17 24 154 154
1134_0037_0059_0082_0082.jpg 1 37 59 82 82
1135_0023_0113_0061_0061.jpg 1 23 113 61 61
1136_0054_0072_0096_0096.jpg 1 54 72 96 96
1137_0115_0075_0061_0061.jpg 1 115 75 61 61
1138_0016_0068_0134_0134.jpg 1 16 68 134 134
1139_0053_0026_0049_0049.jpg 1 53 26 49 49
1140_0035_0043_0073_0073.jpg 1 35 43 73 73
1141_0065_0113_0069_0069.jpg 1 65 113 69 69
1142_0018_0034_0137_0137.jpg 1 18 34 137 137
1143_0040_0010_0151_0151.jpg 1 40 10 151 151
1144_0077_0105_0085_0085.jpg 1 77 105 85 85
1145_0064_0017_0134_0134.jpg 1 64 17 134 134
1146_0017_0066_0135_0135.jpg 1 17 66 135 135
1147_0023_0055_0078_0078.jpg 1 23 55 78 78
1148_0030_0089_0052_0052.jpg 1 30 89 52 52
1149_0081_0031_0122_0122.jpg 1 81 31 122 122
1150_0086_0030_0083_0083.jpg 1 86 30 83 83
1151_0086_0036_0103_0103.jpg 1 86 36 103 103
1152_0079_0085_0062_0062.jpg 1 79 85 62 62
1153_0024_0047_0141_0141.jpg 1 24 47 141 141
1154_0075_0053_0047_0047.jpg 1 75 53 47 47
1155_0096_0092_0085_0085.jpg 1 96 92 85 85
1156_0023_0036_0029_0029.jpg 1 23 36 29 29
1157_0027_0061_0123_0123.jpg 1 27 61 123 123
1158_0078_0048_0100_0100.jpg 1 78 48 100 100
1159_0062_0037_0111_0111.jpg 1 62 37 111 111
1160_0072_0035_0125_0125.jpg 1 72 35 125 125
1161_0012_0042_0140_0140.jpg 1 12 42 140 140
1162_0076_0086_0070_0070.jpg 1 76 86 70 70
1163_0020_0118_0062_0062.jpg 1 20 118 62 62
1164_0118_0097_0024_0024.jpg 1 118 97 24 24
1165_0121_0128_0061_0061.jpg 1 121 128 61 61
1166_0045_0027_0032_0032.jpg 1 45 27 32 32
1167_0126_0089_0050_0050.jpg 1 126 89 50 50
1168_0085_0059_0113_0113.jpg 1 85 59 113 113
1169_0040_0047_0117_0117.jpg 1 40 47 117 117
1170_0039_0017_0152_0152.jpg 1 39 17 152 152
1171_0121_0073_0026_0026.jpg 1 121 73 26 26
1172_0028_0015_0109_0109.jpg 1 28 15 109 109
1173_0072_0022_0094_0094.jpg 1 72 22 94 94
1174_0120_0033_0044_0044.jpg 1 120 33 44 44
1175_0088_0036_0085_0085.jpg 1 88 36 85 85
1176_0052_0017_0125_0125.jpg 1 52 17 125 125
1177_0122_0064_0027_0027.jpg 1 122 64 27 27
1178_0027_0033_0104_0104.jpg 1 27 33 104 104
1179_0020_0031_0130_0130.jpg 1 20 31 130 130
1180_0102_0053_0074_0074.jpg 1 102 53 74 74
1181_0064_0036_0140_0140.jpg 1 64 36 140 140
1182_0028_0091_0071_0071.jpg 1 28 91 71 71
1183_0050_0055_0144_0144.jpg 1 50 55 144 144
1184_0077_0045_0107_0107.jpg 1 77 45 107 107
1185_0049_0102_0033_0033.jpg 1 49 102 33 33
1186_0142_0074_0046_0046.jpg 1 142 74 46 46
1187_0028_0010_0146_0146.jpg 1 28 10 146 146
1188_0033_0031_0029_0029.jpg 1 33 31 29 29
1189_0038_0063_0043_0043.jpg 1 38 63 43 43
1190_0056_0057_0107_0107.jpg 1 56 57 107 107
1191_0091_0070_0101_0101.jpg 1 91 70 101 101
1192_0023_0055_0152_0152.jpg 1 23 55 152 152
1193_0098_0069_0035_0035.jpg 1 98 69 35 35
1194_0143_0118_0030_0030.jpg 1 143 118 30 30
1195_0027_0026_0149_0149.jpg 1 27 26 149 149
1196_0077_0108_0071_0071.jpg 1 77 108 71 71
1197_0041_0031_0106_0106.jpg 1 41 31 106 106
1198_0128_0021_0025_0025.jpg 1 128 21 25 25
1199_0089_0041_0098_0098.jpg 1 89 41 98 98
1200_0052_0131_0024_0024.jpg 1 52 131 24 24
1201_0113_0132_0039_0039.jpg 1 113 132 39 39
1202_0115_0019_0077_0077.jpg 1 115 19 77 77
1203_0087_0023_0092_0092.jpg 1 87 23 92 92
1204_0071_0025_0082_0082.jpg 1 71 25 82 82
1205_0089_0076_0032_0032.jpg 1 89 76 32 32
1206_0023_0060_0143_0143.jpg 1 23 60 143 143
1207_0074_0081_0093_0093.jpg 1 74 81 93 93
1208_0112_0053_0051_0051.jpg 1 112 53 51 51
1209_0136_0111_0024_0024.jpg 1 136 111 24 24
1210_0087_0012_0104_0104.jpg 1 87 12 104 104
1211_0077_0075_0061_0061.jpg 1 77 75 61 61
1212_0018_0022_0147_0147.jpg 1 18 22 147 147
1213_0049_0113_0057_0057.jpg 1 49 113 57 57
1214_0093_0025_0087_0087.jpg 1 93 25 87 87
1215_0015_0014_0121_0121.jpg 1 15 14 121 121
1216_0028_0026_0152_0152.jpg 1 28 26 152 152
1217_0014_0056_0152_0152.jpg 1 14 56 152 152
1218_0101_0096_0051_0051.jpg 1 101 96 51 51
1219_0108_0027_0028_0028.jpg 1 108 27 28 28
1220_0027_0044_0082_0082.jpg 1 27 44 82 82
1221_0025_0055_0071_0071.jpg 1 25 55 71 71
1222_0022_0147_0028_0028.jpg 1 22 147 28 28
1223_0101_0131_0056_0056.jpg 1 101 131 56 56
1224_0068_0098_0087_0087.jpg 1 68 98 87 87
1225_0024_0056_0148_0148.jpg 1 24 56 148 148
1226_0077_0135_0031_0031.jpg 1 77 135 31 31
1227_0064_0064_0139_0139.jpg 1 64 64 139 139
1228_0081_0026_0056_0056.jpg 1 81 26 56 56
1229_0078_0074_0025_0025.jpg 1 78 74 25 25
1230_0035_0085_0066_0066.jpg 1 35 85 66 66
1231_0062_0039_0143_0143.jpg 1 62 39 143 143
1232_0104_0030_0064_0064.jpg 1 104 30 64 64
1233_0056_0043_0132_0132.jpg 1 56 43 132 132
1234_0053_0067_0137_0137.jpg 1 53 67 137 137
1235_0058_0077_0034_0034.jpg 1 58 77 34 34
1236_0136_0067_0047_0047.jpg 1 136 67 47 47
1237_0023_0087_0033_0033.jpg 1 23 87 33 33
1238_0120_0059_0053_0053.jpg 1 120 59 53 53
1239_0029_0056_0113_0113.jpg 1 29 56 113 113
1240_0054_0090_0101_0101.jpg 1 54 90 101 101
1241_0037_0088_0083_0083.jpg 1 37 88 83 83
1242_0054_0047_0136_0136.jpg 1 54 47 136 136
1243_0041_0030_0131_0131.jpg 1 41 30 131 131
1244_0044_0046_0072_0072.jpg 1 44 46 72 72
1245_0037_0040_0100_0100.jpg 1 37 40 100 100
1246_0053_0108_0047_0047.jpg 1 53 108 47 47
1247_0014_0022_0143_0143.jpg 1 14 22 143 143
1248_0045_0051_0147_0147.jpg 1 45 51 147 147
1249_0033_0054_0134_0134.jpg 1 33 54 134 134
1250_0076_0043_0046_0046.jpg 1 76 43 46 46
1251_0022_0098_0094_0094.jpg 1 22 98 94 94
1252_0102_0022_0094_0094.jpg 1 102 22 94 94
1253_0038_0069_0121_0121.jpg 1 38 69 121 121
1254_0073_0035_0091_0091.jpg 1 73 35 91 91
1255_0024_0044_0123_0123.jpg 1 24 44 123 123
1256_0063_0101_0086_0086.jpg 1 63 101 86 86
1257_0015_0034_0127_0127.jpg 1 15 34 127 127
1258_0017_0035_0108_0108.jpg 1 17 35 108 108
1259_0023_0105_0067_0067.jpg 1 23 105 67 67
1260_0032_0073_0086_0086.jpg 1 32 73 86 86
1261_0018_0055_0054_0054.jpg 1 18 55 54 54
1262_0119_0110_0045_0045.jpg 1 119 110 45 45
1263_0019_0024_0052_0052.jpg 1 19 24 52 52
1264_0129_0025_0038_0038.jpg 1 129 25 38 38
1265_0093_0066_0061_0061.jpg 1 93 66 61 61
1266_0112_0142_0035_0035.jpg 1 112 142 35 35
1267_0065_0018_0084_0084.jpg 1 65 18 84 84
1268_0079_0069_0118_0118.jpg 1 79 69 118 118
1269_0033_0039_0148_0148.jpg 1 33 39 148 148
1270_0135_0112_0036_0036.jpg 1 135 112 36 36
1271_0088_0042_0077_0077.jpg 1 88 42 77 77
1272_0044_0060_0027_0027.jpg 1 44 60 27 27
1273_0047_0092_0060_0060.jpg 1 47 92 60 60
1274_0032_0025_0153_0153.jpg 1 32 25 153 153
1275_0053_0066_0117_0117.jpg 1 53 66 117 117
1276_0065_0016_0079_0079.jpg 1 65 16 79 79
1277_0119_0046_0056_0056.jpg 1 119 46 56 56
1278_0109_0117_0058_0058.jpg 1 109 117 58 58
1279_0025_0024_0101_0101.jpg 1 25 24 101 101
1280_0050_0060_0118_0118.jpg 1 50 60 118 118
1281_0087_0040_0040_0040.jpg 1 87 40 40 40
1282_0043_0071_0070_0070.jpg 1 43 71 70 70
1283_0041_0018_0139_0139.jpg 1 41 18 139 139
1284_0116_0072_0060_0060.jpg 1 116 72 60 60
1285_0150_0103_0030_0030.jpg 1 150 103 30 30
1286_0035_0052_0093_0093.jpg 1 35 52 93 93
1287_0087_0112_0059_0059.jpg 1 87 112 59 59
1288_0057_0104_0027_0027.jpg 1 57 104 27 27
1289_0125_0040_0042_0042.jpg 1 125 40 42 42
1290_0043_0046_0125_0125.jpg 1 43 46 125 125
1291_0149_0114_0025_0025.jpg 1 149 114 25 25
1292_0037_0035_0148_0148.jpg 1 37 35 148 148
1293_0052_0054_0026_0026.jpg 1 52 54 26 26
1294_0070_0036_0117_0117.jpg 1 70 36 117 117
1295_0097_0128_0051_0051.jpg 1 97 128 51 51
1296_0018_0075_0101_0101.jpg 1 18 75 101 101
1297_0103_0102_0070_0070.jpg 1 103 102 70 70
1298_0078_0011_0110_0110.jpg 1 78 11 110 110
1299_0113_0089_0057_0057.jpg 1 113 89 57 57
1300_0082_0047_0105_0105.jpg 1 82 47 105 105
1301_0088_0016_0106_0106.jpg 1 88 16 106 106
1302_0096_0060_0099_0099.jpg 1 96 60 99 99
1303_0093_0118_0042_0042.jpg 1 93 118 42 42
1304_0055_0043_0144_0144.jpg 1 55 43 144 144
1305_0036_0055_0140_0140.jpg 1 36 55 140 140
1306_0085_0073_0091_0091.jpg 1 85 73 91 91
1307_0037_0086_0093_0093.jpg 1 37 86 93 93
1308_0106_0058_0073_0073.jpg 1 106 58 73 73
1309_0024_0065_0073_0073.jpg 1 24 65 73 73
1310_0136_0145_0030_0030.jpg 1 136 145 30 30
1311_0066_0050_0130_0130.jpg 1 66 50 130 130
1312_0136_0089_0047_0047.jpg 1 136 89 47 47
1313_0070_0046_0060_0060.jpg 1 70 46 60 60
1314_0058_0085_0117_0117.jpg 1 58 85 117 117
1315_0098_0062_0049_0049.jpg 1 98 62 49 49
1316_0091_0070_0088_0088.jpg 1 91 70 88 88
1317_0010_0037_0137_0137.jpg 1 10 37 137 137
1318_0043_0044_0066_0066.jpg 1 43 44 66 66
1319_0100_0114_0042_0042.jpg 1 100 114 42 42
1320_0074_0044_0079_0079.jpg 1 74 44 79 79
1321_0015_0054_0086_0086.jpg 1 15 54 86 86
1322_0067_0021_0101_0101.jpg 1 67 21 101 101
1323_0047_0060_0128_0128.jpg 1 47 60 128 128
1324_0055_0030_0130_0130.jpg 1 55 30 130 130
1325_0084_0133_0038_0038.jpg 1 84 133 38 38
1326_0046_0061_0129_0129.jpg 1 46 61 129 129
1327_0057_0066_0121_0121.jpg 1 57 66 121 121
1328_0018_0008_0147_0147.jpg 1 18 8 147 147
1329_0040_0080_0115_0115.jpg 1 40 80 115 115
1330_0047_0125_0067_0067.jpg 1 47 125 67 67
1331_0021_0015_0153_0153.jpg 1 21 15 153 153
1332_0118_0075_0066_0066.jpg 1 118 75 66 66
1333_0054_0035_0132_0132.jpg 1 54 35 132 132
1334_0046_0061_0113_0113.jpg 1 46 61 113 113
1335_0056_0075_0085_0085.jpg 1 56 75 85 85
1336_0021_0017_0104_0104.jpg 1 21 17 104 104
1337_0086_0048_0076_0076.jpg 1 86 48 76 76
1338_0065_0015_0133_0133.jpg 1 65 15 133 133
1339_0028_0037_0123_0123.jpg 1 28 37 123 123
1340_0018_0047_0149_0149.jpg 1 18 47 149 149
1341_0127_0111_0047_0047.jpg 1 127 111 47 47
1342_0085_0028_0086_0086.jpg 1 85 28 86 86
1343_0088_0087_0027_0027.jpg 1 88 87 27 27
1344_0066_0031_0065_0065.jpg 1 66 31 65 65
1345_0093_0105_0030_0030.jpg 1 93 105 30 30
1346_0081_0044_0046_0046.jpg 1 81 44 46 46
1347_0037_0045_0128_0128.jpg 1 37 45 128 128
1348_0056_0049_0132_0132.jpg 1 56 49 132 132
1349_0046_0076_0120_0120.jpg 1 46 76 120 120
1350_0098_0032_0098_0098.jpg 1 98 32 98 98
1351_0016_0070_0059_0059.jpg 1 16 70 59 59
1352_0053_0158_0024_0024.jpg 1 53 158 24 24
1353_0048_0016_0136_0136.jpg 1 48 16 136 136
1354_0022_0055_0115_0115.jpg 1 22 55 115 115
1355_0140_0067_0028_0028.jpg 1 140 67 28 28
1356_0058_0016_0117_0117.jpg 1 58 16 117 117
1357_0047_0097_0086_0086.jpg 1 47 97 86 86
1358_0055_0091_0108_0108.jpg 1 55 91 108 108
1359_0049_0051_0050_0050.jpg 1 49 51 50 50
1360_0084_0037_0110_0110.jpg 1 84 37 110 110
1361_0059_0044_0100_0100.jpg 1 59 44 100 100
1362_0007_0009_0147_0147.jpg 1 7 9 147 147
1363_0106_0036_0069_0069.jpg 1 106 36 69 69
1364_0010_0025_0119_0119.jpg 1 10 25 119 119
1365_0112_0017_0083_0083.jpg 1 112 17 83 83
1366_0048_0062_0145_0145.jpg 1 48 62 145 145
1367_0056_0051_0148_0148.jpg 1 56 51 148 148
1368_0120_0126_0066_0066.jpg 1 120 126 66 66
1369_0085_0045_0083_0083.jpg 1 85 45 83 83
1370_0045_0097_0067_0067.jpg 1 45 97 67 67
1371_0083_0079_0046_0046.jpg 1 83 79 46 46
1372_0010_0029_0131_0131.jpg 1 10 29 131 131
1373_0110_0062_0058_0058.jpg 1 110 62 58 58
1374_0044_0062_0142_0142.jpg 1 44 62 142 142
1375_0045_0053_0121_0121.jpg 1 45 53 121 121
1376_0035_0029_0115_0115.jpg 1 35 29 115 115
1377_0055_0047_0073_0073.jpg 1 55 47 73 73
1378_0078_0042_0071_0071.jpg 1 78 42 71 71
1379_0082_0020_0104_0104.jpg 1 82 20 104 104
1380_0109_0133_0043_0043.jpg 1 109 133 43 43
1381_0025_0021_0155_0155.jpg 1 25 21 155 155
1382_0028_0074_0122_0122.jpg 1 28 74 122 122
1383_0031_0053_0125_0125.jpg 1 31 53 125 125
1384_0084_0078_0110_0110.jpg 1 84 78 110 110
1385_0020_0117_0031_0031.jpg 1 20 117 31 31
1386_0059_0052_0134_0134.jpg 1 59 52 134 134
1387_0020_0071_0076_0076.jpg 1 20 71 76 76
1388_0009_0051_0142_0142.jpg 1 9 51 142 142
1389_0056_0031_0062_0062.jpg 1 56 31 62 62
1390_0030_0032_0134_0134.jpg 1 30 32 134 134
1391_0047_0009_0133_0133.jpg 1 47 9 133 133
1392_0132_0095_0047_0047.jpg 1 132 95 47 47
1393_0082_0080_0057_0057.jpg 1 82 80 57 57
1394_0016_0030_0152_0152.jpg 1 16 30 152 152
1395_0084_0030_0090_0090.jpg 1 84 30 90 90
1396_0012_0007_0148_0148.jpg 1 12 7 148 148
1397_0036_0137_0026_0026.jpg 1 36 137 26 26
1398_0022_0045_0143_0143.jpg 1 22 45 143 143
1399_0037_0045_0075_0075.jpg 1 37 45 75 75
1400_0076_0076_0122_0122.jpg 1 76 76 122 122
1401_0051_0063_0079_0079.jpg 1 51 63 79 79
1402_0051_0041_0124_0124.jpg 1 51 41 124 124
1403_0036_0065_0113_0113.jpg 1 36 65 113 113
1404_0062_0040_0086_0086.jpg 1 62 40 86 86
1405_0017_0052_0151_0151.jpg 1 17 52 151 151
1406_0021_0081_0095_0095.jpg 1 21 81 95 95
1407_0087_0082_0107_0107.jpg 1 87 82 107 107
1408_0052_0110_0025_0025.jpg 1 52 110 25 25
1409_0017_0054_0149_0149.jpg 1 17 54 149 149
1410_0098_0026_0094_0094.jpg 1 98 26 94 94
1411_0041_0075_0104_0104.jpg 1 41 75 104 104
1412_0039_0021_0146_0146.jpg 1 39 21 146 146
1413_0113_0049_0076_0076.jpg 1 113 49 76 76
1414_0059_0123_0027_0027.jpg 1 59 123 27 27
1415_0037_0061_0088_0088.jpg 1 37 61 88 88
1416_0082_0036_0096_0096.jpg 1 82 36 96 96
1417_0117_0093_0030_0030.jpg 1 117 93 30 30
1418_0077_0021_0102_0102.jpg 1 77 21 102 102
1419_0034_0092_0052_0052.jpg 1 34 92 52 52
1420_0091_0024_0074_0074.jpg 1 91 24 74 74
1421_0110_0021_0052_0052.jpg 1 110 21 52 52
1422_0053_0103_0074_0074.jpg 1 53 103 74 74
1423_0046_0016_0109_0109.jpg 1 46 16 109 109
1424_0071_0118_0027_0027.jpg 1 71 118 27 27
1425_0016_0062_0065_0065.jpg 1 16 62 65 65
1426_0072_0098_0065_0065.jpg 1 72 98 65 65
1427_0096_0055_0098_0098.jpg 1 96 55 98 98
1428_0037_0050_0101_0101.jpg 1 37 50 101 101
1429_0056_0025_0153_0153.jpg 1 56 25 153 153
1430_0023_0020_0146_0146.jpg 1 23 20 146 146
1431_0088_0112_0060_0060.jpg 1 88 112 60 60
1432_0102_0110_0072_0072.jpg 1 102 110 72 72
1433_0030_0034_0118_0118.jpg 1 30 34 118 118
1434_0022_0014_0104_0104.jpg 1 22 14 104 104
1435_0134_0121_0048_0048.jpg 1 134 121 48 48
1436_0044_0070_0110_0110.jpg 1 44 70 110 110
1437_0067_0139_0031_0031.jpg 1 67 139 31 31
1438_0048_0085_0050_0050.jpg 1 48 85 50 50
1439_0064_0029_0051_0051.jpg 1 64 29 51 51
1440_0069_0065_0097_0097.jpg 1 69 65 97 97
1441_0033_0111_0036_0036.jpg 1 33 111 36 36
1442_0040_0065_0122_0122.jpg 1 40 65 122 122
1443_0107_0055_0038_0038.jpg 1 107 55 38 38
1444_0069_0054_0136_0136.jpg 1 69 54 136 136
1445_0025_0036_0056_0056.jpg 1 25 36 56 56
1446_0081_0115_0036_0036.jpg 1 81 115 36 36
1447_0058_0050_0112_0112.jpg 1 58 50 112 112
1448_0063_0088_0106_0106.jpg 1 63 88 106 106
1449_0078_0131_0026_0026.jpg 1 78 131 26 26
1450_0074_0075_0107_0107.jpg 1 74 75 107 107
1451_0106_0076_0068_0068.jpg 1 106 76 68 68
1452_0034_0037_0148_0148.jpg 1 34 37 148 148
1453_0040_0079_0086_0086.jpg 1 40 79 86 86
1454_0057_0070_0024_0024.jpg 1 57 70 24 24
1455_0038_0080_0094_0094.jpg 1 38 80 94 94
1456_0058_0036_0098_0098.jpg 1 58 36 98 98
1457_0050_0056_0027_0027.jpg 1 50 56 27 27
1458_0052_0057_0041_0041.jpg 1 52 57 41 41
1459_0063_0035_0133_0133.jpg 1 63 35 133 133
1460_0036_0069_0062_0062.jpg 1 36 69 62 62
1461_0042_0029_0147_0147.jpg 1 42 29 147 147
1462_0144_0120_0043_0043.jpg 1 144 120 43 43
1463_0082_0083_0100_0100.jpg 1 82 83 100 100
1464_0082_0124_0053_0053.jpg 1 82 124 53 53
1465_0068_0122_0051_0051.jpg 1 68 122 51 51
1466_0063_0033_0045_0045.jpg 1 63 33 45 45
1467_0043_0103_0064_0064.jpg 1 43 103 64 64
1468_0082_0073_0035_0035.jpg 1 82 73 35 35
1469_0099_0149_0033_0033.jpg 1 99 149 33 33
1470_0076_0011_0122_0122.jpg 1 76 11 122 122
1471_0082_0084_0117_0117.jpg 1 82 84 117 117
1472_0023_0047_0118_0118.jpg 1 23 47 118 118
1473_0021_0079_0086_0086.jpg 1 21 79 86 86
1474_0011_0060_0126_0126.jpg 1 11 60 126 126
1475_0068_0121_0041_0041.jpg 1 68 121 41 41
1476_0014_0043_0146_0146.jpg 1 14 43 146 146
1477_0033_0040_0098_0098.jpg 1 33 40 98 98
1478_0116_0132_0036_0036.jpg 1 116 132 36 36
1479_0128_0133_0033_0033.jpg 1 128 133 33 33
1480_0033_0097_0060_0060.jpg 1 33 97 60 60
1481_0021_0073_0123_0123.jpg 1 21 73 123 123
1482_0103_0036_0053_0053.jpg 1 103 36 53 53
1483_0043_0017_0126_0126.jpg 1 43 17 126 126
1484_0062_0112_0073_0073.jpg 1 62 112 73 73
1485_0115_0042_0051_0051.jpg 1 115 42 51 51
1486_0092_0106_0071_0071.jpg 1 92 106 71 71
1487_0050_0042_0123_0123.jpg 1 50 42 123 123
1488_0140_0083_0038_0038.jpg 1 140 83 38 38
1489_0100_0076_0030_0030.jpg 1 100 76 30 30
1490_0042_0085_0096_0096.jpg 1 42 85 96 96
1491_0047_0030_0109_0109.jpg 1 47 30 109 109
1492_0085_0121_0052_0052.jpg 1 85 121 52 52
1493_0038_0048_0142_0142.jpg 1 38 48 142 142
1494_0035_0031_0138_0138.jpg 1 35 31 138 138
1495_0080_0067_0109_0109.jpg 1 80 67 109 109
1496_0050_0017_0144_0144.jpg 1 50 17 144 144
1497_0086_0043_0055_0055.jpg 1 86 43 55 55
1498_0027_0041_0034_0034.jpg 1 27 41 34 34
1499_0024_0056_0152_0152.jpg 1 24 56 152 152
1500_0155_0108_0029_0029.jpg 1 155 108 29 29
1501_0033_0073_0085_0085.jpg 1 33 73 85 85
1502_0019_0024_0035_0035.jpg 1 19 24 35 35
1503_0036_0019_0098_0098.jpg 1 36 19 98 98
1504_0032_0078_0116_0116.jpg 1 32 78 116 116
1505_0028_0032_0101_0101.jpg 1 28 32 101 101
1506_0093_0106_0085_0085.jpg 1 93 106 85 85
1507_0043_0092_0043_0043.jpg 1 43 92 43 43
1508_0052_0021_0135_0135.jpg 1 52 21 135 135
1509_0022_0088_0095_0095.jpg 1 22 88 95 95
1510_0030_0011_0154_0154.jpg 1 30 11 154 154
1511_0099_0061_0055_0055.jpg 1 99 61 55 55
1512_0038_0094_0081_0081.jpg 1 38 94 81 81
1513_0044_0023_0034_0034.jpg 1 44 23 34 34
1514_0110_0062_0033_0033.jpg 1 110 62 33 33
1515_0078_0016_0070_0070.jpg 1 78 16 70 70
1516_0011_0056_0140_0140.jpg 1 11 56 140 140
1517_0050_0099_0070_0070.jpg 1 50 99 70 70
1518_0067_0078_0118_0118.jpg 1 67 78 118 118
1519_0060_0084_0073_0073.jpg 1 60 84 73 73
1520_0080_0055_0118_0118.jpg 1 80 55 118 118
1521_0136_0118_0025_0025.jpg 1 136 118 25 25
1522_0050_0066_0093_0093.jpg 1 50 66 93 93
1523_0059_0075_0058_0058.jpg 1 59 75 58 58
1524_0036_0030_0033_0033.jpg 1 36 30 33 33
1525_0071_0084_0084_0084.jpg 1 71 84 84 84
1526_0081_0058_0047_0047.jpg 1 81 58 47 47
1527_0131_0113_0056_0056.jpg 1 131 113 56 56
1528_0015_0046_0125_0125.jpg 1 15 46 125 125
1529_0100_0082_0086_0086.jpg 1 100 82 86 86
1530_0037_0035_0153_0153.jpg 1 37 35 153 153
1531_0017_0008_0149_0149.jpg 1 17 8 149 149
1532_0031_0052_0109_0109.jpg 1 31 52 109 109
1533_0062_0077_0097_0097.jpg 1 62 77 97 97
1534_0037_0039_0151_0151.jpg 1 37 39 151 151
1535_0045_0022_0035_0035.jpg 1 45 22 35 35
1536_0154_0090_0029_0029.jpg 1 154 90 29 29
1537_0048_0067_0131_0131.jpg 1 48 67 131 131
1538_0072_0082_0039_0039.jpg 1 72 82 39 39
1539_0076_0091_0029_0029.jpg 1 76 91 29 29
1540_0096_0100_0056_0056.jpg 1 96 100 56 56
1541_0064_0031_0138_0138.jpg 1 64 31 138 138
1542_0059_0057_0087_0087.jpg 1 59 57 87 87
1543_0120_0080_0049_0049.jpg 1 120 80 49 49
1544_0027_0049_0120_0120.jpg 1 27 49 120 120
1545_0018_0050_0098_0098.jpg 1 18 50 98 98
1546_0063_0072_0109_0109.jpg 1 63 72 109 109
1547_0013_0078_0112_0112.jpg 1 13 78 112 112
1548_0098_0037_0085_0085.jpg 1 98 37 85 85
1549_0066_0041_0135_0135.jpg 1 66 41 135 135
1550_0025_0053_0043_0043.jpg 1 25 53 43 43
1551_0073_0052_0073_0073.jpg 1 73 52 73 73
1552_0141_0097_0040_0040.jpg 1 141 97 40 40
1553_0027_0009_0152_0152.jpg 1 27 9 152 152
1554_0053_0045_0141_0141.jpg 1 53 45 141 141
1555_0065_0062_0112_0112.jpg 1 65 62 112 112
1556_0098_0097_0061_0061.jpg 1 98 97 61 61
1557_0012_0055_0120_0120.jpg 1 12 55 120 120
1558_0094_0020_0071_0071.jpg 1 94 20 71 71
1559_0045_0040_0052_0052.jpg 1 45 40 52 52
1560_0074_0085_0075_0075.jpg 1 74 85 75 75
1561_0035_0049_0151_0151.jpg 1 35 49 151 151
1562_0061_0132_0041_0041.jpg 1 61 132 41 41
1563_0030_0118_0051_0051.jpg 1 30 118 51 51
1564_0054_0044_0104_0104.jpg 1 54 44 104 104
1565_0073_0067_0111_0111.jpg 1 73 67 111 111
1566_0069_0026_0042_0042.jpg 1 69 26 42 42
1567_0070_0073_0058_0058.jpg 1 70 73 58 58
1568_0054_0037_0089_0089.jpg 1 54 37 89 89
1569_0044_0071_0025_0025.jpg 1 44 71 25 25
1570_0097_0068_0059_0059.jpg 1 97 68 59 59
1571_0092_0101_0035_0035.jpg 1 92 101 35 35
1572_0134_0083_0036_0036.jpg 1 134 83 36 36
1573_0096_0041_0091_0091.jpg 1 96 41 91 91
1574_0049_0049_0118_0118.jpg 1 49 49 118 118
1575_0081_0075_0096_0096.jpg 1 81 75 96 96
1576_0029_0093_0104_0104.jpg 1 29 93 104 104
1577_0019_0036_0155_0155.jpg 1 19 36 155 155
1578_0097_0140_0042_0042.jpg 1 97 140 42 42
1579_0071_0072_0093_0093.jpg 1 71 72 93 93
1580_0079_0098_0054_0054.jpg 1 79 98 54 54
1581_0014_0037_0110_0110.jpg 1 14 37 110 110
1582_0035_0049_0123_0123.jpg 1 35 49 123 123
1583_0060_0094_0088_0088.jpg 1 60 94 88 88
1584_0044_0048_0136_0136.jpg 1 44 48 136 136
1585_0054_0032_0045_0045.jpg 1 54 32 45 45
1586_0119_0093_0057_0057.jpg 1 119 93 57 57
1587_0019_0017_0079_0079.jpg 1 19 17 79 79
1588_0055_0042_0138_0138.jpg 1 55 42 138 138
1589_0049_0091_0109_0109.jpg 1 49 91 109 109
1590_0048_0029_0142_0142.jpg 1 48 29 142 142
1591_0107_0061_0038_0038.jpg 1 107 61 38 38
1592_0023_0015_0083_0083.jpg 1 23 15 83 83
1593_0018_0041_0067_0067.jpg 1 18 41 67 67
1594_0104_0080_0050_0050.jpg 1 104 80 50 50
1595_0113_0039_0037_0037.jpg 1 113 39 37 37
1596_0039_0049_0120_0120.jpg 1 39 49 120 120
1597_0030_0055_0110_0110.jpg 1 30 55 110 110
1598_0054_0036_0054_0054.jpg 1 54 36 54 54
1599_0069_0058_0133_0133.jpg 1 69 58 133 133
1600_0091_0046_0101_0101.jpg 1 91 46 101 101
1601_0062_0059_0087_0087.jpg 1 62 59 87 87
1602_0016_0040_0151_0151.jpg 1 16 40 151 151
1603_0035_0063_0086_0086.jpg 1 35 63 86 86
1604_0141_0075_0046_0046.jpg 1 141 75 46 46
1605_0067_0104_0032_0032.jpg 1 67 104 32 32
1606_0017_0011_0124_0124.jpg 1 17 11 124 124
1607_0142_0107_0024_0024.jpg 1 142 107 24 24
1608_0008_0018_0149_0149.jpg 1 8 18 149 149
1609_0035_0025_0067_0067.jpg 1 35 25 67 67
1610_0017_0024_0054_0054.jpg 1 17 24 54 54
1611_0045_0033_0083_0083.jpg 1 45 33 83 83
1612_0031_0062_0131_0131.jpg 1 31 62 131 131
1613_0098_0054_0083_0083.jpg 1 98 54 83 83
1614_0032_0025_0150_0150.jpg 1 32 25 150 150
1615_0060_0063_0124_0124.jpg 1 60 63 124 124
1616_0086_0076_0086_0086.jpg 1 86 76 86 86
1617_0048_0080_0097_0097.jpg 1 48 80 97 97
1618_0048_0054_0148_0148.jpg 1 48 54 148 148
1619_0020_0062_0062_0062.jpg 1 20 62 62 62
1620_0092_0021_0045_0045.jpg 1 92 21 45 45
1621_0047_0081_0051_0051.jpg 1 47 81 51 51
1622_0047_0051_0140_0140.jpg 1 47 51 140 140
1623_0065_0035_0028_0028.jpg 1 65 35 28 28
1624_0079_0021_0048_0048.jpg 1 79 21 48 48
1625_0035_0025_0136_0136.jpg 1 35 25 136 136
1626_0033_0065_0126_0126.jpg 1 33 65 126 126
1627_0024_0025_0146_0146.jpg 1 24 25 146 146
1628_0049_0019_0103_0103.jpg 1 49 19 103 103
1629_0049_0037_0109_0109.jpg 1 49 37 109 109
1630_0026_0044_0064_0064.jpg 1 26 44 64 64
1631_0050_0084_0092_0092.jpg 1 50 84 92 92
1632_0018_0017_0148_0148.jpg 1 18 17 148 148
1633_0038_0052_0095_0095.jpg 1 38 52 95 95
1634_0024_0029_0114_0114.jpg 1 24 29 114 114
1635_0052_0024_0141_0141.jpg 1 52 24 141 141
1636_0138_0072_0044_0044.jpg 1 138 72 44 44
1637_0087_0037_0071_0071.jpg 1 87 37 71 71
1638_0138_0034_0025_0025.jpg 1 138 34 25 25
1639_0129_0135_0041_0041.jpg 1 129 135 41 41
1640_0127_0132_0026_0026.jpg 1 127 132 26 26
1641_0144_0122_0042_0042.jpg 1 144 122 42 42
1642_0022_0045_0114_0114.jpg 1 22 45 114 114
1643_0015_0044_0131_0131.jpg 1 15 44 131 131
1644_0083_0090_0069_0069.jpg 1 83 90 69 69
1645_0039_0010_0155_0155.jpg 1 39 10 155 155
1646_0088_0045_0081_0081.jpg 1 88 45 81 81
1647_0057_0050_0104_0104.jpg 1 57 50 104 104
1648_0022_0064_0079_0079.jpg 1 22 64 79 79
1649_0095_0083_0054_0054.jpg 1 95 83 54 54
1650_0023_0057_0089_0089.jpg 1 23 57 89 89
1651_0036_0009_0151_0151.jpg 1 36 9 151 151
1652_0038_0052_0129_0129.jpg 1 38 52 129 129
1653_0024_0063_0087_0087.jpg 1 24 63 87 87
1654_0039_0037_0087_0087.jpg 1 39 37 87 87
1655_0025_0046_0127_0127.jpg 1 25 46 127 127
1656_0044_0051_0141_0141.jpg 1 44 51 141 141
1657_0063_0051_0086_0086.jpg 1 63 51 86 86
1658_0054_0013_0133_0133.jpg 1 54 13 133 133
1659_0084_0087_0100_0100.jpg 1 84 87 100 100
1660_0111_0127_0050_0050.jpg 1 111 127 50 50
1661_0133_0073_0027_0027.jpg 1 133 73 27 27
1662_0021_0068_0106_0106.jpg 1 21 68 106 106
1663_0017_0038_0142_0142.jpg 1 17 38 142 142
1664_0052_0101_0078_0078.jpg 1 52 101 78 78
1665_0038_0039_0148_0148.jpg 1 38 39 148 148
1666_0107_0039_0043_0043.jpg 1 107 39 43 43
1667_0058_0038_0078_0078.jpg 1 58 38 78 78
1668_0018_0045_0129_0129.jpg 1 18 45 129 129
1669_0070_0063_0026_0026.jpg 1 70 63 26 26
1670_0088_0069_0071_0071.jpg 1 88 69 71 71
1671_0024_0026_0073_0073.jpg 1 24 26 73 73
1672_0082_0079_0095_0095.jpg 1 82 79 95 95
1673_0015_0042_0154_0154.jpg 1 15 42 154 154
1674_0056_0020_0105_0105.jpg 1 56 20 105 105
1675_0035_0024_0074_0074.jpg 1 35 24 74 74
1676_0115_0106_0044_0044.jpg 1 115 106 44 44
1677_0082_0058_0116_0116.jpg 1 82 58 116 116
1678_0119_0044_0062_0062.jpg 1 119 44 62 62
1679_0030_0023_0149_0149.jpg 1 30 23 149 149
1680_0043_0033_0154_0154.jpg 1 43 33 154 154
1681_0016_0047_0156_0156.jpg 1 16 47 156 156
1682_0062_0022_0028_0028.jpg 1 62 22 28 28
1683_0020_0024_0146_0146.jpg 1 20 24 146 146
1684_0011_0022_0150_0150.jpg 1 11 22 150 150
1685_0021_0075_0067_0067.jpg 1 21 75 67 67
1686_0039_0033_0156_0156.jpg 1 39 33 156 156
1687_0023_0030_0129_0129.jpg 1 23 30 129 129
1688_0034_0038_0123_0123.jpg 1 34 38 123 123
1689_0058_0052_0141_0141.jpg 1 58 52 141 141
1690_0066_0110_0045_0045.jpg 1 66 110 45 45
1691_0010_0059_0127_0127.jpg 1 10 59 127 127
1692_0013_0034_0123_0123.jpg 1 13 34 123 123
1693_0094_0048_0094_0094.jpg 1 94 48 94 94
1694_0095_0075_0049_0049.jpg 1 95 75 49 49
1695_0050_0087_0080_0080.jpg 1 50 87 80 80
1696_0023_0015_0078_0078.jpg 1 23 15 78 78
1697_0135_0089_0024_0024.jpg 1 135 89 24 24
1698_0047_0101_0059_0059.jpg 1 47 101 59 59
1699_0098_0094_0028_0028.jpg 1 98 94 28 28
1700_0037_0019_0149_0149.jpg 1 37 19 149 149
1701_0123_0059_0047_0047.jpg 1 123 59 47 47
1702_0127_0081_0048_0048.jpg 1 127 81 48 48
1703_0017_0055_0130_0130.jpg 1 17 55 130 130
1704_0024_0036_0128_0128.jpg 1 24 36 128 128
1705_0062_0037_0058_0058.jpg 1 62 37 58 58
1706_0078_0062_0077_0077.jpg 1 78 62 77 77
1707_0082_0045_0091_0091.jpg 1 82 45 91 91
1708_0075_0125_0041_0041.jpg 1 75 125 41 41
1709_0107_0109_0071_0071.jpg 1 107 109 71 71
1710_0092_0104_0056_0056.jpg 1 92 104 56 56
1711_0109_0037_0060_0060.jpg 1 109 37 60 60
1712_0043_0051_0102_0102.jpg 1 43 51 102 102
1713_0025_0052_0137_0137.jpg 1 25 52 137 137
1714_0078_0023_0120_0120.jpg 1 78 23 120 120
1715_0016_0038_0131_0131.jpg 1 16 38 131 131
1716_0058_0024_0127_0127.jpg 1 58 24 127 127
1717_0113_0077_0067_0067.jpg 1 113 77 67 67
1718_0026_0017_0127_0127.jpg 1 26 17 127 127
1719_0065_0124_0045_0045.jpg 1 65 124 45 45
1720_0069_0107_0041_0041.jpg 1 69 107 41 41
1721_0064_0115_0026_0026.jpg 1 64 115 26 26
1722_0075_0029_0101_0101.jpg 1 75 29 101 101
1723_0133_0129_0048_0048.jpg 1 133 129 48 48
1724_0049_0076_0099_0099.jpg 1 49 76 99 99
1725_0065_0033_0138_0138.jpg 1 65 33 138 138
1726_0034_0019_0091_0091.jpg 1 34 19 91 91
1727_0124_0022_0038_0038.jpg 1 124 22 38 38
1728_0069_0035_0125_0125.jpg 1 69 35 125 125
1729_0075_0060_0101_0101.jpg 1 75 60 101 101
1730_0089_0144_0039_0039.jpg 1 89 144 39 39
1731_0013_0044_0151_0151.jpg 1 13 44 151 151
1732_0037_0043_0105_0105.jpg 1 37 43 105 105
1733_0084_0068_0042_0042.jpg 1 84 68 42 42
1734_0037_0086_0074_0074.jpg 1 37 86 74 74
1735_0140_0103_0042_0042.jpg 1 140 103 42 42
1736_0100_0094_0030_0030.jpg 1 100 94 30 30
1737_0059_0031_0088_0088.jpg 1 59 31 88 88
1738_0081_0071_0097_0097.jpg 1 81 71 97 97
1739_0136_0020_0052_0052.jpg 1 136 20 52 52
1740_0058_0026_0064_0064.jpg 1 58 26 64 64
1741_0083_0092_0108_0108.jpg 1 83 92 108 108
1742_0025_0066_0124_0124.jpg 1 25 66 124 124
1743_0035_0011_0128_0128.jpg 1 35 11 128 128
1744_0021_0050_0154_0154.jpg 1 21 50 154 154
1745_0110_0044_0053_0053.jpg 1 110 44 53 53
1746_0014_0076_0125_0125.jpg 1 14 76 125 125
1747_0046_0011_0115_0115.jpg 1 46 11 115 115
1748_0018_0015_0152_0152.jpg 1 18 15 152 152
1749_0032_0048_0066_0066.jpg 1 32 48 66 66
1750_0025_0082_0107_0107.jpg 1 25 82 107 107
1751_0104_0032_0055_0055.jpg 1 104 32 55 55
1752_0027_0019_0153_0153.jpg 1 27 19 153 153
1753_0096_0032_0098_0098.jpg 1 96 32 98 98
1754_0071_0061_0047_0047.jpg 1 71 61 47 47
1755_0082_0065_0042_0042.jpg 1 82 65 42 42
1756_0049_0073_0083_0083.jpg 1 49 73 83 83
1757_0062_0095_0069_0069.jpg 1 62 95 69 69
1758_0103_0037_0066_0066.jpg 1 103 37 66 66
1759_0074_0074_0074_0074.jpg 1 74 74 74 74
1760_0054_0143_0031_0031.jpg 1 54 143 31 31
1761_0012_0047_0096_0096.jpg 1 12 47 96 96
1762_0043_0015_0085_0085.jpg 1 43 15 85 85
1763_0045_0121_0026_0026.jpg 1 45 121 26 26
1764_0132_0130_0036_0036.jpg 1 132 130 36 36
1765_0069_0016_0115_0115.jpg 1 69 16 115 115
1766_0037_0040_0101_0101.jpg 1 37 40 101 101
1767_0081_0023_0072_0072.jpg 1 81 23 72 72
1768_0049_0024_0151_0151.jpg 1 49 24 151 151
1769_0056_0039_0134_0134.jpg 1 56 39 134 134
1770_0053_0041_0062_0062.jpg 1 53 41 62 62
1771_0027_0111_0077_0077.jpg 1 27 111 77 77
1772_0079_0098_0035_0035.jpg 1 79 98 35 35
1773_0082_0086_0072_0072.jpg 1 82 86 72 72
1774_0014_0078_0094_0094.jpg 1 14 78 94 94
1775_0040_0033_0153_0153.jpg 1 40 33 153 153
1776_0026_0042_0125_0125.jpg 1 26 42 125 125
1777_0032_0017_0119_0119.jpg 1 32 17 119 119
1778_0029_0045_0125_0125.jpg 1 29 45 125 125
1779_0095_0050_0095_0095.jpg 1 95 50 95 95
1780_0075_0040_0126_0126.jpg 1 75 40 126 126
1781_0130_0108_0031_0031.jpg 1 130 108 31 31
1782_0065_0097_0063_0063.jpg 1 65 97 63 63
1783_0022_0063_0078_0078.jpg 1 22 63 78 78
1784_0017_0020_0116_0116.jpg 1 17 20 116 116
1785_0080_0112_0066_0066.jpg 1 80 112 66 66
1786_0083_0027_0118_0118.jpg 1 83 27 118 118
1787_0078_0086_0082_0082.jpg 1 78 86 82 82
1788_0114_0074_0034_0034.jpg 1 114 74 34 34
1789_0015_0023_0100_0100.jpg 1 15 23 100 100
1790_0035_0024_0075_0075.jpg 1 35 24 75 75
1791_0015_0056_0153_0153.jpg 1 15 56 153 153
1792_0021_0031_0136_0136.jpg 1 21 31 136 136
1793_0021_0047_0084_0084.jpg 1 21 47 84 84
1794_0078_0024_0071_0071.jpg 1 78 24 71 71
1795_0018_0017_0100_0100.jpg 1 18 17 100 100
1796_0028_0037_0150_0150.jpg 1 28 37 150 150
1797_0034_0064_0131_0131.jpg 1 34 64 131 131
1798_0021_0107_0041_0041.jpg 1 21 107 41 41
1799_0063_0052_0136_0136.jpg 1 63 52 136 136
1800_0083_0049_0085_0085.jpg 1 83 49 85 85
