0001_0034_0068_0053_0053.jpg 1 34 68 53 53
0002_0081_0011_0115_0115.jpg 1 81 11 115 115
0003_0038_0019_0089_0089.jpg 1 38 19 89 89
0004_0065_0066_0126_0126.jpg 1 65 66 126 126
0005_0071_0025_0105_0105.jpg 1 71 25 105 105
0006_0035_0009_0147_0147.jpg 1 35 9 147 147
0007_0065_0126_0064_0064.jpg 1 65 126 64 64
0008_0091_0032_0055_0055.jpg 1 91 32 55 55
0009_0116_0087_0067_0067.jpg 1 116 87 67 67
0010_0032_0017_0057_0057.jpg 1 32 17 57 57
0011_0050_0050_0081_0081.jpg 1 50 50 81 81
0012_0134_0066_0035_0035.jpg 1 134 66 35 35
0013_0061_0026_0125_0125.jpg 1 61 26 125 125
0014_0109_0077_0057_0057.jpg 1 109 77 57 57
0015_0020_0057_0078_0078.jpg 1 20 57 78 78
0016_0090_0149_0036_0036.jpg 1 90 149 36 36
0017_0062_0081_0121_0121.jpg 1 62 81 121 121
0018_0055_0067_0060_0060.jpg 1 55 67 60 60
0019_0022_0024_0030_0030.jpg 1 22 24 30 30
0020_0017_0011_0126_0126.jpg 1 17 11 126 126
0021_0086_0027_0113_0113.jpg 1 86 27 113 113
0022_0029_0120_0053_0053.jpg 1 29 120 53 53
0023_0047_0038_0141_0141.jpg 1 47 38 141 141
0024_0055_0060_0102_0102.jpg 1 55 60 102 102
0025_0064_0088_0074_0074.jpg 1 64 88 74 74
0026_0038_0089_0094_0094.jpg 1 38 89 94 94
0027_0102_0015_0090_0090.jpg 1 102 15 90 90
0028_0010_0013_0154_0154.jpg 1 10 13 154 154
0029_0034_0043_0100_0100.jpg 1 34 43 100 100
0030_0024_0039_0098_0098.jpg 1 24 39 98 98
0031_0034_0094_0102_0102.jpg 1 34 94 102 102
0032_0035_0035_0057_0057.jpg 1 35 35 57 57
0033_0120_0044_0032_0032.jpg 1 120 44 32 32
0034_0038_0069_0087_0087.jpg 1 38 69 87 87
0035_0110_0096_0079_0079.jpg 1 110 96 79 79
0036_0076_0055_0066_0066.jpg 1 76 55 66 66
0037_0026_0012_0148_0148.jpg 1 26 12 148 148
0038_0057_0084_0036_0036.jpg 1 57 84 36 36
0039_0048_0039_0132_0132.jpg 1 48 39 132 132
0040_0029_0050_0029_0029.jpg 1 29 50 29 29
0041_0026_0034_0145_0145.jpg 1 26 34 145 145
0042_0018_0018_0098_0098.jpg 1 18 18 98 98
0043_0017_0045_0125_0125.jpg 1 17 45 125 125
0044_0060_0050_0142_0142.jpg 1 60 50 142 142
0045_0044_0033_0077_0077.jpg 1 44 33 77 77
0046_0012_0015_0147_0147.jpg 1 12 15 147 147
0047_0058_0053_0122_0122.jpg 1 58 53 122 122
0048_0131_0068_0031_0031.jpg 1 131 68 31 31
0049_0044_0013_0137_0137.jpg 1 44 13 137 137
0050_0021_0101_0077_0077.jpg 1 21 101 77 77
0051_0066_0053_0118_0118.jpg 1 66 53 118 118
0052_0044_0060_0120_0120.jpg 1 44 60 120 120
0053_0070_0100_0075_0075.jpg 1 70 100 75 75
0054_0042_0043_0104_0104.jpg 1 42 43 104 104
0055_0088_0039_0099_0099.jpg 1 88 39 99 99
0056_0025_0104_0078_0078.jpg 1 25 104 78 78
0057_0067_0011_0136_0136.jpg 1 67 11 136 136
0058_0046_0040_0095_0095.jpg 1 46 40 95 95
0059_0052_0059_0076_0076.jpg 1 52 59 76 76
0060_0075_0038_0076_0076.jpg 1 75 38 76 76
0061_0040_0030_0082_0082.jpg 1 40 30 82 82
0062_0114_0100_0067_0067.jpg 1 114 100 67 67
0063_0063_0061_0145_0145.jpg 1 63 61 145 145
0064_0030_0031_0151_0151.jpg 1 30 31 151 151
0065_0044_0052_0040_0040.jpg 1 44 52 40 40
0066_0086_0112_0050_0050.jpg 1 86 112 50 50
0067_0019_0082_0082_0082.jpg 1 19 82 82 82
0068_0048_0026_0148_0148.jpg 1 48 26 148 148
0069_0072_0079_0081_0081.jpg 1 72 79 81 81
0070_0066_0015_0139_0139.jpg 1 66 15 139 139
0071_0096_0014_0094_0094.jpg 1 96 14 94 94
0072_0030_0055_0103_0103.jpg 1 30 55 103 103
0073_0081_0083_0101_0101.jpg 1 81 83 101 101
0074_0124_0135_0025_0025.jpg 1 124 135 25 25
0075_0011_0032_0120_0120.jpg 1 11 32 120 120
0076_0048_0029_0154_0154.jpg 1 48 29 154 154
0077_0028_0048_0149_0149.jpg 1 28 48 149 149
0078_0089_0033_0105_0105.jpg 1 89 33 105 105
0079_0129_0034_0057_0057.jpg 1 129 34 57 57
0080_0033_0129_0059_0059.jpg 1 33 129 59 59
0081_0024_0052_0144_0144.jpg 1 24 52 144 144
0082_0033_0051_0058_0058.jpg 1 33 51 58 58
0083_0059_0061_0144_0144.jpg 1 59 61 144 144
0084_0011_0036_0146_0146.jpg 1 11 36 146 146
0085_0146_0089_0029_0029.jpg 1 146 89 29 29
0086_0106_0127_0051_0051.jpg 1 106 127 51 51
0087_0055_0032_0109_0109.jpg 1 55 32 109 109
0088_0057_0085_0106_0106.jpg 1 57 85 106 106
0089_0090_0038_0079_0079.jpg 1 90 38 79 79
0090_0095_0088_0075_0075.jpg 1 95 88 75 75
0091_0027_0020_0142_0142.jpg 1 27 20 142 142
0092_0101_0049_0070_0070.jpg 1 101 49 70 70
0093_0071_0068_0115_0115.jpg 1 71 68 115 115
0094_0099_0128_0051_0051.jpg 1 99 128 51 51
0095_0078_0045_0041_0041.jpg 1 78 45 41 41
0096_0060_0057_0113_0113.jpg 1 60 57 113 113
0097_0079_0088_0075_0075.jpg 1 79 88 75 75
0098_0091_0058_0069_0069.jpg 1 91 58 69 69
0099_0070_0081_0085_0085.jpg 1 70 81 85 85
0100_0027_0047_0146_0146.jpg 1 27 47 146 146
0101_0089_0050_0035_0035.jpg 1 89 50 35 35
0102_0060_0059_0135_0135.jpg 1 60 59 135 135
0103_0096_0106_0025_0025.jpg 1 96 106 25 25
0104_0062_0074_0077_0077.jpg 1 62 74 77 77
0105_0074_0115_0027_0027.jpg 1 74 115 27 27
0106_0036_0040_0149_0149.jpg 1 36 40 149 149
0107_0073_0101_0084_0084.jpg 1 73 101 84 84
0108_0064_0047_0133_0133.jpg 1 64 47 133 133
0109_0103_0123_0050_0050.jpg 1 103 123 50 50
0110_0087_0049_0111_0111.jpg 1 87 49 111 111
0111_0104_0145_0025_0025.jpg 1 104 145 25 25
0112_0036_0128_0042_0042.jpg 1 36 128 42 42
0113_0021_0045_0145_0145.jpg 1 21 45 145 145
0114_0051_0041_0098_0098.jpg 1 51 41 98 98
0115_0042_0070_0131_0131.jpg 1 42 70 131 131
0116_0017_0053_0148_0148.jpg 1 17 53 148 148
0117_0032_0043_0142_0142.jpg 1 32 43 142 142
0118_0075_0021_0097_0097.jpg 1 75 21 97 97
0119_0070_0068_0080_0080.jpg 1 70 68 80 80
0120_0024_0046_0130_0130.jpg 1 24 46 130 130
0121_0023_0022_0093_0093.jpg 1 23 22 93 93
0122_0101_0124_0050_0050.jpg 1 101 124 50 50
0123_0062_0045_0064_0064.jpg 1 62 45 64 64
0124_0056_0104_0077_0077.jpg 1 56 104 77 77
0125_0051_0044_0154_0154.jpg 1 51 44 154 154
0126_0110_0119_0055_0055.jpg 1 110 119 55 55
0127_0135_0070_0052_0052.jpg 1 135 70 52 52
0128_0061_0020_0123_0123.jpg 1 61 20 123 123
0129_0112_0034_0058_0058.jpg 1 112 34 58 58
0130_0018_0015_0098_0098.jpg 1 18 15 98 98
0131_0081_0054_0082_0082.jpg 1 81 54 82 82
0132_0018_0098_0093_0093.jpg 1 18 98 93 93
0133_0094_0096_0082_0082.jpg 1 94 96 82 82
0134_0104_0091_0061_0061.jpg 1 104 91 61 61
0135_0012_0042_0137_0137.jpg 1 12 42 137 137
0136_0099_0086_0050_0050.jpg 1 99 86 50 50
0137_0052_0051_0047_0047.jpg 1 52 51 47 47
0138_0048_0051_0118_0118.jpg 1 48 51 118 118
0139_0053_0056_0083_0083.jpg 1 53 56 83 83
0140_0049_0063_0086_0086.jpg 1 49 63 86 86
0141_0104_0025_0079_0079.jpg 1 104 25 79 79
0142_0132_0129_0026_0026.jpg 1 132 129 26 26
0143_0079_0063_0051_0051.jpg 1 79 63 51 51
0144_0145_0072_0036_0036.jpg 1 145 72 36 36
0145_0105_0072_0050_0050.jpg 1 105 72 50 50
0146_0024_0022_0149_0149.jpg 1 24 22 149 149
0147_0012_0023_0131_0131.jpg 1 12 23 131 131
0148_0020_0132_0026_0026.jpg 1 20 132 26 26
0149_0062_0072_0089_0089.jpg 1 62 72 89 89
0150_0047_0055_0092_0092.jpg 1 47 55 92 92
0151_0045_0097_0098_0098.jpg 1 45 97 98 98
0152_0056_0077_0115_0115.jpg 1 56 77 115 115
0153_0055_0089_0086_0086.jpg 1 55 89 86 86
0154_0073_0063_0125_0125.jpg 1 73 63 125 125
0155_0020_0042_0154_0154.jpg 1 20 42 154 154
0156_0105_0100_0087_0087.jpg 1 105 100 87 87
0157_0038_0064_0123_0123.jpg 1 38 64 123 123
0158_0027_0058_0144_0144.jpg 1 27 58 144 144
0159_0039_0065_0032_0032.jpg 1 39 65 32 32
0160_0038_0092_0032_0032.jpg 1 38 92 32 32
0161_0070_0042_0124_0124.jpg 1 70 42 124 124
0162_0020_0018_0111_0111.jpg 1 20 18 111 111
0163_0021_0093_0097_0097.jpg 1 21 93 97 97
0164_0114_0038_0055_0055.jpg 1 114 38 55 55
0165_0076_0138_0035_0035.jpg 1 76 138 35 35
0166_0018_0046_0050_0050.jpg 1 18 46 50 50
0167_0033_0093_0096_0096.jpg 1 33 93 96 96
0168_0073_0043_0024_0024.jpg 1 73 43 24 24
0169_0026_0084_0044_0044.jpg 1 26 84 44 44
0170_0032_0095_0094_0094.jpg 1 32 95 94 94
0171_0085_0059_0039_0039.jpg 1 85 59 39 39
0172_0027_0013_0122_0122.jpg 1 27 13 122 122
0173_0020_0065_0043_0043.jpg 1 20 65 43 43
0174_0079_0078_0032_0032.jpg 1 79 78 32 32
0175_0045_0046_0128_0128.jpg 1 45 46 128 128
0176_0052_0020_0142_0142.jpg 1 52 20 142 142
0177_0043_0100_0066_0066.jpg 1 43 100 66 66
0178_0123_0106_0030_0030.jpg 1 123 106 30 30
0179_0132_0129_0033_0033.jpg 1 132 129 33 33
0180_0035_0081_0086_0086.jpg 1 35 81 86 86
0181_0059_0040_0125_0125.jpg 1 59 40 125 125
0182_0061_0085_0033_0033.jpg 1 61 85 33 33
0183_0065_0067_0050_0050.jpg 1 65 67 50 50
0184_0043_0049_0146_0146.jpg 1 43 49 146 146
0185_0069_0037_0087_0087.jpg 1 69 37 87 87
0186_0072_0021_0124_0124.jpg 1 72 21 124 124
0187_0019_0089_0089_0089.jpg 1 19 89 89 89
0188_0089_0083_0038_0038.jpg 1 89 83 38 38
0189_0031_0043_0154_0154.jpg 1 31 43 154 154
0190_0059_0063_0036_0036.jpg 1 59 63 36 36
0191_0023_0047_0067_0067.jpg 1 23 47 67 67
0192_0021_0036_0093_0093.jpg 1 21 36 93 93
0193_0063_0038_0103_0103.jpg 1 63 38 103 103
0194_0017_0022_0137_0137.jpg 1 17 22 137 137
0195_0044_0020_0156_0156.jpg 1 44 20 156 156
0196_0053_0025_0081_0081.jpg 1 53 25 81 81
0197_0107_0076_0080_0080.jpg 1 107 76 80 80
0198_0126_0119_0028_0028.jpg 1 126 119 28 28
0199_0127_0110_0047_0047.jpg 1 127 110 47 47
0200_0060_0081_0110_0110.jpg 1 60 81 110 110
0201_0040_0048_0034_0034.jpg 1 40 48 34 34
0202_0040_0073_0091_0091.jpg 1 40 73 91 91
0203_0018_0099_0066_0066.jpg 1 18 99 66 66
0204_0056_0059_0105_0105.jpg 1 56 59 105 105
0205_0020_0036_0130_0130.jpg 1 20 36 130 130
0206_0064_0078_0104_0104.jpg 1 64 78 104 104
0207_0024_0053_0041_0041.jpg 1 24 53 41 41
0208_0014_0071_0129_0129.jpg 1 14 71 129 129
0209_0048_0074_0125_0125.jpg 1 48 74 125 125
0210_0122_0123_0027_0027.jpg 1 122 123 27 27
0211_0124_0025_0061_0061.jpg 1 124 25 61 61
0212_0070_0102_0088_0088.jpg 1 70 102 88 88
0213_0077_0113_0081_0081.jpg 1 77 113 81 81
0214_0032_0026_0156_0156.jpg 1 32 26 156 156
0215_0060_0058_0128_0128.jpg 1 60 58 128 128
0216_0108_0023_0086_0086.jpg 1 108 23 86 86
0217_0091_0102_0076_0076.jpg 1 91 102 76 76
0218_0020_0008_0146_0146.jpg 1 20 8 146 146
0219_0088_0098_0036_0036.jpg 1 88 98 36 36
0220_0023_0062_0031_0031.jpg 1 23 62 31 31
0221_0096_0103_0068_0068.jpg 1 96 103 68 68
0222_0061_0014_0121_0121.jpg 1 61 14 121 121
0223_0049_0052_0080_0080.jpg 1 49 52 80 80
0224_0055_0029_0139_0139.jpg 1 55 29 139 139
0225_0140_0086_0036_0036.jpg 1 140 86 36 36
0226_0085_0050_0051_0051.jpg 1 85 50 51 51
0227_0039_0058_0149_0149.jpg 1 39 58 149 149
0228_0076_0022_0055_0055.jpg 1 76 22 55 55
0229_0017_0028_0056_0056.jpg 1 17 28 56 56
0230_0084_0092_0063_0063.jpg 1 84 92 63 63
0231_0047_0044_0054_0054.jpg 1 47 44 54 54
0232_0107_0127_0027_0027.jpg 1 107 127 27 27
0233_0008_0032_0155_0155.jpg 1 8 32 155 155
0234_0032_0033_0146_0146.jpg 1 32 33 146 146
0235_0044_0067_0112_0112.jpg 1 44 67 112 112
0236_0053_0028_0138_0138.jpg 1 53 28 138 138
0237_0042_0015_0107_0107.jpg 1 42 15 107 107
0238_0039_0069_0065_0065.jpg 1 39 69 65 65
0239_0011_0059_0138_0138.jpg 1 11 59 138 138
0240_0033_0026_0079_0079.jpg 1 33 26 79 79
0241_0061_0035_0142_0142.jpg 1 61 35 142 142
0242_0054_0029_0124_0124.jpg 1 54 29 124 124
0243_0046_0042_0156_0156.jpg 1 46 42 156 156
0244_0020_0031_0128_0128.jpg 1 20 31 128 128
0245_0096_0124_0061_0061.jpg 1 96 124 61 61
0246_0040_0048_0153_0153.jpg 1 40 48 153 153
0247_0100_0047_0065_0065.jpg 1 100 47 65 65
0248_0046_0079_0039_0039.jpg 1 46 79 39 39
0249_0107_0082_0057_0057.jpg 1 107 82 57 57
0250_0148_0041_0035_0035.jpg 1 148 41 35 35
0251_0130_0143_0024_0024.jpg 1 130 143 24 24
0252_0022_0031_0141_0141.jpg 1 22 31 141 141
0253_0070_0097_0035_0035.jpg 1 70 97 35 35
0254_0054_0047_0082_0082.jpg 1 54 47 82 82
0255_0008_0059_0148_0148.jpg 1 8 59 148 148
0256_0088_0041_0047_0047.jpg 1 88 41 47 47
0257_0051_0022_0030_0030.jpg 1 51 22 30 30
0258_0044_0098_0080_0080.jpg 1 44 98 80 80
0259_0082_0147_0039_0039.jpg 1 82 147 39 39
0260_0106_0057_0031_0031.jpg 1 106 57 31 31
0261_0056_0013_0147_0147.jpg 1 56 13 147 147
0262_0013_0075_0120_0120.jpg 1 13 75 120 120
0263_0019_0087_0079_0079.jpg 1 19 87 79 79
0264_0079_0013_0100_0100.jpg 1 79 13 100 100
0265_0044_0018_0109_0109.jpg 1 44 18 109 109
0266_0140_0114_0039_0039.jpg 1 140 114 39 39
0267_0049_0024_0156_0156.jpg 1 49 24 156 156
0268_0033_0097_0049_0049.jpg 1 33 97 49 49
0269_0112_0110_0066_0066.jpg 1 112 110 66 66
0270_0031_0052_0085_0085.jpg 1 31 52 85 85
0271_0057_0065_0132_0132.jpg 1 57 65 132 132
0272_0040_0034_0031_0031.jpg 1 40 34 31 31
0273_0050_0089_0106_0106.jpg 1 50 89 106 106
0274_0110_0052_0083_0083.jpg 1 110 52 83 83
0275_0098_0025_0076_0076.jpg 1 98 25 76 76
0276_0049_0019_0137_0137.jpg 1 49 19 137 137
0277_0027_0014_0144_0144.jpg 1 27 14 144 144
0278_0081_0085_0098_0098.jpg 1 81 85 98 98
0279_0076_0031_0062_0062.jpg 1 76 31 62 62
0280_0044_0037_0119_0119.jpg 1 44 37 119 119
0281_0130_0065_0026_0026.jpg 1 130 65 26 26
0282_0016_0077_0111_0111.jpg 1 16 77 111 111
0283_0087_0077_0103_0103.jpg 1 87 77 103 103
0284_0038_0108_0055_0055.jpg 1 38 108 55 55
0285_0021_0052_0061_0061.jpg 1 21 52 61 61
0286_0041_0049_0113_0113.jpg 1 41 49 113 113
0287_0025_0081_0072_0072.jpg 1 25 81 72 72
0288_0049_0075_0125_0125.jpg 1 49 75 125 125
0289_0060_0076_0069_0069.jpg 1 60 76 69 69
0290_0064_0032_0113_0113.jpg 1 64 32 113 113
0291_0096_0075_0089_0089.jpg 1 96 75 89 89
0292_0011_0012_0113_0113.jpg 1 11 12 113 113
0293_0061_0058_0094_0094.jpg 1 61 58 94 94
0294_0112_0114_0080_0080.jpg 1 112 114 80 80
0295_0115_0123_0062_0062.jpg 1 115 123 62 62
0296_0040_0048_0133_0133.jpg 1 40 48 133 133
0297_0018_0017_0135_0135.jpg 1 18 17 135 135
0298_0037_0030_0155_0155.jpg 1 37 30 155 155
0299_0013_0051_0153_0153.jpg 1 13 51 153 153
0300_0054_0051_0149_0149.jpg 1 54 51 149 149
0301_0052_0079_0103_0103.jpg 1 52 79 103 103
0302_0103_0031_0082_0082.jpg 1 103 31 82 82
0303_0084_0051_0042_0042.jpg 1 84 51 42 42
0304_0007_0033_0155_0155.jpg 1 7 33 155 155
0305_0065_0063_0129_0129.jpg 1 65 63 129 129
0306_0138_0062_0049_0049.jpg 1 138 62 49 49
0307_0012_0073_0123_0123.jpg 1 12 73 123 123
0308_0009_0034_0144_0144.jpg 1 9 34 144 144
0309_0126_0089_0036_0036.jpg 1 126 89 36 36
0310_0046_0013_0104_0104.jpg 1 46 13 104 104
0311_0056_0069_0130_0130.jpg 1 56 69 130 130
0312_0113_0094_0068_0068.jpg 1 113 94 68 68
0313_0017_0094_0100_0100.jpg 1 17 94 100 100
0314_0068_0070_0078_0078.jpg 1 68 70 78 78
0315_0059_0018_0119_0119.jpg 1 59 18 119 119
0316_0093_0081_0069_0069.jpg 1 93 81 69 69
0317_0076_0013_0108_0108.jpg 1 76 13 108 108
0318_0080_0128_0037_0037.jpg 1 80 128 37 37
0319_0074_0072_0104_0104.jpg 1 74 72 104 104
0320_0101_0119_0048_0048.jpg 1 101 119 48 48
0321_0045_0038_0149_0149.jpg 1 45 38 149 149
0322_0050_0025_0092_0092.jpg 1 50 25 92 92
0323_0048_0057_0143_0143.jpg 1 48 57 143 143
0324_0107_0097_0085_0085.jpg 1 107 97 85 85
0325_0122_0029_0052_0052.jpg 1 122 29 52 52
0326_0037_0038_0114_0114.jpg 1 37 38 114 114
0327_0073_0109_0059_0059.jpg 1 73 109 59 59
0328_0023_0043_0115_0115.jpg 1 23 43 115 115
0329_0020_0054_0147_0147.jpg 1 20 54 147 147
0330_0029_0074_0129_0129.jpg 1 29 74 129 129
0331_0020_0090_0064_0064.jpg 1 20 90 64 64
0332_0013_0023_0150_0150.jpg 1 13 23 150 150
0333_0112_0069_0073_0073.jpg 1 112 69 73 73
0334_0025_0047_0085_0085.jpg 1 25 47 85 85
0335_0079_0099_0082_0082.jpg 1 79 99 82 82
0336_0083_0083_0031_0031.jpg 1 83 83 31 31
0337_0068_0020_0125_0125.jpg 1 68 20 125 125
0338_0089_0054_0090_0090.jpg 1 89 54 90 90
0339_0058_0018_0128_0128.jpg 1 58 18 128 128
0340_0057_0017_0105_0105.jpg 1 57 17 105 105
0341_0084_0080_0113_0113.jpg 1 84 80 113 113
0342_0046_0026_0114_0114.jpg 1 46 26 114 114
0343_0049_0069_0027_0027.jpg 1 49 69 27 27
0344_0030_0017_0153_0153.jpg 1 30 17 153 153
0345_0019_0048_0144_0144.jpg 1 19 48 144 144
0346_0061_0030_0132_0132.jpg 1 61 30 132 132
0347_0030_0116_0048_0048.jpg 1 30 116 48 48
0348_0088_0104_0087_0087.jpg 1 88 104 87 87
0349_0060_0027_0108_0108.jpg 1 60 27 108 108
0350_0056_0010_0144_0144.jpg 1 56 10 144 144
0351_0053_0076_0086_0086.jpg 1 53 76 86 86
0352_0028_0050_0115_0115.jpg 1 28 50 115 115
0353_0034_0054_0142_0142.jpg 1 34 54 142 142
0354_0012_0028_0141_0141.jpg 1 12 28 141 141
0355_0076_0037_0117_0117.jpg 1 76 37 117 117
0356_0024_0048_0076_0076.jpg 1 24 48 76 76
0357_0051_0010_0126_0126.jpg 1 51 10 126 126
0358_0082_0057_0054_0054.jpg 1 82 57 54 54
0359_0048_0099_0098_0098.jpg 1 48 99 98 98
0360_0057_0120_0033_0033.jpg 1 57 120 33 33
0361_0052_0051_0148_0148.jpg 1 52 51 148 148
0362_0054_0030_0072_0072.jpg 1 54 30 72 72
0363_0082_0083_0110_0110.jpg 1 82 83 110 110
0364_0085_0072_0078_0078.jpg 1 85 72 78 78
0365_0062_0130_0061_0061.jpg 1 62 130 61 61
0366_0066_0017_0101_0101.jpg 1 66 17 101 101
0367_0020_0081_0040_0040.jpg 1 20 81 40 40
0368_0029_0034_0143_0143.jpg 1 29 34 143 143
0369_0045_0082_0089_0089.jpg 1 45 82 89 89
0370_0020_0063_0097_0097.jpg 1 20 63 97 97
0371_0022_0015_0143_0143.jpg 1 22 15 143 143
0372_0022_0056_0040_0040.jpg 1 22 56 40 40
0373_0045_0082_0043_0043.jpg 1 45 82 43 43
0374_0014_0050_0125_0125.jpg 1 14 50 125 125
0375_0113_0051_0041_0041.jpg 1 113 51 41 41
0376_0045_0026_0132_0132.jpg 1 45 26 132 132
0377_0056_0064_0094_0094.jpg 1 56 64 94 94
0378_0039_0019_0145_0145.jpg 1 39 19 145 145
0379_0022_0079_0049_0049.jpg 1 22 79 49 49
0380_0106_0018_0044_0044.jpg 1 106 18 44 44
0381_0011_0032_0145_0145.jpg 1 11 32 145 145
0382_0056_0101_0030_0030.jpg 1 56 101 30 30
0383_0031_0106_0085_0085.jpg 1 31 106 85 85
0384_0070_0028_0130_0130.jpg 1 70 28 130 130
0385_0105_0098_0041_0041.jpg 1 105 98 41 41
0386_0040_0046_0151_0151.jpg 1 40 46 151 151
0387_0082_0104_0070_0070.jpg 1 82 104 70 70
0388_0017_0028_0133_0133.jpg 1 17 28 133 133
0389_0042_0058_0084_0084.jpg 1 42 58 84 84
0390_0039_0074_0121_0121.jpg 1 39 74 121 121
0391_0045_0048_0057_0057.jpg 1 45 48 57 57
0392_0069_0123_0066_0066.jpg 1 69 123 66 66
0393_0131_0077_0054_0054.jpg 1 131 77 54 54
0394_0031_0083_0025_0025.jpg 1 31 83 25 25
0395_0096_0077_0042_0042.jpg 1 96 77 42 42
0396_0081_0038_0097_0097.jpg 1 81 38 97 97
0397_0026_0040_0065_0065.jpg 1 26 40 65 65
0398_0123_0072_0051_0051.jpg 1 123 72 51 51
0399_0068_0017_0106_0106.jpg 1 68 17 106 106
0400_0042_0035_0149_0149.jpg 1 42 35 149 149
0401_0031_0014_0124_0124.jpg 1 31 14 124 124
0402_0061_0034_0127_0127.jpg 1 61 34 127 127
0403_0036_0044_0132_0132.jpg 1 36 44 132 132
0404_0016_0039_0135_0135.jpg 1 16 39 135 135
0405_0064_0035_0109_0109.jpg 1 64 35 109 109
0406_0058_0024_0119_0119.jpg 1 58 24 119 119
0407_0033_0117_0070_0070.jpg 1 33 117 70 70
0408_0036_0060_0078_0078.jpg 1 36 60 78 78
0409_0019_0080_0094_0094.jpg 1 19 80 94 94
0410_0028_0109_0035_0035.jpg 1 28 109 35 35
0411_0083_0068_0054_0054.jpg 1 83 68 54 54
0412_0070_0016_0131_0131.jpg 1 70 16 131 131
0413_0086_0085_0067_0067.jpg 1 86 85 67 67
0414_0061_0094_0055_0055.jpg 1 61 94 55 55
0415_0057_0098_0047_0047.jpg 1 57 98 47 47
0416_0041_0032_0151_0151.jpg 1 41 32 151 151
0417_0055_0075_0126_0126.jpg 1 55 75 126 126
0418_0108_0105_0064_0064.jpg 1 108 105 64 64
0419_0066_0129_0045_0045.jpg 1 66 129 45 45
0420_0049_0045_0135_0135.jpg 1 49 45 135 135
0421_0069_0062_0118_0118.jpg 1 69 62 118 118
0422_0051_0024_0116_0116.jpg 1 51 24 116 116
0423_0091_0106_0063_0063.jpg 1 91 106 63 63
0424_0058_0084_0080_0080.jpg 1 58 84 80 80
0425_0052_0052_0128_0128.jpg 1 52 52 128 128
0426_0035_0110_0086_0086.jpg 1 35 110 86 86
0427_0101_0033_0030_0030.jpg 1 101 33 30 30
0428_0073_0030_0077_0077.jpg 1 73 30 77 77
0429_0044_0070_0078_0078.jpg 1 44 70 78 78
0430_0013_0009_0154_0154.jpg 1 13 9 154 154
0431_0043_0085_0031_0031.jpg 1 43 85 31 31
0432_0115_0108_0069_0069.jpg 1 115 108 69 69
0433_0108_0109_0057_0057.jpg 1 108 109 57 57
0434_0060_0052_0143_0143.jpg 1 60 52 143 143
0435_0079_0070_0082_0082.jpg 1 79 70 82 82
0436_0075_0060_0112_0112.jpg 1 75 60 112 112
0437_0077_0034_0084_0084.jpg 1 77 34 84 84
0438_0092_0048_0076_0076.jpg 1 92 48 76 76
0439_0028_0121_0050_0050.jpg 1 28 121 50 50
0440_0069_0074_0044_0044.jpg 1 69 74 44 44
0441_0034_0033_0082_0082.jpg 1 34 33 82 82
0442_0137_0107_0027_0027.jpg 1 137 107 27 27
0443_0034_0100_0069_0069.jpg 1 34 100 69 69
0444_0047_0061_0132_0132.jpg 1 47 61 132 132
0445_0047_0077_0114_0114.jpg 1 47 77 114 114
0446_0080_0083_0035_0035.jpg 1 80 83 35 35
0447_0072_0039_0070_0070.jpg 1 72 39 70 70
0448_0053_0021_0078_0078.jpg 1 53 21 78 78
0449_0039_0014_0146_0146.jpg 1 39 14 146 146
0450_0049_0127_0045_0045.jpg 1 49 127 45 45
0451_0081_0068_0114_0114.jpg 1 81 68 114 114
0452_0084_0078_0077_0077.jpg 1 84 78 77 77
0453_0031_0117_0038_0038.jpg 1 31 117 38 38
0454_0084_0034_0062_0062.jpg 1 84 34 62 62
0455_0107_0080_0048_0048.jpg 1 107 80 48 48
0456_0053_0064_0091_0091.jpg 1 53 64 91 91
0457_0104_0098_0093_0093.jpg 1 104 98 93 93
0458_0061_0131_0048_0048.jpg 1 61 131 48 48
0459_0104_0013_0091_0091.jpg 1 104 13 91 91
0460_0047_0089_0093_0093.jpg 1 47 89 93 93
0461_0033_0052_0066_0066.jpg 1 33 52 66 66
0462_0076_0112_0081_0081.jpg 1 76 112 81 81
0463_0056_0105_0082_0082.jpg 1 56 105 82 82
0464_0037_0019_0115_0115.jpg 1 37 19 115 115
0465_0109_0074_0041_0041.jpg 1 109 74 41 41
0466_0029_0044_0101_0101.jpg 1 29 44 101 101
0467_0026_0071_0117_0117.jpg 1 26 71 117 117
0468_0056_0056_0128_0128.jpg 1 56 56 128 128
0469_0017_0024_0110_0110.jpg 1 17 24 110 110
0470_0038_0018_0128_0128.jpg 1 38 18 128 128
0471_0046_0020_0148_0148.jpg 1 46 20 148 148
0472_0046_0118_0071_0071.jpg 1 46 118 71 71
0473_0017_0031_0142_0142.jpg 1 17 31 142 142
0474_0062_0069_0030_0030.jpg 1 62 69 30 30
0475_0023_0067_0108_0108.jpg 1 23 67 108 108
0476_0061_0018_0111_0111.jpg 1 61 18 111 111
0477_0065_0023_0137_0137.jpg 1 65 23 137 137
0478_0114_0018_0071_0071.jpg 1 114 18 71 71
0479_0061_0038_0127_0127.jpg 1 61 38 127 127
0480_0105_0045_0076_0076.jpg 1 105 45 76 76
0481_0052_0012_0150_0150.jpg 1 52 12 150 150
0482_0038_0037_0142_0142.jpg 1 38 37 142 142
0483_0045_0045_0037_0037.jpg 1 45 45 37 37
0484_0062_0075_0059_0059.jpg 1 62 75 59 59
0485_0023_0153_0028_0028.jpg 1 23 153 28 28
0486_0084_0131_0049_0049.jpg 1 84 131 49 49
0487_0016_0021_0126_0126.jpg 1 16 21 126 126
0488_0123_0080_0067_0067.jpg 1 123 80 67 67
0489_0076_0018_0119_0119.jpg 1 76 18 119 119
0490_0030_0064_0099_0099.jpg 1 30 64 99 99
0491_0084_0058_0114_0114.jpg 1 84 58 114 114
0492_0121_0091_0042_0042.jpg 1 121 91 42 42
0493_0065_0104_0081_0081.jpg 1 65 104 81 81
0494_0067_0114_0050_0050.jpg 1 67 114 50 50
0495_0110_0042_0048_0048.jpg 1 110 42 48 48
0496_0032_0044_0151_0151.jpg 1 32 44 151 151
0497_0021_0065_0133_0133.jpg 1 21 65 133 133
0498_0064_0014_0092_0092.jpg 1 64 14 92 92
0499_0056_0093_0104_0104.jpg 1 56 93 104 104
0500_0013_0095_0102_0102.jpg 1 13 95 102 102
0501_0088_0121_0065_0065.jpg 1 88 121 65 65
0502_0045_0027_0111_0111.jpg 1 45 27 111 111
0503_0024_0053_0099_0099.jpg 1 24 53 99 99
0504_0125_0072_0036_0036.jpg 1 125 72 36 36
0505_0108_0082_0039_0039.jpg 1 108 82 39 39
0506_0063_0037_0125_0125.jpg 1 63 37 125 125
0507_0012_0029_0148_0148.jpg 1 12 29 148 148
0508_0052_0057_0145_0145.jpg 1 52 57 145 145
0509_0049_0031_0156_0156.jpg 1 49 31 156 156
0510_0094_0055_0045_0045.jpg 1 94 55 45 45
0511_0057_0139_0040_0040.jpg 1 57 139 40 40
0512_0070_0068_0110_0110.jpg 1 70 68 110 110
0513_0026_0024_0083_0083.jpg 1 26 24 83 83
0514_0058_0012_0101_0101.jpg 1 58 12 101 101
0515_0021_0108_0083_0083.jpg 1 21 108 83 83
0516_0035_0053_0045_0045.jpg 1 35 53 45 45
0517_0094_0085_0059_0059.jpg 1 94 85 59 59
0518_0059_0070_0132_0132.jpg 1 59 70 132 132
0519_0046_0046_0094_0094.jpg 1 46 46 94 94
0520_0051_0076_0084_0084.jpg 1 51 76 84 84
0521_0067_0100_0026_0026.jpg 1 67 100 26 26
0522_0050_0055_0138_0138.jpg 1 50 55 138 138
0523_0013_0020_0127_0127.jpg 1 13 20 127 127
0524_0061_0049_0140_0140.jpg 1 61 49 140 140
0525_0015_0031_0139_0139.jpg 1 15 31 139 139
0526_0081_0128_0058_0058.jpg 1 81 128 58 58
0527_0052_0094_0069_0069.jpg 1 52 94 69 69
0528_0071_0039_0059_0059.jpg 1 71 39 59 59
0529_0054_0077_0075_0075.jpg 1 54 77 75 75
0530_0096_0124_0047_0047.jpg 1 96 124 47 47
0531_0014_0034_0082_0082.jpg 1 14 34 82 82
0532_0046_0042_0155_0155.jpg 1 46 42 155 155
0533_0021_0070_0082_0082.jpg 1 21 70 82 82
0534_0068_0137_0046_0046.jpg 1 68 137 46 46
0535_0110_0103_0048_0048.jpg 1 110 103 48 48
0536_0012_0050_0148_0148.jpg 1 12 50 148 148
0537_0052_0099_0057_0057.jpg 1 52 99 57 57
0538_0082_0053_0103_0103.jpg 1 82 53 103 103
0539_0097_0057_0048_0048.jpg 1 97 57 48 48
0540_0080_0079_0122_0122.jpg 1 80 79 122 122
0541_0054_0018_0106_0106.jpg 1 54 18 106 106
0542_0036_0083_0106_0106.jpg 1 36 83 106 106
0543_0028_0109_0086_0086.jpg 1 28 109 86 86
0544_0023_0044_0059_0059.jpg 1 23 44 59 59
0545_0028_0084_0111_0111.jpg 1 28 84 111 111
0546_0069_0073_0049_0049.jpg 1 69 73 49 49
0547_0047_0010_0131_0131.jpg 1 47 10 131 131
0548_0111_0064_0062_0062.jpg 1 111 64 62 62
0549_0079_0078_0088_0088.jpg 1 79 78 88 88
0550_0044_0095_0043_0043.jpg 1 44 95 43 43
0551_0068_0024_0027_0027.jpg 1 68 24 27 27
0552_0041_0034_0140_0140.jpg 1 41 34 140 140
0553_0045_0114_0073_0073.jpg 1 45 114 73 73
0554_0057_0089_0058_0058.jpg 1 57 89 58 58
0555_0036_0021_0039_0039.jpg 1 36 21 39 39
0556_0015_0052_0139_0139.jpg 1 15 52 139 139
0557_0040_0054_0028_0028.jpg 1 40 54 28 28
0558_0070_0025_0124_0124.jpg 1 70 25 124 124
0559_0106_0080_0066_0066.jpg 1 106 80 66 66
0560_0020_0079_0118_0118.jpg 1 20 79 118 118
0561_0123_0042_0059_0059.jpg 1 123 42 59 59
0562_0057_0053_0123_0123.jpg 1 57 53 123 123
0563_0052_0027_0102_0102.jpg 1 52 27 102 102
0564_0049_0028_0151_0151.jpg 1 49 28 151 151
0565_0056_0062_0073_0073.jpg 1 56 62 73 73
0566_0019_0026_0156_0156.jpg 1 19 26 156 156
0567_0131_0071_0049_0049.jpg 1 131 71 49 49
0568_0078_0093_0076_0076.jpg 1 78 93 76 76
0569_0053_0090_0063_0063.jpg 1 53 90 63 63
0570_0023_0037_0071_0071.jpg 1 23 37 71 71
0571_0042_0043_0105_0105.jpg 1 42 43 105 105
0572_0043_0008_0155_0155.jpg 1 43 8 155 155
0573_0054_0055_0149_0149.jpg 1 54 55 149 149
0574_0043_0059_0091_0091.jpg 1 43 59 91 91
0575_0013_0084_0101_0101.jpg 1 13 84 101 101
0576_0037_0045_0085_0085.jpg 1 37 45 85 85
0577_0028_0042_0133_0133.jpg 1 28 42 133 133
0578_0036_0028_0148_0148.jpg 1 36 28 148 148
0579_0104_0131_0032_0032.jpg 1 104 131 32 32
0580_0059_0016_0145_0145.jpg 1 59 16 145 145
0581_0123_0023_0062_0062.jpg 1 123 23 62 62
0582_0069_0046_0101_0101.jpg 1 69 46 101 101
0583_0136_0035_0052_0052.jpg 1 136 35 52 52
0584_0066_0073_0070_0070.jpg 1 66 73 70 70
0585_0071_0071_0051_0051.jpg 1 71 71 51 51
0586_0091_0075_0082_0082.jpg 1 91 75 82 82
0587_0075_0063_0087_0087.jpg 1 75 63 87 87
0588_0095_0030_0076_0076.jpg 1 95 30 76 76
0589_0019_0018_0128_0128.jpg 1 19 18 128 128
0590_0099_0086_0027_0027.jpg 1 99 86 27 27
0591_0052_0074_0091_0091.jpg 1 52 74 91 91
0592_0037_0012_0149_0149.jpg 1 37 12 149 149
0593_0098_0022_0084_0084.jpg 1 98 22 84 84
0594_0082_0135_0042_0042.jpg 1 82 135 42 42
0595_0087_0027_0097_0097.jpg 1 87 27 97 97
0596_0108_0080_0025_0025.jpg 1 108 80 25 25
0597_0047_0013_0099_0099.jpg 1 47 13 99 99
0598_0066_0087_0052_0052.jpg 1 66 87 52 52
0599_0031_0051_0147_0147.jpg 1 31 51 147 147
0600_0032_0072_0061_0061.jpg 1 32 72 61 61
0601_0038_0093_0071_0071.jpg 1 38 93 71 71
0602_0109_0064_0054_0054.jpg 1 109 64 54 54
0603_0016_0015_0124_0124.jpg 1 16 15 124 124
0604_0054_0030_0155_0155.jpg 1 54 30 155 155
0605_0089_0119_0062_0062.jpg 1 89 119 62 62
0606_0079_0137_0048_0048.jpg 1 79 137 48 48
0607_0050_0117_0029_0029.jpg 1 50 117 29 29
0608_0072_0038_0107_0107.jpg 1 72 38 107 107
0609_0100_0051_0039_0039.jpg 1 100 51 39 39
0610_0074_0058_0082_0082.jpg 1 74 58 82 82
0611_0069_0036_0137_0137.jpg 1 69 36 137 137
0612_0057_0084_0076_0076.jpg 1 57 84 76 76
0613_0067_0050_0042_0042.jpg 1 67 50 42 42
0614_0016_0039_0155_0155.jpg 1 16 39 155 155
0615_0092_0109_0069_0069.jpg 1 92 109 69 69
0616_0032_0023_0036_0036.jpg 1 32 23 36 36
0617_0020_0060_0108_0108.jpg 1 20 60 108 108
0618_0127_0117_0024_0024.jpg 1 127 117 24 24
0619_0012_0034_0128_0128.jpg 1 12 34 128 128
0620_0075_0100_0091_0091.jpg 1 75 100 91 91
0621_0069_0012_0119_0119.jpg 1 69 12 119 119
0622_0041_0021_0146_0146.jpg 1 41 21 146 146
0623_0046_0022_0088_0088.jpg 1 46 22 88 88
0624_0021_0009_0141_0141.jpg 1 21 9 141 141
0625_0058_0041_0143_0143.jpg 1 58 41 143 143
0626_0013_0019_0114_0114.jpg 1 13 19 114 114
0627_0044_0052_0148_0148.jpg 1 44 52 148 148
0628_0061_0044_0136_0136.jpg 1 61 44 136 136
0629_0096_0100_0049_0049.jpg 1 96 100 49 49
0630_0028_0045_0106_0106.jpg 1 28 45 106 106
0631_0116_0146_0030_0030.jpg 1 116 146 30 30
0632_0010_0063_0140_0140.jpg 1 10 63 140 140
0633_0104_0079_0053_0053.jpg 1 104 79 53 53
0634_0075_0086_0109_0109.jpg 1 75 86 109 109
0635_0059_0050_0139_0139.jpg 1 59 50 139 139
0636_0024_0127_0052_0052.jpg 1 24 127 52 52
0637_0046_0068_0130_0130.jpg 1 46 68 130 130
0638_0021_0050_0147_0147.jpg 1 21 50 147 147
0639_0050_0083_0083_0083.jpg 1 50 83 83 83
0640_0022_0033_0154_0154.jpg 1 22 33 154 154
0641_0018_0048_0076_0076.jpg 1 18 48 76 76
0642_0014_0051_0122_0122.jpg 1 14 51 122 122
0643_0024_0037_0118_0118.jpg 1 24 37 118 118
0644_0022_0095_0062_0062.jpg 1 22 95 62 62
0645_0076_0040_0108_0108.jpg 1 76 40 108 108
0646_0067_0110_0066_0066.jpg 1 67 110 66 66
0647_0014_0038_0085_0085.jpg 1 14 38 85 85
0648_0038_0042_0147_0147.jpg 1 38 42 147 147
0649_0012_0045_0152_0152.jpg 1 12 45 152 152
0650_0085_0032_0116_0116.jpg 1 85 32 116 116
0651_0028_0104_0031_0031.jpg 1 28 104 31 31
0652_0012_0074_0121_0121.jpg 1 12 74 121 121
0653_0089_0085_0089_0089.jpg 1 89 85 89 89
0654_0034_0068_0095_0095.jpg 1 34 68 95 95
0655_0028_0017_0057_0057.jpg 1 28 17 57 57
0656_0066_0089_0028_0028.jpg 1 66 89 28 28
0657_0088_0066_0100_0100.jpg 1 88 66 100 100
0658_0036_0055_0078_0078.jpg 1 36 55 78 78
0659_0034_0033_0151_0151.jpg 1 34 33 151 151
0660_0102_0087_0090_0090.jpg 1 102 87 90 90
0661_0077_0014_0109_0109.jpg 1 77 14 109 109
0662_0061_0022_0028_0028.jpg 1 61 22 28 28
0663_0075_0101_0042_0042.jpg 1 75 101 42 42
0664_0095_0057_0052_0052.jpg 1 95 57 52 52
0665_0045_0089_0025_0025.jpg 1 45 89 25 25
0666_0102_0023_0062_0062.jpg 1 102 23 62 62
0667_0059_0016_0144_0144.jpg 1 59 16 144 144
0668_0018_0030_0155_0155.jpg 1 18 30 155 155
0669_0140_0022_0025_0025.jpg 1 140 22 25 25
0670_0034_0037_0099_0099.jpg 1 34 37 99 99
0671_0065_0034_0134_0134.jpg 1 65 34 134 134
0672_0059_0085_0029_0029.jpg 1 59 85 29 29
0673_0083_0142_0044_0044.jpg 1 83 142 44 44
0674_0054_0022_0147_0147.jpg 1 54 22 147 147
0675_0042_0089_0034_0034.jpg 1 42 89 34 34
0676_0017_0095_0094_0094.jpg 1 17 95 94 94
0677_0017_0058_0124_0124.jpg 1 17 58 124 124
0678_0111_0131_0041_0041.jpg 1 111 131 41 41
0679_0060_0032_0033_0033.jpg 1 60 32 33 33
0680_0075_0044_0110_0110.jpg 1 75 44 110 110
0681_0034_0077_0118_0118.jpg 1 34 77 118 118
0682_0059_0045_0083_0083.jpg 1 59 45 83 83
0683_0110_0093_0064_0064.jpg 1 110 93 64 64
0684_0027_0011_0123_0123.jpg 1 27 11 123 123
0685_0141_0075_0026_0026.jpg 1 141 75 26 26
0686_0068_0100_0089_0089.jpg 1 68 100 89 89
0687_0088_0044_0085_0085.jpg 1 88 44 85 85
0688_0094_0050_0039_0039.jpg 1 94 50 39 39
0689_0081_0128_0056_0056.jpg 1 81 128 56 56
0690_0090_0089_0076_0076.jpg 1 90 89 76 76
0691_0078_0103_0073_0073.jpg 1 78 103 73 73
0692_0031_0065_0104_0104.jpg 1 31 65 104 104
0693_0051_0023_0068_0068.jpg 1 51 23 68 68
0694_0057_0028_0042_0042.jpg 1 57 28 42 42
0695_0136_0040_0031_0031.jpg 1 136 40 31 31
0696_0050_0030_0153_0153.jpg 1 50 30 153 153
0697_0096_0106_0071_0071.jpg 1 96 106 71 71
0698_0017_0079_0123_0123.jpg 1 17 79 123 123
0699_0045_0035_0114_0114.jpg 1 45 35 114 114
0700_0031_0084_0112_0112.jpg 1 31 84 112 112
0701_0036_0060_0138_0138.jpg 1 36 60 138 138
0702_0022_0070_0095_0095.jpg 1 22 70 95 95
0703_0019_0026_0140_0140.jpg 1 19 26 140 140
0704_0062_0106_0039_0039.jpg 1 62 106 39 39
0705_0061_0044_0147_0147.jpg 1 61 44 147 147
0706_0094_0123_0060_0060.jpg 1 94 123 60 60
0707_0051_0072_0118_0118.jpg 1 51 72 118 118
0708_0059_0021_0063_0063.jpg 1 59 21 63 63
0709_0019_0062_0060_0060.jpg 1 19 62 60 60
0710_0045_0053_0145_0145.jpg 1 45 53 145 145
0711_0063_0049_0114_0114.jpg 1 63 49 114 114
0712_0021_0021_0035_0035.jpg 1 21 21 35 35
0713_0019_0014_0077_0077.jpg 1 19 14 77 77
0714_0050_0061_0077_0077.jpg 1 50 61 77 77
0715_0017_0021_0146_0146.jpg 1 17 21 146 146
0716_0027_0061_0099_0099.jpg 1 27 61 99 99
0717_0092_0016_0095_0095.jpg 1 92 16 95 95
0718_0031_0033_0149_0149.jpg 1 31 33 149 149
0719_0057_0048_0072_0072.jpg 1 57 48 72 72
0720_0043_0014_0077_0077.jpg 1 43 14 77 77
0721_0100_0140_0039_0039.jpg 1 100 140 39 39
0722_0135_0073_0036_0036.jpg 1 135 73 36 36
0723_0077_0101_0072_0072.jpg 1 77 101 72 72
0724_0056_0058_0147_0147.jpg 1 56 58 147 147
0725_0016_0048_0138_0138.jpg 1 16 48 138 138
0726_0147_0122_0033_0033.jpg 1 147 122 33 33
0727_0029_0071_0135_0135.jpg 1 29 71 135 135
0728_0014_0028_0149_0149.jpg 1 14 28 149 149
0729_0086_0086_0070_0070.jpg 1 86 86 70 70
0730_0093_0094_0079_0079.jpg 1 93 94 79 79
0731_0022_0055_0093_0093.jpg 1 22 55 93 93
0732_0049_0049_0072_0072.jpg 1 49 49 72 72
0733_0027_0047_0150_0150.jpg 1 27 47 150 150
0734_0065_0096_0034_0034.jpg 1 65 96 34 34
0735_0063_0043_0074_0074.jpg 1 63 43 74 74
0736_0111_0068_0068_0068.jpg 1 111 68 68 68
0737_0035_0073_0109_0109.jpg 1 35 73 109 109
0738_0037_0063_0100_0100.jpg 1 37 63 100 100
0739_0023_0068_0112_0112.jpg 1 23 68 112 112
0740_0039_0058_0075_0075.jpg 1 39 58 75 75
0741_0077_0086_0082_0082.jpg 1 77 86 82 82
0742_0025_0056_0082_0082.jpg 1 25 56 82 82
0743_0076_0066_0128_0128.jpg 1 76 66 128 128
0744_0049_0048_0145_0145.jpg 1 49 48 145 145
0745_0021_0078_0061_0061.jpg 1 21 78 61 61
0746_0127_0127_0033_0033.jpg 1 127 127 33 33
0747_0049_0055_0121_0121.jpg 1 49 55 121 121
0748_0057_0059_0035_0035.jpg 1 57 59 35 35
0749_0051_0092_0088_0088.jpg 1 51 92 88 88
0750_0018_0030_0145_0145.jpg 1 18 30 145 145
0751_0015_0121_0065_0065.jpg 1 15 121 65 65
0752_0028_0038_0154_0154.jpg 1 28 38 154 154
0753_0103_0073_0078_0078.jpg 1 103 73 78 78
0754_0035_0075_0049_0049.jpg 1 35 75 49 49
0755_0092_0071_0035_0035.jpg 1 92 71 35 35
0756_0018_0030_0069_0069.jpg 1 18 30 69 69
0757_0088_0069_0082_0082.jpg 1 88 69 82 82
0758_0083_0041_0092_0092.jpg 1 83 41 92 92
0759_0138_0055_0036_0036.jpg 1 138 55 36 36
0760_0093_0115_0056_0056.jpg 1 93 115 56 56
0761_0050_0026_0100_0100.jpg 1 50 26 100 100
0762_0036_0056_0153_0153.jpg 1 36 56 153 153
0763_0123_0045_0066_0066.jpg 1 123 45 66 66
0764_0038_0064_0108_0108.jpg 1 38 64 108 108
0765_0024_0066_0063_0063.jpg 1 24 66 63 63
0766_0092_0126_0031_0031.jpg 1 92 126 31 31
0767_0034_0036_0137_0137.jpg 1 34 36 137 137
0768_0010_0067_0124_0124.jpg 1 10 67 124 124
0769_0067_0031_0138_0138.jpg 1 67 31 138 138
0770_0079_0040_0118_0118.jpg 1 79 40 118 118
0771_0061_0101_0039_0039.jpg 1 61 101 39 39
0772_0094_0063_0053_0053.jpg 1 94 63 53 53
0773_0055_0098_0044_0044.jpg 1 55 98 44 44
0774_0127_0020_0046_0046.jpg 1 127 20 46 46
0775_0125_0124_0062_0062.jpg 1 125 124 62 62
0776_0045_0045_0134_0134.jpg 1 45 45 134 134
0777_0047_0063_0125_0125.jpg 1 47 63 125 125
0778_0029_0062_0101_0101.jpg 1 29 62 101 101
0779_0020_0028_0057_0057.jpg 1 20 28 57 57
0780_0086_0063_0029_0029.jpg 1 86 63 29 29
0781_0080_0094_0032_0032.jpg 1 80 94 32 32
0782_0122_0091_0039_0039.jpg 1 122 91 39 39
0783_0047_0044_0155_0155.jpg 1 47 44 155 155
0784_0069_0043_0125_0125.jpg 1 69 43 125 125
0785_0034_0050_0035_0035.jpg 1 34 50 35 35
0786_0048_0069_0122_0122.jpg 1 48 69 122 122
0787_0031_0118_0074_0074.jpg 1 31 118 74 74
0788_0020_0031_0031_0031.jpg 1 20 31 31 31
0789_0065_0074_0128_0128.jpg 1 65 74 128 128
0790_0044_0023_0152_0152.jpg 1 44 23 152 152
0791_0092_0034_0101_0101.jpg 1 92 34 101 101
0792_0010_0047_0133_0133.jpg 1 10 47 133 133
0793_0085_0087_0071_0071.jpg 1 85 87 71 71
0794_0048_0114_0041_0041.jpg 1 48 114 41 41
0795_0135_0025_0050_0050.jpg 1 135 25 50 50
0796_0034_0031_0136_0136.jpg 1 34 31 136 136
0797_0083_0050_0091_0091.jpg 1 83 50 91 91
0798_0036_0072_0105_0105.jpg 1 36 72 105 105
0799_0051_0082_0067_0067.jpg 1 51 82 67 67
0800_0022_0087_0042_0042.jpg 1 22 87 42 42
0801_0115_0044_0076_0076.jpg 1 115 44 76 76
0802_0047_0050_0076_0076.jpg 1 47 50 76 76
0803_0046_0043_0085_0085.jpg 1 46 43 85 85
0804_0008_0054_0149_0149.jpg 1 8 54 149 149
0805_0051_0102_0077_0077.jpg 1 51 102 77 77
0806_0088_0102_0077_0077.jpg 1 88 102 77 77
0807_0059_0110_0085_0085.jpg 1 59 110 85 85
0808_0066_0094_0080_0080.jpg 1 66 94 80 80
0809_0134_0102_0056_0056.jpg 1 134 102 56 56
0810_0084_0052_0078_0078.jpg 1 84 52 78 78
0811_0077_0022_0112_0112.jpg 1 77 22 112 112
0812_0075_0113_0038_0038.jpg 1 75 113 38 38
0813_0068_0058_0103_0103.jpg 1 68 58 103 103
0814_0067_0012_0128_0128.jpg 1 67 12 128 128
0815_0088_0078_0077_0077.jpg 1 88 78 77 77
0816_0039_0141_0037_0037.jpg 1 39 141 37 37
0817_0024_0069_0031_0031.jpg 1 24 69 31 31
0818_0104_0066_0029_0029.jpg 1 104 66 29 29
0819_0020_0076_0049_0049.jpg 1 20 76 49 49
0820_0022_0039_0144_0144.jpg 1 22 39 144 144
0821_0019_0015_0105_0105.jpg 1 19 15 105 105
0822_0124_0057_0031_0031.jpg 1 124 57 31 31
0823_0015_0027_0106_0106.jpg 1 15 27 106 106
0824_0068_0096_0027_0027.jpg 1 68 96 27 27
0825_0110_0051_0078_0078.jpg 1 110 51 78 78
0826_0037_0013_0127_0127.jpg 1 37 13 127 127
0827_0135_0115_0029_0029.jpg 1 135 115 29 29
0828_0044_0010_0128_0128.jpg 1 44 10 128 128
0829_0066_0034_0124_0124.jpg 1 66 34 124 124
0830_0061_0022_0140_0140.jpg 1 61 22 140 140
0831_0026_0034_0125_0125.jpg 1 26 34 125 125
0832_0045_0092_0035_0035.jpg 1 45 92 35 35
0833_0096_0064_0053_0053.jpg 1 96 64 53 53
0834_0047_0146_0028_0028.jpg 1 47 146 28 28
0835_0092_0043_0057_0057.jpg 1 92 43 57 57
0836_0019_0112_0048_0048.jpg 1 19 112 48 48
0837_0026_0041_0131_0131.jpg 1 26 41 131 131
0838_0133_0146_0030_0030.jpg 1 133 146 30 30
0839_0077_0059_0122_0122.jpg 1 77 59 122 122
0840_0021_0089_0064_0064.jpg 1 21 89 64 64
0841_0120_0073_0069_0069.jpg 1 120 73 69 69
0842_0020_0018_0044_0044.jpg 1 20 18 44 44
0843_0070_0013_0120_0120.jpg 1 70 13 120 120
0844_0042_0020_0136_0136.jpg 1 42 20 136 136
0845_0049_0065_0077_0077.jpg 1 49 65 77 77
0846_0111_0020_0047_0047.jpg 1 111 20 47 47
0847_0054_0037_0152_0152.jpg 1 54 37 152 152
0848_0054_0017_0080_0080.jpg 1 54 17 80 80
0849_0063_0024_0123_0123.jpg 1 63 24 123 123
0850_0074_0107_0039_0039.jpg 1 74 107 39 39
0851_0058_0043_0144_0144.jpg 1 58 43 144 144
0852_0028_0039_0143_0143.jpg 1 28 39 143 143
0853_0049_0067_0060_0060.jpg 1 49 67 60 60
0854_0042_0062_0040_0040.jpg 1 42 62 40 40
0855_0034_0069_0063_0063.jpg 1 34 69 63 63
0856_0045_0113_0081_0081.jpg 1 45 113 81 81
0857_0054_0033_0067_0067.jpg 1 54 33 67 67
0858_0127_0133_0038_0038.jpg 1 127 133 38 38
0859_0083_0121_0062_0062.jpg 1 83 121 62 62
0860_0119_0116_0062_0062.jpg 1 119 116 62 62
0861_0056_0066_0120_0120.jpg 1 56 66 120 120
0862_0057_0050_0140_0140.jpg 1 57 50 140 140
0863_0049_0049_0041_0041.jpg 1 49 49 41 41
0864_0057_0082_0096_0096.jpg 1 57 82 96 96
0865_0095_0020_0096_0096.jpg 1 95 20 96 96
0866_0040_0040_0029_0029.jpg 1 40 40 29 29
0867_0118_0049_0075_0075.jpg 1 118 49 75 75
0868_0099_0061_0076_0076.jpg 1 99 61 76 76
0869_0011_0017_0110_0110.jpg 1 11 17 110 110
0870_0059_0042_0117_0117.jpg 1 59 42 117 117
0871_0034_0046_0145_0145.jpg 1 34 46 145 145
0872_0028_0047_0106_0106.jpg 1 28 47 106 106
0873_0041_0041_0146_0146.jpg 1 41 41 146 146
0874_0058_0040_0075_0075.jpg 1 58 40 75 75
0875_0023_0032_0072_0072.jpg 1 23 32 72 72
0876_0059_0124_0056_0056.jpg 1 59 124 56 56
0877_0031_0032_0152_0152.jpg 1 31 32 152 152
0878_0062_0046_0079_0079.jpg 1 62 46 79 79
0879_0058_0101_0024_0024.jpg 1 58 101 24 24
0880_0044_0025_0126_0126.jpg 1 44 25 126 126
0881_0010_0037_0130_0130.jpg 1 10 37 130 130
0882_0082_0115_0062_0062.jpg 1 82 115 62 62
0883_0028_0032_0104_0104.jpg 1 28 32 104 104
0884_0079_0020_0080_0080.jpg 1 79 20 80 80
0885_0025_0040_0033_0033.jpg 1 25 40 33 33
0886_0078_0056_0113_0113.jpg 1 78 56 113 113
0887_0047_0063_0052_0052.jpg 1 47 63 52 52
0888_0065_0016_0121_0121.jpg 1 65 16 121 121
0889_0055_0040_0132_0132.jpg 1 55 40 132 132
0890_0073_0020_0103_0103.jpg 1 73 20 103 103
0891_0049_0030_0097_0097.jpg 1 49 30 97 97
0892_0037_0066_0120_0120.jpg 1 37 66 120 120
0893_0093_0014_0105_0105.jpg 1 93 14 105 105
0894_0013_0017_0116_0116.jpg 1 13 17 116 116
0895_0021_0017_0083_0083.jpg 1 21 17 83 83
0896_0083_0066_0033_0033.jpg 1 83 66 33 33
0897_0030_0063_0120_0120.jpg 1 30 63 120 120
0898_0023_0044_0123_0123.jpg 1 23 44 123 123
0899_0065_0067_0046_0046.jpg 1 65 67 46 46
0900_0026_0070_0076_0076.jpg 1 26 70 76 76
0901_0056_0091_0072_0072.jpg 1 56 91 72 72
0902_0011_0047_0112_0112.jpg 1 11 47 112 112
0903_0042_0071_0040_0040.jpg 1 42 71 40 40
0904_0025_0016_0083_0083.jpg 1 25 16 83 83
0905_0040_0019_0148_0148.jpg 1 40 19 148 148
0906_0046_0040_0114_0114.jpg 1 46 40 114 114
0907_0065_0014_0096_0096.jpg 1 65 14 96 96
0908_0010_0053_0152_0152.jpg 1 10 53 152 152
0909_0019_0128_0031_0031.jpg 1 19 128 31 31
0910_0117_0112_0044_0044.jpg 1 117 112 44 44
0911_0104_0033_0092_0092.jpg 1 104 33 92 92
0912_0087_0092_0099_0099.jpg 1 87 92 99 99
0913_0035_0022_0140_0140.jpg 1 35 22 140 140
0914_0100_0106_0043_0043.jpg 1 100 106 43 43
0915_0032_0073_0092_0092.jpg 1 32 73 92 92
0916_0068_0013_0123_0123.jpg 1 68 13 123 123
0917_0080_0042_0075_0075.jpg 1 80 42 75 75
0918_0029_0032_0131_0131.jpg 1 29 32 131 131
0919_0022_0042_0116_0116.jpg 1 22 42 116 116
0920_0035_0061_0052_0052.jpg 1 35 61 52 52
0921_0037_0019_0034_0034.jpg 1 37 19 34 34
0922_0028_0026_0119_0119.jpg 1 28 26 119 119
0923_0034_0110_0081_0081.jpg 1 34 110 81 81
0924_0030_0061_0035_0035.jpg 1 30 61 35 35
0925_0091_0060_0059_0059.jpg 1 91 60 59 59
0926_0106_0028_0087_0087.jpg 1 106 28 87 87
0927_0025_0044_0147_0147.jpg 1 25 44 147 147
0928_0153_0151_0025_0025.jpg 1 153 151 25 25
0929_0088_0052_0041_0041.jpg 1 88 52 41 41
0930_0043_0044_0033_0033.jpg 1 43 44 33 33
0931_0029_0048_0153_0153.jpg 1 29 48 153 153
0932_0025_0024_0151_0151.jpg 1 25 24 151 151
0933_0037_0059_0138_0138.jpg 1 37 59 138 138
0934_0078_0017_0082_0082.jpg 1 78 17 82 82
0935_0077_0032_0097_0097.jpg 1 77 32 97 97
0936_0105_0113_0055_0055.jpg 1 105 113 55 55
0937_0101_0129_0041_0041.jpg 1 101 129 41 41
0938_0027_0054_0132_0132.jpg 1 27 54 132 132
0939_0154_0031_0025_0025.jpg 1 154 31 25 25
0940_0043_0082_0026_0026.jpg 1 43 82 26 26
0941_0053_0038_0052_0052.jpg 1 53 38 52 52
0942_0049_0081_0104_0104.jpg 1 49 81 104 104
0943_0075_0090_0036_0036.jpg 1 75 90 36 36
0944_0085_0021_0114_0114.jpg 1 85 21 114 114
0945_0049_0144_0027_0027.jpg 1 49 144 27 27
0946_0047_0107_0059_0059.jpg 1 47 107 59 59
0947_0019_0047_0135_0135.jpg 1 19 47 135 135
0948_0130_0107_0041_0041.jpg 1 130 107 41 41
0949_0048_0031_0147_0147.jpg 1 48 31 147 147
0950_0037_0026_0121_0121.jpg 1 37 26 121 121
0951_0062_0058_0126_0126.jpg 1 62 58 126 126
0952_0024_0071_0120_0120.jpg 1 24 71 120 120
0953_0037_0074_0127_0127.jpg 1 37 74 127 127
0954_0093_0064_0081_0081.jpg 1 93 64 81 81
0955_0125_0088_0026_0026.jpg 1 125 88 26 26
0956_0023_0049_0152_0152.jpg 1 23 49 152 152
0957_0082_0057_0053_0053.jpg 1 82 57 53 53
0958_0032_0017_0143_0143.jpg 1 32 17 143 143
0959_0024_0060_0051_0051.jpg 1 24 60 51 51
0960_0043_0123_0040_0040.jpg 1 43 123 40 40
0961_0100_0073_0031_0031.jpg 1 100 73 31 31
0962_0047_0098_0080_0080.jpg 1 47 98 80 80
0963_0084_0022_0024_0024.jpg 1 84 22 24 24
0964_0037_0056_0123_0123.jpg 1 37 56 123 123
0965_0149_0020_0030_0030.jpg 1 149 20 30 30
0966_0048_0032_0072_0072.jpg 1 48 32 72 72
0967_0142_0113_0035_0035.jpg 1 142 113 35 35
0968_0028_0051_0098_0098.jpg 1 28 51 98 98
0969_0045_0028_0152_0152.jpg 1 45 28 152 152
0970_0126_0128_0031_0031.jpg 1 126 128 31 31
0971_0058_0068_0069_0069.jpg 1 58 68 69 69
0972_0085_0128_0059_0059.jpg 1 85 128 59 59
0973_0061_0108_0084_0084.jpg 1 61 108 84 84
0974_0018_0046_0128_0128.jpg 1 18 46 128 128
0975_0020_0094_0051_0051.jpg 1 20 94 51 51
0976_0040_0061_0025_0025.jpg 1 40 61 25 25
0977_0063_0059_0138_0138.jpg 1 63 59 138 138
0978_0030_0063_0132_0132.jpg 1 30 63 132 132
0979_0061_0124_0028_0028.jpg 1 61 124 28 28
0980_0030_0058_0096_0096.jpg 1 30 58 96 96
0981_0120_0073_0068_0068.jpg 1 120 73 68 68
0982_0105_0038_0084_0084.jpg 1 105 38 84 84
0983_0036_0038_0031_0031.jpg 1 36 38 31 31
0984_0068_0066_0082_0082.jpg 1 68 66 82 82
0985_0033_0039_0128_0128.jpg 1 33 39 128 128
0986_0052_0054_0132_0132.jpg 1 52 54 132 132
0987_0043_0090_0033_0033.jpg 1 43 90 33 33
0988_0042_0031_0134_0134.jpg 1 42 31 134 134
0989_0055_0026_0149_0149.jpg 1 55 26 149 149
0990_0071_0124_0045_0045.jpg 1 71 124 45 45
0991_0099_0120_0030_0030.jpg 1 99 120 30 30
0992_0065_0070_0124_0124.jpg 1 65 70 124 124
0993_0096_0101_0071_0071.jpg 1 96 101 71 71
0994_0044_0059_0119_0119.jpg 1 44 59 119 119
0995_0028_0060_0099_0099.jpg 1 28 60 99 99
0996_0046_0067_0115_0115.jpg 1 46 67 115 115
0997_0045_0049_0154_0154.jpg 1 45 49 154 154
0998_0097_0024_0100_0100.jpg 1 97 24 100 100
0999_0067_0123_0035_0035.jpg 1 67 123 35 35
1000_0069_0036_0131_0131.jpg 1 69 36 131 131
1001_0021_0044_0024_0024.jpg 1 21 44 24 24
1002_0048_0047_0128_0128.jpg 1 48 47 128 128
1003_0093_0056_0070_0070.jpg 1 93 56 70 70
1004_0070_0062_0112_0112.jpg 1 70 62 112 112
1005_0057_0026_0044_0044.jpg 1 57 26 44 44
1006_0028_0023_0120_0120.jpg 1 28 23 120 120
1007_0065_0066_0082_0082.jpg 1 65 66 82 82
1008_0073_0018_0058_0058.jpg 1 73 18 58 58
1009_0053_0035_0108_0108.jpg 1 53 35 108 108
1010_0036_0119_0030_0030.jpg 1 36 119 30 30
1011_0076_0071_0123_0123.jpg 1 76 71 123 123
1012_0035_0088_0061_0061.jpg 1 35 88 61 61
1013_0043_0021_0097_0097.jpg 1 43 21 97 97
1014_0133_0109_0054_0054.jpg 1 133 109 54 54
1015_0026_0024_0138_0138.jpg 1 26 24 138 138
1016_0058_0144_0024_0024.jpg 1 58 144 24 24
1017_0014_0053_0089_0089.jpg 1 14 53 89 89
1018_0072_0070_0055_0055.jpg 1 72 70 55 55
1019_0054_0046_0116_0116.jpg 1 54 46 116 116
1020_0068_0068_0116_0116.jpg 1 68 68 116 116
1021_0020_0105_0088_0088.jpg 1 20 105 88 88
1022_0111_0093_0038_0038.jpg 1 111 93 38 38
1023_0038_0087_0109_0109.jpg 1 38 87 109 109
1024_0133_0049_0047_0047.jpg 1 133 49 47 47
1025_0079_0061_0056_0056.jpg 1 79 61 56 56
1026_0108_0023_0033_0033.jpg 1 108 23 33 33
1027_0071_0045_0118_0118.jpg 1 71 45 118 118
1028_0011_0049_0140_0140.jpg 1 11 49 140 140
1029_0023_0047_0155_0155.jpg 1 23 47 155 155
1030_0102_0109_0062_0062.jpg 1 102 109 62 62
1031_0019_0056_0083_0083.jpg 1 19 56 83 83
1032_0063_0079_0056_0056.jpg 1 63 79 56 56
1033_0044_0047_0101_0101.jpg 1 44 47 101 101
1034_0081_0068_0099_0099.jpg 1 81 68 99 99
1035_0073_0109_0082_0082.jpg 1 73 109 82 82
1036_0023_0027_0147_0147.jpg 1 23 27 147 147
1037_0051_0019_0071_0071.jpg 1 51 19 71 71
1038_0046_0022_0145_0145.jpg 1 46 22 145 145
1039_0104_0055_0028_0028.jpg 1 104 55 28 28
1040_0103_0051_0092_0092.jpg 1 103 51 92 92
1041_0112_0107_0080_0080.jpg 1 112 107 80 80
1042_0100_0098_0064_0064.jpg 1 100 98 64 64
1043_0019_0023_0151_0151.jpg 1 19 23 151 151
1044_0105_0085_0064_0064.jpg 1 105 85 64 64
1045_0092_0025_0101_0101.jpg 1 92 25 101 101
1046_0009_0020_0147_0147.jpg 1 9 20 147 147
1047_0050_0050_0110_0110.jpg 1 50 50 110 110
1048_0012_0048_0146_0146.jpg 1 12 48 146 146
1049_0113_0080_0037_0037.jpg 1 113 80 37 37
1050_0025_0086_0092_0092.jpg 1 25 86 92 92
1051_0015_0010_0135_0135.jpg 1 15 10 135 135
1052_0053_0088_0064_0064.jpg 1 53 88 64 64
1053_0048_0028_0059_0059.jpg 1 48 28 59 59
1054_0055_0048_0108_0108.jpg 1 55 48 108 108
1055_0073_0066_0113_0113.jpg 1 73 66 113 113
1056_0095_0077_0099_0099.jpg 1 95 77 99 99
1057_0029_0068_0118_0118.jpg 1 29 68 118 118
1058_0049_0064_0136_0136.jpg 1 49 64 136 136
1059_0061_0038_0113_0113.jpg 1 61 38 113 113
1060_0056_0074_0063_0063.jpg 1 56 74 63 63
1061_0023_0077_0125_0125.jpg 1 23 77 125 125
1062_0054_0072_0118_0118.jpg 1 54 72 118 118
1063_0105_0052_0050_0050.jpg 1 105 52 50 50
1064_0030_0017_0054_0054.jpg 1 30 17 54 54
1065_0127_0104_0033_0033.jpg 1 127 104 33 33
1066_0049_0029_0113_0113.jpg 1 49 29 113 113
1067_0032_0053_0117_0117.jpg 1 32 53 117 117
1068_0058_0110_0078_0078.jpg 1 58 110 78 78
1069_0071_0101_0087_0087.jpg 1 71 101 87 87
1070_0090_0062_0058_0058.jpg 1 90 62 58 58
1071_0142_0090_0031_0031.jpg 1 142 90 31 31
1072_0069_0039_0073_0073.jpg 1 69 39 73 73
1073_0033_0057_0149_0149.jpg 1 33 57 149 149
1074_0106_0135_0028_0028.jpg 1 106 135 28 28
1075_0088_0040_0105_0105.jpg 1 88 40 105 105
1076_0043_0059_0135_0135.jpg 1 43 59 135 135
1077_0114_0047_0047_0047.jpg 1 114 47 47 47
1078_0046_0022_0123_0123.jpg 1 46 22 123 123
1079_0086_0061_0084_0084.jpg 1 86 61 84 84
1080_0025_0038_0116_0116.jpg 1 25 38 116 116
1081_0024_0044_0154_0154.jpg 1 24 44 154 154
1082_0043_0051_0062_0062.jpg 1 43 51 62 62
1083_0033_0067_0131_0131.jpg 1 33 67 131 131
1084_0036_0020_0107_0107.jpg 1 36 20 107 107
1085_0017_0020_0139_0139.jpg 1 17 20 139 139
1086_0075_0139_0026_0026.jpg 1 75 139 26 26
1087_0033_0111_0072_0072.jpg 1 33 111 72 72
1088_0115_0073_0054_0054.jpg 1 115 73 54 54
1089_0022_0048_0120_0120.jpg 1 22 48 120 120
1090_0081_0059_0108_0108.jpg 1 81 59 108 108
1091_0127_0056_0029_0029.jpg 1 127 56 29 29
1092_0063_0024_0100_0100.jpg 1 63 24 100 100
1093_0078_0031_0101_0101.jpg 1 78 31 101 101
1094_0009_0018_0147_0147.jpg 1 9 18 147 147
1095_0014_0087_0082_0082.jpg 1 14 87 82 82
1096_0072_0062_0131_0131.jpg 1 72 62 131 131
1097_0052_0118_0043_0043.jpg 1 52 118 43 43
1098_0067_0143_0028_0028.jpg 1 67 143 28 28
1099_0026_0043_0067_0067.jpg 1 26 43 67 67
1100_0083_0058_0082_0082.jpg 1 83 58 82 82
1101_0125_0041_0026_0026.jpg 1 125 41 26 26
1102_0009_0015_0134_0134.jpg 1 9 15 134 134
1103_0078_0102_0050_0050.jpg 1 78 102 50 50
1104_0015_0092_0094_0094.jpg 1 15 92 94 94
1105_0040_0046_0148_0148.jpg 1 40 46 148 148
1106_0024_0016_0113_0113.jpg 1 24 16 113 113
1107_0057_0096_0101_0101.jpg 1 57 96 101 101
1108_0058_0019_0127_0127.jpg 1 58 19 127 127
1109_0012_0035_0144_0144.jpg 1 12 35 144 144
1110_0027_0022_0150_0150.jpg 1 27 22 150 150
1111_0017_0040_0105_0105.jpg 1 17 40 105 105
1112_0041_0022_0054_0054.jpg 1 41 22 54 54
1113_0062_0101_0040_0040.jpg 1 62 101 40 40
1114_0056_0090_0108_0108.jpg 1 56 90 108 108
1115_0036_0079_0108_0108.jpg 1 36 79 108 108
1116_0035_0022_0085_0085.jpg 1 35 22 85 85
1117_0069_0114_0047_0047.jpg 1 69 114 47 47
1118_0113_0028_0055_0055.jpg 1 113 28 55 55
1119_0096_0058_0030_0030.jpg 1 96 58 30 30
1120_0105_0043_0075_0075.jpg 1 105 43 75 75
1121_0063_0088_0076_0076.jpg 1 63 88 76 76
1122_0078_0031_0087_0087.jpg 1 78 31 87 87
1123_0138_0063_0043_0043.jpg 1 138 63 43 43
1124_0080_0044_0074_0074.jpg 1 80 44 74 74
1125_0021_0016_0141_0141.jpg 1 21 16 141 141
1126_0028_0012_0145_0145.jpg 1 28 12 145 145
1127_0062_0057_0119_0119.jpg 1 62 57 119 119
1128_0037_0014_0146_0146.jpg 1 37 14 146 146
1129_0132_0045_0025_0025.jpg 1 132 45 25 25
1130_0101_0112_0080_0080.jpg 1 101 112 80 80
1131_0075_0120_0071_0071.jpg 1 75 120 71 71
1132_0126_0054_0031_0031.jpg 1 126 54 31 31
1133_0060_0024_0133_0133.jpg 1 60 24 133 133
1134_0044_0047_0135_0135.jpg 1 44 47 135 135
1135_0055_0068_0131_0131.jpg 1 55 68 131 131
1136_0106_0058_0064_0064.jpg 1 106 58 64 64
1137_0028_0016_0079_0079.jpg 1 28 16 79 79
1138_0070_0043_0028_0028.jpg 1 70 43 28 28
1139_0030_0111_0084_0084.jpg 1 30 111 84 84
1140_0081_0056_0114_0114.jpg 1 81 56 114 114
1141_0031_0022_0143_0143.jpg 1 31 22 143 143
1142_0031_0045_0125_0125.jpg 1 31 45 125 125
1143_0098_0052_0084_0084.jpg 1 98 52 84 84
1144_0018_0116_0069_0069.jpg 1 18 116 69 69
1145_0062_0014_0127_0127.jpg 1 62 14 127 127
1146_0029_0013_0104_0104.jpg 1 29 13 104 104
1147_0097_0075_0033_0033.jpg 1 97 75 33 33
1148_0010_0049_0142_0142.jpg 1 10 49 142 142
1149_0035_0026_0138_0138.jpg 1 35 26 138 138
1150_0023_0045_0143_0143.jpg 1 23 45 143 143
1151_0033_0026_0042_0042.jpg 1 33 26 42 42
1152_0077_0060_0121_0121.jpg 1 77 60 121 121
1153_0084_0061_0035_0035.jpg 1 84 61 35 35
1154_0044_0136_0044_0044.jpg 1 44 136 44 44
1155_0028_0053_0134_0134.jpg 1 28 53 134 134
1156_0056_0082_0118_0118.jpg 1 56 82 118 118
1157_0033_0047_0051_0051.jpg 1 33 47 51 51
1158_0100_0148_0035_0035.jpg 1 100 148 35 35
1159_0027_0113_0064_0064.jpg 1 27 113 64 64
1160_0024_0033_0072_0072.jpg 1 24 33 72 72
1161_0046_0042_0119_0119.jpg 1 46 42 119 119
1162_0022_0008_0149_0149.jpg 1 22 8 149 149
1163_0033_0128_0048_0048.jpg 1 33 128 48 48
1164_0097_0058_0078_0078.jpg 1 97 58 78 78
1165_0033_0040_0071_0071.jpg 1 33 40 71 71
1166_0031_0051_0041_0041.jpg 1 31 51 41 41
1167_0044_0037_0139_0139.jpg 1 44 37 139 139
1168_0078_0125_0052_0052.jpg 1 78 125 52 52
1169_0021_0056_0120_0120.jpg 1 21 56 120 120
1170_0019_0025_0100_0100.jpg 1 19 25 100 100
1171_0065_0058_0055_0055.jpg 1 65 58 55 55
1172_0019_0047_0156_0156.jpg 1 19 47 156 156
1173_0009_0057_0145_0145.jpg 1 9 57 145 145
1174_0080_0070_0078_0078.jpg 1 80 70 78 78
1175_0051_0020_0147_0147.jpg 1 51 20 147 147
1176_0009_0051_0136_0136.jpg 1 9 51 136 136
1177_0039_0044_0080_0080.jpg 1 39 44 80 80
1178_0034_0025_0085_0085.jpg 1 34 25 85 85
1179_0058_0063_0118_0118.jpg 1 58 63 118 118
1180_0149_0085_0030_0030.jpg 1 149 85 30 30
1181_0014_0074_0101_0101.jpg 1 14 74 101 101
1182_0064_0040_0061_0061.jpg 1 64 40 61 61
1183_0063_0054_0143_0143.jpg 1 63 54 143 143
1184_0027_0029_0138_0138.jpg 1 27 29 138 138
1185_0013_0043_0140_0140.jpg 1 13 43 140 140
1186_0111_0109_0059_0059.jpg 1 111 109 59 59
1187_0056_0064_0093_0093.jpg 1 56 64 93 93
1188_0032_0125_0048_0048.jpg 1 32 125 48 48
1189_0021_0047_0148_0148.jpg 1 21 47 148 148
1190_0062_0056_0120_0120.jpg 1 62 56 120 120
1191_0034_0031_0082_0082.jpg 1 34 31 82 82
1192_0075_0093_0103_0103.jpg 1 75 93 103 103
1193_0037_0033_0108_0108.jpg 1 37 33 108 108
1194_0124_0079_0041_0041.jpg 1 124 79 41 41
1195_0061_0119_0037_0037.jpg 1 61 119 37 37
1196_0060_0081_0112_0112.jpg 1 60 81 112 112
1197_0115_0042_0063_0063.jpg 1 115 42 63 63
1198_0024_0029_0099_0099.jpg 1 24 29 99 99
1199_0015_0013_0154_0154.jpg 1 15 13 154 154
1200_0120_0088_0068_0068.jpg 1 120 88 68 68
1201_0128_0132_0034_0034.jpg 1 128 132 34 34
1202_0078_0021_0072_0072.jpg 1 78 21 72 72
1203_0129_0060_0054_0054.jpg 1 129 60 54 54
1204_0028_0131_0051_0051.jpg 1 28 131 51 51
1205_0031_0055_0128_0128.jpg 1 31 55 128 128
1206_0100_0024_0077_0077.jpg 1 100 24 77 77
1207_0011_0077_0117_0117.jpg 1 11 77 117 117
1208_0025_0019_0114_0114.jpg 1 25 19 114 114
1209_0078_0105_0071_0071.jpg 1 78 105 71 71
1210_0015_0043_0147_0147.jpg 1 15 43 147 147
1211_0071_0063_0124_0124.jpg 1 71 63 124 124
1212_0071_0096_0062_0062.jpg 1 71 96 62 62
1213_0024_0071_0063_0063.jpg 1 24 71 63 63
1214_0079_0042_0027_0027.jpg 1 79 42 27 27
1215_0023_0065_0123_0123.jpg 1 23 65 123 123
1216_0022_0026_0073_0073.jpg 1 22 26 73 73
1217_0117_0092_0063_0063.jpg 1 117 92 63 63
1218_0033_0073_0077_0077.jpg 1 33 73 77 77
1219_0097_0049_0081_0081.jpg 1 97 49 81 81
1220_0026_0048_0119_0119.jpg 1 26 48 119 119
1221_0074_0078_0044_0044.jpg 1 74 78 44 44
1222_0018_0011_0136_0136.jpg 1 18 11 136 136
1223_0113_0045_0077_0077.jpg 1 113 45 77 77
1224_0052_0053_0089_0089.jpg 1 52 53 89 89
1225_0032_0074_0121_0121.jpg 1 32 74 121 121
1226_0041_0061_0109_0109.jpg 1 41 61 109 109
1227_0015_0064_0140_0140.jpg 1 15 64 140 140
1228_0081_0024_0083_0083.jpg 1 81 24 83 83
1229_0025_0037_0106_0106.jpg 1 25 37 106 106
1230_0048_0089_0101_0101.jpg 1 48 89 101 101
1231_0038_0052_0030_0030.jpg 1 38 52 30 30
1232_0017_0023_0105_0105.jpg 1 17 23 105 105
1233_0059_0020_0134_0134.jpg 1 59 20 134 134
1234_0052_0052_0062_0062.jpg 1 52 52 62 62
1235_0012_0049_0124_0124.jpg 1 12 49 124 124
1236_0153_0066_0024_0024.jpg 1 153 66 24 24
1237_0023_0039_0118_0118.jpg 1 23 39 118 118
1238_0055_0084_0082_0082.jpg 1 55 84 82 82
1239_0056_0100_0049_0049.jpg 1 56 100 49 49
1240_0084_0032_0030_0030.jpg 1 84 32 30 30
1241_0091_0043_0106_0106.jpg 1 91 43 106 106
1242_0049_0049_0147_0147.jpg 1 49 49 147 147
1243_0083_0064_0112_0112.jpg 1 83 64 112 112
1244_0133_0104_0053_0053.jpg 1 133 104 53 53
1245_0032_0087_0098_0098.jpg 1 32 87 98 98
1246_0091_0125_0043_0043.jpg 1 91 125 43 43
1247_0018_0077_0106_0106.jpg 1 18 77 106 106
1248_0079_0068_0092_0092.jpg 1 79 68 92 92
1249_0022_0019_0125_0125.jpg 1 22 19 125 125
1250_0067_0140_0045_0045.jpg 1 67 140 45 45
1251_0046_0059_0141_0141.jpg 1 46 59 141 141
1252_0052_0068_0112_0112.jpg 1 52 68 112 112
1253_0058_0098_0057_0057.jpg 1 58 98 57 57
1254_0023_0022_0147_0147.jpg 1 23 22 147 147
1255_0111_0036_0050_0050.jpg 1 111 36 50 50
1256_0068_0027_0086_0086.jpg 1 68 27 86 86
1257_0076_0030_0126_0126.jpg 1 76 30 126 126
1258_0104_0073_0024_0024.jpg 1 104 73 24 24
1259_0068_0107_0067_0067.jpg 1 68 107 67 67
1260_0090_0140_0028_0028.jpg 1 90 140 28 28
1261_0027_0027_0061_0061.jpg 1 27 27 61 61
1262_0090_0034_0088_0088.jpg 1 90 34 88 88
1263_0053_0076_0121_0121.jpg 1 53 76 121 121
1264_0038_0058_0148_0148.jpg 1 38 58 148 148
1265_0068_0098_0061_0061.jpg 1 68 98 61 61
1266_0045_0047_0074_0074.jpg 1 45 47 74 74
1267_0098_0027_0035_0035.jpg 1 98 27 35 35
1268_0097_0095_0065_0065.jpg 1 97 95 65 65
1269_0053_0104_0051_0051.jpg 1 53 104 51 51
1270_0033_0088_0098_0098.jpg 1 33 88 98 98
1271_0105_0040_0030_0030.jpg 1 105 40 30 30
1272_0103_0013_0093_0093.jpg 1 103 13 93 93
1273_0039_0012_0147_0147.jpg 1 39 12 147 147
1274_0147_0051_0040_0040.jpg 1 147 51 40 40
1275_0032_0054_0103_0103.jpg 1 32 54 103 103
1276_0096_0070_0066_0066.jpg 1 96 70 66 66
1277_0076_0037_0080_0080.jpg 1 76 37 80 80
1278_0069_0017_0103_0103.jpg 1 69 17 103 103
1279_0023_0011_0149_0149.jpg 1 23 11 149 149
1280_0038_0055_0070_0070.jpg 1 38 55 70 70
1281_0052_0080_0117_0117.jpg 1 52 80 117 117
1282_0076_0029_0113_0113.jpg 1 76 29 113 113
1283_0118_0133_0037_0037.jpg 1 118 133 37 37
1284_0078_0066_0063_0063.jpg 1 78 66 63 63
1285_0055_0042_0089_0089.jpg 1 55 42 89 89
1286_0028_0066_0105_0105.jpg 1 28 66 105 105
1287_0104_0073_0092_0092.jpg 1 104 73 92 92
1288_0137_0075_0049_0049.jpg 1 137 75 49 49
1289_0049_0033_0137_0137.jpg 1 49 33 137 137
1290_0033_0112_0063_0063.jpg 1 33 112 63 63
1291_0065_0088_0029_0029.jpg 1 65 88 29 29
1292_0096_0015_0065_0065.jpg 1 96 15 65 65
1293_0029_0076_0092_0092.jpg 1 29 76 92 92
1294_0082_0036_0120_0120.jpg 1 82 36 120 120
1295_0061_0026_0137_0137.jpg 1 61 26 137 137
1296_0035_0061_0126_0126.jpg 1 35 61 126 126
1297_0016_0028_0121_0121.jpg 1 16 28 121 121
1298_0076_0066_0108_0108.jpg 1 76 66 108 108
1299_0044_0074_0100_0100.jpg 1 44 74 100 100
1300_0062_0076_0105_0105.jpg 1 62 76 105 105
1301_0151_0025_0026_0026.jpg 1 151 25 26 26
1302_0039_0059_0117_0117.jpg 1 39 59 117 117
1303_0111_0022_0044_0044.jpg 1 111 22 44 44
1304_0028_0045_0116_0116.jpg 1 28 45 116 116
1305_0074_0083_0084_0084.jpg 1 74 83 84 84
1306_0046_0084_0106_0106.jpg 1 46 84 106 106
1307_0082_0088_0028_0028.jpg 1 82 88 28 28
1308_0101_0078_0085_0085.jpg 1 101 78 85 85
1309_0016_0032_0124_0124.jpg 1 16 32 124 124
1310_0068_0052_0095_0095.jpg 1 68 52 95 95
1311_0053_0019_0149_0149.jpg 1 53 19 149 149
1312_0083_0039_0042_0042.jpg 1 83 39 42 42
1313_0039_0010_0153_0153.jpg 1 39 10 153 153
1314_0029_0029_0148_0148.jpg 1 29 29 148 148
1315_0071_0040_0045_0045.jpg 1 71 40 45 45
1316_0131_0040_0035_0035.jpg 1 131 40 35 35
1317_0061_0010_0140_0140.jpg 1 61 10 140 140
1318_0040_0096_0086_0086.jpg 1 40 96 86 86
1319_0028_0028_0069_0069.jpg 1 28 28 69 69
1320_0040_0047_0084_0084.jpg 1 40 47 84 84
1321_0092_0109_0029_0029.jpg 1 92 109 29 29
1322_0043_0056_0146_0146.jpg 1 43 56 146 146
1323_0037_0097_0076_0076.jpg 1 37 97 76 76
1324_0084_0104_0077_0077.jpg 1 84 104 77 77
1325_0054_0105_0089_0089.jpg 1 54 105 89 89
1326_0094_0065_0055_0055.jpg 1 94 65 55 55
1327_0016_0016_0139_0139.jpg 1 16 16 139 139
1328_0047_0061_0127_0127.jpg 1 47 61 127 127
1329_0140_0060_0035_0035.jpg 1 140 60 35 35
1330_0033_0061_0034_0034.jpg 1 33 61 34 34
1331_0093_0056_0101_0101.jpg 1 93 56 101 101
1332_0024_0023_0122_0122.jpg 1 24 23 122 122
1333_0059_0022_0105_0105.jpg 1 59 22 105 105
1334_0031_0061_0064_0064.jpg 1 31 61 64 64
1335_0026_0016_0144_0144.jpg 1 26 16 144 144
1336_0062_0022_0081_0081.jpg 1 62 22 81 81
1337_0054_0073_0045_0045.jpg 1 54 73 45 45
1338_0062_0047_0108_0108.jpg 1 62 47 108 108
1339_0020_0076_0112_0112.jpg 1 20 76 112 112
1340_0034_0030_0128_0128.jpg 1 34 30 128 128
1341_0036_0023_0139_0139.jpg 1 36 23 139 139
1342_0084_0072_0053_0053.jpg 1 84 72 53 53
1343_0079_0038_0092_0092.jpg 1 79 38 92 92
1344_0046_0040_0097_0097.jpg 1 46 40 97 97
1345_0037_0035_0085_0085.jpg 1 37 35 85 85
1346_0032_0076_0105_0105.jpg 1 32 76 105 105
1347_0031_0044_0107_0107.jpg 1 31 44 107 107
1348_0040_0037_0135_0135.jpg 1 40 37 135 135
1349_0136_0049_0025_0025.jpg 1 136 49 25 25
1350_0046_0033_0095_0095.jpg 1 46 33 95 95
1351_0101_0031_0082_0082.jpg 1 101 31 82 82
1352_0047_0033_0038_0038.jpg 1 47 33 38 38
1353_0028_0025_0122_0122.jpg 1 28 25 122 122
1354_0021_0043_0142_0142.jpg 1 21 43 142 142
1355_0036_0050_0129_0129.jpg 1 36 50 129 129
1356_0073_0070_0040_0040.jpg 1 73 70 40 40
1357_0093_0056_0102_0102.jpg 1 93 56 102 102
1358_0125_0110_0036_0036.jpg 1 125 110 36 36
1359_0037_0058_0124_0124.jpg 1 37 58 124 124
1360_0120_0128_0027_0027.jpg 1 120 128 27 27
1361_0051_0018_0098_0098.jpg 1 51 18 98 98
1362_0094_0038_0085_0085.jpg 1 94 38 85 85
1363_0063_0032_0142_0142.jpg 1 63 32 142 142
1364_0016_0062_0109_0109.jpg 1 16 62 109 109
1365_0055_0111_0054_0054.jpg 1 55 111 54 54
1366_0013_0039_0124_0124.jpg 1 13 39 124 124
1367_0051_0025_0151_0151.jpg 1 51 25 151 151
1368_0097_0090_0045_0045.jpg 1 97 90 45 45
1369_0031_0029_0086_0086.jpg 1 31 29 86 86
1370_0019_0125_0039_0039.jpg 1 19 125 39 39
1371_0139_0107_0043_0043.jpg 1 139 107 43 43
1372_0099_0107_0066_0066.jpg 1 99 107 66 66
1373_0155_0146_0025_0025.jpg 1 155 146 25 25
1374_0092_0030_0055_0055.jpg 1 92 30 55 55
1375_0048_0039_0151_0151.jpg 1 48 39 151 151
1376_0019_0023_0097_0097.jpg 1 19 23 97 97
1377_0028_0095_0102_0102.jpg 1 28 95 102 102
1378_0097_0074_0035_0035.jpg 1 97 74 35 35
1379_0069_0028_0130_0130.jpg 1 69 28 130 130
1380_0064_0040_0139_0139.jpg 1 64 40 139 139
1381_0030_0073_0077_0077.jpg 1 30 73 77 77
1382_0065_0041_0125_0125.jpg 1 65 41 125 125
1383_0035_0100_0074_0074.jpg 1 35 100 74 74
1384_0017_0105_0075_0075.jpg 1 17 105 75 75
1385_0116_0097_0059_0059.jpg 1 116 97 59 59
1386_0017_0045_0058_0058.jpg 1 17 45 58 58
1387_0116_0127_0043_0043.jpg 1 116 127 43 43
1388_0067_0020_0107_0107.jpg 1 67 20 107 107
1389_0089_0114_0056_0056.jpg 1 89 114 56 56
1390_0042_0028_0140_0140.jpg 1 42 28 140 140
1391_0057_0147_0025_0025.jpg 1 57 147 25 25
1392_0106_0103_0076_0076.jpg 1 106 103 76 76
1393_0097_0034_0033_0033.jpg 1 97 34 33 33
1394_0059_0060_0085_0085.jpg 1 59 60 85 85
1395_0066_0065_0125_0125.jpg 1 66 65 125 125
1396_0104_0101_0035_0035.jpg 1 104 101 35 35
1397_0123_0030_0039_0039.jpg 1 123 30 39 39
1398_0131_0036_0058_0058.jpg 1 131 36 58 58
1399_0055_0019_0052_0052.jpg 1 55 19 52 52
1400_0034_0024_0146_0146.jpg 1 34 24 146 146
1401_0043_0105_0071_0071.jpg 1 43 105 71 71
1402_0077_0075_0102_0102.jpg 1 77 75 102 102
1403_0022_0084_0067_0067.jpg 1 22 84 67 67
1404_0029_0059_0125_0125.jpg 1 29 59 125 125
1405_0126_0043_0047_0047.jpg 1 126 43 47 47
1406_0097_0069_0070_0070.jpg 1 97 69 70 70
1407_0034_0050_0138_0138.jpg 1 34 50 138 138
1408_0064_0091_0043_0043.jpg 1 64 91 43 43
1409_0088_0068_0048_0048.jpg 1 88 68 48 48
1410_0010_0036_0143_0143.jpg 1 10 36 143 143
1411_0024_0093_0056_0056.jpg 1 24 93 56 56
1412_0027_0054_0129_0129.jpg 1 27 54 129 129
1413_0030_0017_0057_0057.jpg 1 30 17 57 57
1414_0070_0027_0048_0048.jpg 1 70 27 48 48
1415_0073_0020_0096_0096.jpg 1 73 20 96 96
1416_0012_0040_0114_0114.jpg 1 12 40 114 114
1417_0039_0048_0140_0140.jpg 1 39 48 140 140
1418_0064_0028_0074_0074.jpg 1 64 28 74 74
1419_0026_0026_0125_0125.jpg 1 26 26 125 125
1420_0035_0092_0032_0032.jpg 1 35 92 32 32
1421_0022_0069_0117_0117.jpg 1 22 69 117 117
1422_0048_0061_0135_0135.jpg 1 48 61 135 135
1423_0022_0095_0031_0031.jpg 1 22 95 31 31
1424_0097_0056_0097_0097.jpg 1 97 56 97 97
1425_0037_0068_0128_0128.jpg 1 37 68 128 128
1426_0050_0063_0122_0122.jpg 1 50 63 122 122
1427_0082_0014_0089_0089.jpg 1 82 14 89 89
1428_0089_0045_0082_0082.jpg 1 89 45 82 82
1429_0049_0070_0073_0073.jpg 1 49 70 73 73
1430_0109_0047_0055_0055.jpg 1 109 47 55 55
1431_0029_0066_0135_0135.jpg 1 29 66 135 135
1432_0015_0053_0143_0143.jpg 1 15 53 143 143
1433_0054_0022_0055_0055.jpg 1 54 22 55 55
1434_0012_0050_0116_0116.jpg 1 12 50 116 116
1435_0056_0012_0143_0143.jpg 1 56 12 143 143
1436_0091_0020_0075_0075.jpg 1 91 20 75 75
1437_0104_0113_0079_0079.jpg 1 104 113 79 79
1438_0012_0032_0098_0098.jpg 1 12 32 98 98
1439_0064_0029_0051_0051.jpg 1 64 29 51 51
1440_0066_0070_0088_0088.jpg 1 66 70 88 88
1441_0033_0111_0036_0036.jpg 1 33 111 36 36
1442_0092_0110_0075_0075.jpg 1 92 110 75 75
1443_0107_0055_0038_0038.jpg 1 107 55 38 38
1444_0069_0054_0136_0136.jpg 1 69 54 136 136
1445_0017_0046_0145_0145.jpg 1 17 46 145 145
1446_0053_0054_0137_0137.jpg 1 53 54 137 137
1447_0054_0057_0103_0103.jpg 1 54 57 103 103
1448_0055_0064_0106_0106.jpg 1 55 64 106 106
1449_0059_0080_0080_0080.jpg 1 59 80 80 80
1450_0028_0012_0126_0126.jpg 1 28 12 126 126
1451_0042_0022_0134_0134.jpg 1 42 22 134 134
1452_0053_0028_0117_0117.jpg 1 53 28 117 117
1453_0112_0127_0029_0029.jpg 1 112 127 29 29
1454_0030_0021_0137_0137.jpg 1 30 21 137 137
1455_0066_0033_0121_0121.jpg 1 66 33 121 121
1456_0057_0053_0093_0093.jpg 1 57 53 93 93
1457_0048_0086_0053_0053.jpg 1 48 86 53 53
1458_0114_0129_0059_0059.jpg 1 114 129 59 59
1459_0059_0019_0138_0138.jpg 1 59 19 138 138
1460_0031_0065_0048_0048.jpg 1 31 65 48 48
1461_0078_0046_0109_0109.jpg 1 78 46 109 109
1462_0021_0030_0156_0156.jpg 1 21 30 156 156
1463_0082_0083_0100_0100.jpg 1 82 83 100 100
1464_0082_0124_0053_0053.jpg 1 82 124 53 53
1465_0068_0122_0051_0051.jpg 1 68 122 51 51
1466_0063_0033_0045_0045.jpg 1 63 33 45 45
1467_0046_0060_0033_0033.jpg 1 46 60 33 33
1468_0055_0016_0122_0122.jpg 1 55 16 122 122
1469_0037_0021_0081_0081.jpg 1 37 21 81 81
1470_0022_0061_0141_0141.jpg 1 22 61 141 141
1471_0083_0095_0083_0083.jpg 1 83 95 83 83
1472_0057_0030_0085_0085.jpg 1 57 30 85 85
1473_0081_0055_0035_0035.jpg 1 81 55 35 35
1474_0113_0131_0047_0047.jpg 1 113 131 47 47
1475_0068_0121_0041_0041.jpg 1 68 121 41 41
1476_0077_0069_0120_0120.jpg 1 77 69 120 120
1477_0039_0058_0143_0143.jpg 1 39 58 143 143
1478_0050_0056_0132_0132.jpg 1 50 56 132 132
1479_0058_0029_0028_0028.jpg 1 58 29 28 28
1480_0059_0035_0101_0101.jpg 1 59 35 101 101
1481_0016_0089_0080_0080.jpg 1 16 89 80 80
1482_0049_0027_0117_0117.jpg 1 49 27 117 117
1483_0038_0056_0135_0135.jpg 1 38 56 135 135
1484_0103_0076_0038_0038.jpg 1 103 76 38 38
1485_0079_0029_0106_0106.jpg 1 79 29 106 106
1486_0054_0044_0098_0098.jpg 1 54 44 98 98
1487_0035_0035_0153_0153.jpg 1 35 35 153 153
1488_0016_0021_0103_0103.jpg 1 16 21 103 103
1489_0100_0089_0051_0051.jpg 1 100 89 51 51
1490_0025_0034_0119_0119.jpg 1 25 34 119 119
1491_0055_0082_0075_0075.jpg 1 55 82 75 75
1492_0093_0046_0104_0104.jpg 1 93 46 104 104
1493_0017_0015_0113_0113.jpg 1 17 15 113 113
1494_0029_0137_0028_0028.jpg 1 29 137 28 28
1495_0043_0049_0134_0134.jpg 1 43 49 134 134
1496_0055_0044_0153_0153.jpg 1 55 44 153 153
1497_0076_0034_0094_0094.jpg 1 76 34 94 94
1498_0102_0028_0042_0042.jpg 1 102 28 42 42
1499_0033_0131_0055_0055.jpg 1 33 131 55 55
1500_0087_0025_0025_0025.jpg 1 87 25 25 25
1501_0105_0080_0034_0034.jpg 1 105 80 34 34
1502_0118_0023_0074_0074.jpg 1 118 23 74 74
1503_0026_0093_0034_0034.jpg 1 26 93 34 34
1504_0051_0063_0042_0042.jpg 1 51 63 42 42
1505_0023_0031_0092_0092.jpg 1 23 31 92 92
1506_0011_0015_0134_0134.jpg 1 11 15 134 134
1507_0055_0129_0054_0054.jpg 1 55 129 54 54
1508_0100_0070_0094_0094.jpg 1 100 70 94 94
1509_0063_0013_0132_0132.jpg 1 63 13 132 132
1510_0067_0042_0119_0119.jpg 1 67 42 119 119
1511_0026_0056_0111_0111.jpg 1 26 56 111 111
1512_0033_0086_0108_0108.jpg 1 33 86 108 108
1513_0152_0075_0024_0024.jpg 1 152 75 24 24
1514_0073_0032_0032_0032.jpg 1 73 32 32 32
1515_0088_0077_0086_0086.jpg 1 88 77 86 86
1516_0013_0012_0123_0123.jpg 1 13 12 123 123
1517_0034_0041_0144_0144.jpg 1 34 41 144 144
1518_0043_0038_0129_0129.jpg 1 43 38 129 129
1519_0033_0033_0077_0077.jpg 1 33 33 77 77
1520_0101_0019_0077_0077.jpg 1 101 19 77 77
1521_0070_0048_0117_0117.jpg 1 70 48 117 117
1522_0094_0034_0024_0024.jpg 1 94 34 24 24
1523_0033_0068_0119_0119.jpg 1 33 68 119 119
1524_0100_0128_0037_0037.jpg 1 100 128 37 37
1525_0098_0038_0093_0093.jpg 1 98 38 93 93
1526_0032_0055_0146_0146.jpg 1 32 55 146 146
1527_0031_0022_0096_0096.jpg 1 31 22 96 96
1528_0068_0083_0107_0107.jpg 1 68 83 107 107
1529_0010_0010_0154_0154.jpg 1 10 10 154 154
1530_0032_0044_0117_0117.jpg 1 32 44 117 117
1531_0119_0030_0036_0036.jpg 1 119 30 36 36
1532_0035_0055_0153_0153.jpg 1 35 55 153 153
1533_0074_0024_0088_0088.jpg 1 74 24 88 88
1534_0097_0028_0089_0089.jpg 1 97 28 89 89
1535_0029_0032_0044_0044.jpg 1 29 32 44 44
1536_0020_0045_0101_0101.jpg 1 20 45 101 101
1537_0105_0091_0044_0044.jpg 1 105 91 44 44
1538_0078_0098_0076_0076.jpg 1 78 98 76 76
1539_0053_0011_0151_0151.jpg 1 53 11 151 151
1540_0021_0046_0156_0156.jpg 1 21 46 156 156
1541_0055_0098_0031_0031.jpg 1 55 98 31 31
1542_0016_0043_0122_0122.jpg 1 16 43 122 122
1543_0098_0089_0064_0064.jpg 1 98 89 64 64
1544_0084_0078_0080_0080.jpg 1 84 78 80 80
1545_0025_0064_0099_0099.jpg 1 25 64 99 99
1546_0069_0022_0127_0127.jpg 1 69 22 127 127
1547_0052_0009_0127_0127.jpg 1 52 9 127 127
1548_0109_0136_0046_0046.jpg 1 109 136 46 46
1549_0112_0080_0033_0033.jpg 1 112 80 33 33
1550_0036_0030_0116_0116.jpg 1 36 30 116 116
1551_0025_0077_0117_0117.jpg 1 25 77 117 117
1552_0084_0080_0115_0115.jpg 1 84 80 115 115
1553_0031_0110_0069_0069.jpg 1 31 110 69 69
1554_0059_0014_0082_0082.jpg 1 59 14 82 82
1555_0043_0082_0104_0104.jpg 1 43 82 104 104
1556_0120_0043_0065_0065.jpg 1 120 43 65 65
1557_0019_0061_0147_0147.jpg 1 19 61 147 147
1558_0074_0014_0119_0119.jpg 1 74 14 119 119
1559_0042_0044_0125_0125.jpg 1 42 44 125 125
1560_0103_0134_0045_0045.jpg 1 103 134 45 45
1561_0030_0044_0137_0137.jpg 1 30 44 137 137
1562_0064_0020_0094_0094.jpg 1 64 20 94 94
1563_0069_0101_0092_0092.jpg 1 69 101 92 92
1564_0092_0068_0059_0059.jpg 1 92 68 59 59
1565_0049_0016_0106_0106.jpg 1 49 16 106 106
1566_0047_0039_0064_0064.jpg 1 47 39 64 64
1567_0031_0078_0122_0122.jpg 1 31 78 122 122
1568_0024_0018_0113_0113.jpg 1 24 18 113 113
1569_0019_0013_0102_0102.jpg 1 19 13 102 102
1570_0131_0128_0026_0026.jpg 1 131 128 26 26
1571_0104_0101_0091_0091.jpg 1 104 101 91 91
1572_0087_0067_0085_0085.jpg 1 87 67 85 85
1573_0019_0037_0084_0084.jpg 1 19 37 84 84
1574_0025_0007_0153_0153.jpg 1 25 7 153 153
1575_0055_0074_0052_0052.jpg 1 55 74 52 52
1576_0081_0057_0052_0052.jpg 1 81 57 52 52
1577_0084_0079_0075_0075.jpg 1 84 79 75 75
1578_0121_0136_0040_0040.jpg 1 121 136 40 40
1579_0044_0086_0025_0025.jpg 1 44 86 25 25
1580_0056_0028_0146_0146.jpg 1 56 28 146 146
1581_0068_0060_0138_0138.jpg 1 68 60 138 138
1582_0029_0020_0139_0139.jpg 1 29 20 139 139
1583_0124_0094_0032_0032.jpg 1 124 94 32 32
1584_0063_0057_0081_0081.jpg 1 63 57 81 81
1585_0036_0048_0138_0138.jpg 1 36 48 138 138
1586_0120_0113_0073_0073.jpg 1 120 113 73 73
1587_0061_0080_0053_0053.jpg 1 61 80 53 53
1588_0012_0060_0127_0127.jpg 1 12 60 127 127
1589_0026_0011_0144_0144.jpg 1 26 11 144 144
1590_0104_0059_0057_0057.jpg 1 104 59 57 57
1591_0047_0108_0070_0070.jpg 1 47 108 70 70
1592_0101_0092_0046_0046.jpg 1 101 92 46 46
1593_0043_0039_0049_0049.jpg 1 43 39 49 49
1594_0098_0057_0097_0097.jpg 1 98 57 97 97
1595_0044_0061_0108_0108.jpg 1 44 61 108 108
1596_0119_0094_0064_0064.jpg 1 119 94 64 64
1597_0057_0081_0059_0059.jpg 1 57 81 59 59
1598_0097_0089_0098_0098.jpg 1 97 89 98 98
1599_0132_0132_0048_0048.jpg 1 132 132 48 48
1600_0050_0033_0141_0141.jpg 1 50 33 141 141
1601_0085_0056_0061_0061.jpg 1 85 56 61 61
1602_0041_0053_0156_0156.jpg 1 41 53 156 156
1603_0066_0043_0140_0140.jpg 1 66 43 140 140
1604_0080_0043_0041_0041.jpg 1 80 43 41 41
1605_0071_0076_0043_0043.jpg 1 71 76 43 43
1606_0067_0064_0073_0073.jpg 1 67 64 73 73
1607_0026_0046_0153_0153.jpg 1 26 46 153 153
1608_0030_0121_0043_0043.jpg 1 30 121 43 43
1609_0028_0040_0153_0153.jpg 1 28 40 153 153
1610_0043_0084_0036_0036.jpg 1 43 84 36 36
1611_0039_0096_0055_0055.jpg 1 39 96 55 55
1612_0061_0042_0107_0107.jpg 1 61 42 107 107
1613_0091_0016_0075_0075.jpg 1 91 16 75 75
1614_0027_0107_0081_0081.jpg 1 27 107 81 81
1615_0062_0020_0095_0095.jpg 1 62 20 95 95
1616_0115_0069_0053_0053.jpg 1 115 69 53 53
1617_0125_0094_0067_0067.jpg 1 125 94 67 67
1618_0139_0053_0045_0045.jpg 1 139 53 45 45
1619_0022_0034_0149_0149.jpg 1 22 34 149 149
1620_0016_0064_0139_0139.jpg 1 16 64 139 139
1621_0074_0073_0118_0118.jpg 1 74 73 118 118
1622_0035_0027_0090_0090.jpg 1 35 27 90 90
1623_0012_0043_0128_0128.jpg 1 12 43 128 128
1624_0038_0086_0041_0041.jpg 1 38 86 41 41
1625_0048_0060_0029_0029.jpg 1 48 60 29 29
1626_0098_0070_0029_0029.jpg 1 98 70 29 29
1627_0035_0055_0041_0041.jpg 1 35 55 41 41
1628_0022_0107_0083_0083.jpg 1 22 107 83 83
1629_0086_0071_0108_0108.jpg 1 86 71 108 108
1630_0037_0052_0151_0151.jpg 1 37 52 151 151
1631_0015_0071_0075_0075.jpg 1 15 71 75 75
1632_0047_0035_0027_0027.jpg 1 47 35 27 27
1633_0008_0008_0142_0142.jpg 1 8 8 142 142
1634_0082_0016_0102_0102.jpg 1 82 16 102 102
1635_0070_0099_0082_0082.jpg 1 70 99 82 82
1636_0072_0064_0115_0115.jpg 1 72 64 115 115
1637_0122_0114_0047_0047.jpg 1 122 114 47 47
1638_0037_0039_0136_0136.jpg 1 37 39 136 136
1639_0026_0109_0042_0042.jpg 1 26 109 42 42
1640_0110_0071_0033_0033.jpg 1 110 71 33 33
1641_0061_0020_0111_0111.jpg 1 61 20 111 111
1642_0050_0082_0117_0117.jpg 1 50 82 117 117
1643_0089_0139_0046_0046.jpg 1 89 139 46 46
1644_0049_0018_0130_0130.jpg 1 49 18 130 130
1645_0061_0047_0142_0142.jpg 1 61 47 142 142
1646_0028_0063_0089_0089.jpg 1 28 63 89 89
1647_0047_0031_0088_0088.jpg 1 47 31 88 88
1648_0050_0027_0145_0145.jpg 1 50 27 145 145
1649_0125_0035_0051_0051.jpg 1 125 35 51 51
1650_0049_0041_0155_0155.jpg 1 49 41 155 155
1651_0087_0077_0106_0106.jpg 1 87 77 106 106
1652_0050_0131_0053_0053.jpg 1 50 131 53 53
1653_0028_0042_0141_0141.jpg 1 28 42 141 141
1654_0065_0009_0125_0125.jpg 1 65 9 125 125
1655_0039_0082_0103_0103.jpg 1 39 82 103 103
1656_0021_0135_0039_0039.jpg 1 21 135 39 39
1657_0051_0062_0038_0038.jpg 1 51 62 38 38
1658_0041_0105_0048_0048.jpg 1 41 105 48 48
1659_0038_0017_0137_0137.jpg 1 38 17 137 137
1660_0096_0126_0031_0031.jpg 1 96 126 31 31
1661_0073_0017_0107_0107.jpg 1 73 17 107 107
1662_0115_0084_0027_0027.jpg 1 115 84 27 27
1663_0016_0087_0094_0094.jpg 1 16 87 94 94
1664_0061_0017_0105_0105.jpg 1 61 17 105 105
1665_0029_0112_0041_0041.jpg 1 29 112 41 41
1666_0062_0085_0076_0076.jpg 1 62 85 76 76
1667_0091_0118_0066_0066.jpg 1 91 118 66 66
1668_0065_0018_0141_0141.jpg 1 65 18 141 141
1669_0123_0122_0045_0045.jpg 1 123 122 45 45
1670_0112_0132_0040_0040.jpg 1 112 132 40 40
1671_0132_0129_0024_0024.jpg 1 132 129 24 24
1672_0054_0047_0063_0063.jpg 1 54 47 63 63
1673_0051_0021_0106_0106.jpg 1 51 21 106 106
1674_0109_0077_0050_0050.jpg 1 109 77 50 50
1675_0038_0063_0061_0061.jpg 1 38 63 61 61
1676_0131_0025_0058_0058.jpg 1 131 25 58 58
1677_0072_0063_0062_0062.jpg 1 72 63 62 62
1678_0077_0044_0079_0079.jpg 1 77 44 79 79
1679_0081_0052_0053_0053.jpg 1 81 52 53 53
1680_0035_0068_0054_0054.jpg 1 35 68 54 54
1681_0063_0039_0113_0113.jpg 1 63 39 113 113
1682_0053_0052_0031_0031.jpg 1 53 52 31 31
1683_0061_0039_0133_0133.jpg 1 61 39 133 133
1684_0042_0018_0150_0150.jpg 1 42 18 150 150
1685_0025_0049_0147_0147.jpg 1 25 49 147 147
1686_0065_0052_0082_0082.jpg 1 65 52 82 82
1687_0072_0042_0031_0031.jpg 1 72 42 31 31
1688_0129_0124_0035_0035.jpg 1 129 124 35 35
1689_0052_0044_0131_0131.jpg 1 52 44 131 131
1690_0027_0072_0117_0117.jpg 1 27 72 117 117
1691_0044_0100_0058_0058.jpg 1 44 100 58 58
1692_0068_0037_0108_0108.jpg 1 68 37 108 108
1693_0093_0133_0045_0045.jpg 1 93 133 45 45
1694_0017_0062_0071_0071.jpg 1 17 62 71 71
1695_0125_0123_0039_0039.jpg 1 125 123 39 39
1696_0028_0071_0130_0130.jpg 1 28 71 130 130
1697_0031_0053_0147_0147.jpg 1 31 53 147 147
1698_0106_0090_0068_0068.jpg 1 106 90 68 68
1699_0070_0124_0067_0067.jpg 1 70 124 67 67
1700_0083_0043_0112_0112.jpg 1 83 43 112 112
1701_0036_0060_0148_0148.jpg 1 36 60 148 148
1702_0080_0054_0090_0090.jpg 1 80 54 90 90
1703_0030_0009_0141_0141.jpg 1 30 9 141 141
1704_0081_0085_0111_0111.jpg 1 81 85 111 111
1705_0075_0052_0128_0128.jpg 1 75 52 128 128
1706_0057_0071_0069_0069.jpg 1 57 71 69 69
1707_0065_0024_0076_0076.jpg 1 65 24 76 76
1708_0135_0071_0025_0025.jpg 1 135 71 25 25
1709_0021_0020_0140_0140.jpg 1 21 20 140 140
1710_0029_0099_0052_0052.jpg 1 29 99 52 52
1711_0017_0055_0112_0112.jpg 1 17 55 112 112
1712_0075_0061_0028_0028.jpg 1 75 61 28 28
1713_0091_0093_0076_0076.jpg 1 91 93 76 76
1714_0036_0104_0080_0080.jpg 1 36 104 80 80
1715_0151_0155_0024_0024.jpg 1 151 155 24 24
1716_0056_0124_0058_0058.jpg 1 56 124 58 58
1717_0081_0024_0085_0085.jpg 1 81 24 85 85
1718_0070_0100_0085_0085.jpg 1 70 100 85 85
1719_0028_0033_0153_0153.jpg 1 28 33 153 153
1720_0079_0056_0068_0068.jpg 1 79 56 68 68
1721_0096_0058_0085_0085.jpg 1 96 58 85 85
1722_0062_0046_0060_0060.jpg 1 62 46 60 60
1723_0041_0039_0041_0041.jpg 1 41 39 41 41
1724_0042_0058_0109_0109.jpg 1 42 58 109 109
1725_0089_0082_0056_0056.jpg 1 89 82 56 56
1726_0037_0064_0048_0048.jpg 1 37 64 48 48
1727_0060_0016_0148_0148.jpg 1 60 16 148 148
1728_0042_0068_0114_0114.jpg 1 42 68 114 114
1729_0063_0043_0122_0122.jpg 1 63 43 122 122
1730_0078_0025_0085_0085.jpg 1 78 25 85 85
1731_0065_0052_0082_0082.jpg 1 65 52 82 82
1732_0151_0023_0032_0032.jpg 1 151 23 32 32
1733_0027_0048_0098_0098.jpg 1 27 48 98 98
1734_0053_0074_0087_0087.jpg 1 53 74 87 87
1735_0064_0089_0105_0105.jpg 1 64 89 105 105
1736_0012_0051_0120_0120.jpg 1 12 51 120 120
1737_0124_0118_0033_0033.jpg 1 124 118 33 33
1738_0046_0055_0028_0028.jpg 1 46 55 28 28
1739_0038_0119_0070_0070.jpg 1 38 119 70 70
1740_0091_0106_0089_0089.jpg 1 91 106 89 89
1741_0023_0018_0097_0097.jpg 1 23 18 97 97
1742_0018_0100_0065_0065.jpg 1 18 100 65 65
1743_0021_0046_0152_0152.jpg 1 21 46 152 152
1744_0089_0068_0040_0040.jpg 1 89 68 40 40
1745_0061_0069_0116_0116.jpg 1 61 69 116 116
1746_0012_0012_0137_0137.jpg 1 12 12 137 137
1747_0055_0037_0135_0135.jpg 1 55 37 135 135
1748_0054_0025_0123_0123.jpg 1 54 25 123 123
1749_0044_0018_0133_0133.jpg 1 44 18 133 133
1750_0014_0021_0125_0125.jpg 1 14 21 125 125
1751_0020_0106_0051_0051.jpg 1 20 106 51 51
1752_0139_0072_0041_0041.jpg 1 139 72 41 41
1753_0063_0045_0131_0131.jpg 1 63 45 131 131
1754_0042_0148_0037_0037.jpg 1 42 148 37 37
1755_0038_0031_0154_0154.jpg 1 38 31 154 154
1756_0023_0050_0081_0081.jpg 1 23 50 81 81
1757_0060_0049_0103_0103.jpg 1 60 49 103 103
1758_0083_0128_0027_0027.jpg 1 83 128 27 27
1759_0064_0048_0126_0126.jpg 1 64 48 126 126
1760_0055_0025_0135_0135.jpg 1 55 25 135 135
1761_0085_0014_0084_0084.jpg 1 85 14 84 84
1762_0061_0037_0106_0106.jpg 1 61 37 106 106
1763_0050_0024_0118_0118.jpg 1 50 24 118 118
1764_0058_0137_0029_0029.jpg 1 58 137 29 29
1765_0043_0056_0136_0136.jpg 1 43 56 136 136
1766_0038_0041_0089_0089.jpg 1 38 41 89 89
1767_0058_0099_0039_0039.jpg 1 58 99 39 39
1768_0047_0126_0035_0035.jpg 1 47 126 35 35
1769_0117_0129_0034_0034.jpg 1 117 129 34 34
1770_0095_0029_0094_0094.jpg 1 95 29 94 94
1771_0042_0048_0079_0079.jpg 1 42 48 79 79
1772_0122_0122_0048_0048.jpg 1 122 122 48 48
1773_0044_0073_0106_0106.jpg 1 44 73 106 106
1774_0060_0040_0106_0106.jpg 1 60 40 106 106
1775_0012_0016_0117_0117.jpg 1 12 16 117 117
1776_0124_0048_0030_0030.jpg 1 124 48 30 30
1777_0057_0013_0107_0107.jpg 1 57 13 107 107
1778_0033_0050_0104_0104.jpg 1 33 50 104 104
1779_0069_0051_0106_0106.jpg 1 69 51 106 106
1780_0024_0040_0140_0140.jpg 1 24 40 140 140
1781_0026_0109_0078_0078.jpg 1 26 109 78 78
1782_0010_0026_0138_0138.jpg 1 10 26 138 138
1783_0098_0021_0084_0084.jpg 1 98 21 84 84
1784_0017_0020_0116_0116.jpg 1 17 20 116 116
1785_0080_0112_0066_0066.jpg 1 80 112 66 66
1786_0083_0027_0118_0118.jpg 1 83 27 118 118
1787_0056_0077_0087_0087.jpg 1 56 77 87 87
1788_0025_0068_0061_0061.jpg 1 25 68 61 61
1789_0036_0051_0152_0152.jpg 1 36 51 152 152
1790_0027_0031_0151_0151.jpg 1 27 31 151 151
1791_0057_0039_0150_0150.jpg 1 57 39 150 150
1792_0136_0138_0027_0027.jpg 1 136 138 27 27
1793_0035_0044_0034_0034.jpg 1 35 44 34 34
1794_0012_0050_0146_0146.jpg 1 12 50 146 146
1795_0106_0041_0031_0031.jpg 1 106 41 31 31
1796_0033_0041_0100_0100.jpg 1 33 41 100 100
1797_0038_0043_0136_0136.jpg 1 38 43 136 136
1798_0066_0059_0116_0116.jpg 1 66 59 116 116
1799_0048_0066_0118_0118.jpg 1 48 66 118 118
1800_0096_0044_0073_0073.jpg 1 96 44 73 73
