0001_0024_0024_0130_0130.jpg 1 24 24 130 130
0002_0028_0079_0077_0077.jpg 1 28 79 77 77
0003_0048_0028_0104_0104.jpg 1 48 28 104 104
0004_0031_0015_0122_0122.jpg 1 31 15 122 122
0005_0034_0068_0099_0099.jpg 1 34 68 99 99
0006_0081_0015_0092_0092.jpg 1 81 15 92 92
0007_0028_0055_0144_0144.jpg 1 28 55 144 144
0008_0121_0109_0048_0048.jpg 1 121 109 48 48
0009_0051_0038_0141_0141.jpg 1 51 38 141 141
0010_0065_0051_0133_0133.jpg 1 65 51 133 133
0011_0038_0065_0112_0112.jpg 1 38 65 112 112
0012_0030_0063_0113_0113.jpg 1 30 63 113 113
0013_0108_0096_0024_0024.jpg 1 108 96 24 24
0014_0076_0029_0046_0046.jpg 1 76 29 46 46
0015_0039_0058_0138_0138.jpg 1 39 58 138 138
0016_0072_0014_0100_0100.jpg 1 72 14 100 100
0017_0146_0113_0038_0038.jpg 1 146 113 38 38
0018_0067_0050_0097_0097.jpg 1 67 50 97 97
0019_0014_0043_0125_0125.jpg 1 14 43 125 125
0020_0017_0108_0081_0081.jpg 1 17 108 81 81
0021_0016_0029_0154_0154.jpg 1 16 29 154 154
0022_0048_0119_0036_0036.jpg 1 48 119 36 36
0023_0039_0075_0065_0065.jpg 1 39 75 65 65
0024_0055_0007_0154_0154.jpg 1 55 7 154 154
0025_0049_0034_0147_0147.jpg 1 49 34 147 147
0026_0055_0027_0084_0084.jpg 1 55 27 84 84
0027_0046_0125_0031_0031.jpg 1 46 125 31 31
0028_0028_0049_0061_0061.jpg 1 28 49 61 61
0029_0051_0008_0153_0153.jpg 1 51 8 153 153
0030_0015_0033_0137_0137.jpg 1 15 33 137 137
0031_0047_0124_0051_0051.jpg 1 47 124 51 51
0032_0062_0079_0062_0062.jpg 1 62 79 62 62
0033_0015_0031_0121_0121.jpg 1 15 31 121 121
0034_0067_0073_0074_0074.jpg 1 67 73 74 74
0035_0034_0045_0134_0134.jpg 1 34 45 134 134
0036_0028_0077_0106_0106.jpg 1 28 77 106 106
0037_0038_0040_0114_0114.jpg 1 38 40 114 114
0038_0050_0057_0065_0065.jpg 1 50 57 65 65
0039_0028_0027_0133_0133.jpg 1 28 27 133 133
0040_0016_0035_0078_0078.jpg 1 16 35 78 78
0041_0069_0082_0109_0109.jpg 1 69 82 109 109
0042_0057_0034_0149_0149.jpg 1 57 34 149 149
0043_0036_0044_0094_0094.jpg 1 36 44 94 94
0044_0011_0045_0145_0145.jpg 1 11 45 145 145
0045_0054_0037_0137_0137.jpg 1 54 37 137 137
0046_0046_0112_0079_0079.jpg 1 46 112 79 79
0047_0100_0138_0045_0045.jpg 1 100 138 45 45
0048_0078_0068_0125_0125.jpg 1 78 68 125 125
0049_0039_0068_0106_0106.jpg 1 39 68 106 106
0050_0078_0021_0098_0098.jpg 1 78 21 98 98
0051_0029_0088_0074_0074.jpg 1 29 88 74 74
0052_0066_0015_0096_0096.jpg 1 66 15 96 96
0053_0018_0032_0084_0084.jpg 1 18 32 84 84
0054_0060_0052_0098_0098.jpg 1 60 52 98 98
0055_0065_0017_0064_0064.jpg 1 65 17 64 64
0056_0045_0067_0134_0134.jpg 1 45 67 134 134
0057_0048_0033_0067_0067.jpg 1 48 33 67 67
0058_0048_0069_0046_0046.jpg 1 48 69 46 46
0059_0019_0064_0089_0089.jpg 1 19 64 89 89
0060_0115_0129_0045_0045.jpg 1 115 129 45 45
0061_0060_0052_0122_0122.jpg 1 60 52 122 122
0062_0115_0032_0060_0060.jpg 1 115 32 60 60
0063_0018_0026_0119_0119.jpg 1 18 26 119 119
0064_0055_0059_0131_0131.jpg 1 55 59 131 131
0065_0050_0044_0087_0087.jpg 1 50 44 87 87
0066_0026_0096_0063_0063.jpg 1 26 96 63 63
0067_0051_0080_0063_0063.jpg 1 51 80 63 63
0068_0049_0056_0099_0099.jpg 1 49 56 99 99
0069_0100_0040_0043_0043.jpg 1 100 40 43 43
0070_0040_0022_0156_0156.jpg 1 40 22 156 156
0071_0026_0018_0091_0091.jpg 1 26 18 91 91
0072_0048_0065_0097_0097.jpg 1 48 65 97 97
0073_0015_0049_0128_0128.jpg 1 15 49 128 128
0074_0063_0018_0129_0129.jpg 1 63 18 129 129
0075_0110_0065_0033_0033.jpg 1 110 65 33 33
0076_0057_0104_0084_0084.jpg 1 57 104 84 84
0077_0076_0019_0111_0111.jpg 1 76 19 111 111
0078_0060_0086_0059_0059.jpg 1 60 86 59 59
0079_0042_0049_0116_0116.jpg 1 42 49 116 116
0080_0119_0137_0045_0045.jpg 1 119 137 45 45
0081_0016_0077_0100_0100.jpg 1 16 77 100 100
0082_0033_0065_0141_0141.jpg 1 33 65 141 141
0083_0014_0014_0153_0153.jpg 1 14 14 153 153
0084_0034_0063_0112_0112.jpg 1 34 63 112 112
0085_0092_0140_0044_0044.jpg 1 92 140 44 44
0086_0039_0132_0039_0039.jpg 1 39 132 39 39
0087_0079_0075_0065_0065.jpg 1 79 75 65 65
0088_0045_0072_0099_0099.jpg 1 45 72 99 99
0089_0021_0019_0155_0155.jpg 1 21 19 155 155
0090_0106_0063_0049_0049.jpg 1 106 63 49 49
0091_0011_0025_0110_0110.jpg 1 11 25 110 110
0092_0047_0050_0073_0073.jpg 1 47 50 73 73
0093_0032_0022_0137_0137.jpg 1 32 22 137 137
0094_0036_0013_0129_0129.jpg 1 36 13 129 129
0095_0030_0139_0028_0028.jpg 1 30 139 28 28
0096_0064_0038_0095_0095.jpg 1 64 38 95 95
0097_0056_0096_0091_0091.jpg 1 56 96 91 91
0098_0069_0030_0123_0123.jpg 1 69 30 123 123
0099_0065_0044_0078_0078.jpg 1 65 44 78 78
0100_0039_0048_0154_0154.jpg 1 39 48 154 154
0101_0132_0023_0037_0037.jpg 1 132 23 37 37
0102_0014_0052_0139_0139.jpg 1 14 52 139 139
0103_0100_0068_0043_0043.jpg 1 100 68 43 43
0104_0038_0150_0035_0035.jpg 1 38 150 35 35
0105_0129_0098_0048_0048.jpg 1 129 98 48 48
0106_0043_0029_0130_0130.jpg 1 43 29 130 130
0107_0031_0148_0030_0030.jpg 1 31 148 30 30
0108_0058_0027_0130_0130.jpg 1 58 27 130 130
0109_0081_0118_0059_0059.jpg 1 81 118 59 59
0110_0152_0093_0028_0028.jpg 1 152 93 28 28
0111_0044_0092_0100_0100.jpg 1 44 92 100 100
0112_0118_0036_0074_0074.jpg 1 118 36 74 74
0113_0019_0030_0131_0131.jpg 1 19 30 131 131
0114_0088_0113_0072_0072.jpg 1 88 113 72 72
0115_0011_0036_0109_0109.jpg 1 11 36 109 109
0116_0110_0114_0041_0041.jpg 1 110 114 41 41
0117_0072_0056_0100_0100.jpg 1 72 56 100 100
0118_0116_0048_0049_0049.jpg 1 116 48 49 49
0119_0059_0035_0100_0100.jpg 1 59 35 100 100
0120_0077_0075_0080_0080.jpg 1 77 75 80 80
0121_0058_0028_0128_0128.jpg 1 58 28 128 128
0122_0072_0073_0099_0099.jpg 1 72 73 99 99
0123_0097_0025_0036_0036.jpg 1 97 25 36 36
0124_0151_0108_0025_0025.jpg 1 151 108 25 25
0125_0021_0118_0036_0036.jpg 1 21 118 36 36
0126_0030_0049_0146_0146.jpg 1 30 49 146 146
0127_0023_0013_0156_0156.jpg 1 23 13 156 156
0128_0025_0097_0099_0099.jpg 1 25 97 99 99
0129_0054_0024_0066_0066.jpg 1 54 24 66 66
0130_0028_0071_0083_0083.jpg 1 28 71 83 83
0131_0031_0025_0119_0119.jpg 1 31 25 119 119
0132_0024_0128_0026_0026.jpg 1 24 128 26 26
0133_0060_0055_0143_0143.jpg 1 60 55 143 143
0134_0019_0028_0154_0154.jpg 1 19 28 154 154
0135_0061_0089_0041_0041.jpg 1 61 89 41 41
0136_0127_0046_0063_0063.jpg 1 127 46 63 63
0137_0057_0121_0024_0024.jpg 1 57 121 24 24
0138_0065_0047_0114_0114.jpg 1 65 47 114 114
0139_0084_0086_0074_0074.jpg 1 84 86 74 74
0140_0076_0090_0085_0085.jpg 1 76 90 85 85
0141_0090_0088_0056_0056.jpg 1 90 88 56 56
0142_0045_0022_0137_0137.jpg 1 45 22 137 137
0143_0018_0039_0154_0154.jpg 1 18 39 154 154
0144_0043_0076_0090_0090.jpg 1 43 76 90 90
0145_0039_0030_0096_0096.jpg 1 39 30 96 96
0146_0027_0066_0131_0131.jpg 1 27 66 131 131
0147_0061_0019_0121_0121.jpg 1 61 19 121 121
0148_0093_0101_0068_0068.jpg 1 93 101 68 68
0149_0063_0102_0032_0032.jpg 1 63 102 32 32
0150_0103_0106_0088_0088.jpg 1 103 106 88 88
0151_0014_0033_0084_0084.jpg 1 14 33 84 84
0152_0029_0034_0152_0152.jpg 1 29 34 152 152
0153_0131_0078_0050_0050.jpg 1 131 78 50 50
0154_0061_0066_0075_0075.jpg 1 61 66 75 75
0155_0031_0040_0148_0148.jpg 1 31 40 148 148
0156_0030_0022_0146_0146.jpg 1 30 22 146 146
0157_0047_0033_0079_0079.jpg 1 47 33 79 79
0158_0052_0016_0108_0108.jpg 1 52 16 108 108
0159_0079_0019_0072_0072.jpg 1 79 19 72 72
0160_0033_0043_0124_0124.jpg 1 33 43 124 124
0161_0049_0030_0152_0152.jpg 1 49 30 152 152
0162_0105_0099_0055_0055.jpg 1 105 99 55 55
0163_0025_0049_0041_0041.jpg 1 25 49 41 41
0164_0018_0014_0119_0119.jpg 1 18 14 119 119
0165_0037_0047_0118_0118.jpg 1 37 47 118 118
0166_0025_0081_0080_0080.jpg 1 25 81 80 80
0167_0031_0127_0045_0045.jpg 1 31 127 45 45
0168_0035_0027_0066_0066.jpg 1 35 27 66 66
0169_0063_0014_0121_0121.jpg 1 63 14 121 121
0170_0021_0009_0151_0151.jpg 1 21 9 151 151
0171_0061_0033_0072_0072.jpg 1 61 33 72 72
0172_0043_0029_0129_0129.jpg 1 43 29 129 129
0173_0088_0021_0107_0107.jpg 1 88 21 107 107
0174_0030_0058_0135_0135.jpg 1 30 58 135 135
0175_0131_0071_0025_0025.jpg 1 131 71 25 25
0176_0069_0063_0131_0131.jpg 1 69 63 131 131
0177_0043_0052_0080_0080.jpg 1 43 52 80 80
0178_0043_0056_0126_0126.jpg 1 43 56 126 126
0179_0033_0028_0095_0095.jpg 1 33 28 95 95
0180_0025_0036_0113_0113.jpg 1 25 36 113 113
0181_0046_0047_0149_0149.jpg 1 46 47 149 149
0182_0087_0077_0104_0104.jpg 1 87 77 104 104
0183_0073_0147_0024_0024.jpg 1 73 147 24 24
0184_0020_0011_0152_0152.jpg 1 20 11 152 152
0185_0075_0091_0105_0105.jpg 1 75 91 105 105
0186_0108_0124_0048_0048.jpg 1 108 124 48 48
0187_0032_0055_0129_0129.jpg 1 32 55 129 129
0188_0070_0088_0076_0076.jpg 1 70 88 76 76
0189_0146_0124_0029_0029.jpg 1 146 124 29 29
0190_0057_0038_0029_0029.jpg 1 57 38 29 29
0191_0082_0020_0115_0115.jpg 1 82 20 115 115
0192_0090_0078_0111_0111.jpg 1 90 78 111 111
0193_0023_0064_0098_0098.jpg 1 23 64 98 98
0194_0136_0145_0037_0037.jpg 1 136 145 37 37
0195_0028_0023_0139_0139.jpg 1 28 23 139 139
0196_0088_0099_0091_0091.jpg 1 88 99 91 91
0197_0093_0068_0090_0090.jpg 1 93 68 90 90
0198_0017_0026_0124_0124.jpg 1 17 26 124 124
0199_0094_0034_0102_0102.jpg 1 94 34 102 102
0200_0042_0078_0088_0088.jpg 1 42 78 88 88
0201_0018_0040_0156_0156.jpg 1 18 40 156 156
0202_0039_0032_0111_0111.jpg 1 39 32 111 111
0203_0037_0079_0083_0083.jpg 1 37 79 83 83
0204_0030_0015_0145_0145.jpg 1 30 15 145 145
0205_0055_0048_0128_0128.jpg 1 55 48 128 128
0206_0034_0089_0037_0037.jpg 1 34 89 37 37
0207_0048_0080_0090_0090.jpg 1 48 80 90 90
0208_0067_0103_0068_0068.jpg 1 67 103 68 68
0209_0094_0093_0097_0097.jpg 1 94 93 97 97
0210_0033_0021_0108_0108.jpg 1 33 21 108 108
0211_0023_0015_0128_0128.jpg 1 23 15 128 128
0212_0100_0048_0053_0053.jpg 1 100 48 53 53
0213_0020_0047_0135_0135.jpg 1 20 47 135 135
0214_0072_0031_0112_0112.jpg 1 72 31 112 112
0215_0055_0030_0153_0153.jpg 1 55 30 153 153
0216_0048_0095_0049_0049.jpg 1 48 95 49 49
0217_0022_0065_0130_0130.jpg 1 22 65 130 130
0218_0015_0045_0133_0133.jpg 1 15 45 133 133
0219_0019_0076_0109_0109.jpg 1 19 76 109 109
0220_0030_0049_0076_0076.jpg 1 30 49 76 76
0221_0060_0025_0141_0141.jpg 1 60 25 141 141
0222_0080_0098_0049_0049.jpg 1 80 98 49 49
0223_0046_0084_0060_0060.jpg 1 46 84 60 60
0224_0113_0152_0028_0028.jpg 1 113 152 28 28
0225_0090_0013_0107_0107.jpg 1 90 13 107 107
0226_0098_0092_0072_0072.jpg 1 98 92 72 72
0227_0043_0073_0085_0085.jpg 1 43 73 85 85
0228_0045_0013_0138_0138.jpg 1 45 13 138 138
0229_0026_0081_0099_0099.jpg 1 26 81 99 99
0230_0033_0097_0100_0100.jpg 1 33 97 100 100
0231_0047_0016_0142_0142.jpg 1 47 16 142 142
0232_0068_0022_0112_0112.jpg 1 68 22 112 112
0233_0061_0113_0069_0069.jpg 1 61 113 69 69
0234_0116_0057_0024_0024.jpg 1 116 57 24 24
0235_0043_0113_0069_0069.jpg 1 43 113 69 69
0236_0069_0036_0101_0101.jpg 1 69 36 101 101
0237_0035_0010_0138_0138.jpg 1 35 10 138 138
0238_0053_0052_0095_0095.jpg 1 53 52 95 95
0239_0028_0031_0137_0137.jpg 1 28 31 137 137
0240_0096_0110_0067_0067.jpg 1 96 110 67 67
0241_0103_0081_0047_0047.jpg 1 103 81 47 47
0242_0104_0022_0030_0030.jpg 1 104 22 30 30
0243_0020_0029_0141_0141.jpg 1 20 29 141 141
0244_0028_0058_0150_0150.jpg 1 28 58 150 150
0245_0022_0053_0082_0082.jpg 1 22 53 82 82
0246_0015_0039_0145_0145.jpg 1 15 39 145 145
0247_0044_0018_0141_0141.jpg 1 44 18 141 141
0248_0066_0053_0058_0058.jpg 1 66 53 58 58
0249_0063_0064_0137_0137.jpg 1 63 64 137 137
0250_0045_0098_0100_0100.jpg 1 45 98 100 100
0251_0058_0016_0115_0115.jpg 1 58 16 115 115
0252_0030_0027_0116_0116.jpg 1 30 27 116 116
0253_0032_0052_0091_0091.jpg 1 32 52 91 91
0254_0066_0079_0104_0104.jpg 1 66 79 104 104
0255_0146_0073_0029_0029.jpg 1 146 73 29 29
0256_0061_0044_0060_0060.jpg 1 61 44 60 60
0257_0048_0019_0155_0155.jpg 1 48 19 155 155
0258_0048_0015_0122_0122.jpg 1 48 15 122 122
0259_0049_0065_0032_0032.jpg 1 49 65 32 32
0260_0008_0058_0143_0143.jpg 1 8 58 143 143
0261_0088_0092_0074_0074.jpg 1 88 92 74 74
0262_0045_0084_0111_0111.jpg 1 45 84 111 111
0263_0156_0055_0026_0026.jpg 1 156 55 26 26
0264_0024_0015_0153_0153.jpg 1 24 15 153 153
0265_0121_0072_0057_0057.jpg 1 121 72 57 57
0266_0028_0041_0153_0153.jpg 1 28 41 153 153
0267_0032_0092_0049_0049.jpg 1 32 92 49 49
0268_0030_0012_0149_0149.jpg 1 30 12 149 149
0269_0124_0032_0027_0027.jpg 1 124 32 27 27
0270_0072_0011_0129_0129.jpg 1 72 11 129 129
0271_0045_0022_0132_0132.jpg 1 45 22 132 132
0272_0023_0055_0121_0121.jpg 1 23 55 121 121
0273_0034_0021_0085_0085.jpg 1 34 21 85 85
0274_0035_0131_0033_0033.jpg 1 35 131 33 33
0275_0057_0057_0147_0147.jpg 1 57 57 147 147
0276_0053_0035_0115_0115.jpg 1 53 35 115 115
0277_0025_0033_0029_0029.jpg 1 25 33 29 29
0278_0057_0010_0139_0139.jpg 1 57 10 139 139
0279_0034_0088_0112_0112.jpg 1 34 88 112 112
0280_0082_0023_0112_0112.jpg 1 82 23 112 112
0281_0059_0016_0131_0131.jpg 1 59 16 131 131
0282_0109_0018_0063_0063.jpg 1 109 18 63 63
0283_0070_0027_0099_0099.jpg 1 70 27 99 99
0284_0023_0015_0112_0112.jpg 1 23 15 112 112
0285_0038_0018_0096_0096.jpg 1 38 18 96 96
0286_0024_0055_0093_0093.jpg 1 24 55 93 93
0287_0080_0047_0113_0113.jpg 1 80 47 113 113
0288_0081_0057_0105_0105.jpg 1 81 57 105 105
0289_0098_0046_0065_0065.jpg 1 98 46 65 65
0290_0020_0074_0034_0034.jpg 1 20 74 34 34
0291_0067_0063_0131_0131.jpg 1 67 63 131 131
0292_0066_0017_0121_0121.jpg 1 66 17 121 121
0293_0071_0085_0053_0053.jpg 1 71 85 53 53
0294_0045_0014_0113_0113.jpg 1 45 14 113 113
0295_0012_0020_0152_0152.jpg 1 12 20 152 152
0296_0035_0022_0125_0125.jpg 1 35 22 125 125
0297_0013_0033_0151_0151.jpg 1 13 33 151 151
0298_0070_0089_0043_0043.jpg 1 70 89 43 43
0299_0085_0070_0096_0096.jpg 1 85 70 96 96
0300_0039_0057_0149_0149.jpg 1 39 57 149 149
0301_0062_0052_0080_0080.jpg 1 62 52 80 80
0302_0086_0089_0090_0090.jpg 1 86 89 90 90
0303_0063_0011_0118_0118.jpg 1 63 11 118 118
0304_0037_0049_0050_0050.jpg 1 37 49 50 50
0305_0018_0048_0108_0108.jpg 1 18 48 108 108
0306_0032_0062_0136_0136.jpg 1 32 62 136 136
0307_0105_0090_0060_0060.jpg 1 105 90 60 60
0308_0024_0027_0056_0056.jpg 1 24 27 56 56
0309_0037_0072_0038_0038.jpg 1 37 72 38 38
0310_0045_0032_0088_0088.jpg 1 45 32 88 88
0311_0062_0036_0131_0131.jpg 1 62 36 131 131
0312_0019_0036_0142_0142.jpg 1 19 36 142 142
0313_0072_0106_0075_0075.jpg 1 72 106 75 75
0314_0030_0089_0079_0079.jpg 1 30 89 79 79
0315_0066_0058_0128_0128.jpg 1 66 58 128 128
0316_0046_0043_0103_0103.jpg 1 46 43 103 103
0317_0099_0054_0080_0080.jpg 1 99 54 80 80
0318_0019_0067_0125_0125.jpg 1 19 67 125 125
0319_0120_0033_0071_0071.jpg 1 120 33 71 71
0320_0068_0070_0132_0132.jpg 1 68 70 132 132
0321_0033_0089_0069_0069.jpg 1 33 89 69 69
0322_0093_0096_0090_0090.jpg 1 93 96 90 90
0323_0053_0073_0069_0069.jpg 1 53 73 69 69
0324_0047_0068_0113_0113.jpg 1 47 68 113 113
0325_0099_0101_0069_0069.jpg 1 99 101 69 69
0326_0096_0091_0030_0030.jpg 1 96 91 30 30
0327_0023_0085_0030_0030.jpg 1 23 85 30 30
0328_0057_0087_0059_0059.jpg 1 57 87 59 59
0329_0034_0072_0091_0091.jpg 1 34 72 91 91
0330_0065_0082_0040_0040.jpg 1 65 82 40 40
0331_0040_0016_0080_0080.jpg 1 40 16 80 80
0332_0009_0058_0150_0150.jpg 1 9 58 150 150
0333_0085_0106_0046_0046.jpg 1 85 106 46 46
0334_0091_0056_0081_0081.jpg 1 91 56 81 81
0335_0064_0027_0106_0106.jpg 1 64 27 106 106
0336_0052_0028_0121_0121.jpg 1 52 28 121 121
0337_0046_0031_0100_0100.jpg 1 46 31 100 100
0338_0056_0128_0055_0055.jpg 1 56 128 55 55
0339_0097_0017_0095_0095.jpg 1 97 17 95 95
0340_0072_0090_0107_0107.jpg 1 72 90 107 107
0341_0153_0065_0024_0024.jpg 1 153 65 24 24
0342_0033_0075_0081_0081.jpg 1 33 75 81 81
0343_0033_0021_0091_0091.jpg 1 33 21 91 91
0344_0027_0039_0149_0149.jpg 1 27 39 149 149
0345_0026_0076_0128_0128.jpg 1 26 76 128 128
0346_0038_0052_0141_0141.jpg 1 38 52 141 141
0347_0048_0082_0103_0103.jpg 1 48 82 103 103
0348_0029_0077_0115_0115.jpg 1 29 77 115 115
0349_0040_0068_0033_0033.jpg 1 40 68 33 33
0350_0066_0092_0035_0035.jpg 1 66 92 35 35
0351_0029_0038_0155_0155.jpg 1 29 38 155 155
0352_0085_0092_0093_0093.jpg 1 85 92 93 93
0353_0096_0119_0041_0041.jpg 1 96 119 41 41
0354_0068_0026_0094_0094.jpg 1 68 26 94 94
0355_0032_0109_0047_0047.jpg 1 32 109 47 47
0356_0028_0055_0115_0115.jpg 1 28 55 115 115
0357_0043_0015_0077_0077.jpg 1 43 15 77 77
0358_0087_0082_0026_0026.jpg 1 87 82 26 26
0359_0094_0043_0068_0068.jpg 1 94 43 68 68
0360_0096_0028_0077_0077.jpg 1 96 28 77 77
0361_0057_0120_0033_0033.jpg 1 57 120 33 33
0362_0052_0051_0148_0148.jpg 1 52 51 148 148
0363_0054_0030_0072_0072.jpg 1 54 30 72 72
0364_0082_0083_0110_0110.jpg 1 82 83 110 110
0365_0085_0072_0078_0078.jpg 1 85 72 78 78
0366_0062_0130_0061_0061.jpg 1 62 130 61 61
0367_0075_0086_0107_0107.jpg 1 75 86 107 107
0368_0123_0021_0026_0026.jpg 1 123 21 26 26
0369_0029_0034_0143_0143.jpg 1 29 34 143 143
0370_0045_0082_0089_0089.jpg 1 45 82 89 89
0371_0020_0063_0097_0097.jpg 1 20 63 97 97
0372_0022_0015_0143_0143.jpg 1 22 15 143 143
0373_0022_0056_0040_0040.jpg 1 22 56 40 40
0374_0038_0120_0034_0034.jpg 1 38 120 34 34
0375_0057_0039_0134_0134.jpg 1 57 39 134 134
0376_0031_0044_0056_0056.jpg 1 31 44 56 56
0377_0088_0087_0047_0047.jpg 1 88 87 47 47
0378_0060_0097_0096_0096.jpg 1 60 97 96 96
0379_0047_0093_0028_0028.jpg 1 47 93 28 28
0380_0044_0058_0125_0125.jpg 1 44 58 125 125
0381_0022_0081_0024_0024.jpg 1 22 81 24 24
0382_0022_0065_0083_0083.jpg 1 22 65 83 83
0383_0064_0071_0082_0082.jpg 1 64 71 82 82
0384_0140_0117_0034_0034.jpg 1 140 117 34 34
0385_0048_0091_0104_0104.jpg 1 48 91 104 104
0386_0061_0048_0068_0068.jpg 1 61 48 68 68
0387_0125_0112_0061_0061.jpg 1 125 112 61 61
0388_0059_0024_0133_0133.jpg 1 59 24 133 133
0389_0056_0079_0065_0065.jpg 1 56 79 65 65
0390_0068_0060_0084_0084.jpg 1 68 60 84 84
0391_0040_0061_0141_0141.jpg 1 40 61 141 141
0392_0063_0083_0060_0060.jpg 1 63 83 60 60
0393_0148_0142_0034_0034.jpg 1 148 142 34 34
0394_0106_0036_0091_0091.jpg 1 106 36 91 91
0395_0099_0030_0084_0084.jpg 1 99 30 84 84
0396_0043_0014_0105_0105.jpg 1 43 14 105 105
0397_0050_0082_0055_0055.jpg 1 50 82 55 55
0398_0027_0065_0114_0114.jpg 1 27 65 114 114
0399_0081_0147_0030_0030.jpg 1 81 147 30 30
0400_0054_0036_0132_0132.jpg 1 54 36 132 132
0401_0051_0042_0155_0155.jpg 1 51 42 155 155
0402_0118_0038_0052_0052.jpg 1 118 38 52 52
0403_0057_0053_0134_0134.jpg 1 57 53 134 134
0404_0023_0101_0096_0096.jpg 1 23 101 96 96
0405_0080_0076_0043_0043.jpg 1 80 76 43 43
0406_0026_0050_0111_0111.jpg 1 26 50 111 111
0407_0013_0063_0110_0110.jpg 1 13 63 110 110
0408_0061_0019_0135_0135.jpg 1 61 19 135 135
0409_0066_0043_0115_0115.jpg 1 66 43 115 115
0410_0070_0041_0136_0136.jpg 1 70 41 136 136
0411_0069_0025_0054_0054.jpg 1 69 25 54 54
0412_0059_0040_0071_0071.jpg 1 59 40 71 71
0413_0109_0046_0072_0072.jpg 1 109 46 72 72
0414_0015_0057_0112_0112.jpg 1 15 57 112 112
0415_0045_0064_0098_0098.jpg 1 45 64 98 98
0416_0045_0057_0149_0149.jpg 1 45 57 149 149
0417_0021_0042_0042_0042.jpg 1 21 42 42 42
0418_0023_0094_0069_0069.jpg 1 23 94 69 69
0419_0045_0130_0051_0051.jpg 1 45 130 51 51
0420_0048_0113_0042_0042.jpg 1 48 113 42 42
0421_0114_0059_0059_0059.jpg 1 114 59 59 59
0422_0019_0029_0139_0139.jpg 1 19 29 139 139
0423_0047_0017_0101_0101.jpg 1 47 17 101 101
0424_0024_0015_0141_0141.jpg 1 24 15 141 141
0425_0028_0022_0156_0156.jpg 1 28 22 156 156
0426_0076_0032_0081_0081.jpg 1 76 32 81 81
0427_0024_0019_0116_0116.jpg 1 24 19 116 116
0428_0016_0070_0077_0077.jpg 1 16 70 77 77
0429_0036_0074_0045_0045.jpg 1 36 74 45 45
0430_0077_0071_0091_0091.jpg 1 77 71 91 91
0431_0117_0028_0035_0035.jpg 1 117 28 35 35
0432_0046_0133_0039_0039.jpg 1 46 133 39 39
0433_0027_0102_0082_0082.jpg 1 27 102 82 82
0434_0058_0019_0042_0042.jpg 1 58 19 42 42
0435_0074_0052_0027_0027.jpg 1 74 52 27 27
0436_0023_0053_0146_0146.jpg 1 23 53 146 146
0437_0033_0061_0133_0133.jpg 1 33 61 133 133
0438_0049_0043_0088_0088.jpg 1 49 43 88 88
0439_0082_0025_0107_0107.jpg 1 82 25 107 107
0440_0063_0041_0138_0138.jpg 1 63 41 138 138
0441_0036_0031_0151_0151.jpg 1 36 31 151 151
0442_0032_0047_0149_0149.jpg 1 32 47 149 149
0443_0065_0019_0116_0116.jpg 1 65 19 116 116
0444_0070_0047_0122_0122.jpg 1 70 47 122 122
0445_0113_0096_0068_0068.jpg 1 113 96 68 68
0446_0090_0056_0088_0088.jpg 1 90 56 88 88
0447_0049_0084_0099_0099.jpg 1 49 84 99 99
0448_0032_0073_0128_0128.jpg 1 32 73 128 128
0449_0065_0070_0049_0049.jpg 1 65 70 49 49
0450_0064_0043_0060_0060.jpg 1 64 43 60 60
0451_0064_0016_0120_0120.jpg 1 64 16 120 120
0452_0079_0072_0104_0104.jpg 1 79 72 104 104
0453_0050_0064_0117_0117.jpg 1 50 64 117 117
0454_0014_0101_0093_0093.jpg 1 14 101 93 93
0455_0016_0011_0120_0120.jpg 1 16 11 120 120
0456_0057_0033_0067_0067.jpg 1 57 33 67 67
0457_0042_0035_0091_0091.jpg 1 42 35 91 91
0458_0120_0092_0047_0047.jpg 1 120 92 47 47
0459_0055_0063_0081_0081.jpg 1 55 63 81 81
0460_0042_0095_0025_0025.jpg 1 42 95 25 25
0461_0077_0050_0113_0113.jpg 1 77 50 113 113
0462_0058_0066_0095_0095.jpg 1 58 66 95 95
0463_0035_0050_0100_0100.jpg 1 35 50 100 100
0464_0111_0067_0053_0053.jpg 1 111 67 53 53
0465_0119_0054_0065_0065.jpg 1 119 54 65 65
0466_0028_0016_0077_0077.jpg 1 28 16 77 77
0467_0057_0026_0117_0117.jpg 1 57 26 117 117
0468_0032_0018_0147_0147.jpg 1 32 18 147 147
0469_0029_0101_0050_0050.jpg 1 29 101 50 50
0470_0108_0021_0081_0081.jpg 1 108 21 81 81
0471_0029_0062_0069_0069.jpg 1 29 62 69 69
0472_0065_0057_0138_0138.jpg 1 65 57 138 138
0473_0053_0094_0070_0070.jpg 1 53 94 70 70
0474_0113_0061_0068_0068.jpg 1 113 61 68 68
0475_0062_0069_0030_0030.jpg 1 62 69 30 30
0476_0023_0067_0108_0108.jpg 1 23 67 108 108
0477_0061_0018_0111_0111.jpg 1 61 18 111 111
0478_0031_0044_0147_0147.jpg 1 31 44 147 147
0479_0017_0041_0146_0146.jpg 1 17 41 146 146
0480_0056_0078_0126_0126.jpg 1 56 78 126 126
0481_0018_0035_0140_0140.jpg 1 18 35 140 140
0482_0029_0044_0140_0140.jpg 1 29 44 140 140
0483_0045_0028_0093_0093.jpg 1 45 28 93 93
0484_0013_0049_0148_0148.jpg 1 13 49 148 148
0485_0030_0016_0118_0118.jpg 1 30 16 118 118
0486_0051_0013_0116_0116.jpg 1 51 13 116 116
0487_0059_0057_0106_0106.jpg 1 59 57 106 106
0488_0016_0021_0126_0126.jpg 1 16 21 126 126
0489_0123_0080_0067_0067.jpg 1 123 80 67 67
0490_0076_0018_0119_0119.jpg 1 76 18 119 119
0491_0030_0064_0099_0099.jpg 1 30 64 99 99
0492_0023_0054_0150_0150.jpg 1 23 54 150 150
0493_0022_0070_0131_0131.jpg 1 22 70 131 131
0494_0039_0061_0125_0125.jpg 1 39 61 125 125
0495_0035_0101_0075_0075.jpg 1 35 101 75 75
0496_0037_0097_0061_0061.jpg 1 37 97 61 61
0497_0032_0044_0151_0151.jpg 1 32 44 151 151
0498_0052_0020_0135_0135.jpg 1 52 20 135 135
0499_0087_0107_0034_0034.jpg 1 87 107 34 34
0500_0046_0046_0125_0125.jpg 1 46 46 125 125
0501_0037_0049_0151_0151.jpg 1 37 49 151 151
0502_0088_0121_0065_0065.jpg 1 88 121 65 65
0503_0045_0027_0111_0111.jpg 1 45 27 111 111
0504_0024_0053_0099_0099.jpg 1 24 53 99 99
0505_0125_0072_0036_0036.jpg 1 125 72 36 36
0506_0108_0082_0039_0039.jpg 1 108 82 39 39
0507_0063_0037_0125_0125.jpg 1 63 37 125 125
0508_0082_0014_0115_0115.jpg 1 82 14 115 115
0509_0086_0116_0067_0067.jpg 1 86 116 67 67
0510_0035_0131_0060_0060.jpg 1 35 131 60 60
0511_0130_0101_0032_0032.jpg 1 130 101 32 32
0512_0087_0049_0064_0064.jpg 1 87 49 64 64
0513_0041_0049_0144_0144.jpg 1 41 49 144 144
0514_0061_0023_0097_0097.jpg 1 61 23 97 97
0515_0055_0094_0025_0025.jpg 1 55 94 25 25
0516_0059_0025_0056_0056.jpg 1 59 25 56 56
0517_0058_0029_0085_0085.jpg 1 58 29 85 85
0518_0028_0045_0064_0064.jpg 1 28 45 64 64
0519_0101_0091_0088_0088.jpg 1 101 91 88 88
0520_0044_0059_0086_0086.jpg 1 44 59 86 86
0521_0080_0020_0070_0070.jpg 1 80 20 70 70
0522_0096_0075_0101_0101.jpg 1 96 75 101 101
0523_0026_0091_0078_0078.jpg 1 26 91 78 78
0524_0040_0024_0142_0142.jpg 1 40 24 142 142
0525_0127_0052_0048_0048.jpg 1 127 52 48 48
0526_0025_0015_0114_0114.jpg 1 25 15 114 114
0527_0107_0072_0079_0079.jpg 1 107 72 79 79
0528_0139_0021_0024_0024.jpg 1 139 21 24 24
0529_0027_0025_0099_0099.jpg 1 27 25 99 99
0530_0037_0071_0027_0027.jpg 1 37 71 27 27
0531_0041_0120_0040_0040.jpg 1 41 120 40 40
0532_0070_0073_0052_0052.jpg 1 70 73 52 52
0533_0053_0042_0156_0156.jpg 1 53 42 156 156
0534_0071_0115_0048_0048.jpg 1 71 115 48 48
0535_0017_0055_0142_0142.jpg 1 17 55 142 142
0536_0017_0032_0150_0150.jpg 1 17 32 150 150
0537_0021_0023_0078_0078.jpg 1 21 23 78 78
0538_0073_0033_0118_0118.jpg 1 73 33 118 118
0539_0049_0048_0152_0152.jpg 1 49 48 152 152
0540_0142_0108_0029_0029.jpg 1 142 108 29 29
0541_0036_0095_0070_0070.jpg 1 36 95 70 70
0542_0042_0063_0106_0106.jpg 1 42 63 106 106
0543_0045_0094_0046_0046.jpg 1 45 94 46 46
0544_0090_0071_0059_0059.jpg 1 90 71 59 59
0545_0067_0053_0038_0038.jpg 1 67 53 38 38
0546_0055_0062_0113_0113.jpg 1 55 62 113 113
0547_0065_0041_0047_0047.jpg 1 65 41 47 47
0548_0030_0104_0068_0068.jpg 1 30 104 68 68
0549_0078_0030_0123_0123.jpg 1 78 30 123 123
0550_0048_0056_0096_0096.jpg 1 48 56 96 96
0551_0082_0031_0097_0097.jpg 1 82 31 97 97
0552_0084_0060_0049_0049.jpg 1 84 60 49 49
0553_0022_0055_0110_0110.jpg 1 22 55 110 110
0554_0046_0036_0122_0122.jpg 1 46 36 122 122
0555_0032_0026_0132_0132.jpg 1 32 26 132 132
0556_0057_0060_0095_0095.jpg 1 57 60 95 95
0557_0114_0015_0078_0078.jpg 1 114 15 78 78
0558_0039_0048_0043_0043.jpg 1 39 48 43 43
0559_0050_0015_0135_0135.jpg 1 50 15 135 135
0560_0077_0041_0032_0032.jpg 1 77 41 32 32
0561_0139_0109_0040_0040.jpg 1 139 109 40 40
0562_0079_0050_0024_0024.jpg 1 79 50 24 24
0563_0083_0017_0114_0114.jpg 1 83 17 114 114
0564_0077_0036_0126_0126.jpg 1 77 36 126 126
0565_0016_0032_0116_0116.jpg 1 16 32 116 116
0566_0015_0016_0139_0139.jpg 1 15 16 139 139
0567_0029_0116_0062_0062.jpg 1 29 116 62 62
0568_0111_0153_0031_0031.jpg 1 111 153 31 31
0569_0038_0098_0055_0055.jpg 1 38 98 55 55
0570_0094_0130_0059_0059.jpg 1 94 130 59 59
0571_0064_0101_0091_0091.jpg 1 64 101 91 91
0572_0047_0068_0120_0120.jpg 1 47 68 120 120
0573_0049_0039_0124_0124.jpg 1 49 39 124 124
0574_0033_0010_0134_0134.jpg 1 33 10 134 134
0575_0048_0057_0040_0040.jpg 1 48 57 40 40
0576_0053_0080_0120_0120.jpg 1 53 80 120 120
0577_0067_0041_0041_0041.jpg 1 67 41 41 41
0578_0097_0092_0099_0099.jpg 1 97 92 99 99
0579_0024_0085_0117_0117.jpg 1 24 85 117 117
0580_0049_0025_0111_0111.jpg 1 49 25 111 111
0581_0041_0023_0156_0156.jpg 1 41 23 156 156
0582_0058_0030_0139_0139.jpg 1 58 30 139 139
0583_0052_0057_0083_0083.jpg 1 52 57 83 83
0584_0042_0040_0039_0039.jpg 1 42 40 39 39
0585_0062_0080_0118_0118.jpg 1 62 80 118 118
0586_0105_0110_0066_0066.jpg 1 105 110 66 66
0587_0022_0137_0024_0024.jpg 1 22 137 24 24
0588_0081_0134_0036_0036.jpg 1 81 134 36 36
0589_0055_0041_0044_0044.jpg 1 55 41 44 44
0590_0017_0034_0112_0112.jpg 1 17 34 112 112
0591_0109_0058_0076_0076.jpg 1 109 58 76 76
0592_0108_0105_0077_0077.jpg 1 108 105 77 77
0593_0013_0076_0117_0117.jpg 1 13 76 117 117
0594_0027_0044_0143_0143.jpg 1 27 44 143 143
0595_0042_0047_0096_0096.jpg 1 42 47 96 96
0596_0073_0056_0106_0106.jpg 1 73 56 106 106
0597_0045_0063_0132_0132.jpg 1 45 63 132 132
0598_0115_0037_0048_0048.jpg 1 115 37 48 48
0599_0011_0049_0132_0132.jpg 1 11 49 132 132
0600_0079_0058_0096_0096.jpg 1 79 58 96 96
0601_0037_0040_0042_0042.jpg 1 37 40 42 42
0602_0063_0042_0083_0083.jpg 1 63 42 83 83
0603_0051_0053_0152_0152.jpg 1 51 53 152 152
0604_0015_0039_0152_0152.jpg 1 15 39 152 152
0605_0101_0119_0054_0054.jpg 1 101 119 54 54
0606_0040_0012_0105_0105.jpg 1 40 12 105 105
0607_0042_0045_0147_0147.jpg 1 42 45 147 147
0608_0058_0085_0103_0103.jpg 1 58 85 103 103
0609_0080_0019_0111_0111.jpg 1 80 19 111 111
0610_0043_0067_0133_0133.jpg 1 43 67 133 133
0611_0051_0111_0040_0040.jpg 1 51 111 40 40
0612_0032_0087_0046_0046.jpg 1 32 87 46 46
0613_0089_0116_0067_0067.jpg 1 89 116 67 67
0614_0033_0036_0144_0144.jpg 1 33 36 144 144
0615_0099_0099_0068_0068.jpg 1 99 99 68 68
0616_0035_0139_0041_0041.jpg 1 35 139 41 41
0617_0063_0057_0133_0133.jpg 1 63 57 133 133
0618_0030_0060_0120_0120.jpg 1 30 60 120 120
0619_0021_0060_0111_0111.jpg 1 21 60 111 111
0620_0061_0052_0147_0147.jpg 1 61 52 147 147
0621_0017_0040_0109_0109.jpg 1 17 40 109 109
0622_0112_0049_0074_0074.jpg 1 112 49 74 74
0623_0051_0041_0107_0107.jpg 1 51 41 107 107
0624_0123_0097_0026_0026.jpg 1 123 97 26 26
0625_0098_0028_0085_0085.jpg 1 98 28 85 85
0626_0079_0056_0085_0085.jpg 1 79 56 85 85
0627_0028_0046_0087_0087.jpg 1 28 46 87 87
0628_0050_0024_0140_0140.jpg 1 50 24 140 140
0629_0085_0030_0111_0111.jpg 1 85 30 111 111
0630_0013_0016_0141_0141.jpg 1 13 16 141 141
0631_0093_0137_0051_0051.jpg 1 93 137 51 51
0632_0027_0109_0067_0067.jpg 1 27 109 67 67
0633_0086_0115_0050_0050.jpg 1 86 115 50 50
0634_0067_0040_0135_0135.jpg 1 67 40 135 135
0635_0066_0083_0084_0084.jpg 1 66 83 84 84
0636_0011_0030_0143_0143.jpg 1 11 30 143 143
0637_0091_0022_0056_0056.jpg 1 91 22 56 56
0638_0089_0048_0094_0094.jpg 1 89 48 94 94
0639_0037_0063_0051_0051.jpg 1 37 63 51 51
0640_0072_0058_0076_0076.jpg 1 72 58 76 76
0641_0025_0035_0034_0034.jpg 1 25 35 34 34
0642_0014_0053_0137_0137.jpg 1 14 53 137 137
0643_0095_0022_0091_0091.jpg 1 95 22 91 91
0644_0071_0028_0112_0112.jpg 1 71 28 112 112
0645_0069_0043_0089_0089.jpg 1 69 43 89 89
0646_0034_0031_0116_0116.jpg 1 34 31 116 116
0647_0131_0102_0025_0025.jpg 1 131 102 25 25
0648_0079_0083_0113_0113.jpg 1 79 83 113 113
0649_0085_0015_0111_0111.jpg 1 85 15 111 111
0650_0053_0053_0138_0138.jpg 1 53 53 138 138
0651_0012_0017_0114_0114.jpg 1 12 17 114 114
0652_0126_0035_0044_0044.jpg 1 126 35 44 44
0653_0050_0018_0138_0138.jpg 1 50 18 138 138
0654_0083_0083_0099_0099.jpg 1 83 83 99 99
0655_0098_0017_0081_0081.jpg 1 98 17 81 81
0656_0125_0041_0024_0024.jpg 1 125 41 24 24
0657_0026_0051_0139_0139.jpg 1 26 51 139 139
0658_0018_0098_0044_0044.jpg 1 18 98 44 44
0659_0102_0051_0080_0080.jpg 1 102 51 80 80
0660_0064_0022_0131_0131.jpg 1 64 22 131 131
0661_0065_0084_0088_0088.jpg 1 65 84 88 88
0662_0054_0060_0082_0082.jpg 1 54 60 82 82
0663_0039_0051_0029_0029.jpg 1 39 51 29 29
0664_0072_0082_0027_0027.jpg 1 72 82 27 27
0665_0056_0061_0111_0111.jpg 1 56 61 111 111
0666_0121_0020_0068_0068.jpg 1 121 20 68 68
0667_0100_0064_0090_0090.jpg 1 100 64 90 90
0668_0025_0036_0032_0032.jpg 1 25 36 32 32
0669_0123_0024_0061_0061.jpg 1 123 24 61 61
0670_0022_0018_0152_0152.jpg 1 22 18 152 152
0671_0080_0101_0026_0026.jpg 1 80 101 26 26
0672_0048_0083_0112_0112.jpg 1 48 83 112 112
0673_0048_0118_0051_0051.jpg 1 48 118 51 51
0674_0072_0103_0059_0059.jpg 1 72 103 59 59
0675_0025_0091_0083_0083.jpg 1 25 91 83 83
0676_0066_0128_0062_0062.jpg 1 66 128 62 62
0677_0056_0046_0103_0103.jpg 1 56 46 103 103
0678_0054_0029_0131_0131.jpg 1 54 29 131 131
0679_0110_0158_0026_0026.jpg 1 110 158 26 26
0680_0038_0048_0096_0096.jpg 1 38 48 96 96
0681_0075_0086_0104_0104.jpg 1 75 86 104 104
0682_0060_0042_0094_0094.jpg 1 60 42 94 94
0683_0019_0012_0138_0138.jpg 1 19 12 138 138
0684_0025_0079_0118_0118.jpg 1 25 79 118 118
0685_0041_0026_0139_0139.jpg 1 41 26 139 139
0686_0024_0031_0123_0123.jpg 1 24 31 123 123
0687_0093_0123_0042_0042.jpg 1 93 123 42 42
0688_0063_0100_0092_0092.jpg 1 63 100 92 92
0689_0075_0083_0091_0091.jpg 1 75 83 91 91
0690_0079_0044_0056_0056.jpg 1 79 44 56 56
0691_0067_0073_0031_0031.jpg 1 67 73 31 31
0692_0114_0123_0029_0029.jpg 1 114 123 29 29
0693_0020_0035_0072_0072.jpg 1 20 35 72 72
0694_0031_0075_0044_0044.jpg 1 31 75 44 44
0695_0060_0080_0098_0098.jpg 1 60 80 98 98
0696_0050_0122_0025_0025.jpg 1 50 122 25 25
0697_0102_0116_0065_0065.jpg 1 102 116 65 65
0698_0096_0062_0097_0097.jpg 1 96 62 97 97
0699_0016_0022_0136_0136.jpg 1 16 22 136 136
0700_0045_0028_0155_0155.jpg 1 45 28 155 155
0701_0115_0071_0067_0067.jpg 1 115 71 67 67
0702_0038_0050_0105_0105.jpg 1 38 50 105 105
0703_0036_0068_0137_0137.jpg 1 36 68 137 137
0704_0063_0105_0037_0037.jpg 1 63 105 37 37
0705_0090_0107_0048_0048.jpg 1 90 107 48 48
0706_0071_0073_0068_0068.jpg 1 71 73 68 68
0707_0110_0125_0032_0032.jpg 1 110 125 32 32
0708_0141_0144_0037_0037.jpg 1 141 144 37 37
0709_0107_0035_0066_0066.jpg 1 107 35 66 66
0710_0011_0021_0135_0135.jpg 1 11 21 135 135
0711_0053_0041_0084_0084.jpg 1 53 41 84 84
0712_0106_0053_0067_0067.jpg 1 106 53 67 67
0713_0033_0083_0115_0115.jpg 1 33 83 115 115
0714_0124_0038_0026_0026.jpg 1 124 38 26 26
0715_0019_0014_0077_0077.jpg 1 19 14 77 77
0716_0050_0061_0077_0077.jpg 1 50 61 77 77
0717_0136_0062_0041_0041.jpg 1 136 62 41 41
0718_0027_0061_0099_0099.jpg 1 27 61 99 99
0719_0092_0016_0095_0095.jpg 1 92 16 95 95
0720_0031_0033_0149_0149.jpg 1 31 33 149 149
0721_0059_0027_0076_0076.jpg 1 59 27 76 76
0722_0037_0023_0127_0127.jpg 1 37 23 127 127
0723_0100_0140_0039_0039.jpg 1 100 140 39 39
0724_0135_0073_0036_0036.jpg 1 135 73 36 36
0725_0076_0037_0119_0119.jpg 1 76 37 119 119
0726_0075_0077_0118_0118.jpg 1 75 77 118 118
0727_0074_0019_0127_0127.jpg 1 74 19 127 127
0728_0075_0143_0038_0038.jpg 1 75 143 38 38
0729_0118_0103_0073_0073.jpg 1 118 103 73 73
0730_0042_0018_0129_0129.jpg 1 42 18 129 129
0731_0014_0032_0130_0130.jpg 1 14 32 130 130
0732_0040_0076_0030_0030.jpg 1 40 76 30 30
0733_0056_0033_0151_0151.jpg 1 56 33 151 151
0734_0047_0010_0132_0132.jpg 1 47 10 132 132
0735_0083_0124_0026_0026.jpg 1 83 124 26 26
0736_0072_0143_0032_0032.jpg 1 72 143 32 32
0737_0024_0012_0147_0147.jpg 1 24 12 147 147
0738_0110_0111_0067_0067.jpg 1 110 111 67 67
0739_0060_0046_0072_0072.jpg 1 60 46 72 72
0740_0102_0083_0058_0058.jpg 1 102 83 58 58
0741_0034_0040_0145_0145.jpg 1 34 40 145 145
0742_0023_0027_0153_0153.jpg 1 23 27 153 153
0743_0018_0063_0088_0088.jpg 1 18 63 88 88
0744_0029_0012_0124_0124.jpg 1 29 12 124 124
0745_0060_0062_0128_0128.jpg 1 60 62 128 128
0746_0121_0118_0063_0063.jpg 1 121 118 63 63
0747_0081_0015_0104_0104.jpg 1 81 15 104 104
0748_0080_0069_0120_0120.jpg 1 80 69 120 120
0749_0051_0054_0109_0109.jpg 1 51 54 109 109
0750_0057_0059_0035_0035.jpg 1 57 59 35 35
0751_0051_0092_0088_0088.jpg 1 51 92 88 88
0752_0018_0082_0050_0050.jpg 1 18 82 50 50
0753_0124_0022_0024_0024.jpg 1 124 22 24 24
0754_0075_0074_0128_0128.jpg 1 75 74 128 128
0755_0076_0125_0028_0028.jpg 1 76 125 28 28
0756_0037_0123_0062_0062.jpg 1 37 123 62 62
0757_0014_0057_0133_0133.jpg 1 14 57 133 133
0758_0042_0044_0100_0100.jpg 1 42 44 100 100
0759_0071_0138_0049_0049.jpg 1 71 138 49 49
0760_0057_0060_0099_0099.jpg 1 57 60 99 99
0761_0031_0039_0032_0032.jpg 1 31 39 32 32
0762_0103_0096_0050_0050.jpg 1 103 96 50 50
0763_0096_0053_0093_0093.jpg 1 96 53 93 93
0764_0084_0083_0116_0116.jpg 1 84 83 116 116
0765_0087_0148_0033_0033.jpg 1 87 148 33 33
0766_0067_0067_0100_0100.jpg 1 67 67 100 100
0767_0025_0021_0141_0141.jpg 1 25 21 141 141
0768_0023_0115_0055_0055.jpg 1 23 115 55 55
0769_0127_0077_0028_0028.jpg 1 127 77 28 28
0770_0043_0028_0155_0155.jpg 1 43 28 155 155
0771_0050_0042_0153_0153.jpg 1 50 42 153 153
0772_0079_0040_0118_0118.jpg 1 79 40 118 118
0773_0022_0078_0067_0067.jpg 1 22 78 67 67
0774_0086_0086_0109_0109.jpg 1 86 86 109 109
0775_0055_0098_0044_0044.jpg 1 55 98 44 44
0776_0016_0036_0149_0149.jpg 1 16 36 149 149
0777_0030_0046_0124_0124.jpg 1 30 46 124 124
0778_0051_0049_0148_0148.jpg 1 51 49 148 148
0779_0082_0076_0094_0094.jpg 1 82 76 94 94
0780_0029_0062_0101_0101.jpg 1 29 62 101 101
0781_0020_0028_0057_0057.jpg 1 20 28 57 57
0782_0031_0099_0089_0089.jpg 1 31 99 89 89
0783_0044_0088_0084_0084.jpg 1 44 88 84 84
0784_0026_0022_0130_0130.jpg 1 26 22 130 130
0785_0021_0063_0135_0135.jpg 1 21 63 135 135
0786_0067_0060_0137_0137.jpg 1 67 60 137 137
0787_0034_0050_0035_0035.jpg 1 34 50 35 35
0788_0088_0017_0094_0094.jpg 1 88 17 94 94
0789_0125_0075_0064_0064.jpg 1 125 75 64 64
0790_0013_0053_0139_0139.jpg 1 13 53 139 139
0791_0037_0027_0151_0151.jpg 1 37 27 151 151
0792_0039_0062_0102_0102.jpg 1 39 62 102 102
0793_0054_0027_0147_0147.jpg 1 54 27 147 147
0794_0062_0097_0026_0026.jpg 1 62 97 26 26
0795_0030_0033_0110_0110.jpg 1 30 33 110 110
0796_0109_0121_0055_0055.jpg 1 109 121 55 55
0797_0047_0015_0152_0152.jpg 1 47 15 152 152
0798_0057_0079_0078_0078.jpg 1 57 79 78 78
0799_0083_0050_0091_0091.jpg 1 83 50 91 91
0800_0036_0072_0105_0105.jpg 1 36 72 105 105
0801_0051_0082_0067_0067.jpg 1 51 82 67 67
0802_0020_0042_0123_0123.jpg 1 20 42 123 123
0803_0041_0049_0115_0115.jpg 1 41 49 115 115
0804_0068_0053_0056_0056.jpg 1 68 53 56 56
0805_0087_0047_0112_0112.jpg 1 87 47 112 112
0806_0048_0012_0119_0119.jpg 1 48 12 119 119
0807_0026_0046_0091_0091.jpg 1 26 46 91 91
0808_0017_0046_0147_0147.jpg 1 17 46 147 147
0809_0023_0043_0123_0123.jpg 1 23 43 123 123
0810_0087_0090_0026_0026.jpg 1 87 90 26 26
0811_0049_0040_0075_0075.jpg 1 49 40 75 75
0812_0043_0047_0130_0130.jpg 1 43 47 130 130
0813_0046_0066_0024_0024.jpg 1 46 66 24 24
0814_0061_0081_0048_0048.jpg 1 61 81 48 48
0815_0042_0019_0108_0108.jpg 1 42 19 108 108
0816_0038_0033_0136_0136.jpg 1 38 33 136 136
0817_0021_0055_0112_0112.jpg 1 21 55 112 112
0818_0038_0077_0032_0032.jpg 1 38 77 32 32
0819_0064_0014_0138_0138.jpg 1 64 14 138 138
0820_0042_0036_0142_0142.jpg 1 42 36 142 142
0821_0017_0057_0148_0148.jpg 1 17 57 148 148
0822_0036_0048_0068_0068.jpg 1 36 48 68 68
0823_0100_0110_0077_0077.jpg 1 100 110 77 77
0824_0013_0027_0154_0154.jpg 1 13 27 154 154
0825_0026_0100_0077_0077.jpg 1 26 100 77 77
0826_0039_0077_0090_0090.jpg 1 39 77 90 90
0827_0046_0035_0142_0142.jpg 1 46 35 142 142
0828_0137_0137_0042_0042.jpg 1 137 137 42 42
0829_0050_0074_0122_0122.jpg 1 50 74 122 122
0830_0032_0055_0075_0075.jpg 1 32 55 75 75
0831_0017_0073_0127_0127.jpg 1 17 73 127 127
0832_0064_0018_0131_0131.jpg 1 64 18 131 131
0833_0052_0139_0024_0024.jpg 1 52 139 24 24
0834_0039_0030_0056_0056.jpg 1 39 30 56 56
0835_0075_0012_0121_0121.jpg 1 75 12 121 121
0836_0054_0016_0130_0130.jpg 1 54 16 130 130
0837_0091_0124_0068_0068.jpg 1 91 124 68 68
0838_0074_0060_0029_0029.jpg 1 74 60 29 29
0839_0081_0033_0044_0044.jpg 1 81 33 44 44
0840_0009_0051_0141_0141.jpg 1 9 51 141 141
0841_0060_0109_0084_0084.jpg 1 60 109 84 84
0842_0016_0042_0141_0141.jpg 1 16 42 141 141
0843_0063_0080_0070_0070.jpg 1 63 80 70 70
0844_0016_0042_0109_0109.jpg 1 16 42 109 109
0845_0024_0031_0097_0097.jpg 1 24 31 97 97
0846_0033_0033_0122_0122.jpg 1 33 33 122 122
0847_0020_0081_0085_0085.jpg 1 20 81 85 85
0848_0019_0023_0112_0112.jpg 1 19 23 112 112
0849_0024_0045_0111_0111.jpg 1 24 45 111 111
0850_0088_0088_0049_0049.jpg 1 88 88 49 49
0851_0127_0019_0061_0061.jpg 1 127 19 61 61
0852_0047_0035_0126_0126.jpg 1 47 35 126 126
0853_0068_0012_0107_0107.jpg 1 68 12 107 107
0854_0134_0106_0050_0050.jpg 1 134 106 50 50
0855_0088_0041_0046_0046.jpg 1 88 41 46 46
0856_0069_0048_0109_0109.jpg 1 69 48 109 109
0857_0047_0032_0075_0075.jpg 1 47 32 75 75
0858_0038_0144_0025_0025.jpg 1 38 144 25 25
0859_0102_0080_0050_0050.jpg 1 102 80 50 50
0860_0051_0012_0139_0139.jpg 1 51 12 139 139
0861_0049_0036_0049_0049.jpg 1 49 36 49 49
0862_0050_0009_0146_0146.jpg 1 50 9 146 146
0863_0038_0009_0128_0128.jpg 1 38 9 128 128
0864_0085_0073_0064_0064.jpg 1 85 73 64 64
0865_0056_0037_0120_0120.jpg 1 56 37 120 120
0866_0106_0076_0056_0056.jpg 1 106 76 56 56
0867_0055_0062_0125_0125.jpg 1 55 62 125 125
0868_0061_0089_0099_0099.jpg 1 61 89 99 99
0869_0084_0088_0100_0100.jpg 1 84 88 100 100
0870_0042_0023_0099_0099.jpg 1 42 23 99 99
0871_0057_0028_0042_0042.jpg 1 57 28 42 42
0872_0057_0043_0145_0145.jpg 1 57 43 145 145
0873_0119_0077_0048_0048.jpg 1 119 77 48 48
0874_0019_0040_0055_0055.jpg 1 19 40 55 55
0875_0059_0044_0140_0140.jpg 1 59 44 140 140
0876_0105_0054_0087_0087.jpg 1 105 54 87 87
0877_0115_0022_0075_0075.jpg 1 115 22 75 75
0878_0025_0046_0054_0054.jpg 1 25 46 54 54
0879_0108_0125_0062_0062.jpg 1 108 125 62 62
0880_0026_0133_0029_0029.jpg 1 26 133 29 29
0881_0015_0015_0156_0156.jpg 1 15 15 156 156
0882_0085_0067_0063_0063.jpg 1 85 67 63 63
0883_0016_0041_0152_0152.jpg 1 16 41 152 152
0884_0046_0100_0072_0072.jpg 1 46 100 72 72
0885_0088_0069_0102_0102.jpg 1 88 69 102 102
0886_0125_0053_0044_0044.jpg 1 125 53 44 44
0887_0028_0118_0072_0072.jpg 1 28 118 72 72
0888_0090_0095_0098_0098.jpg 1 90 95 98 98
0889_0061_0148_0028_0028.jpg 1 61 148 28 28
0890_0035_0066_0132_0132.jpg 1 35 66 132 132
0891_0056_0127_0044_0044.jpg 1 56 127 44 44
0892_0063_0026_0044_0044.jpg 1 63 26 44 44
0893_0022_0034_0124_0124.jpg 1 22 34 124 124
0894_0066_0015_0119_0119.jpg 1 66 15 119 119
0895_0026_0015_0133_0133.jpg 1 26 15 133 133
0896_0088_0026_0047_0047.jpg 1 88 26 47 47
0897_0088_0088_0108_0108.jpg 1 88 88 108 108
0898_0091_0087_0067_0067.jpg 1 91 87 67 67
0899_0102_0091_0083_0083.jpg 1 102 91 83 83
0900_0098_0126_0064_0064.jpg 1 98 126 64 64
0901_0056_0022_0072_0072.jpg 1 56 22 72 72
0902_0093_0089_0080_0080.jpg 1 93 89 80 80
0903_0055_0125_0067_0067.jpg 1 55 125 67 67
0904_0090_0052_0052_0052.jpg 1 90 52 52 52
0905_0032_0034_0061_0061.jpg 1 32 34 61 61
0906_0086_0056_0109_0109.jpg 1 86 56 109 109
0907_0132_0036_0044_0044.jpg 1 132 36 44 44
0908_0033_0028_0147_0147.jpg 1 33 28 147 147
0909_0007_0053_0147_0147.jpg 1 7 53 147 147
0910_0026_0044_0077_0077.jpg 1 26 44 77 77
0911_0147_0120_0034_0034.jpg 1 147 120 34 34
0912_0050_0147_0024_0024.jpg 1 50 147 24 24
0913_0075_0071_0084_0084.jpg 1 75 71 84 84
0914_0069_0032_0070_0070.jpg 1 69 32 70 70
0915_0041_0050_0137_0137.jpg 1 41 50 137 137
0916_0141_0047_0026_0026.jpg 1 141 47 26 26
0917_0065_0113_0040_0040.jpg 1 65 113 40 40
0918_0128_0139_0039_0039.jpg 1 128 139 39 39
0919_0121_0118_0037_0037.jpg 1 121 118 37 37
0920_0059_0017_0136_0136.jpg 1 59 17 136 136
0921_0053_0071_0134_0134.jpg 1 53 71 134 134
0922_0064_0072_0132_0132.jpg 1 64 72 132 132
0923_0081_0142_0039_0039.jpg 1 81 142 39 39
0924_0136_0043_0040_0040.jpg 1 136 43 40 40
0925_0058_0056_0129_0129.jpg 1 58 56 129 129
0926_0026_0042_0107_0107.jpg 1 26 42 107 107
0927_0033_0050_0151_0151.jpg 1 33 50 151 151
0928_0034_0059_0054_0054.jpg 1 34 59 54 54
0929_0067_0023_0078_0078.jpg 1 67 23 78 78
0930_0062_0047_0081_0081.jpg 1 62 47 81 81
0931_0096_0073_0074_0074.jpg 1 96 73 74 74
0932_0075_0029_0080_0080.jpg 1 75 29 80 80
0933_0061_0030_0079_0079.jpg 1 61 30 79 79
0934_0049_0043_0134_0134.jpg 1 49 43 134 134
0935_0087_0135_0024_0024.jpg 1 87 135 24 24
0936_0014_0107_0077_0077.jpg 1 14 107 77 77
0937_0156_0061_0027_0027.jpg 1 156 61 27 27
0938_0040_0015_0128_0128.jpg 1 40 15 128 128
0939_0058_0057_0132_0132.jpg 1 58 57 132 132
0940_0044_0046_0086_0086.jpg 1 44 46 86 86
0941_0065_0119_0032_0032.jpg 1 65 119 32 32
0942_0035_0032_0136_0136.jpg 1 35 32 136 136
0943_0016_0069_0099_0099.jpg 1 16 69 99 99
0944_0059_0058_0107_0107.jpg 1 59 58 107 107
0945_0061_0057_0057_0057.jpg 1 61 57 57 57
0946_0102_0033_0038_0038.jpg 1 102 33 38 38
0947_0036_0127_0040_0040.jpg 1 36 127 40 40
0948_0019_0057_0145_0145.jpg 1 19 57 145 145
0949_0056_0099_0099_0099.jpg 1 56 99 99 99
0950_0039_0040_0092_0092.jpg 1 39 40 92 92
0951_0037_0027_0033_0033.jpg 1 37 27 33 33
0952_0102_0107_0044_0044.jpg 1 102 107 44 44
0953_0140_0089_0030_0030.jpg 1 140 89 30 30
0954_0064_0033_0131_0131.jpg 1 64 33 131 131
0955_0055_0010_0128_0128.jpg 1 55 10 128 128
0956_0101_0076_0080_0080.jpg 1 101 76 80 80
0957_0095_0018_0057_0057.jpg 1 95 18 57 57
0958_0099_0115_0055_0055.jpg 1 99 115 55 55
0959_0047_0039_0137_0137.jpg 1 47 39 137 137
0960_0049_0027_0110_0110.jpg 1 49 27 110 110
0961_0030_0023_0108_0108.jpg 1 30 23 108 108
0962_0080_0118_0040_0040.jpg 1 80 118 40 40
0963_0057_0009_0133_0133.jpg 1 57 9 133 133
0964_0134_0031_0040_0040.jpg 1 134 31 40 40
0965_0091_0102_0091_0091.jpg 1 91 102 91 91
0966_0109_0096_0076_0076.jpg 1 109 96 76 76
0967_0117_0146_0033_0033.jpg 1 117 146 33 33
0968_0038_0038_0106_0106.jpg 1 38 38 106 106
0969_0067_0135_0045_0045.jpg 1 67 135 45 45
0970_0062_0058_0106_0106.jpg 1 62 58 106 106
0971_0101_0033_0067_0067.jpg 1 101 33 67 67
0972_0067_0015_0109_0109.jpg 1 67 15 109 109
0973_0106_0058_0065_0065.jpg 1 106 58 65 65
0974_0026_0085_0104_0104.jpg 1 26 85 104 104
0975_0136_0048_0043_0043.jpg 1 136 48 43 43
0976_0029_0090_0053_0053.jpg 1 29 90 53 53
0977_0046_0061_0116_0116.jpg 1 46 61 116 116
0978_0022_0055_0084_0084.jpg 1 22 55 84 84
0979_0130_0089_0046_0046.jpg 1 130 89 46 46
0980_0143_0118_0045_0045.jpg 1 143 118 45 45
0981_0025_0040_0145_0145.jpg 1 25 40 145 145
0982_0082_0147_0026_0026.jpg 1 82 147 26 26
0983_0025_0047_0152_0152.jpg 1 25 47 152 152
0984_0042_0070_0122_0122.jpg 1 42 70 122 122
0985_0040_0017_0096_0096.jpg 1 40 17 96 96
0986_0053_0060_0075_0075.jpg 1 53 60 75 75
0987_0079_0090_0084_0084.jpg 1 79 90 84 84
0988_0052_0116_0044_0044.jpg 1 52 116 44 44
0989_0051_0063_0117_0117.jpg 1 51 63 117 117
0990_0024_0032_0114_0114.jpg 1 24 32 114 114
0991_0053_0045_0087_0087.jpg 1 53 45 87 87
0992_0029_0019_0132_0132.jpg 1 29 19 132 132
0993_0035_0048_0097_0097.jpg 1 35 48 97 97
0994_0062_0018_0112_0112.jpg 1 62 18 112 112
0995_0018_0053_0129_0129.jpg 1 18 53 129 129
0996_0038_0058_0127_0127.jpg 1 38 58 127 127
0997_0060_0092_0038_0038.jpg 1 60 92 38 38
0998_0090_0092_0065_0065.jpg 1 90 92 65 65
0999_0089_0107_0087_0087.jpg 1 89 107 87 87
1000_0137_0090_0045_0045.jpg 1 137 90 45 45
1001_0108_0023_0077_0077.jpg 1 108 23 77 77
1002_0140_0148_0026_0026.jpg 1 140 148 26 26
1003_0103_0015_0076_0076.jpg 1 103 15 76 76
1004_0063_0077_0071_0071.jpg 1 63 77 71 71
1005_0014_0030_0136_0136.jpg 1 14 30 136 136
1006_0064_0063_0112_0112.jpg 1 64 63 112 112
1007_0066_0019_0132_0132.jpg 1 66 19 132 132
1008_0021_0023_0148_0148.jpg 1 21 23 148 148
1009_0119_0074_0053_0053.jpg 1 119 74 53 53
1010_0068_0025_0132_0132.jpg 1 68 25 132 132
1011_0090_0083_0070_0070.jpg 1 90 83 70 70
1012_0031_0025_0038_0038.jpg 1 31 25 38 38
1013_0034_0089_0080_0080.jpg 1 34 89 80 80
1014_0046_0028_0092_0092.jpg 1 46 28 92 92
1015_0050_0048_0081_0081.jpg 1 50 48 81 81
1016_0015_0045_0153_0153.jpg 1 15 45 153 153
1017_0026_0024_0138_0138.jpg 1 26 24 138 138
1018_0078_0019_0060_0060.jpg 1 78 19 60 60
1019_0138_0080_0025_0025.jpg 1 138 80 25 25
1020_0072_0070_0055_0055.jpg 1 72 70 55 55
1021_0054_0046_0116_0116.jpg 1 54 46 116 116
1022_0068_0068_0116_0116.jpg 1 68 68 116 116
1023_0076_0089_0052_0052.jpg 1 76 89 52 52
1024_0023_0031_0090_0090.jpg 1 23 31 90 90
1025_0059_0012_0116_0116.jpg 1 59 12 116 116
1026_0042_0145_0032_0032.jpg 1 42 145 32 32
1027_0048_0053_0074_0074.jpg 1 48 53 74 74
1028_0031_0032_0043_0043.jpg 1 31 32 43 43
1029_0039_0056_0083_0083.jpg 1 39 56 83 83
1030_0056_0066_0131_0131.jpg 1 56 66 131 131
1031_0060_0032_0111_0111.jpg 1 60 32 111 111
1032_0023_0045_0111_0111.jpg 1 23 45 111 111
1033_0012_0044_0130_0130.jpg 1 12 44 130 130
1034_0067_0038_0137_0137.jpg 1 67 38 137 137
1035_0145_0155_0024_0024.jpg 1 145 155 24 24
1036_0101_0077_0082_0082.jpg 1 101 77 82 82
1037_0030_0009_0156_0156.jpg 1 30 9 156 156
1038_0038_0080_0095_0095.jpg 1 38 80 95 95
1039_0041_0034_0155_0155.jpg 1 41 34 155 155
1040_0064_0133_0041_0041.jpg 1 64 133 41 41
1041_0026_0052_0124_0124.jpg 1 26 52 124 124
1042_0076_0029_0112_0112.jpg 1 76 29 112 112
1043_0064_0030_0143_0143.jpg 1 64 30 143 143
1044_0036_0038_0142_0142.jpg 1 36 38 142 142
1045_0050_0032_0116_0116.jpg 1 50 32 116 116
1046_0024_0091_0105_0105.jpg 1 24 91 105 105
1047_0010_0064_0121_0121.jpg 1 10 64 121 121
1048_0079_0099_0091_0091.jpg 1 79 99 91 91
1049_0028_0021_0142_0142.jpg 1 28 21 142 142
1050_0040_0042_0129_0129.jpg 1 40 42 129 129
1051_0057_0035_0038_0038.jpg 1 57 35 38 38
1052_0123_0108_0052_0052.jpg 1 123 108 52 52
1053_0041_0099_0048_0048.jpg 1 41 99 48 48
1054_0036_0027_0139_0139.jpg 1 36 27 139 139
1055_0058_0081_0077_0077.jpg 1 58 81 77 77
1056_0065_0047_0033_0033.jpg 1 65 47 33 33
1057_0012_0011_0147_0147.jpg 1 12 11 147 147
1058_0020_0109_0082_0082.jpg 1 20 109 82 82
1059_0080_0050_0091_0091.jpg 1 80 50 91 91
1060_0012_0070_0122_0122.jpg 1 12 70 122 122
1061_0112_0091_0063_0063.jpg 1 112 91 63 63
1062_0063_0141_0044_0044.jpg 1 63 141 44 44
1063_0049_0021_0150_0150.jpg 1 49 21 150 150
1064_0067_0068_0128_0128.jpg 1 67 68 128 128
1065_0023_0079_0113_0113.jpg 1 23 79 113 113
1066_0023_0043_0124_0124.jpg 1 23 43 124 124
1067_0048_0022_0135_0135.jpg 1 48 22 135 135
1068_0063_0051_0113_0113.jpg 1 63 51 113 113
1069_0092_0095_0069_0069.jpg 1 92 95 69 69
1070_0069_0082_0045_0045.jpg 1 69 82 45 45
1071_0042_0036_0127_0127.jpg 1 42 36 127 127
1072_0029_0073_0121_0121.jpg 1 29 73 121 121
1073_0019_0128_0050_0050.jpg 1 19 128 50 50
1074_0104_0062_0087_0087.jpg 1 104 62 87 87
1075_0012_0044_0124_0124.jpg 1 12 44 124 124
1076_0053_0045_0141_0141.jpg 1 53 45 141 141
1077_0040_0052_0153_0153.jpg 1 40 52 153 153
1078_0092_0079_0060_0060.jpg 1 92 79 60 60
1079_0023_0079_0116_0116.jpg 1 23 79 116 116
1080_0060_0044_0127_0127.jpg 1 60 44 127 127
1081_0035_0044_0140_0140.jpg 1 35 44 140 140
1082_0025_0038_0116_0116.jpg 1 25 38 116 116
1083_0024_0044_0154_0154.jpg 1 24 44 154 154
1084_0043_0051_0062_0062.jpg 1 43 51 62 62
1085_0033_0067_0131_0131.jpg 1 33 67 131 131
1086_0026_0080_0063_0063.jpg 1 26 80 63 63
1087_0017_0020_0139_0139.jpg 1 17 20 139 139
1088_0075_0139_0026_0026.jpg 1 75 139 26 26
1089_0033_0111_0072_0072.jpg 1 33 111 72 72
1090_0027_0045_0133_0133.jpg 1 27 45 133 133
1091_0037_0088_0046_0046.jpg 1 37 88 46 46
1092_0081_0059_0108_0108.jpg 1 81 59 108 108
1093_0127_0056_0029_0029.jpg 1 127 56 29 29
1094_0063_0024_0100_0100.jpg 1 63 24 100 100
1095_0121_0084_0058_0058.jpg 1 121 84 58 58
1096_0092_0127_0055_0055.jpg 1 92 127 55 55
1097_0064_0055_0089_0089.jpg 1 64 55 89 89
1098_0091_0105_0088_0088.jpg 1 91 105 88 88
1099_0035_0017_0052_0052.jpg 1 35 17 52 52
1100_0009_0062_0145_0145.jpg 1 9 62 145 145
1101_0028_0047_0136_0136.jpg 1 28 47 136 136
1102_0034_0037_0138_0138.jpg 1 34 37 138 138
1103_0060_0050_0145_0145.jpg 1 60 50 145 145
1104_0097_0094_0081_0081.jpg 1 97 94 81 81
1105_0040_0048_0117_0117.jpg 1 40 48 117 117
1106_0060_0020_0045_0045.jpg 1 60 20 45 45
1107_0060_0092_0050_0050.jpg 1 60 92 50 50
1108_0072_0030_0085_0085.jpg 1 72 30 85 85
1109_0052_0079_0052_0052.jpg 1 52 79 52 52
1110_0046_0058_0128_0128.jpg 1 46 58 128 128
1111_0042_0011_0153_0153.jpg 1 42 11 153 153
1112_0101_0071_0092_0092.jpg 1 101 71 92 92
1113_0117_0102_0032_0032.jpg 1 117 102 32 32
1114_0040_0039_0051_0051.jpg 1 40 39 51 51
1115_0078_0027_0083_0083.jpg 1 78 27 83 83
1116_0087_0082_0113_0113.jpg 1 87 82 113 113
1117_0051_0058_0148_0148.jpg 1 51 58 148 148
1118_0012_0008_0143_0143.jpg 1 12 8 143 143
1119_0125_0099_0029_0029.jpg 1 125 99 29 29
1120_0033_0081_0025_0025.jpg 1 33 81 25 25
1121_0059_0090_0027_0027.jpg 1 59 90 27 27
1122_0052_0090_0042_0042.jpg 1 52 90 42 42
1123_0021_0026_0118_0118.jpg 1 21 26 118 118
1124_0063_0121_0049_0049.jpg 1 63 121 49 49
1125_0029_0009_0149_0149.jpg 1 29 9 149 149
1126_0045_0108_0070_0070.jpg 1 45 108 70 70
1127_0016_0043_0141_0141.jpg 1 16 43 141 141
1128_0027_0062_0042_0042.jpg 1 27 62 42 42
1129_0093_0129_0052_0052.jpg 1 93 129 52 52
1130_0020_0016_0113_0113.jpg 1 20 16 113 113
1131_0022_0044_0124_0124.jpg 1 22 44 124 124
1132_0025_0054_0138_0138.jpg 1 25 54 138 138
1133_0058_0110_0056_0056.jpg 1 58 110 56 56
1134_0019_0049_0090_0090.jpg 1 19 49 90 90
1135_0050_0008_0150_0150.jpg 1 50 8 150 150
1136_0052_0024_0147_0147.jpg 1 52 24 147 147
1137_0091_0079_0091_0091.jpg 1 91 79 91 91
1138_0133_0125_0036_0036.jpg 1 133 125 36 36
1139_0029_0025_0095_0095.jpg 1 29 25 95 95
1140_0078_0101_0086_0086.jpg 1 78 101 86 86
1141_0026_0036_0136_0136.jpg 1 26 36 136 136
1142_0080_0075_0093_0093.jpg 1 80 75 93 93
1143_0028_0097_0090_0090.jpg 1 28 97 90 90
1144_0044_0103_0060_0060.jpg 1 44 103 60 60
1145_0061_0041_0110_0110.jpg 1 61 41 110 110
1146_0046_0129_0057_0057.jpg 1 46 129 57 57
1147_0060_0076_0058_0058.jpg 1 60 76 58 58
1148_0033_0045_0144_0144.jpg 1 33 45 144 144
1149_0046_0083_0117_0117.jpg 1 46 83 117 117
1150_0130_0018_0057_0057.jpg 1 130 18 57 57
1151_0095_0020_0064_0064.jpg 1 95 20 64 64
1152_0099_0092_0031_0031.jpg 1 99 92 31 31
1153_0030_0068_0102_0102.jpg 1 30 68 102 102
1154_0098_0025_0089_0089.jpg 1 98 25 89 89
1155_0033_0121_0055_0055.jpg 1 33 121 55 55
1156_0041_0035_0083_0083.jpg 1 41 35 83 83
1157_0060_0058_0060_0060.jpg 1 60 58 60 60
1158_0016_0066_0133_0133.jpg 1 16 66 133 133
1159_0042_0056_0146_0146.jpg 1 42 56 146 146
1160_0052_0074_0116_0116.jpg 1 52 74 116 116
1161_0051_0045_0048_0048.jpg 1 51 45 48 48
1162_0112_0041_0077_0077.jpg 1 112 41 77 77
1163_0050_0055_0150_0150.jpg 1 50 55 150 150
1164_0018_0069_0065_0065.jpg 1 18 69 65 65
1165_0088_0080_0089_0089.jpg 1 88 80 89 89
1166_0068_0020_0032_0032.jpg 1 68 20 32 32
1167_0049_0017_0075_0075.jpg 1 49 17 75 75
1168_0073_0071_0080_0080.jpg 1 73 71 80 80
1169_0022_0040_0084_0084.jpg 1 22 40 84 84
1170_0037_0122_0050_0050.jpg 1 37 122 50 50
1171_0025_0022_0089_0089.jpg 1 25 22 89 89
1172_0065_0079_0050_0050.jpg 1 65 79 50 50
1173_0023_0060_0075_0075.jpg 1 23 60 75 75
1174_0089_0025_0030_0030.jpg 1 89 25 30 30
1175_0144_0040_0037_0037.jpg 1 144 40 37 37
1176_0013_0033_0149_0149.jpg 1 13 33 149 149
1177_0044_0036_0057_0057.jpg 1 44 36 57 57
1178_0021_0027_0105_0105.jpg 1 21 27 105 105
1179_0050_0084_0070_0070.jpg 1 50 84 70 70
1180_0054_0030_0030_0030.jpg 1 54 30 30 30
1181_0059_0048_0050_0050.jpg 1 59 48 50 50
1182_0049_0028_0085_0085.jpg 1 49 28 85 85
1183_0042_0061_0124_0124.jpg 1 42 61 124 124
1184_0099_0106_0058_0058.jpg 1 99 106 58 58
1185_0071_0081_0122_0122.jpg 1 71 81 122 122
1186_0077_0113_0079_0079.jpg 1 77 113 79 79
1187_0053_0077_0106_0106.jpg 1 53 77 106 106
1188_0083_0031_0038_0038.jpg 1 83 31 38 38
1189_0096_0112_0025_0025.jpg 1 96 112 25 25
1190_0045_0118_0066_0066.jpg 1 45 118 66 66
1191_0108_0015_0082_0082.jpg 1 108 15 82 82
1192_0055_0049_0152_0152.jpg 1 55 49 152 152
1193_0045_0070_0130_0130.jpg 1 45 70 130 130
1194_0014_0051_0150_0150.jpg 1 14 51 150 150
1195_0100_0086_0068_0068.jpg 1 100 86 68 68
1196_0033_0045_0059_0059.jpg 1 33 45 59 59
1197_0107_0036_0024_0024.jpg 1 107 36 24 24
1198_0067_0067_0136_0136.jpg 1 67 67 136 136
1199_0038_0050_0144_0144.jpg 1 38 50 144 144
1200_0066_0025_0130_0130.jpg 1 66 25 130 130
1201_0088_0103_0045_0045.jpg 1 88 103 45 45
1202_0071_0079_0104_0104.jpg 1 71 79 104 104
1203_0106_0085_0078_0078.jpg 1 106 85 78 78
1204_0037_0052_0128_0128.jpg 1 37 52 128 128
1205_0050_0031_0106_0106.jpg 1 50 31 106 106
1206_0046_0041_0126_0126.jpg 1 46 41 126 126
1207_0065_0030_0124_0124.jpg 1 65 30 124 124
1208_0029_0059_0137_0137.jpg 1 29 59 137 137
1209_0031_0028_0142_0142.jpg 1 31 28 142 142
1210_0091_0032_0064_0064.jpg 1 91 32 64 64
1211_0022_0043_0134_0134.jpg 1 22 43 134 134
1212_0010_0039_0143_0143.jpg 1 10 39 143 143
1213_0021_0079_0095_0095.jpg 1 21 79 95 95
1214_0093_0072_0051_0051.jpg 1 93 72 51 51
1215_0049_0113_0057_0057.jpg 1 49 113 57 57
1216_0093_0025_0087_0087.jpg 1 93 25 87 87
1217_0015_0014_0121_0121.jpg 1 15 14 121 121
1218_0028_0026_0152_0152.jpg 1 28 26 152 152
1219_0014_0056_0152_0152.jpg 1 14 56 152 152
1220_0041_0064_0116_0116.jpg 1 41 64 116 116
1221_0027_0084_0110_0110.jpg 1 27 84 110 110
1222_0057_0061_0041_0041.jpg 1 57 61 41 41
1223_0051_0014_0083_0083.jpg 1 51 14 83 83
1224_0120_0062_0064_0064.jpg 1 120 62 64 64
1225_0144_0049_0040_0040.jpg 1 144 49 40 40
1226_0067_0034_0100_0100.jpg 1 67 34 100 100
1227_0076_0087_0066_0066.jpg 1 76 87 66 66
1228_0077_0135_0031_0031.jpg 1 77 135 31 31
1229_0064_0064_0139_0139.jpg 1 64 64 139 139
1230_0081_0026_0056_0056.jpg 1 81 26 56 56
1231_0010_0064_0127_0127.jpg 1 10 64 127 127
1232_0044_0058_0087_0087.jpg 1 44 58 87 87
1233_0038_0117_0071_0071.jpg 1 38 117 71 71
1234_0030_0107_0059_0059.jpg 1 30 107 59 59
1235_0081_0123_0039_0039.jpg 1 81 123 39 39
1236_0072_0132_0034_0034.jpg 1 72 132 34 34
1237_0038_0020_0091_0091.jpg 1 38 20 91 91
1238_0023_0021_0126_0126.jpg 1 23 21 126 126
1239_0096_0023_0070_0070.jpg 1 96 23 70 70
1240_0016_0027_0115_0115.jpg 1 16 27 115 115
1241_0143_0103_0042_0042.jpg 1 143 103 42 42
1242_0070_0034_0085_0085.jpg 1 70 34 85 85
1243_0081_0110_0028_0028.jpg 1 81 110 28 28
1244_0113_0054_0061_0061.jpg 1 113 54 61 61
1245_0059_0058_0135_0135.jpg 1 59 58 135 135
1246_0035_0027_0131_0131.jpg 1 35 27 131 131
1247_0150_0059_0025_0025.jpg 1 150 59 25 25
1248_0037_0023_0144_0144.jpg 1 37 23 144 144
1249_0108_0035_0031_0031.jpg 1 108 35 31 31
1250_0049_0090_0070_0070.jpg 1 49 90 70 70
1251_0044_0105_0069_0069.jpg 1 44 105 69 69
1252_0050_0071_0119_0119.jpg 1 50 71 119 119
1253_0057_0071_0079_0079.jpg 1 57 71 79 79
1254_0061_0027_0095_0095.jpg 1 61 27 95 95
1255_0030_0090_0108_0108.jpg 1 30 90 108 108
1256_0086_0020_0111_0111.jpg 1 86 20 111 111
1257_0024_0121_0062_0062.jpg 1 24 121 62 62
1258_0030_0039_0107_0107.jpg 1 30 39 107 107
1259_0052_0051_0110_0110.jpg 1 52 51 110 110
1260_0036_0053_0123_0123.jpg 1 36 53 123 123
1261_0041_0021_0126_0126.jpg 1 41 21 126 126
1262_0095_0021_0103_0103.jpg 1 95 21 103 103
1263_0072_0029_0058_0058.jpg 1 72 29 58 58
1264_0049_0018_0148_0148.jpg 1 49 18 148 148
1265_0082_0067_0033_0033.jpg 1 82 67 33 33
1266_0066_0098_0066_0066.jpg 1 66 98 66 66
1267_0061_0106_0081_0081.jpg 1 61 106 81 81
1268_0079_0110_0061_0061.jpg 1 79 110 61 61
1269_0037_0106_0054_0054.jpg 1 37 106 54 54
1270_0064_0116_0078_0078.jpg 1 64 116 78 78
1271_0055_0052_0127_0127.jpg 1 55 52 127 127
1272_0030_0056_0031_0031.jpg 1 30 56 31 31
1273_0056_0086_0113_0113.jpg 1 56 86 113 113
1274_0127_0028_0050_0050.jpg 1 127 28 50 50
1275_0120_0085_0060_0060.jpg 1 120 85 60 60
1276_0098_0073_0081_0081.jpg 1 98 73 81 81
1277_0114_0095_0064_0064.jpg 1 114 95 64 64
1278_0018_0122_0042_0042.jpg 1 18 122 42 42
1279_0064_0085_0113_0113.jpg 1 64 85 113 113
1280_0106_0022_0090_0090.jpg 1 106 22 90 90
1281_0035_0064_0135_0135.jpg 1 35 64 135 135
1282_0027_0060_0109_0109.jpg 1 27 60 109 109
1283_0061_0094_0083_0083.jpg 1 61 94 83 83
1284_0025_0058_0116_0116.jpg 1 25 58 116 116
1285_0033_0050_0067_0067.jpg 1 33 50 67 67
1286_0084_0078_0096_0096.jpg 1 84 78 96 96
1287_0043_0024_0035_0035.jpg 1 43 24 35 35
1288_0019_0085_0065_0065.jpg 1 19 85 65 65
1289_0019_0041_0143_0143.jpg 1 19 41 143 143
1290_0053_0047_0153_0153.jpg 1 53 47 153 153
1291_0027_0030_0137_0137.jpg 1 27 30 137 137
1292_0029_0076_0057_0057.jpg 1 29 76 57 57
1293_0041_0046_0151_0151.jpg 1 41 46 151 151
1294_0050_0109_0071_0071.jpg 1 50 109 71 71
1295_0031_0058_0106_0106.jpg 1 31 58 106 106
1296_0029_0042_0154_0154.jpg 1 29 42 154 154
1297_0028_0115_0069_0069.jpg 1 28 115 69 69
1298_0061_0015_0121_0121.jpg 1 61 15 121 121
1299_0026_0033_0156_0156.jpg 1 26 33 156 156
1300_0101_0064_0091_0091.jpg 1 101 64 91 91
1301_0044_0015_0152_0152.jpg 1 44 15 152 152
1302_0101_0042_0032_0032.jpg 1 101 42 32 32
1303_0059_0089_0069_0069.jpg 1 59 89 69 69
1304_0090_0032_0082_0082.jpg 1 90 32 82 82
1305_0026_0050_0150_0150.jpg 1 26 50 150 150
1306_0106_0048_0084_0084.jpg 1 106 48 84 84
1307_0088_0022_0112_0112.jpg 1 88 22 112 112
1308_0011_0039_0147_0147.jpg 1 11 39 147 147
1309_0102_0099_0079_0079.jpg 1 102 99 79 79
1310_0031_0036_0108_0108.jpg 1 31 36 108 108
1311_0023_0034_0127_0127.jpg 1 23 34 127 127
1312_0016_0009_0151_0151.jpg 1 16 9 151 151
1313_0099_0062_0074_0074.jpg 1 99 62 74 74
1314_0025_0029_0108_0108.jpg 1 25 29 108 108
1315_0070_0046_0060_0060.jpg 1 70 46 60 60
1316_0064_0045_0115_0115.jpg 1 64 45 115 115
1317_0028_0057_0104_0104.jpg 1 28 57 104 104
1318_0048_0046_0114_0114.jpg 1 48 46 114 114
1319_0021_0085_0101_0101.jpg 1 21 85 101 101
1320_0048_0030_0130_0130.jpg 1 48 30 130 130
1321_0029_0052_0132_0132.jpg 1 29 52 132 132
1322_0056_0075_0127_0127.jpg 1 56 75 127 127
1323_0099_0048_0061_0061.jpg 1 99 48 61 61
1324_0057_0044_0128_0128.jpg 1 57 44 128 128
1325_0053_0018_0143_0143.jpg 1 53 18 143 143
1326_0014_0087_0096_0096.jpg 1 14 87 96 96
1327_0047_0056_0056_0056.jpg 1 47 56 56 56
1328_0056_0071_0090_0090.jpg 1 56 71 90 90
1329_0104_0109_0079_0079.jpg 1 104 109 79 79
1330_0029_0054_0080_0080.jpg 1 29 54 80 80
1331_0101_0082_0067_0067.jpg 1 101 82 67 67
1332_0032_0057_0141_0141.jpg 1 32 57 141 141
1333_0075_0020_0117_0117.jpg 1 75 20 117 117
1334_0041_0046_0090_0090.jpg 1 41 46 90 90
1335_0042_0072_0054_0054.jpg 1 42 72 54 54
1336_0088_0096_0099_0099.jpg 1 88 96 99 99
1337_0084_0109_0075_0075.jpg 1 84 109 75 75
1338_0045_0052_0153_0153.jpg 1 45 52 153 153
1339_0039_0083_0040_0040.jpg 1 39 83 40 40
1340_0068_0022_0085_0085.jpg 1 68 22 85 85
1341_0033_0026_0086_0086.jpg 1 33 26 86 86
1342_0074_0082_0102_0102.jpg 1 74 82 102 102
1343_0078_0063_0048_0048.jpg 1 78 63 48 48
1344_0056_0119_0058_0058.jpg 1 56 119 58 58
1345_0008_0014_0148_0148.jpg 1 8 14 148 148
1346_0126_0046_0057_0057.jpg 1 126 46 57 57
1347_0058_0053_0109_0109.jpg 1 58 53 109 109
1348_0121_0044_0029_0029.jpg 1 121 44 29 29
1349_0073_0039_0097_0097.jpg 1 73 39 97 97
1350_0047_0013_0097_0097.jpg 1 47 13 97 97
1351_0090_0042_0082_0082.jpg 1 90 42 82 82
1352_0124_0134_0041_0041.jpg 1 124 134 41 41
1353_0100_0046_0070_0070.jpg 1 100 46 70 70
1354_0014_0031_0153_0153.jpg 1 14 31 153 153
1355_0018_0056_0118_0118.jpg 1 18 56 118 118
1356_0027_0022_0118_0118.jpg 1 27 22 118 118
1357_0036_0083_0117_0117.jpg 1 36 83 117 117
1358_0019_0037_0105_0105.jpg 1 19 37 105 105
1359_0061_0022_0065_0065.jpg 1 61 22 65 65
1360_0075_0076_0092_0092.jpg 1 75 76 92 92
1361_0017_0047_0116_0116.jpg 1 17 47 116 116
1362_0065_0020_0115_0115.jpg 1 65 20 115 115
1363_0017_0011_0128_0128.jpg 1 17 11 128 128
1364_0073_0033_0071_0071.jpg 1 73 33 71 71
1365_0017_0038_0119_0119.jpg 1 17 38 119 119
1366_0035_0029_0140_0140.jpg 1 35 29 140 140
1367_0035_0057_0123_0123.jpg 1 35 57 123 123
1368_0035_0045_0150_0150.jpg 1 35 45 150 150
1369_0031_0035_0136_0136.jpg 1 31 35 136 136
1370_0045_0026_0139_0139.jpg 1 45 26 139 139
1371_0047_0021_0108_0108.jpg 1 47 21 108 108
1372_0154_0069_0030_0030.jpg 1 154 69 30 30
1373_0080_0055_0096_0096.jpg 1 80 55 96 96
1374_0082_0053_0100_0100.jpg 1 82 53 100 100
1375_0036_0118_0028_0028.jpg 1 36 118 28 28
1376_0047_0020_0128_0128.jpg 1 47 20 128 128
1377_0024_0058_0091_0091.jpg 1 24 58 91 91
1378_0074_0091_0088_0088.jpg 1 74 91 88 88
1379_0017_0074_0126_0126.jpg 1 17 74 126 126
1380_0144_0053_0039_0039.jpg 1 144 53 39 39
1381_0097_0074_0035_0035.jpg 1 97 74 35 35
1382_0069_0028_0130_0130.jpg 1 69 28 130 130
1383_0014_0032_0148_0148.jpg 1 14 32 148 148
1384_0119_0091_0044_0044.jpg 1 119 91 44 44
1385_0011_0029_0131_0131.jpg 1 11 29 131 131
1386_0035_0100_0074_0074.jpg 1 35 100 74 74
1387_0017_0105_0075_0075.jpg 1 17 105 75 75
1388_0048_0009_0138_0138.jpg 1 48 9 138 138
1389_0053_0033_0031_0031.jpg 1 53 33 31 31
1390_0064_0023_0133_0133.jpg 1 64 23 133 133
1391_0033_0092_0029_0029.jpg 1 33 92 29 29
1392_0120_0096_0048_0048.jpg 1 120 96 48 48
1393_0040_0080_0069_0069.jpg 1 40 80 69 69
1394_0060_0044_0145_0145.jpg 1 60 44 145 145
1395_0047_0059_0137_0137.jpg 1 47 59 137 137
1396_0075_0080_0039_0039.jpg 1 75 80 39 39
1397_0082_0047_0088_0088.jpg 1 82 47 88 88
1398_0064_0067_0130_0130.jpg 1 64 67 130 130
1399_0072_0016_0107_0107.jpg 1 72 16 107 107
1400_0057_0110_0065_0065.jpg 1 57 110 65 65
1401_0077_0092_0078_0078.jpg 1 77 92 78 78
1402_0072_0089_0107_0107.jpg 1 72 89 107 107
1403_0037_0054_0058_0058.jpg 1 37 54 58 58
1404_0085_0038_0117_0117.jpg 1 85 38 117 117
1405_0048_0072_0078_0078.jpg 1 48 72 78 78
1406_0029_0027_0123_0123.jpg 1 29 27 123 123
1407_0049_0025_0118_0118.jpg 1 49 25 118 118
1408_0085_0109_0051_0051.jpg 1 85 109 51 51
1409_0087_0081_0090_0090.jpg 1 87 81 90 90
1410_0100_0040_0053_0053.jpg 1 100 40 53 53
1411_0064_0091_0043_0043.jpg 1 64 91 43 43
1412_0088_0068_0048_0048.jpg 1 88 68 48 48
1413_0010_0036_0143_0143.jpg 1 10 36 143 143
1414_0024_0093_0056_0056.jpg 1 24 93 56 56
1415_0119_0107_0060_0060.jpg 1 119 107 60 60
1416_0088_0077_0040_0040.jpg 1 88 77 40 40
1417_0070_0027_0048_0048.jpg 1 70 27 48 48
1418_0033_0051_0155_0155.jpg 1 33 51 155 155
1419_0104_0018_0059_0059.jpg 1 104 18 59 59
1420_0048_0059_0096_0096.jpg 1 48 59 96 96
1421_0042_0056_0106_0106.jpg 1 42 56 106 106
1422_0049_0055_0146_0146.jpg 1 49 55 146 146
1423_0027_0059_0035_0035.jpg 1 27 59 35 35
1424_0019_0033_0068_0068.jpg 1 19 33 68 68
1425_0042_0082_0073_0073.jpg 1 42 82 73 73
1426_0027_0016_0081_0081.jpg 1 27 16 81 81
1427_0087_0111_0079_0079.jpg 1 87 111 79 79
1428_0016_0062_0065_0065.jpg 1 16 62 65 65
1429_0072_0098_0065_0065.jpg 1 72 98 65 65
1430_0015_0045_0150_0150.jpg 1 15 45 150 150
1431_0039_0102_0062_0062.jpg 1 39 102 62 62
1432_0044_0022_0156_0156.jpg 1 44 22 156 156
1433_0070_0105_0061_0061.jpg 1 70 105 61 61
1434_0077_0039_0107_0107.jpg 1 77 39 107 107
1435_0028_0017_0133_0133.jpg 1 28 17 133 133
1436_0030_0034_0118_0118.jpg 1 30 34 118 118
1437_0022_0014_0104_0104.jpg 1 22 14 104 104
1438_0134_0121_0048_0048.jpg 1 134 121 48 48
1439_0091_0020_0075_0075.jpg 1 91 20 75 75
1440_0104_0113_0079_0079.jpg 1 104 113 79 79
1441_0090_0118_0024_0024.jpg 1 90 118 24 24
1442_0053_0102_0075_0075.jpg 1 53 102 75 75
1443_0069_0065_0097_0097.jpg 1 69 65 97 97
1444_0034_0046_0117_0117.jpg 1 34 46 117 117
1445_0050_0013_0145_0145.jpg 1 50 13 145 145
1446_0028_0039_0127_0127.jpg 1 28 39 127 127
1447_0091_0050_0076_0076.jpg 1 91 50 76 76
1448_0017_0046_0145_0145.jpg 1 17 46 145 145
1449_0053_0054_0137_0137.jpg 1 53 54 137 137
1450_0054_0057_0103_0103.jpg 1 54 57 103 103
1451_0055_0064_0106_0106.jpg 1 55 64 106 106
1452_0059_0080_0080_0080.jpg 1 59 80 80 80
1453_0028_0012_0126_0126.jpg 1 28 12 126 126
1454_0063_0080_0094_0094.jpg 1 63 80 94 94
1455_0053_0028_0117_0117.jpg 1 53 28 117 117
1456_0112_0127_0029_0029.jpg 1 112 127 29 29
1457_0083_0024_0071_0071.jpg 1 83 24 71 71
1458_0066_0033_0121_0121.jpg 1 66 33 121 121
1459_0057_0053_0093_0093.jpg 1 57 53 93 93
1460_0047_0049_0058_0058.jpg 1 47 49 58 58
1461_0027_0025_0136_0136.jpg 1 27 25 136 136
1462_0034_0061_0136_0136.jpg 1 34 61 136 136
1463_0079_0126_0039_0039.jpg 1 79 126 39 39
1464_0034_0037_0134_0134.jpg 1 34 37 134 134
1465_0106_0087_0064_0064.jpg 1 106 87 64 64
1466_0010_0059_0131_0131.jpg 1 10 59 131 131
1467_0070_0017_0096_0096.jpg 1 70 17 96 96
1468_0021_0083_0080_0080.jpg 1 21 83 80 80
1469_0031_0054_0072_0072.jpg 1 31 54 72 72
1470_0027_0046_0051_0051.jpg 1 27 46 51 51
1471_0071_0050_0108_0108.jpg 1 71 50 108 108
1472_0040_0088_0055_0055.jpg 1 40 88 55 55
1473_0022_0061_0141_0141.jpg 1 22 61 141 141
1474_0076_0143_0038_0038.jpg 1 76 143 38 38
1475_0035_0050_0140_0140.jpg 1 35 50 140 140
1476_0056_0075_0048_0048.jpg 1 56 75 48 48
1477_0058_0036_0060_0060.jpg 1 58 36 60 60
1478_0090_0078_0072_0072.jpg 1 90 78 72 72
1479_0064_0051_0106_0106.jpg 1 64 51 106 106
1480_0087_0041_0106_0106.jpg 1 87 41 106 106
1481_0056_0063_0143_0143.jpg 1 56 63 143 143
1482_0025_0012_0125_0125.jpg 1 25 12 125 125
1483_0021_0098_0030_0030.jpg 1 21 98 30 30
1484_0021_0061_0069_0069.jpg 1 21 61 69 69
1485_0010_0051_0137_0137.jpg 1 10 51 137 137
1486_0066_0080_0106_0106.jpg 1 66 80 106 106
1487_0049_0034_0026_0026.jpg 1 49 34 26 26
1488_0046_0101_0073_0073.jpg 1 46 101 73 73
1489_0049_0050_0108_0108.jpg 1 49 50 108 108
1490_0090_0143_0041_0041.jpg 1 90 143 41 41
1491_0083_0068_0093_0093.jpg 1 83 68 93 93
1492_0114_0020_0062_0062.jpg 1 114 20 62 62
1493_0044_0021_0155_0155.jpg 1 44 21 155 155
1494_0067_0025_0137_0137.jpg 1 67 25 137 137
1495_0097_0049_0031_0031.jpg 1 97 49 31 31
1496_0031_0046_0077_0077.jpg 1 31 46 77 77
1497_0038_0011_0121_0121.jpg 1 38 11 121 121
1498_0125_0124_0038_0038.jpg 1 125 124 38 38
1499_0020_0038_0152_0152.jpg 1 20 38 152 152
1500_0085_0060_0114_0114.jpg 1 85 60 114 114
1501_0120_0079_0041_0041.jpg 1 120 79 41 41
1502_0086_0030_0104_0104.jpg 1 86 30 104 104
1503_0030_0031_0090_0090.jpg 1 30 31 90 90
1504_0041_0137_0030_0030.jpg 1 41 137 30 30
1505_0030_0039_0120_0120.jpg 1 30 39 120 120
1506_0044_0069_0069_0069.jpg 1 44 69 69 69
1507_0037_0028_0141_0141.jpg 1 37 28 141 141
1508_0011_0047_0106_0106.jpg 1 11 47 106 106
1509_0055_0086_0099_0099.jpg 1 55 86 99 99
1510_0141_0070_0045_0045.jpg 1 141 70 45 45
1511_0046_0036_0122_0122.jpg 1 46 36 122 122
1512_0013_0045_0133_0133.jpg 1 13 45 133 133
1513_0057_0081_0042_0042.jpg 1 57 81 42 42
1514_0085_0048_0115_0115.jpg 1 85 48 115 115
1515_0054_0044_0079_0079.jpg 1 54 44 79 79
1516_0052_0072_0129_0129.jpg 1 52 72 129 129
1517_0130_0024_0054_0054.jpg 1 130 24 54 54
1518_0011_0019_0154_0154.jpg 1 11 19 154 154
1519_0024_0052_0134_0134.jpg 1 24 52 134 134
1520_0115_0078_0079_0079.jpg 1 115 78 79 79
1521_0044_0085_0109_0109.jpg 1 44 85 109 109
1522_0064_0041_0125_0125.jpg 1 64 41 125 125
1523_0073_0017_0089_0089.jpg 1 73 17 89 89
1524_0025_0052_0142_0142.jpg 1 25 52 142 142
1525_0012_0051_0121_0121.jpg 1 12 51 121 121
1526_0050_0056_0034_0034.jpg 1 50 56 34 34
1527_0033_0090_0091_0091.jpg 1 33 90 91 91
1528_0059_0085_0046_0046.jpg 1 59 85 46 46
1529_0035_0013_0148_0148.jpg 1 35 13 148 148
1530_0019_0015_0108_0108.jpg 1 19 15 108 108
1531_0094_0023_0101_0101.jpg 1 94 23 101 101
1532_0104_0099_0064_0064.jpg 1 104 99 64 64
1533_0033_0040_0111_0111.jpg 1 33 40 111 111
1534_0024_0023_0149_0149.jpg 1 24 23 149 149
1535_0107_0118_0044_0044.jpg 1 107 118 44 44
1536_0092_0111_0072_0072.jpg 1 92 111 72 72
1537_0067_0064_0109_0109.jpg 1 67 64 109 109
1538_0082_0038_0111_0111.jpg 1 82 38 111 111
1539_0104_0080_0085_0085.jpg 1 104 80 85 85
1540_0019_0070_0048_0048.jpg 1 19 70 48 48
1541_0061_0101_0054_0054.jpg 1 61 101 54 54
1542_0099_0115_0077_0077.jpg 1 99 115 77 77
1543_0134_0127_0043_0043.jpg 1 134 127 43 43
1544_0045_0074_0123_0123.jpg 1 45 74 123 123
1545_0084_0086_0085_0085.jpg 1 84 86 85 85
1546_0028_0040_0123_0123.jpg 1 28 40 123 123
1547_0042_0030_0133_0133.jpg 1 42 30 133 133
1548_0051_0040_0141_0141.jpg 1 51 40 141 141
1549_0103_0089_0061_0061.jpg 1 103 89 61 61
1550_0051_0022_0133_0133.jpg 1 51 22 133 133
1551_0037_0038_0117_0117.jpg 1 37 38 117 117
1552_0057_0029_0043_0043.jpg 1 57 29 43 43
1553_0058_0026_0149_0149.jpg 1 58 26 149 149
1554_0056_0017_0140_0140.jpg 1 56 17 140 140
1555_0081_0047_0077_0077.jpg 1 81 47 77 77
1556_0072_0073_0028_0028.jpg 1 72 73 28 28
1557_0023_0065_0037_0037.jpg 1 23 65 37 37
1558_0051_0048_0079_0079.jpg 1 51 48 79 79
1559_0047_0052_0047_0047.jpg 1 47 52 47 47
1560_0110_0057_0030_0030.jpg 1 110 57 30 30
1561_0041_0021_0065_0065.jpg 1 41 21 65 65
1562_0026_0016_0152_0152.jpg 1 26 16 152 152
1563_0085_0033_0101_0101.jpg 1 85 33 101 101
1564_0032_0057_0146_0146.jpg 1 32 57 146 146
1565_0109_0126_0033_0033.jpg 1 109 126 33 33
1566_0106_0021_0058_0058.jpg 1 106 21 58 58
1567_0034_0042_0046_0046.jpg 1 34 42 46 46
1568_0013_0064_0096_0096.jpg 1 13 64 96 96
1569_0028_0012_0145_0145.jpg 1 28 12 145 145
1570_0029_0076_0025_0025.jpg 1 29 76 25 25
1571_0056_0086_0028_0028.jpg 1 56 86 28 28
1572_0060_0015_0139_0139.jpg 1 60 15 139 139
1573_0049_0040_0150_0150.jpg 1 49 40 150 150
1574_0032_0038_0141_0141.jpg 1 32 38 141 141
1575_0103_0058_0061_0061.jpg 1 103 58 61 61
1576_0114_0060_0070_0070.jpg 1 114 60 70 70
1577_0072_0021_0110_0110.jpg 1 72 21 110 110
1578_0033_0030_0119_0119.jpg 1 33 30 119 119
1579_0071_0107_0087_0087.jpg 1 71 107 87 87
1580_0017_0020_0105_0105.jpg 1 17 20 105 105
1581_0133_0100_0051_0051.jpg 1 133 100 51 51
1582_0045_0028_0125_0125.jpg 1 45 28 125 125
1583_0113_0068_0025_0025.jpg 1 113 68 25 25
1584_0017_0054_0151_0151.jpg 1 17 54 151 151
1585_0018_0095_0097_0097.jpg 1 18 95 97 97
1586_0030_0072_0127_0127.jpg 1 30 72 127 127
1587_0058_0013_0130_0130.jpg 1 58 13 130 130
1588_0079_0066_0123_0123.jpg 1 79 66 123 123
1589_0023_0083_0069_0069.jpg 1 23 83 69 69
1590_0056_0043_0111_0111.jpg 1 56 43 111 111
1591_0008_0013_0135_0135.jpg 1 8 13 135 135
1592_0034_0039_0140_0140.jpg 1 34 39 140 140
1593_0037_0075_0088_0088.jpg 1 37 75 88 88
1594_0089_0042_0093_0093.jpg 1 89 42 93 93
1595_0124_0041_0033_0033.jpg 1 124 41 33 33
1596_0024_0018_0145_0145.jpg 1 24 18 145 145
1597_0036_0053_0114_0114.jpg 1 36 53 114 114
1598_0048_0043_0145_0145.jpg 1 48 43 145 145
1599_0040_0028_0101_0101.jpg 1 40 28 101 101
1600_0010_0080_0117_0117.jpg 1 10 80 117 117
1601_0039_0031_0114_0114.jpg 1 39 31 114 114
1602_0035_0044_0084_0084.jpg 1 35 44 84 84
1603_0077_0079_0038_0038.jpg 1 77 79 38 38
1604_0124_0063_0030_0030.jpg 1 124 63 30 30
1605_0047_0039_0129_0129.jpg 1 47 39 129 129
1606_0037_0008_0154_0154.jpg 1 37 8 154 154
1607_0065_0025_0091_0091.jpg 1 65 25 91 91
1608_0011_0015_0150_0150.jpg 1 11 15 150 150
1609_0038_0064_0047_0047.jpg 1 38 64 47 47
1610_0114_0062_0079_0079.jpg 1 114 62 79 79
1611_0023_0050_0148_0148.jpg 1 23 50 148 148
1612_0088_0049_0091_0091.jpg 1 88 49 91 91
1613_0122_0117_0045_0045.jpg 1 122 117 45 45
1614_0011_0017_0146_0146.jpg 1 11 17 146 146
1615_0043_0062_0108_0108.jpg 1 43 62 108 108
1616_0112_0061_0059_0059.jpg 1 112 61 59 59
1617_0042_0058_0060_0060.jpg 1 42 58 60 60
1618_0122_0113_0056_0056.jpg 1 122 113 56 56
1619_0092_0090_0071_0071.jpg 1 92 90 71 71
1620_0068_0088_0091_0091.jpg 1 68 88 91 91
1621_0135_0116_0026_0026.jpg 1 135 116 26 26
1622_0064_0082_0098_0098.jpg 1 64 82 98 98
1623_0043_0027_0040_0040.jpg 1 43 27 40 40
1624_0148_0100_0024_0024.jpg 1 148 100 24 24
1625_0025_0098_0080_0080.jpg 1 25 98 80 80
1626_0033_0023_0042_0042.jpg 1 33 23 42 42
1627_0127_0027_0052_0052.jpg 1 127 27 52 52
1628_0019_0016_0120_0120.jpg 1 19 16 120 120
1629_0058_0059_0120_0120.jpg 1 58 59 120 120
1630_0090_0081_0065_0065.jpg 1 90 81 65 65
1631_0121_0098_0062_0062.jpg 1 121 98 62 62
1632_0077_0104_0080_0080.jpg 1 77 104 80 80
1633_0068_0068_0124_0124.jpg 1 68 68 124 124
1634_0085_0014_0099_0099.jpg 1 85 14 99 99
1635_0022_0038_0103_0103.jpg 1 22 38 103 103
1636_0123_0071_0048_0048.jpg 1 123 71 48 48
1637_0060_0016_0107_0107.jpg 1 60 16 107 107
1638_0104_0125_0041_0041.jpg 1 104 125 41 41
1639_0122_0023_0029_0029.jpg 1 122 23 29 29
1640_0024_0032_0137_0137.jpg 1 24 32 137 137
1641_0141_0084_0027_0027.jpg 1 141 84 27 27
1642_0019_0016_0113_0113.jpg 1 19 16 113 113
1643_0057_0070_0103_0103.jpg 1 57 70 103 103
1644_0046_0061_0111_0111.jpg 1 46 61 111 111
1645_0066_0039_0140_0140.jpg 1 66 39 140 140
1646_0044_0079_0067_0067.jpg 1 44 79 67 67
1647_0093_0039_0083_0083.jpg 1 93 39 83 83
1648_0083_0069_0079_0079.jpg 1 83 69 79 79
1649_0075_0105_0064_0064.jpg 1 75 105 64 64
1650_0040_0025_0071_0071.jpg 1 40 25 71 71
1651_0059_0072_0057_0057.jpg 1 59 72 57 57
1652_0098_0056_0043_0043.jpg 1 98 56 43 43
1653_0012_0041_0119_0119.jpg 1 12 41 119 119
1654_0081_0051_0100_0100.jpg 1 81 51 100 100
1655_0143_0082_0038_0038.jpg 1 143 82 38 38
1656_0036_0010_0153_0153.jpg 1 36 10 153 153
1657_0007_0012_0152_0152.jpg 1 7 12 152 152
1658_0111_0068_0067_0067.jpg 1 111 68 67 67
1659_0133_0029_0027_0027.jpg 1 133 29 27 27
1660_0058_0131_0057_0057.jpg 1 58 131 57 57
1661_0101_0098_0049_0049.jpg 1 101 98 49 49
1662_0019_0073_0127_0127.jpg 1 19 73 127 127
1663_0015_0062_0100_0100.jpg 1 15 62 100 100
1664_0020_0064_0124_0124.jpg 1 20 64 124 124
1665_0021_0065_0116_0116.jpg 1 21 65 116 116
1666_0120_0103_0029_0029.jpg 1 120 103 29 29
1667_0019_0089_0102_0102.jpg 1 19 89 102 102
1668_0104_0115_0035_0035.jpg 1 104 115 35 35
1669_0094_0065_0085_0085.jpg 1 94 65 85 85
1670_0091_0118_0066_0066.jpg 1 91 118 66 66
1671_0031_0045_0153_0153.jpg 1 31 45 153 153
1672_0076_0012_0112_0112.jpg 1 76 12 112 112
1673_0092_0044_0096_0096.jpg 1 92 44 96 96
1674_0063_0015_0127_0127.jpg 1 63 15 127 127
1675_0045_0103_0061_0061.jpg 1 45 103 61 61
1676_0103_0145_0039_0039.jpg 1 103 145 39 39
1677_0065_0071_0089_0089.jpg 1 65 71 89 89
1678_0063_0053_0078_0078.jpg 1 63 53 78 78
1679_0037_0139_0042_0042.jpg 1 37 139 42 42
1680_0088_0094_0073_0073.jpg 1 88 94 73 73
1681_0038_0100_0098_0098.jpg 1 38 100 98 98
1682_0130_0052_0053_0053.jpg 1 130 52 53 53
1683_0115_0048_0078_0078.jpg 1 115 48 78 78
1684_0085_0068_0117_0117.jpg 1 85 68 117 117
1685_0076_0089_0065_0065.jpg 1 76 89 65 65
1686_0042_0087_0091_0091.jpg 1 42 87 91 91
1687_0026_0011_0136_0136.jpg 1 26 11 136 136
1688_0034_0118_0031_0031.jpg 1 34 118 31 31
1689_0064_0017_0094_0094.jpg 1 64 17 94 94
1690_0112_0068_0066_0066.jpg 1 112 68 66 66
1691_0093_0106_0077_0077.jpg 1 93 106 77 77
1692_0078_0040_0124_0124.jpg 1 78 40 124 124
1693_0025_0018_0121_0121.jpg 1 25 18 121 121
1694_0063_0015_0121_0121.jpg 1 63 15 121 121
1695_0101_0076_0031_0031.jpg 1 101 76 31 31
1696_0079_0037_0076_0076.jpg 1 79 37 76 76
1697_0081_0024_0108_0108.jpg 1 81 24 108 108
1698_0048_0080_0071_0071.jpg 1 48 80 71 71
1699_0023_0015_0078_0078.jpg 1 23 15 78 78
1700_0017_0116_0056_0056.jpg 1 17 116 56 56
1701_0063_0055_0031_0031.jpg 1 63 55 31 31
1702_0066_0065_0094_0094.jpg 1 66 65 94 94
1703_0111_0070_0055_0055.jpg 1 111 70 55 55
1704_0061_0085_0068_0068.jpg 1 61 85 68 68
1705_0051_0034_0097_0097.jpg 1 51 34 97 97
1706_0082_0110_0073_0073.jpg 1 82 110 73 73
1707_0030_0010_0143_0143.jpg 1 30 10 143 143
1708_0033_0040_0079_0079.jpg 1 33 40 79 79
1709_0056_0046_0137_0137.jpg 1 56 46 137 137
1710_0042_0055_0135_0135.jpg 1 42 55 135 135
1711_0018_0059_0131_0131.jpg 1 18 59 131 131
1712_0027_0052_0147_0147.jpg 1 27 52 147 147
1713_0019_0011_0151_0151.jpg 1 19 11 151 151
1714_0021_0010_0152_0152.jpg 1 21 10 152 152
1715_0036_0008_0153_0153.jpg 1 36 8 153 153
1716_0119_0060_0054_0054.jpg 1 119 60 54 54
1717_0097_0051_0064_0064.jpg 1 97 51 64 64
1718_0127_0103_0032_0032.jpg 1 127 103 32 32
1719_0069_0018_0117_0117.jpg 1 69 18 117 117
1720_0054_0063_0059_0059.jpg 1 54 63 59 59
1721_0086_0101_0090_0090.jpg 1 86 101 90 90
1722_0065_0124_0045_0045.jpg 1 65 124 45 45
1723_0069_0107_0041_0041.jpg 1 69 107 41 41
1724_0064_0115_0026_0026.jpg 1 64 115 26 26
1725_0041_0010_0143_0143.jpg 1 41 10 143 143
1726_0029_0035_0095_0095.jpg 1 29 35 95 95
1727_0048_0035_0127_0127.jpg 1 48 35 127 127
1728_0084_0033_0104_0104.jpg 1 84 33 104 104
1729_0034_0019_0091_0091.jpg 1 34 19 91 91
1730_0015_0038_0136_0136.jpg 1 15 38 136 136
1731_0110_0110_0051_0051.jpg 1 110 110 51 51
1732_0109_0096_0035_0035.jpg 1 109 96 35 35
1733_0084_0100_0055_0055.jpg 1 84 100 55 55
1734_0039_0063_0118_0118.jpg 1 39 63 118 118
1735_0093_0104_0027_0027.jpg 1 93 104 27 27
1736_0033_0028_0078_0078.jpg 1 33 28 78 78
1737_0064_0049_0105_0105.jpg 1 64 49 105 105
1738_0027_0027_0147_0147.jpg 1 27 27 147 147
1739_0054_0034_0115_0115.jpg 1 54 34 115 115
1740_0087_0060_0087_0087.jpg 1 87 60 87 87
1741_0068_0088_0042_0042.jpg 1 68 88 42 42
1742_0049_0017_0152_0152.jpg 1 49 17 152 152
1743_0105_0041_0090_0090.jpg 1 105 41 90 90
1744_0017_0065_0104_0104.jpg 1 17 65 104 104
1745_0018_0100_0065_0065.jpg 1 18 100 65 65
1746_0021_0046_0152_0152.jpg 1 21 46 152 152
1747_0089_0068_0040_0040.jpg 1 89 68 40 40
1748_0023_0065_0109_0109.jpg 1 23 65 109 109
1749_0089_0020_0078_0078.jpg 1 89 20 78 78
1750_0111_0098_0067_0067.jpg 1 111 98 67 67
1751_0059_0055_0121_0121.jpg 1 59 55 121 121
1752_0023_0055_0111_0111.jpg 1 23 55 111 111
1753_0084_0023_0067_0067.jpg 1 84 23 67 67
1754_0012_0009_0145_0145.jpg 1 12 9 145 145
1755_0139_0072_0041_0041.jpg 1 139 72 41 41
1756_0063_0045_0131_0131.jpg 1 63 45 131 131
1757_0026_0032_0079_0079.jpg 1 26 32 79 79
1758_0055_0106_0031_0031.jpg 1 55 106 31 31
1759_0050_0052_0099_0099.jpg 1 50 52 99 99
1760_0060_0049_0103_0103.jpg 1 60 49 103 103
1761_0083_0128_0027_0027.jpg 1 83 128 27 27
1762_0064_0048_0126_0126.jpg 1 64 48 126 126
1763_0055_0025_0135_0135.jpg 1 55 25 135 135
1764_0050_0054_0120_0120.jpg 1 50 54 120 120
1765_0051_0033_0104_0104.jpg 1 51 33 104 104
1766_0014_0077_0094_0094.jpg 1 14 77 94 94
1767_0132_0130_0036_0036.jpg 1 132 130 36 36
1768_0010_0060_0126_0126.jpg 1 10 60 126 126
1769_0117_0126_0063_0063.jpg 1 117 126 63 63
1770_0074_0018_0107_0107.jpg 1 74 18 107 107
1771_0016_0023_0132_0132.jpg 1 16 23 132 132
1772_0056_0039_0134_0134.jpg 1 56 39 134 134
1773_0053_0041_0062_0062.jpg 1 53 41 62 62
1774_0077_0019_0123_0123.jpg 1 77 19 123 123
1775_0030_0104_0033_0033.jpg 1 30 104 33 33
1776_0029_0037_0142_0142.jpg 1 29 37 142 142
1777_0055_0076_0105_0105.jpg 1 55 76 105 105
1778_0120_0055_0070_0070.jpg 1 120 55 70 70
1779_0026_0042_0125_0125.jpg 1 26 42 125 125
1780_0032_0017_0119_0119.jpg 1 32 17 119 119
1781_0029_0045_0125_0125.jpg 1 29 45 125 125
1782_0049_0021_0098_0098.jpg 1 49 21 98 98
1783_0058_0033_0150_0150.jpg 1 58 33 150 150
1784_0036_0055_0133_0133.jpg 1 36 55 133 133
1785_0058_0063_0127_0127.jpg 1 58 63 127 127
1786_0055_0079_0086_0086.jpg 1 55 79 86 86
1787_0128_0037_0041_0041.jpg 1 128 37 41 41
1788_0033_0019_0140_0140.jpg 1 33 19 140 140
1789_0128_0032_0054_0054.jpg 1 128 32 54 54
1790_0068_0045_0112_0112.jpg 1 68 45 112 112
1791_0054_0030_0085_0085.jpg 1 54 30 85 85
1792_0015_0044_0141_0141.jpg 1 15 44 141 141
1793_0023_0059_0085_0085.jpg 1 23 59 85 85
1794_0093_0082_0106_0106.jpg 1 93 82 106 106
1795_0030_0012_0138_0138.jpg 1 30 12 138 138
1796_0062_0052_0040_0040.jpg 1 62 52 40 40
1797_0012_0050_0146_0146.jpg 1 12 50 146 146
1798_0021_0049_0069_0069.jpg 1 21 49 69 69
1799_0043_0041_0094_0094.jpg 1 43 41 94 94
1800_0062_0071_0098_0098.jpg 1 62 71 98 98
